Indexing opening suite...
Warning: Rodent3 doesn't have option MoveOverhead
Warning: Rodent3 doesn't have option MoveOverhead
Warning: Crafty doesn't have option MoveOverhead
Warning: Crafty doesn't have option MoveOverhead
Warning: Monolith doesn't have option MoveOverhead
Warning: Rodent3 doesn't have option MoveOverhead
Warning: Monolith doesn't have option MoveOverhead
Warning: Rodent3 doesn't have option MoveOverhead
Started game 3 of 150 (Coda-fixes vs Rodent3)
Started game 2 of 150 (Coda-fixes vs Monolith)
Started game 6 of 150 (Rodent3 vs Coda-fixes)
Started game 5 of 150 (Monolith vs Coda-fixes)
Started game 4 of 150 (Crafty vs Coda-fixes)
Started game 1 of 150 (Coda-fixes vs Crafty)
Warning: Crafty doesn't have option MoveOverhead
Warning: Crafty doesn't have option MoveOverhead
Warning: Monolith doesn't have option MoveOverhead
Warning: Crafty doesn't have option MoveOverhead
Warning: Rodent3 doesn't have option MoveOverhead
Started game 7 of 150 (Coda-fixes vs Crafty)
Started game 8 of 150 (Coda-fixes vs Monolith)
Warning: Monolith doesn't have option MoveOverhead
Started game 9 of 150 (Coda-fixes vs Rodent3)
Started game 10 of 150 (Crafty vs Coda-fixes)
Warning: Monolith doesn't have option MoveOverhead
Started game 12 of 150 (Rodent3 vs Coda-fixes)
Started game 13 of 150 (Coda-fixes vs Crafty)
Started game 11 of 150 (Monolith vs Coda-fixes)
Started game 14 of 150 (Coda-fixes vs Monolith)
Warning: Crafty doesn't have option MoveOverhead
Started game 15 of 150 (Coda-fixes vs Rodent3)
Started game 16 of 150 (Crafty vs Coda-fixes)
Finished game 12 (Rodent3 vs Coda-fixes): 0-1 {Black wins by adjudication}
Warning: Monolith doesn't have option MoveOverhead
Started game 17 of 150 (Monolith vs Coda-fixes)
Finished game 11 (Monolith vs Coda-fixes): 1-0 {White wins by adjudication}
Warning: Rodent3 doesn't have option MoveOverhead
Started game 18 of 150 (Rodent3 vs Coda-fixes)
Finished game 8 (Coda-fixes vs Monolith): 0-1 {Black wins by adjudication}
Warning: Crafty doesn't have option MoveOverhead
Started game 19 of 150 (Coda-fixes vs Crafty)
Finished game 7 (Coda-fixes vs Crafty): 0-1 {Black mates}
Warning: Monolith doesn't have option MoveOverhead
Started game 20 of 150 (Coda-fixes vs Monolith)
Finished game 2 (Coda-fixes vs Monolith): 1-0 {White wins by adjudication}
Warning: Rodent3 doesn't have option MoveOverhead
Started game 21 of 150 (Coda-fixes vs Rodent3)
Finished game 6 (Rodent3 vs Coda-fixes): 1-0 {White mates}
Warning: Crafty doesn't have option MoveOverhead
Started game 22 of 150 (Crafty vs Coda-fixes)
Finished game 15 (Coda-fixes vs Rodent3): 0-1 {Black wins by adjudication}
Warning: Monolith doesn't have option MoveOverhead
Started game 23 of 150 (Monolith vs Coda-fixes)
Finished game 10 (Crafty vs Coda-fixes): 1-0 {White mates}
Warning: Rodent3 doesn't have option MoveOverhead
Started game 24 of 150 (Rodent3 vs Coda-fixes)
Finished game 3 (Coda-fixes vs Rodent3): 0-1 {Black wins by adjudication}
Warning: Crafty doesn't have option MoveOverhead
Started game 25 of 150 (Coda-fixes vs Crafty)
Finished game 16 (Crafty vs Coda-fixes): 1-0 {White mates}
Rank Name                          Elo     +/-   Games   Score    Draw 
   0 Coda-fixes                   -241     nan      10   20.0%    0.0% 
   1 Crafty                        inf     nan       3  100.0%    0.0% 
   2 Rodent3                       191     nan       4   75.0%    0.0% 
   3 Monolith                      120     nan       3   66.7%    0.0% 

SPRT: llr 0 (0.0%), lbound -inf, ubound inf
Warning: Monolith doesn't have option MoveOverhead
Started game 26 of 150 (Coda-fixes vs Monolith)
Finished game 9 (Coda-fixes vs Rodent3): 1-0 {White wins by adjudication}
Started game 27 of 150 (Coda-fixes vs Rodent3)
Finished game 13 (Coda-fixes vs Crafty): 0-1 {Black mates}
Warning: Crafty doesn't have option MoveOverhead
Started game 28 of 150 (Crafty vs Coda-fixes)
Finished game 1 (Coda-fixes vs Crafty): 1-0 {White mates}
Warning: Monolith doesn't have option MoveOverhead
Started game 29 of 150 (Monolith vs Coda-fixes)
Finished game 5 (Monolith vs Coda-fixes): 1/2-1/2 {Draw by 3-fold repetition}
Warning: Rodent3 doesn't have option MoveOverhead
Started game 30 of 150 (Rodent3 vs Coda-fixes)
Finished game 18 (Rodent3 vs Coda-fixes): 1-0 {White wins by adjudication}
Warning: Crafty doesn't have option MoveOverhead
Started game 31 of 150 (Coda-fixes vs Crafty)
Warning: Illegal ponder move from Monolith: g8h7
Finished game 23 (Monolith vs Coda-fixes): 1-0 {White mates}
Started game 32 of 150 (Coda-fixes vs Monolith)
Finished game 14 (Coda-fixes vs Monolith): 1-0 {White wins by adjudication}
Warning: Rodent3 doesn't have option MoveOverhead
Started game 33 of 150 (Coda-fixes vs Rodent3)
Finished game 19 (Coda-fixes vs Crafty): 1/2-1/2 {Draw by 3-fold repetition}
Warning: Crafty doesn't have option MoveOverhead
Started game 34 of 150 (Crafty vs Coda-fixes)
Finished game 27 (Coda-fixes vs Rodent3): 1-0 {White wins by adjudication}
Warning: Monolith doesn't have option MoveOverhead
Started game 35 of 150 (Monolith vs Coda-fixes)
Finished game 26 (Coda-fixes vs Monolith): 0-1 {Black wins by adjudication}
Rank Name                          Elo     +/-   Games   Score    Draw 
   0 Coda-fixes                   -108     165      20   35.0%   10.0% 
   1 Crafty                        191     nan       6   75.0%   16.7% 
   2 Monolith                      102     364       7   64.3%   14.3% 
   3 Rodent3                        50     353       7   57.1%    0.0% 

SPRT: llr 0 (0.0%), lbound -inf, ubound inf
Warning: Rodent3 doesn't have option MoveOverhead
Started game 36 of 150 (Rodent3 vs Coda-fixes)
Finished game 21 (Coda-fixes vs Rodent3): 1-0 {White wins by adjudication}
Warning: Crafty doesn't have option MoveOverhead
Started game 37 of 150 (Coda-fixes vs Crafty)
Finished game 25 (Coda-fixes vs Crafty): 0-1 {Black mates}
Warning: Monolith doesn't have option MoveOverhead
Started game 38 of 150 (Coda-fixes vs Monolith)
Finished game 4 (Crafty vs Coda-fixes): 1/2-1/2 {Draw by fifty moves rule}
Warning: Rodent3 doesn't have option MoveOverhead
Started game 39 of 150 (Coda-fixes vs Rodent3)
Finished game 24 (Rodent3 vs Coda-fixes): 0-1 {Black wins by adjudication}
Finished game 30 (Rodent3 vs Coda-fixes): 1-0 {White mates}
Warning: Crafty doesn't have option MoveOverhead
Started game 40 of 150 (Crafty vs Coda-fixes)
Warning: Monolith doesn't have option MoveOverhead
Started game 41 of 150 (Monolith vs Coda-fixes)
Finished game 20 (Coda-fixes vs Monolith): 1-0 {White wins by adjudication}
Warning: Rodent3 doesn't have option MoveOverhead
Started game 42 of 150 (Rodent3 vs Coda-fixes)
Finished game 28 (Crafty vs Coda-fixes): 1-0 {White mates}
Warning: Crafty doesn't have option MoveOverhead
Started game 43 of 150 (Coda-fixes vs Crafty)
Warning: Illegal ponder move from Monolith: d8d2
Finished game 35 (Monolith vs Coda-fixes): 1-0 {White mates}
Started game 44 of 150 (Coda-fixes vs Monolith)
Finished game 29 (Monolith vs Coda-fixes): 1-0 {White wins by adjudication}
Warning: Rodent3 doesn't have option MoveOverhead
Started game 45 of 150 (Coda-fixes vs Rodent3)
Finished game 33 (Coda-fixes vs Rodent3): 1-0 {White wins by adjudication}
Rank Name                          Elo     +/-   Games   Score    Draw 
   0 Coda-fixes                    -83     127      30   38.3%   10.0% 
   1 Crafty                        218     nan       9   77.8%   22.2% 
   2 Monolith                      108     268      10   65.0%   10.0% 
   3 Rodent3                       -32     238      11   45.5%    0.0% 

SPRT: llr 0 (0.0%), lbound -inf, ubound inf
Warning: Crafty doesn't have option MoveOverhead
Started game 46 of 150 (Crafty vs Coda-fixes)
Finished game 17 (Monolith vs Coda-fixes): 1-0 {White wins by adjudication}
Started game 47 of 150 (Monolith vs Coda-fixes)
Finished game 22 (Crafty vs Coda-fixes): 0-1 {Black mates}
Warning: Rodent3 doesn't have option MoveOverhead
Started game 48 of 150 (Rodent3 vs Coda-fixes)
Finished game 32 (Coda-fixes vs Monolith): 1-0 {White wins by adjudication}
Warning: Crafty doesn't have option MoveOverhead
Started game 49 of 150 (Coda-fixes vs Crafty)
Finished game 34 (Crafty vs Coda-fixes): 1-0 {White mates}
Warning: Monolith doesn't have option MoveOverhead
Started game 50 of 150 (Coda-fixes vs Monolith)
Finished game 39 (Coda-fixes vs Rodent3): 0-1 {Black wins by adjudication}
Started game 51 of 150 (Coda-fixes vs Rodent3)
Finished game 45 (Coda-fixes vs Rodent3): 0-1 {Black wins by adjudication}
Warning: Crafty doesn't have option MoveOverhead
Started game 52 of 150 (Crafty vs Coda-fixes)
Finished game 42 (Rodent3 vs Coda-fixes): 1-0 {White mates}
Warning: Monolith doesn't have option MoveOverhead
Started game 53 of 150 (Monolith vs Coda-fixes)
Finished game 40 (Crafty vs Coda-fixes): 0-1 {Black mates}
Warning: Rodent3 doesn't have option MoveOverhead
Finished game 37 (Coda-fixes vs Crafty): 1-0 {White mates}
Warning: Crafty doesn't have option MoveOverhead
Started game 55 of 150 (Coda-fixes vs Crafty)
Started game 54 of 150 (Rodent3 vs Coda-fixes)
Finished game 36 (Rodent3 vs Coda-fixes): 0-1 {Black wins by adjudication}
Rank Name                          Elo     +/-   Games   Score    Draw 
   0 Coda-fixes                    -61     109      40   41.3%    7.5% 
   1 Monolith                       89     227      12   62.5%    8.3% 
   2 Crafty                         82     200      13   61.5%   15.4% 
   3 Rodent3                        23     194      15   53.3%    0.0% 

SPRT: llr 0 (0.0%), lbound -inf, ubound inf
Warning: Monolith doesn't have option MoveOverhead
Started game 56 of 150 (Coda-fixes vs Monolith)
Finished game 47 (Monolith vs Coda-fixes): 1-0 {White wins by adjudication}
Warning: Rodent3 doesn't have option MoveOverhead
Started game 57 of 150 (Coda-fixes vs Rodent3)
Finished game 41 (Monolith vs Coda-fixes): 1-0 {White wins by adjudication}
Finished game 43 (Coda-fixes vs Crafty): 1-0 {White mates}
Warning: Crafty doesn't have option MoveOverhead
Started game 58 of 150 (Crafty vs Coda-fixes)
Warning: Monolith doesn't have option MoveOverhead
Started game 59 of 150 (Monolith vs Coda-fixes)
Finished game 38 (Coda-fixes vs Monolith): 0-1 {Black wins by adjudication}
Warning: Rodent3 doesn't have option MoveOverhead
Started game 60 of 150 (Rodent3 vs Coda-fixes)
Finished game 50 (Coda-fixes vs Monolith): 0-1 {Black wins by adjudication}
Warning: Crafty doesn't have option MoveOverhead
Started game 61 of 150 (Coda-fixes vs Crafty)
Finished game 31 (Coda-fixes vs Crafty): 1/2-1/2 {Draw by insufficient mating material}
Warning: Monolith doesn't have option MoveOverhead
Started game 62 of 150 (Coda-fixes vs Monolith)
Finished game 51 (Coda-fixes vs Rodent3): 0-1 {Black mates}
Started game 63 of 150 (Coda-fixes vs Rodent3)
Finished game 54 (Rodent3 vs Coda-fixes): 1-0 {White wins by adjudication}
Warning: Crafty doesn't have option MoveOverhead
Started game 64 of 150 (Crafty vs Coda-fixes)
Finished game 46 (Crafty vs Coda-fixes): 1-0 {White mates}
Warning: Monolith doesn't have option MoveOverhead
Started game 65 of 150 (Monolith vs Coda-fixes)
Finished game 49 (Coda-fixes vs Crafty): 1-0 {White mates}
Rank Name                          Elo     +/-   Games   Score    Draw 
   0 Coda-fixes                    -85      98      50   38.0%    8.0% 
   1 Monolith                      163     222      16   71.9%    6.3% 
   2 Rodent3                        62     185      17   58.8%    0.0% 
   3 Crafty                         41     162      17   55.9%   17.6% 

SPRT: llr 0 (0.0%), lbound -inf, ubound inf
Warning: Rodent3 doesn't have option MoveOverhead
Started game 66 of 150 (Rodent3 vs Coda-fixes)
Finished game 56 (Coda-fixes vs Monolith): 0-1 {Black wins by adjudication}
Finished game 44 (Coda-fixes vs Monolith): 1-0 {White wins by adjudication}
Started game 68 of 150 (Coda-fixes vs Monolith)
Warning: Crafty doesn't have option MoveOverhead
Started game 67 of 150 (Coda-fixes vs Crafty)
Finished game 61 (Coda-fixes vs Crafty): 1-0 {White mates}
Warning: Rodent3 doesn't have option MoveOverhead
Started game 69 of 150 (Coda-fixes vs Rodent3)
Finished game 60 (Rodent3 vs Coda-fixes): 1-0 {White wins by adjudication}
Warning: Crafty doesn't have option MoveOverhead
Started game 70 of 150 (Crafty vs Coda-fixes)
Finished game 63 (Coda-fixes vs Rodent3): 1-0 {White wins by adjudication}
Warning: Monolith doesn't have option MoveOverhead
Started game 71 of 150 (Monolith vs Coda-fixes)
Finished game 57 (Coda-fixes vs Rodent3): 0-1 {Black wins by adjudication}
Started game 72 of 150 (Rodent3 vs Coda-fixes)
Finished game 53 (Monolith vs Coda-fixes): 0-1 {Black wins by adjudication}
Warning: Crafty doesn't have option MoveOverhead
Started game 73 of 150 (Coda-fixes vs Crafty)
Finished game 52 (Crafty vs Coda-fixes): 0-1 {Black mates}
Finished game 48 (Rodent3 vs Coda-fixes): 0-1 {Black wins by adjudication}
Started game 75 of 150 (Coda-fixes vs Rodent3)
Warning: Monolith doesn't have option MoveOverhead
Started game 74 of 150 (Coda-fixes vs Monolith)
Finished game 62 (Coda-fixes vs Monolith): 0-1 {Black wins by adjudication}
Rank Name                          Elo     +/-   Games   Score    Draw 
   0 Coda-fixes                    -58      88      60   41.7%    6.7% 
   1 Monolith                      127     177      20   67.5%    5.0% 
   2 Rodent3                        50     161      21   57.1%    0.0% 
   3 Crafty                          0     152      19   50.0%   15.8% 

SPRT: llr 0 (0.0%), lbound -inf, ubound inf
Warning: Crafty doesn't have option MoveOverhead
Started game 76 of 150 (Crafty vs Coda-fixes)
Finished game 55 (Coda-fixes vs Crafty): 1-0 {White mates}
Warning: Monolith doesn't have option MoveOverhead
Started game 77 of 150 (Monolith vs Coda-fixes)
Finished game 59 (Monolith vs Coda-fixes): 0-1 {Black wins by adjudication}
Warning: Rodent3 doesn't have option MoveOverhead
Started game 78 of 150 (Rodent3 vs Coda-fixes)
Finished game 64 (Crafty vs Coda-fixes): 1-0 {White mates}
Warning: Crafty doesn't have option MoveOverhead
Started game 79 of 150 (Coda-fixes vs Crafty)
Finished game 69 (Coda-fixes vs Rodent3): 0-1 {Black wins by adjudication}
Warning: Monolith doesn't have option MoveOverhead
Started game 80 of 150 (Coda-fixes vs Monolith)
Finished game 72 (Rodent3 vs Coda-fixes): 1-0 {White wins by adjudication}
Started game 81 of 150 (Coda-fixes vs Rodent3)
Finished game 66 (Rodent3 vs Coda-fixes): 1-0 {White wins by adjudication}
Warning: Crafty doesn't have option MoveOverhead
Started game 82 of 150 (Crafty vs Coda-fixes)
Finished game 65 (Monolith vs Coda-fixes): 0-1 {Black wins by adjudication}
Started game 83 of 150 (Monolith vs Coda-fixes)
Finished game 75 (Coda-fixes vs Rodent3): 1-0 {White wins by adjudication}
Started game 84 of 150 (Rodent3 vs Coda-fixes)
Finished game 70 (Crafty vs Coda-fixes): 1-0 {White mates}
Warning: Crafty doesn't have option MoveOverhead
Started game 85 of 150 (Coda-fixes vs Crafty)
Finished game 71 (Monolith vs Coda-fixes): 0-1 {Black wins by adjudication}
Rank Name                          Elo     +/-   Games   Score    Draw 
   0 Coda-fixes                    -50      81      70   42.9%    5.7% 
   1 Rodent3                        70     148      25   60.0%    0.0% 
   2 Monolith                       61     150      23   58.7%    4.3% 
   3 Crafty                         16     142      22   52.3%   13.6% 

SPRT: llr 0 (0.0%), lbound -inf, ubound inf
Started game 86 of 150 (Coda-fixes vs Monolith)
Finished game 67 (Coda-fixes vs Crafty): 1-0 {White mates}
Finished game 77 (Monolith vs Coda-fixes): 1-0 {White wins by adjudication}
Warning: Rodent3 doesn't have option MoveOverhead
Warning: Crafty doesn't have option MoveOverhead
Started game 88 of 150 (Crafty vs Coda-fixes)
Started game 87 of 150 (Coda-fixes vs Rodent3)
Finished game 78 (Rodent3 vs Coda-fixes): 0-1 {Black wins by adjudication}
Warning: Monolith doesn't have option MoveOverhead
Started game 89 of 150 (Monolith vs Coda-fixes)
Finished game 73 (Coda-fixes vs Crafty): 0-1 {Black mates}
Warning: Rodent3 doesn't have option MoveOverhead
Started game 90 of 150 (Rodent3 vs Coda-fixes)
Finished game 74 (Coda-fixes vs Monolith): 0-1 {Black wins by adjudication}
Warning: Crafty doesn't have option MoveOverhead
Started game 91 of 150 (Coda-fixes vs Crafty)
Finished game 76 (Crafty vs Coda-fixes): 0-1 {Black mates}
Warning: Monolith doesn't have option MoveOverhead
Started game 92 of 150 (Coda-fixes vs Monolith)
Finished game 81 (Coda-fixes vs Rodent3): 1-0 {White wins by adjudication}
Started game 93 of 150 (Coda-fixes vs Rodent3)
Finished game 58 (Crafty vs Coda-fixes): 1/2-1/2 {Draw by fifty moves rule}
Warning: Crafty doesn't have option MoveOverhead
Started game 94 of 150 (Crafty vs Coda-fixes)
Finished game 80 (Coda-fixes vs Monolith): 1-0 {White wins by adjudication}
Started game 95 of 150 (Monolith vs Coda-fixes)
Warning: Illegal ponder move from Monolith: d8f6
Finished game 83 (Monolith vs Coda-fixes): 1-0 {White mates}
Rank Name                          Elo     +/-   Games   Score    Draw 
   0 Coda-fixes                    -39      75      80   44.4%    6.3% 
   1 Monolith                       79     140      27   61.1%    3.7% 
   2 Rodent3                        39     139      27   55.6%    0.0% 
   3 Crafty                          0     128      26   50.0%   15.4% 

SPRT: llr 0 (0.0%), lbound -inf, ubound inf
Warning: Rodent3 doesn't have option MoveOverhead
Started game 96 of 150 (Rodent3 vs Coda-fixes)
Finished game 87 (Coda-fixes vs Rodent3): 0-1 {Black wins by adjudication}
Warning: Crafty doesn't have option MoveOverhead
Started game 97 of 150 (Coda-fixes vs Crafty)
Finished game 82 (Crafty vs Coda-fixes): 1-0 {White mates}
Warning: Monolith doesn't have option MoveOverhead
Started game 98 of 150 (Coda-fixes vs Monolith)
Finished game 89 (Monolith vs Coda-fixes): 1-0 {White wins by adjudication}
Warning: Rodent3 doesn't have option MoveOverhead
Started game 99 of 150 (Coda-fixes vs Rodent3)
Finished game 84 (Rodent3 vs Coda-fixes): 1-0 {White wins by adjudication}
Warning: Crafty doesn't have option MoveOverhead
Started game 100 of 150 (Crafty vs Coda-fixes)
Finished game 79 (Coda-fixes vs Crafty): 1/2-1/2 {Draw by fifty moves rule}
Warning: Monolith doesn't have option MoveOverhead
Started game 101 of 150 (Monolith vs Coda-fixes)
Finished game 68 (Coda-fixes vs Monolith): 1-0 {White wins by adjudication}
Warning: Rodent3 doesn't have option MoveOverhead
Started game 102 of 150 (Rodent3 vs Coda-fixes)
Finished game 91 (Coda-fixes vs Crafty): 0-1 {Black mates}
Warning: Crafty doesn't have option MoveOverhead
Started game 103 of 150 (Coda-fixes vs Crafty)
Finished game 90 (Rodent3 vs Coda-fixes): 0-1 {Black wins by adjudication}
Warning: Monolith doesn't have option MoveOverhead
Started game 104 of 150 (Coda-fixes vs Monolith)
Finished game 92 (Coda-fixes vs Monolith): 0-1 {Black wins by adjudication}
Warning: Rodent3 doesn't have option MoveOverhead
Started game 105 of 150 (Coda-fixes vs Rodent3)
Finished game 93 (Coda-fixes vs Rodent3): 1-0 {White wins by adjudication}
Rank Name                          Elo     +/-   Games   Score    Draw 
   0 Coda-fixes                    -47      71      90   43.3%    6.7% 
   1 Monolith                       83     133      30   61.7%    3.3% 
   2 Rodent3                        34     128      31   54.8%    0.0% 
   3 Crafty                         24     120      29   53.4%   17.2% 

SPRT: llr 0 (0.0%), lbound -inf, ubound inf
Warning: Crafty doesn't have option MoveOverhead
Started game 106 of 150 (Crafty vs Coda-fixes)
Finished game 88 (Crafty vs Coda-fixes): 1-0 {White mates}
Warning: Monolith doesn't have option MoveOverhead
Started game 107 of 150 (Monolith vs Coda-fixes)
Finished game 96 (Rodent3 vs Coda-fixes): 1-0 {White wins by adjudication}
Started game 108 of 150 (Rodent3 vs Coda-fixes)
Finished game 86 (Coda-fixes vs Monolith): 0-1 {Black mates}
Warning: Crafty doesn't have option MoveOverhead
Started game 109 of 150 (Coda-fixes vs Crafty)
Finished game 85 (Coda-fixes vs Crafty): 1-0 {White mates}
Warning: Monolith doesn't have option MoveOverhead
Started game 110 of 150 (Coda-fixes vs Monolith)
Finished game 101 (Monolith vs Coda-fixes): 1-0 {White wins by adjudication}
Warning: Rodent3 doesn't have option MoveOverhead
Started game 111 of 150 (Coda-fixes vs Rodent3)
Finished game 97 (Coda-fixes vs Crafty): 0-1 {Black mates}
Warning: Crafty doesn't have option MoveOverhead
Started game 112 of 150 (Crafty vs Coda-fixes)
Finished game 94 (Crafty vs Coda-fixes): 1-0 {White mates}
Warning: Monolith doesn't have option MoveOverhead
Started game 113 of 150 (Monolith vs Coda-fixes)
Warning: Illegal ponder move from Monolith: f4g5
Finished game 98 (Coda-fixes vs Monolith): 0-1 {Black mates}
Warning: Rodent3 doesn't have option MoveOverhead
Started game 114 of 150 (Rodent3 vs Coda-fixes)
Finished game 109 (Coda-fixes vs Crafty): 1/2-1/2 {Draw by 3-fold repetition}
Warning: Crafty doesn't have option MoveOverhead
Started game 115 of 150 (Coda-fixes vs Crafty)
Finished game 95 (Monolith vs Coda-fixes): 0-1 {Black wins by adjudication}
Rank Name                          Elo     +/-   Games   Score    Draw 
   0 Coda-fixes                    -60      67     100   41.5%    7.0% 
   1 Monolith                       94     125      34   63.2%    2.9% 
   2 Rodent3                        44     127      32   56.3%    0.0% 
   3 Crafty                         41     110      34   55.9%   17.6% 

SPRT: llr 0 (0.0%), lbound -inf, ubound inf
Started game 116 of 150 (Coda-fixes vs Monolith)
Finished game 103 (Coda-fixes vs Crafty): 0-1 {Black mates}
Warning: Rodent3 doesn't have option MoveOverhead
Started game 117 of 150 (Coda-fixes vs Rodent3)
Finished game 100 (Crafty vs Coda-fixes): 1-0 {White mates}
Warning: Crafty doesn't have option MoveOverhead
Started game 118 of 150 (Crafty vs Coda-fixes)
Finished game 99 (Coda-fixes vs Rodent3): 1/2-1/2 {Draw by 3-fold repetition}
Warning: Monolith doesn't have option MoveOverhead
Started game 119 of 150 (Monolith vs Coda-fixes)
Finished game 106 (Crafty vs Coda-fixes): 0-1 {Black mates}
Finished game 104 (Coda-fixes vs Monolith): 1-0 {White wins by adjudication}
Warning: Rodent3 doesn't have option MoveOverhead
Warning: Crafty doesn't have option MoveOverhead
Started game 120 of 150 (Rodent3 vs Coda-fixes)
Started game 121 of 150 (Coda-fixes vs Crafty)
Finished game 107 (Monolith vs Coda-fixes): 0-1 {Black wins by adjudication}
Started game 122 of 150 (Coda-fixes vs Monolith)
Finished game 108 (Rodent3 vs Coda-fixes): 1-0 {White wins by adjudication}
Started game 123 of 150 (Coda-fixes vs Rodent3)
Finished game 110 (Coda-fixes vs Monolith): 1-0 {White wins by adjudication}
Warning: Crafty doesn't have option MoveOverhead
Started game 124 of 150 (Crafty vs Coda-fixes)
Finished game 105 (Coda-fixes vs Rodent3): 0-1 {Black wins by adjudication}
Warning: Monolith doesn't have option MoveOverhead
Started game 125 of 150 (Monolith vs Coda-fixes)
Finished game 102 (Rodent3 vs Coda-fixes): 1/2-1/2 {Draw by insufficient mating material}
Rank Name                          Elo     +/-   Games   Score    Draw 
   0 Coda-fixes                    -54      64     110   42.3%    8.2% 
   1 Rodent3                        58     116      36   58.3%    5.6% 
   2 Monolith                       57     116      37   58.1%    2.7% 
   3 Crafty                         47     106      37   56.8%   16.2% 

SPRT: llr 0 (0.0%), lbound -inf, ubound inf
Started game 126 of 150 (Rodent3 vs Coda-fixes)
Finished game 114 (Rodent3 vs Coda-fixes): 1-0 {White wins by adjudication}
Warning: Crafty doesn't have option MoveOverhead
Started game 127 of 150 (Coda-fixes vs Crafty)
Finished game 111 (Coda-fixes vs Rodent3): 0-1 {Black wins by adjudication}
Warning: Monolith doesn't have option MoveOverhead
Started game 128 of 150 (Coda-fixes vs Monolith)
Finished game 116 (Coda-fixes vs Monolith): 0-1 {Black wins by adjudication}
Warning: Rodent3 doesn't have option MoveOverhead
Started game 129 of 150 (Coda-fixes vs Rodent3)
Finished game 115 (Coda-fixes vs Crafty): 0-1 {Black mates}
Warning: Crafty doesn't have option MoveOverhead
Started game 130 of 150 (Crafty vs Coda-fixes)
Finished game 113 (Monolith vs Coda-fixes): 1-0 {White wins by adjudication}
Started game 131 of 150 (Monolith vs Coda-fixes)
Finished game 122 (Coda-fixes vs Monolith): 0-1 {Black wins by adjudication}
Warning: Rodent3 doesn't have option MoveOverhead
Started game 132 of 150 (Rodent3 vs Coda-fixes)
Finished game 117 (Coda-fixes vs Rodent3): 0-1 {Black wins by adjudication}
Warning: Crafty doesn't have option MoveOverhead
Started game 133 of 150 (Coda-fixes vs Crafty)
Finished game 123 (Coda-fixes vs Rodent3): 0-1 {Black wins by adjudication}
Warning: Monolith doesn't have option MoveOverhead
Started game 134 of 150 (Coda-fixes vs Monolith)
Finished game 118 (Crafty vs Coda-fixes): 1-0 {White mates}
Warning: Rodent3 doesn't have option MoveOverhead
Started game 135 of 150 (Coda-fixes vs Rodent3)
Finished game 112 (Crafty vs Coda-fixes): 0-1 {Black mates}
Rank Name                          Elo     +/-   Games   Score    Draw 
   0 Coda-fixes                    -73      62     120   39.6%    7.5% 
   1 Rodent3                        89     113      40   62.5%    5.0% 
   2 Monolith                       80     113      40   61.3%    2.5% 
   3 Crafty                         53     103      40   57.5%   15.0% 

SPRT: llr 0 (0.0%), lbound -inf, ubound inf
Warning: Crafty doesn't have option MoveOverhead
Started game 136 of 150 (Crafty vs Coda-fixes)
Finished game 120 (Rodent3 vs Coda-fixes): 1-0 {White wins by adjudication}
Warning: Monolith doesn't have option MoveOverhead
Started game 137 of 150 (Monolith vs Coda-fixes)
Finished game 125 (Monolith vs Coda-fixes): 1-0 {White wins by adjudication}
Warning: Rodent3 doesn't have option MoveOverhead
Started game 138 of 150 (Rodent3 vs Coda-fixes)
Finished game 129 (Coda-fixes vs Rodent3): 1-0 {White wins by adjudication}
Warning: Crafty doesn't have option MoveOverhead
Started game 139 of 150 (Coda-fixes vs Crafty)
Finished game 119 (Monolith vs Coda-fixes): 1-0 {White wins by adjudication}
Started game 140 of 150 (Coda-fixes vs Monolith)
Finished game 135 (Coda-fixes vs Rodent3): 0-1 {Black mates}
Started game 141 of 150 (Coda-fixes vs Rodent3)
Finished game 126 (Rodent3 vs Coda-fixes): 0-1 {Black wins by adjudication}
Warning: Crafty doesn't have option MoveOverhead
Started game 142 of 150 (Crafty vs Coda-fixes)
Finished game 134 (Coda-fixes vs Monolith): 0-1 {Black wins by adjudication}
Started game 143 of 150 (Monolith vs Coda-fixes)
Finished game 128 (Coda-fixes vs Monolith): 1-0 {White wins by adjudication}
Warning: Rodent3 doesn't have option MoveOverhead
Started game 144 of 150 (Rodent3 vs Coda-fixes)
Finished game 121 (Coda-fixes vs Crafty): 1-0 {White mates}
Warning: Crafty doesn't have option MoveOverhead
Started game 145 of 150 (Coda-fixes vs Crafty)
Finished game 124 (Crafty vs Coda-fixes): 1-0 {White mates}
Rank Name                          Elo     +/-   Games   Score    Draw 
   0 Coda-fixes                    -73      59     130   39.6%    6.9% 
   1 Monolith                       89     109      44   62.5%    2.3% 
   2 Rodent3                        80     106      44   61.4%    4.5% 
   3 Crafty                         50     101      42   57.1%   14.3% 

SPRT: llr 0 (0.0%), lbound -inf, ubound inf
Warning: Monolith doesn't have option MoveOverhead
Started game 146 of 150 (Coda-fixes vs Monolith)
Finished game 137 (Monolith vs Coda-fixes): 1-0 {White mates}
Warning: Rodent3 doesn't have option MoveOverhead
Started game 147 of 150 (Coda-fixes vs Rodent3)
Finished game 133 (Coda-fixes vs Crafty): 0-1 {Black mates}
Warning: Crafty doesn't have option MoveOverhead
Started game 148 of 150 (Crafty vs Coda-fixes)
Finished game 127 (Coda-fixes vs Crafty): 1-0 {White mates}
Warning: Monolith doesn't have option MoveOverhead
Started game 149 of 150 (Monolith vs Coda-fixes)
Finished game 138 (Rodent3 vs Coda-fixes): 1-0 {White wins by adjudication}
Started game 150 of 150 (Rodent3 vs Coda-fixes)
Finished game 130 (Crafty vs Coda-fixes): 1/2-1/2 {Draw by 3-fold repetition}
Finished game 132 (Rodent3 vs Coda-fixes): 1/2-1/2 {Draw by 3-fold repetition}
Finished game 143 (Monolith vs Coda-fixes): 1-0 {White wins by adjudication}
Finished game 142 (Crafty vs Coda-fixes): 1-0 {White mates}
Finished game 131 (Monolith vs Coda-fixes): 1/2-1/2 {Draw by adjudication}
Finished game 136 (Crafty vs Coda-fixes): 0-1 {Black mates}
Rank Name                          Elo     +/-   Games   Score    Draw 
   0 Coda-fixes                    -76      57     140   39.3%    8.6% 
   1 Monolith                       99     105      47   63.8%    4.3% 
   2 Rodent3                        85     103      46   62.0%    6.5% 
   3 Crafty                         45      95      47   56.4%   14.9% 

SPRT: llr 0 (0.0%), lbound -inf, ubound inf
Finished game 140 (Coda-fixes vs Monolith): 0-1 {Black wins by adjudication}
Finished game 147 (Coda-fixes vs Rodent3): 0-1 {Black wins by adjudication}
Finished game 139 (Coda-fixes vs Crafty): 0-1 {Black mates}
Finished game 144 (Rodent3 vs Coda-fixes): 1-0 {White wins by adjudication}
Finished game 145 (Coda-fixes vs Crafty): 1-0 {White mates}
Finished game 148 (Crafty vs Coda-fixes): 1-0 {White mates}
Warning: Illegal ponder move from Monolith: h1g1
Finished game 146 (Coda-fixes vs Monolith): 0-1 {Black mates}
Finished game 150 (Rodent3 vs Coda-fixes): 1-0 {White wins by adjudication}
Finished game 141 (Coda-fixes vs Rodent3): 1/2-1/2 {Draw by adjudication}
Finished game 149 (Monolith vs Coda-fixes): 1/2-1/2 {Draw by 3-fold repetition}
Rank Name                          Elo     +/-   Games   Score    Draw 
   0 Coda-fixes                    -85      55     150   38.0%    9.3% 
   1 Monolith                      108     101      50   65.0%    6.0% 
   2 Rodent3                       100      99      50   64.0%    8.0% 
   3 Crafty                         49      92      50   57.0%   14.0% 

SPRT: llr 0 (0.0%), lbound -inf, ubound inf

Player: Coda-fixes
   "Draw by 3-fold repetition": 7
   "Draw by adjudication": 2
   "Draw by fifty moves rule": 3
   "Draw by insufficient mating material": 2
   "Loss: Black mates": 15
   "Loss: Black wins by adjudication": 24
   "Loss: White mates": 22
   "Loss: White wins by adjudication": 25
   "Win: Black mates": 7
   "Win: Black wins by adjudication": 13
   "Win: White mates": 11
   "Win: White wins by adjudication": 19
Player: Crafty
   "Draw by 3-fold repetition": 3
   "Draw by fifty moves rule": 3
   "Draw by insufficient mating material": 1
   "Loss: Black mates": 7
   "Loss: White mates": 11
   "Win: Black mates": 10
   "Win: White mates": 15
Player: Monolith
   "Draw by 3-fold repetition": 2
   "Draw by adjudication": 1
   "Loss: Black wins by adjudication": 6
   "Loss: White wins by adjudication": 10
   "Win: Black mates": 3
   "Win: Black wins by adjudication": 12
   "Win: White mates": 4
   "Win: White wins by adjudication": 12
Player: Rodent3
   "Draw by 3-fold repetition": 2
   "Draw by adjudication": 1
   "Draw by insufficient mating material": 1
   "Loss: Black wins by adjudication": 7
   "Loss: White wins by adjudication": 9
   "Win: Black mates": 2
   "Win: Black wins by adjudication": 12
   "Win: White mates": 3
   "Win: White wins by adjudication": 13
Finished match
