Indexing opening suite...
Warning: Rodent3 doesn't have option MoveOverhead
Warning: Rodent3 doesn't have option MoveOverhead
Warning: Crafty doesn't have option MoveOverhead
Warning: Rodent3 doesn't have option MoveOverhead
Started game 1 of 150 (Coda-see-fix2 vs Crafty)
Warning: Crafty doesn't have option MoveOverhead
Warning: Crafty doesn't have option MoveOverhead
Warning: Rodent3 doesn't have option MoveOverhead
Started game 3 of 150 (Coda-see-fix2 vs Rodent3)
Warning: Monolith doesn't have option MoveOverhead
Warning: Rodent3 doesn't have option MoveOverhead
Warning: Monolith doesn't have option MoveOverhead
Started game 5 of 150 (Monolith vs Coda-see-fix2)
Warning: Crafty doesn't have option MoveOverhead
Started game 4 of 150 (Crafty vs Coda-see-fix2)
Started game 6 of 150 (Rodent3 vs Coda-see-fix2)
Started game 2 of 150 (Coda-see-fix2 vs Monolith)
Warning: Monolith doesn't have option MoveOverhead
Warning: Crafty doesn't have option MoveOverhead
Started game 7 of 150 (Coda-see-fix2 vs Crafty)
Started game 9 of 150 (Coda-see-fix2 vs Rodent3)
Started game 12 of 150 (Rodent3 vs Coda-see-fix2)
Warning: Monolith doesn't have option MoveOverhead
Started game 11 of 150 (Monolith vs Coda-see-fix2)
Started game 8 of 150 (Coda-see-fix2 vs Monolith)
Started game 10 of 150 (Crafty vs Coda-see-fix2)
Warning: Crafty doesn't have option MoveOverhead
Started game 15 of 150 (Coda-see-fix2 vs Rodent3)
Started game 13 of 150 (Coda-see-fix2 vs Crafty)
Warning: Monolith doesn't have option MoveOverhead
Started game 14 of 150 (Coda-see-fix2 vs Monolith)
Started game 16 of 150 (Crafty vs Coda-see-fix2)
Finished game 12 (Rodent3 vs Coda-see-fix2): 1-0 {White wins by adjudication}
Warning: Monolith doesn't have option MoveOverhead
Started game 17 of 150 (Monolith vs Coda-see-fix2)
Finished game 14 (Coda-see-fix2 vs Monolith): 1/2-1/2 {Draw by 3-fold repetition}
Warning: Rodent3 doesn't have option MoveOverhead
Started game 18 of 150 (Rodent3 vs Coda-see-fix2)
Finished game 15 (Coda-see-fix2 vs Rodent3): 0-1 {Black wins by adjudication}
Warning: Crafty doesn't have option MoveOverhead
Started game 19 of 150 (Coda-see-fix2 vs Crafty)
Finished game 3 (Coda-see-fix2 vs Rodent3): 1-0 {White wins by adjudication}
Warning: Monolith doesn't have option MoveOverhead
Started game 20 of 150 (Coda-see-fix2 vs Monolith)
Finished game 9 (Coda-see-fix2 vs Rodent3): 0-1 {Black wins by adjudication}
Started game 21 of 150 (Coda-see-fix2 vs Rodent3)
Finished game 11 (Monolith vs Coda-see-fix2): 1-0 {White wins by adjudication}
Finished game 8 (Coda-see-fix2 vs Monolith): 1-0 {White wins by adjudication}
Started game 23 of 150 (Monolith vs Coda-see-fix2)
Warning: Crafty doesn't have option MoveOverhead
Started game 22 of 150 (Crafty vs Coda-see-fix2)
Finished game 6 (Rodent3 vs Coda-see-fix2): 0-1 {Black wins by adjudication}
Started game 24 of 150 (Rodent3 vs Coda-see-fix2)
Finished game 10 (Crafty vs Coda-see-fix2): 1-0 {White mates}
Warning: Crafty doesn't have option MoveOverhead
Started game 25 of 150 (Coda-see-fix2 vs Crafty)
Finished game 13 (Coda-see-fix2 vs Crafty): 1-0 {White mates}
Rank Name                          Elo     +/-   Games   Score    Draw 
   0 Coda-see-fix2                 -35     237      10   45.0%   10.0% 
   1 Rodent3                        70     nan       5   60.0%    0.0% 
   2 Monolith                        0     558       3   50.0%   33.3% 
   3 Crafty                          0     nan       2   50.0%    0.0% 

SPRT: llr 0 (0.0%), lbound -inf, ubound inf
Warning: Monolith doesn't have option MoveOverhead
Started game 26 of 150 (Coda-see-fix2 vs Monolith)
Finished game 7 (Coda-see-fix2 vs Crafty): 1-0 {White mates}
Warning: Rodent3 doesn't have option MoveOverhead
Started game 27 of 150 (Coda-see-fix2 vs Rodent3)
Finished game 5 (Monolith vs Coda-see-fix2): 0-1 {Black wins by adjudication}
Warning: Crafty doesn't have option MoveOverhead
Started game 28 of 150 (Crafty vs Coda-see-fix2)
Finished game 16 (Crafty vs Coda-see-fix2): 1-0 {White mates}
Warning: Monolith doesn't have option MoveOverhead
Started game 29 of 150 (Monolith vs Coda-see-fix2)
Finished game 2 (Coda-see-fix2 vs Monolith): 1-0 {White wins by adjudication}
Warning: Rodent3 doesn't have option MoveOverhead
Started game 30 of 150 (Rodent3 vs Coda-see-fix2)
Finished game 20 (Coda-see-fix2 vs Monolith): 0-1 {Black wins by adjudication}
Warning: Crafty doesn't have option MoveOverhead
Started game 31 of 150 (Coda-see-fix2 vs Crafty)
Finished game 17 (Monolith vs Coda-see-fix2): 0-1 {Black wins by adjudication}
Started game 32 of 150 (Coda-see-fix2 vs Monolith)
Finished game 22 (Crafty vs Coda-see-fix2): 1-0 {White mates}
Warning: Rodent3 doesn't have option MoveOverhead
Started game 33 of 150 (Coda-see-fix2 vs Rodent3)
Finished game 4 (Crafty vs Coda-see-fix2): 0-1 {Black mates}
Warning: Crafty doesn't have option MoveOverhead
Started game 34 of 150 (Crafty vs Coda-see-fix2)
Finished game 28 (Crafty vs Coda-see-fix2): 1-0 {White mates}
Finished game 21 (Coda-see-fix2 vs Rodent3): 1/2-1/2 {Draw by 3-fold repetition}
Rank Name                          Elo     +/-   Games   Score    Draw 
   0 Coda-see-fix2                   0     154      20   50.0%   10.0% 
   1 Rodent3                        58     350       6   58.3%   16.7% 
   2 Crafty                         50     353       7   57.1%    0.0% 
   3 Monolith                     -102     364       7   35.7%   14.3% 

SPRT: llr 0 (0.0%), lbound -inf, ubound inf
Started game 36 of 150 (Rodent3 vs Coda-see-fix2)
Warning: Monolith doesn't have option MoveOverhead
Started game 35 of 150 (Monolith vs Coda-see-fix2)
Finished game 19 (Coda-see-fix2 vs Crafty): 1-0 {White mates}
Warning: Crafty doesn't have option MoveOverhead
Started game 37 of 150 (Coda-see-fix2 vs Crafty)
Finished game 30 (Rodent3 vs Coda-see-fix2): 0-1 {Black wins by adjudication}
Warning: Monolith doesn't have option MoveOverhead
Started game 38 of 150 (Coda-see-fix2 vs Monolith)
Finished game 26 (Coda-see-fix2 vs Monolith): 0-1 {Black wins by adjudication}
Warning: Rodent3 doesn't have option MoveOverhead
Started game 39 of 150 (Coda-see-fix2 vs Rodent3)
Finished game 24 (Rodent3 vs Coda-see-fix2): 0-1 {Black wins by adjudication}
Warning: Crafty doesn't have option MoveOverhead
Started game 40 of 150 (Crafty vs Coda-see-fix2)
Finished game 18 (Rodent3 vs Coda-see-fix2): 0-1 {Black wins by adjudication}
Warning: Monolith doesn't have option MoveOverhead
Started game 41 of 150 (Monolith vs Coda-see-fix2)
Finished game 32 (Coda-see-fix2 vs Monolith): 0-1 {Black wins by adjudication}
Warning: Rodent3 doesn't have option MoveOverhead
Started game 42 of 150 (Rodent3 vs Coda-see-fix2)
Finished game 23 (Monolith vs Coda-see-fix2): 0-1 {Black wins by adjudication}
Warning: Crafty doesn't have option MoveOverhead
Started game 43 of 150 (Coda-see-fix2 vs Crafty)
Finished game 33 (Coda-see-fix2 vs Rodent3): 1-0 {White wins by adjudication}
Warning: Monolith doesn't have option MoveOverhead
Started game 44 of 150 (Coda-see-fix2 vs Monolith)
Finished game 27 (Coda-see-fix2 vs Rodent3): 1/2-1/2 {Draw by insufficient mating material}
Started game 45 of 150 (Coda-see-fix2 vs Rodent3)
Finished game 31 (Coda-see-fix2 vs Crafty): 0-1 {Black mates}
Rank Name                          Elo     +/-   Games   Score    Draw 
   0 Coda-see-fix2                  35     123      30   55.0%   10.0% 
   1 Crafty                         39     277       9   55.6%    0.0% 
   2 Monolith                      -35     237      10   45.0%   10.0% 
   3 Rodent3                       -97     224      11   36.4%   18.2% 

SPRT: llr 0 (0.0%), lbound -inf, ubound inf
Warning: Crafty doesn't have option MoveOverhead
Started game 46 of 150 (Crafty vs Coda-see-fix2)
Finished game 1 (Coda-see-fix2 vs Crafty): 1-0 {White mates}
Warning: Monolith doesn't have option MoveOverhead
Started game 47 of 150 (Monolith vs Coda-see-fix2)
Finished game 29 (Monolith vs Coda-see-fix2): 0-1 {Black wins by adjudication}
Warning: Rodent3 doesn't have option MoveOverhead
Started game 48 of 150 (Rodent3 vs Coda-see-fix2)
Finished game 36 (Rodent3 vs Coda-see-fix2): 0-1 {Black wins by adjudication}
Warning: Crafty doesn't have option MoveOverhead
Started game 49 of 150 (Coda-see-fix2 vs Crafty)
Finished game 35 (Monolith vs Coda-see-fix2): 1-0 {White wins by adjudication}
Started game 50 of 150 (Coda-see-fix2 vs Monolith)
Finished game 48 (Rodent3 vs Coda-see-fix2): 0-1 {Black wins by adjudication}
Started game 51 of 150 (Coda-see-fix2 vs Rodent3)
Finished game 40 (Crafty vs Coda-see-fix2): 1-0 {White mates}
Warning: Crafty doesn't have option MoveOverhead
Started game 52 of 150 (Crafty vs Coda-see-fix2)
Finished game 44 (Coda-see-fix2 vs Monolith): 1-0 {White wins by adjudication}
Started game 53 of 150 (Monolith vs Coda-see-fix2)
Finished game 42 (Rodent3 vs Coda-see-fix2): 1-0 {White wins by adjudication}
Started game 54 of 150 (Rodent3 vs Coda-see-fix2)
Finished game 25 (Coda-see-fix2 vs Crafty): 1/2-1/2 {Draw by fifty moves rule}
Warning: Crafty doesn't have option MoveOverhead
Started game 55 of 150 (Coda-see-fix2 vs Crafty)
Finished game 38 (Coda-see-fix2 vs Monolith): 1-0 {White wins by adjudication}
Rank Name                          Elo     +/-   Games   Score    Draw 
   0 Coda-see-fix2                  53     106      40   57.5%   10.0% 
   1 Crafty                         29     212      12   54.2%    8.3% 
   2 Monolith                      -76     202      14   39.3%    7.1% 
   3 Rodent3                      -102     198      14   35.7%   14.3% 

SPRT: llr 0 (0.0%), lbound -inf, ubound inf
Started game 56 of 150 (Coda-see-fix2 vs Monolith)
Finished game 34 (Crafty vs Coda-see-fix2): 0-1 {Black mates}
Warning: Rodent3 doesn't have option MoveOverhead
Started game 57 of 150 (Coda-see-fix2 vs Rodent3)
Finished game 39 (Coda-see-fix2 vs Rodent3): 1-0 {White wins by adjudication}
Warning: Crafty doesn't have option MoveOverhead
Started game 58 of 150 (Crafty vs Coda-see-fix2)
Finished game 37 (Coda-see-fix2 vs Crafty): 1/2-1/2 {Draw by 3-fold repetition}
Warning: Monolith doesn't have option MoveOverhead
Started game 59 of 150 (Monolith vs Coda-see-fix2)
Finished game 41 (Monolith vs Coda-see-fix2): 0-1 {Black wins by adjudication}
Warning: Rodent3 doesn't have option MoveOverhead
Started game 60 of 150 (Rodent3 vs Coda-see-fix2)
Finished game 45 (Coda-see-fix2 vs Rodent3): 0-1 {Black wins by adjudication}
Warning: Crafty doesn't have option MoveOverhead
Started game 61 of 150 (Coda-see-fix2 vs Crafty)
Finished game 43 (Coda-see-fix2 vs Crafty): 1-0 {White mates}
Warning: Monolith doesn't have option MoveOverhead
Started game 62 of 150 (Coda-see-fix2 vs Monolith)
Finished game 54 (Rodent3 vs Coda-see-fix2): 0-1 {Black wins by adjudication}
Started game 63 of 150 (Coda-see-fix2 vs Rodent3)
Finished game 47 (Monolith vs Coda-see-fix2): 0-1 {Black wins by adjudication}
Warning: Crafty doesn't have option MoveOverhead
Started game 64 of 150 (Crafty vs Coda-see-fix2)
Finished game 55 (Coda-see-fix2 vs Crafty): 0-1 {Black mates}
Warning: Monolith doesn't have option MoveOverhead
Started game 65 of 150 (Monolith vs Coda-see-fix2)
Finished game 46 (Crafty vs Coda-see-fix2): 1-0 {White mates}
Rank Name                          Elo     +/-   Games   Score    Draw 
   0 Coda-see-fix2                  63      95      50   59.0%   10.0% 
   1 Crafty                         20     167      17   52.9%   11.8% 
   2 Rodent3                      -105     179      17   35.3%   11.8% 
   3 Monolith                     -112     197      16   34.4%    6.3% 

SPRT: llr 0 (0.0%), lbound -inf, ubound inf
Warning: Rodent3 doesn't have option MoveOverhead
Started game 66 of 150 (Rodent3 vs Coda-see-fix2)
Finished game 56 (Coda-see-fix2 vs Monolith): 1-0 {White wins by adjudication}
Warning: Crafty doesn't have option MoveOverhead
Started game 67 of 150 (Coda-see-fix2 vs Crafty)
Finished game 57 (Coda-see-fix2 vs Rodent3): 1-0 {White wins by adjudication}
Warning: Monolith doesn't have option MoveOverhead
Started game 68 of 150 (Coda-see-fix2 vs Monolith)
Finished game 60 (Rodent3 vs Coda-see-fix2): 0-1 {Black wins by adjudication}
Started game 69 of 150 (Coda-see-fix2 vs Rodent3)
Finished game 52 (Crafty vs Coda-see-fix2): 1-0 {White mates}
Warning: Crafty doesn't have option MoveOverhead
Started game 70 of 150 (Crafty vs Coda-see-fix2)
Finished game 50 (Coda-see-fix2 vs Monolith): 1-0 {White wins by adjudication}
Started game 71 of 150 (Monolith vs Coda-see-fix2)
Finished game 49 (Coda-see-fix2 vs Crafty): 1-0 {White mates}
Warning: Rodent3 doesn't have option MoveOverhead
Started game 72 of 150 (Rodent3 vs Coda-see-fix2)
Finished game 51 (Coda-see-fix2 vs Rodent3): 0-1 {Black wins by adjudication}
Warning: Crafty doesn't have option MoveOverhead
Finished game 58 (Crafty vs Coda-see-fix2): 1/2-1/2 {Draw by 3-fold repetition}
Started game 73 of 150 (Coda-see-fix2 vs Crafty)
Warning: Monolith doesn't have option MoveOverhead
Started game 74 of 150 (Coda-see-fix2 vs Monolith)
Finished game 53 (Monolith vs Coda-see-fix2): 1-0 {White wins by adjudication}
Warning: Rodent3 doesn't have option MoveOverhead
Started game 75 of 150 (Coda-see-fix2 vs Rodent3)
Finished game 69 (Coda-see-fix2 vs Rodent3): 1-0 {White wins by adjudication}
Rank Name                          Elo     +/-   Games   Score    Draw 
   0 Coda-see-fix2                  70      87      60   60.0%   10.0% 
   1 Crafty                         17     149      20   52.5%   15.0% 
   2 Monolith                     -114     178      19   34.2%    5.3% 
   3 Rodent3                      -120     164      21   33.3%    9.5% 

SPRT: llr 0 (0.0%), lbound -inf, ubound inf
Warning: Crafty doesn't have option MoveOverhead
Started game 76 of 150 (Crafty vs Coda-see-fix2)
Finished game 66 (Rodent3 vs Coda-see-fix2): 0-1 {Black wins by adjudication}
Warning: Monolith doesn't have option MoveOverhead
Started game 77 of 150 (Monolith vs Coda-see-fix2)
Finished game 59 (Monolith vs Coda-see-fix2): 0-1 {Black wins by adjudication}
Warning: Rodent3 doesn't have option MoveOverhead
Finished game 62 (Coda-see-fix2 vs Monolith): 0-1 {Black wins by adjudication}
Started game 78 of 150 (Rodent3 vs Coda-see-fix2)
Warning: Crafty doesn't have option MoveOverhead
Started game 79 of 150 (Coda-see-fix2 vs Crafty)
Finished game 63 (Coda-see-fix2 vs Rodent3): 0-1 {Black wins by adjudication}
Finished game 77 (Monolith vs Coda-see-fix2): 1-0 {White wins by adjudication}
Warning: Rodent3 doesn't have option MoveOverhead
Warning: Monolith doesn't have option MoveOverhead
Started game 80 of 150 (Coda-see-fix2 vs Monolith)
Started game 81 of 150 (Coda-see-fix2 vs Rodent3)
Finished game 61 (Coda-see-fix2 vs Crafty): 1-0 {White mates}
Warning: Crafty doesn't have option MoveOverhead
Started game 82 of 150 (Crafty vs Coda-see-fix2)
Finished game 64 (Crafty vs Coda-see-fix2): 1-0 {White mates}
Warning: Monolith doesn't have option MoveOverhead
Started game 83 of 150 (Monolith vs Coda-see-fix2)
Finished game 72 (Rodent3 vs Coda-see-fix2): 1-0 {White wins by adjudication}
Started game 84 of 150 (Rodent3 vs Coda-see-fix2)
Finished game 65 (Monolith vs Coda-see-fix2): 1/2-1/2 {Draw by insufficient mating material}
Warning: Crafty doesn't have option MoveOverhead
Started game 85 of 150 (Coda-see-fix2 vs Crafty)
Finished game 70 (Crafty vs Coda-see-fix2): 1/2-1/2 {Draw by 3-fold repetition}
Rank Name                          Elo     +/-   Games   Score    Draw 
   0 Coda-see-fix2                  50      79      70   57.1%   11.4% 
   1 Crafty                         15     135      23   52.2%   17.4% 
   2 Monolith                      -77     148      23   39.1%    8.7% 
   3 Rodent3                       -89     147      24   37.5%    8.3% 

SPRT: llr 0 (0.0%), lbound -inf, ubound inf
Warning: Monolith doesn't have option MoveOverhead
Started game 86 of 150 (Coda-see-fix2 vs Monolith)
Finished game 68 (Coda-see-fix2 vs Monolith): 1-0 {White wins by adjudication}
Warning: Rodent3 doesn't have option MoveOverhead
Started game 87 of 150 (Coda-see-fix2 vs Rodent3)
Finished game 75 (Coda-see-fix2 vs Rodent3): 1-0 {White wins by adjudication}
Warning: Crafty doesn't have option MoveOverhead
Started game 88 of 150 (Crafty vs Coda-see-fix2)
Finished game 67 (Coda-see-fix2 vs Crafty): 1-0 {White mates}
Warning: Monolith doesn't have option MoveOverhead
Started game 89 of 150 (Monolith vs Coda-see-fix2)
Finished game 71 (Monolith vs Coda-see-fix2): 0-1 {Black wins by adjudication}
Warning: Rodent3 doesn't have option MoveOverhead
Started game 90 of 150 (Rodent3 vs Coda-see-fix2)
Finished game 76 (Crafty vs Coda-see-fix2): 1-0 {White mates}
Finished game 73 (Coda-see-fix2 vs Crafty): 0-1 {Black mates}
Warning: Crafty doesn't have option MoveOverhead
Started game 91 of 150 (Coda-see-fix2 vs Crafty)
Warning: Monolith doesn't have option MoveOverhead
Started game 92 of 150 (Coda-see-fix2 vs Monolith)
Finished game 80 (Coda-see-fix2 vs Monolith): 0-1 {Black wins by adjudication}
Warning: Rodent3 doesn't have option MoveOverhead
Started game 93 of 150 (Coda-see-fix2 vs Rodent3)
Finished game 78 (Rodent3 vs Coda-see-fix2): 1-0 {White wins by adjudication}
Warning: Crafty doesn't have option MoveOverhead
Started game 94 of 150 (Crafty vs Coda-see-fix2)
Finished game 88 (Crafty vs Coda-see-fix2): 1-0 {White mates}
Warning: Monolith doesn't have option MoveOverhead
Started game 95 of 150 (Monolith vs Coda-see-fix2)
Finished game 74 (Coda-see-fix2 vs Monolith): 1/2-1/2 {Draw by insufficient mating material}
Rank Name                          Elo     +/-   Games   Score    Draw 
   0 Coda-see-fix2                  39      73      80   55.6%   11.3% 
   1 Crafty                         39     127      27   55.6%   14.8% 
   2 Monolith                      -79     133      27   38.9%   11.1% 
   3 Rodent3                       -82     140      26   38.5%    7.7% 

SPRT: llr 0 (0.0%), lbound -inf, ubound inf
Warning: Rodent3 doesn't have option MoveOverhead
Started game 96 of 150 (Rodent3 vs Coda-see-fix2)
Finished game 87 (Coda-see-fix2 vs Rodent3): 1-0 {White wins by adjudication}
Warning: Crafty doesn't have option MoveOverhead
Started game 97 of 150 (Coda-see-fix2 vs Crafty)
Finished game 90 (Rodent3 vs Coda-see-fix2): 1-0 {White wins by adjudication}
Warning: Monolith doesn't have option MoveOverhead
Started game 98 of 150 (Coda-see-fix2 vs Monolith)
Finished game 79 (Coda-see-fix2 vs Crafty): 1-0 {White mates}
Warning: Rodent3 doesn't have option MoveOverhead
Started game 99 of 150 (Coda-see-fix2 vs Rodent3)
Finished game 84 (Rodent3 vs Coda-see-fix2): 0-1 {Black wins by adjudication}
Warning: Crafty doesn't have option MoveOverhead
Started game 100 of 150 (Crafty vs Coda-see-fix2)
Finished game 86 (Coda-see-fix2 vs Monolith): 1-0 {White wins by adjudication}
Started game 101 of 150 (Monolith vs Coda-see-fix2)
Finished game 85 (Coda-see-fix2 vs Crafty): 0-1 {Black mates}
Warning: Rodent3 doesn't have option MoveOverhead
Started game 102 of 150 (Rodent3 vs Coda-see-fix2)
Finished game 82 (Crafty vs Coda-see-fix2): 0-1 {Black mates}
Warning: Crafty doesn't have option MoveOverhead
Started game 103 of 150 (Coda-see-fix2 vs Crafty)
Finished game 83 (Monolith vs Coda-see-fix2): 1/2-1/2 {Draw by 3-fold repetition}
Started game 104 of 150 (Coda-see-fix2 vs Monolith)
Finished game 81 (Coda-see-fix2 vs Rodent3): 1/2-1/2 {Draw by 3-fold repetition}
Started game 105 of 150 (Coda-see-fix2 vs Rodent3)
Finished game 93 (Coda-see-fix2 vs Rodent3): 1-0 {White wins by adjudication}
Rank Name                          Elo     +/-   Games   Score    Draw 
   0 Coda-see-fix2                  51      69      90   57.2%   12.2% 
   1 Crafty                         23     120      30   53.3%   13.3% 
   2 Monolith                      -86     126      29   37.9%   13.8% 
   3 Rodent3                       -92     126      31   37.1%    9.7% 

SPRT: llr 0 (0.0%), lbound -inf, ubound inf
Warning: Crafty doesn't have option MoveOverhead
Started game 106 of 150 (Crafty vs Coda-see-fix2)
Finished game 89 (Monolith vs Coda-see-fix2): 0-1 {Black wins by adjudication}
Started game 107 of 150 (Monolith vs Coda-see-fix2)
Finished game 91 (Coda-see-fix2 vs Crafty): 0-1 {Black mates}
Warning: Rodent3 doesn't have option MoveOverhead
Started game 108 of 150 (Rodent3 vs Coda-see-fix2)
Finished game 92 (Coda-see-fix2 vs Monolith): 1-0 {White wins by adjudication}
Warning: Crafty doesn't have option MoveOverhead
Started game 109 of 150 (Coda-see-fix2 vs Crafty)
Finished game 97 (Coda-see-fix2 vs Crafty): 0-1 {Black mates}
Warning: Monolith doesn't have option MoveOverhead
Started game 110 of 150 (Coda-see-fix2 vs Monolith)
Finished game 102 (Rodent3 vs Coda-see-fix2): 1-0 {White wins by adjudication}
Started game 111 of 150 (Coda-see-fix2 vs Rodent3)
Finished game 107 (Monolith vs Coda-see-fix2): 1-0 {White wins by adjudication}
Warning: Crafty doesn't have option MoveOverhead
Started game 112 of 150 (Crafty vs Coda-see-fix2)
Finished game 96 (Rodent3 vs Coda-see-fix2): 0-1 {Black wins by adjudication}
Warning: Monolith doesn't have option MoveOverhead
Started game 113 of 150 (Monolith vs Coda-see-fix2)
Finished game 94 (Crafty vs Coda-see-fix2): 0-1 {Black mates}
Warning: Rodent3 doesn't have option MoveOverhead
Started game 114 of 150 (Rodent3 vs Coda-see-fix2)
Finished game 100 (Crafty vs Coda-see-fix2): 1-0 {White mates}
Warning: Crafty doesn't have option MoveOverhead
Started game 115 of 150 (Coda-see-fix2 vs Crafty)
Finished game 95 (Monolith vs Coda-see-fix2): 0-1 {Black wins by adjudication}
Rank Name                          Elo     +/-   Games   Score    Draw 
   0 Coda-see-fix2                  45      65     100   56.5%   11.0% 
   1 Crafty                         41     114      34   55.9%   11.8% 
   2 Rodent3                       -86     122      33   37.9%    9.1% 
   3 Monolith                      -97     120      33   36.4%   12.1% 

SPRT: llr 0 (0.0%), lbound -inf, ubound inf
Started game 116 of 150 (Coda-see-fix2 vs Monolith)
Finished game 103 (Coda-see-fix2 vs Crafty): 0-1 {Black mates}
Warning: Rodent3 doesn't have option MoveOverhead
Started game 117 of 150 (Coda-see-fix2 vs Rodent3)
Finished game 104 (Coda-see-fix2 vs Monolith): 0-1 {Black wins by adjudication}
Warning: Crafty doesn't have option MoveOverhead
Started game 118 of 150 (Crafty vs Coda-see-fix2)
Finished game 98 (Coda-see-fix2 vs Monolith): 1-0 {White wins by adjudication}
Started game 119 of 150 (Monolith vs Coda-see-fix2)
Finished game 106 (Crafty vs Coda-see-fix2): 0-1 {Black mates}
Warning: Rodent3 doesn't have option MoveOverhead
Started game 120 of 150 (Rodent3 vs Coda-see-fix2)
Finished game 105 (Coda-see-fix2 vs Rodent3): 1-0 {White wins by adjudication}
Warning: Crafty doesn't have option MoveOverhead
Started game 121 of 150 (Coda-see-fix2 vs Crafty)
Finished game 101 (Monolith vs Coda-see-fix2): 0-1 {Black wins by adjudication}
Started game 122 of 150 (Coda-see-fix2 vs Monolith)
Finished game 111 (Coda-see-fix2 vs Rodent3): 1-0 {White wins by adjudication}
Started game 123 of 150 (Coda-see-fix2 vs Rodent3)
Finished game 112 (Crafty vs Coda-see-fix2): 1-0 {White mates}
Warning: Crafty doesn't have option MoveOverhead
Started game 124 of 150 (Crafty vs Coda-see-fix2)
Finished game 109 (Coda-see-fix2 vs Crafty): 1-0 {White mates}
Warning: Monolith doesn't have option MoveOverhead
Started game 125 of 150 (Monolith vs Coda-see-fix2)
Finished game 110 (Coda-see-fix2 vs Monolith): 0-1 {Black wins by adjudication}
Rank Name                          Elo     +/-   Games   Score    Draw 
   0 Coda-see-fix2                  48      63     110   56.8%   10.0% 
   1 Crafty                         37     108      38   55.3%   10.5% 
   2 Monolith                      -86     113      37   37.8%   10.8% 
   3 Rodent3                      -102     120      35   35.7%    8.6% 

SPRT: llr 0 (0.0%), lbound -inf, ubound inf
Warning: Rodent3 doesn't have option MoveOverhead
Finished game 99 (Coda-see-fix2 vs Rodent3): 1/2-1/2 {Draw by adjudication}
Started game 126 of 150 (Rodent3 vs Coda-see-fix2)
Warning: Crafty doesn't have option MoveOverhead
Started game 127 of 150 (Coda-see-fix2 vs Crafty)
Finished game 108 (Rodent3 vs Coda-see-fix2): 0-1 {Black wins by adjudication}
Warning: Monolith doesn't have option MoveOverhead
Started game 128 of 150 (Coda-see-fix2 vs Monolith)
Finished game 113 (Monolith vs Coda-see-fix2): 1-0 {White wins by adjudication}
Warning: Rodent3 doesn't have option MoveOverhead
Started game 129 of 150 (Coda-see-fix2 vs Rodent3)
Finished game 117 (Coda-see-fix2 vs Rodent3): 1-0 {White wins by adjudication}
Warning: Crafty doesn't have option MoveOverhead
Started game 130 of 150 (Crafty vs Coda-see-fix2)
Finished game 120 (Rodent3 vs Coda-see-fix2): 0-1 {Black wins by adjudication}
Warning: Monolith doesn't have option MoveOverhead
Started game 131 of 150 (Monolith vs Coda-see-fix2)
Finished game 114 (Rodent3 vs Coda-see-fix2): 1-0 {White wins by adjudication}
Started game 132 of 150 (Rodent3 vs Coda-see-fix2)
Finished game 115 (Coda-see-fix2 vs Crafty): 0-1 {Black mates}
Warning: Crafty doesn't have option MoveOverhead
Started game 133 of 150 (Coda-see-fix2 vs Crafty)
Finished game 123 (Coda-see-fix2 vs Rodent3): 1-0 {White wins by adjudication}
Warning: Monolith doesn't have option MoveOverhead
Started game 134 of 150 (Coda-see-fix2 vs Monolith)
Finished game 118 (Crafty vs Coda-see-fix2): 1-0 {White mates}
Warning: Rodent3 doesn't have option MoveOverhead
Started game 135 of 150 (Coda-see-fix2 vs Rodent3)
Finished game 116 (Coda-see-fix2 vs Monolith): 0-1 {Black wins by adjudication}
Rank Name                          Elo     +/-   Games   Score    Draw 
   0 Coda-see-fix2                  41      60     120   55.8%   10.0% 
   1 Crafty                         53     106      40   57.5%   10.0% 
   2 Monolith                      -63     108      39   41.0%   10.3% 
   3 Rodent3                      -114     110      41   34.1%    9.8% 

SPRT: llr 0 (0.0%), lbound -inf, ubound inf
Warning: Crafty doesn't have option MoveOverhead
Started game 136 of 150 (Crafty vs Coda-see-fix2)
Finished game 126 (Rodent3 vs Coda-see-fix2): 1-0 {White wins by adjudication}
Warning: Monolith doesn't have option MoveOverhead
Started game 137 of 150 (Monolith vs Coda-see-fix2)
Finished game 124 (Crafty vs Coda-see-fix2): 0-1 {Black mates}
Warning: Rodent3 doesn't have option MoveOverhead
Started game 138 of 150 (Rodent3 vs Coda-see-fix2)
Warning: Illegal ponder move from Monolith: f7f6
Finished game 128 (Coda-see-fix2 vs Monolith): 1/2-1/2 {Draw by 3-fold repetition}
Warning: Crafty doesn't have option MoveOverhead
Started game 139 of 150 (Coda-see-fix2 vs Crafty)
Finished game 121 (Coda-see-fix2 vs Crafty): 1-0 {White mates}
Warning: Monolith doesn't have option MoveOverhead
Started game 140 of 150 (Coda-see-fix2 vs Monolith)
Finished game 131 (Monolith vs Coda-see-fix2): 1-0 {White wins by adjudication}
Warning: Rodent3 doesn't have option MoveOverhead
Started game 141 of 150 (Coda-see-fix2 vs Rodent3)
Finished game 125 (Monolith vs Coda-see-fix2): 0-1 {Black wins by adjudication}
Warning: Crafty doesn't have option MoveOverhead
Started game 142 of 150 (Crafty vs Coda-see-fix2)
Finished game 119 (Monolith vs Coda-see-fix2): 1/2-1/2 {Draw by fifty moves rule}
Started game 143 of 150 (Monolith vs Coda-see-fix2)
Finished game 129 (Coda-see-fix2 vs Rodent3): 1-0 {White wins by adjudication}
Started game 144 of 150 (Rodent3 vs Coda-see-fix2)
Finished game 127 (Coda-see-fix2 vs Crafty): 0-1 {Black mates}
Warning: Crafty doesn't have option MoveOverhead
Started game 145 of 150 (Coda-see-fix2 vs Crafty)
Finished game 130 (Crafty vs Coda-see-fix2): 1-0 {White mates}
Rank Name                          Elo     +/-   Games   Score    Draw 
   0 Coda-see-fix2                  38      57     130   55.4%   10.8% 
   1 Crafty                         48     102      44   56.8%    9.1% 
   2 Monolith                      -57     100      43   41.9%   14.0% 
   3 Rodent3                      -108     107      43   34.9%    9.3% 

SPRT: llr 0 (0.0%), lbound -inf, ubound inf
Warning: Monolith doesn't have option MoveOverhead
Started game 146 of 150 (Coda-see-fix2 vs Monolith)
Finished game 132 (Rodent3 vs Coda-see-fix2): 1/2-1/2 {Draw by 3-fold repetition}
Started game 147 of 150 (Coda-see-fix2 vs Rodent3)
Finished game 122 (Coda-see-fix2 vs Monolith): 0-1 {Black wins by adjudication}
Warning: Crafty doesn't have option MoveOverhead
Started game 148 of 150 (Crafty vs Coda-see-fix2)
Finished game 137 (Monolith vs Coda-see-fix2): 0-1 {Black wins by adjudication}
Started game 149 of 150 (Monolith vs Coda-see-fix2)
Finished game 134 (Coda-see-fix2 vs Monolith): 1/2-1/2 {Draw by 3-fold repetition}
Warning: Rodent3 doesn't have option MoveOverhead
Started game 150 of 150 (Rodent3 vs Coda-see-fix2)
Finished game 133 (Coda-see-fix2 vs Crafty): 1-0 {White mates}
Finished game 135 (Coda-see-fix2 vs Rodent3): 0-1 {Black wins by adjudication}
Finished game 138 (Rodent3 vs Coda-see-fix2): 1-0 {White wins by adjudication}
Finished game 136 (Crafty vs Coda-see-fix2): 1-0 {White mates}
Finished game 147 (Coda-see-fix2 vs Rodent3): 1-0 {White wins by adjudication}
Finished game 148 (Crafty vs Coda-see-fix2): 1-0 {White mates}
Rank Name                          Elo     +/-   Games   Score    Draw 
   0 Coda-see-fix2                  30      55     140   54.3%   11.4% 
   1 Crafty                         52      99      47   57.4%    8.5% 
   2 Monolith                      -53      96      46   42.4%   15.2% 
   3 Rodent3                       -91     100      47   37.2%   10.6% 

SPRT: llr 0 (0.0%), lbound -inf, ubound inf
Finished game 140 (Coda-see-fix2 vs Monolith): 0-1 {Black wins by adjudication}
Finished game 149 (Monolith vs Coda-see-fix2): 1-0 {White wins by adjudication}
Finished game 145 (Coda-see-fix2 vs Crafty): 0-1 {Black mates}
Finished game 142 (Crafty vs Coda-see-fix2): 0-1 {Black mates}
Finished game 141 (Coda-see-fix2 vs Rodent3): 0-1 {Black wins by adjudication}
Finished game 150 (Rodent3 vs Coda-see-fix2): 0-1 {Black wins by adjudication}
Finished game 143 (Monolith vs Coda-see-fix2): 1-0 {White wins by adjudication}
Finished game 146 (Coda-see-fix2 vs Monolith): 0-1 {Black wins by adjudication}
Finished game 144 (Rodent3 vs Coda-see-fix2): 0-1 {Black wins by adjudication}
Finished game 139 (Coda-see-fix2 vs Crafty): 1/2-1/2 {Draw by insufficient mating material}
Rank Name                          Elo     +/-   Games   Score    Draw 
   0 Coda-see-fix2                  21      53     150   53.0%   11.3% 
   1 Crafty                         49      94      50   57.0%   10.0% 
   2 Monolith                      -21      91      50   47.0%   14.0% 
   3 Rodent3                       -92      97      50   37.0%   10.0% 

SPRT: llr 0 (0.0%), lbound -inf, ubound inf

Player: Coda-see-fix2
   "Draw by 3-fold repetition": 10
   "Draw by adjudication": 1
   "Draw by fifty moves rule": 2
   "Draw by insufficient mating material": 4
   "Loss: Black mates": 10
   "Loss: Black wins by adjudication": 18
   "Loss: White mates": 16
   "Loss: White wins by adjudication": 18
   "Win: Black mates": 7
   "Win: Black wins by adjudication": 28
   "Win: White mates": 12
   "Win: White wins by adjudication": 24
Player: Crafty
   "Draw by 3-fold repetition": 3
   "Draw by fifty moves rule": 1
   "Draw by insufficient mating material": 1
   "Loss: Black mates": 7
   "Loss: White mates": 12
   "Win: Black mates": 10
   "Win: White mates": 16
Player: Monolith
   "Draw by 3-fold repetition": 4
   "Draw by fifty moves rule": 1
   "Draw by insufficient mating material": 2
   "Loss: Black wins by adjudication": 13
   "Loss: White wins by adjudication": 10
   "Win: Black wins by adjudication": 11
   "Win: White wins by adjudication": 9
Player: Rodent3
   "Draw by 3-fold repetition": 3
   "Draw by adjudication": 1
   "Draw by insufficient mating material": 1
   "Loss: Black wins by adjudication": 15
   "Loss: White wins by adjudication": 14
   "Win: Black wins by adjudication": 7
   "Win: White wins by adjudication": 9
Finished match
