Indexing opening suite...
Warning: Rodent3 doesn't have option MoveOverhead
Warning: Crafty doesn't have option MoveOverhead
Warning: Crafty doesn't have option MoveOverhead
Warning: Monolith doesn't have option MoveOverhead
Warning: Rodent3 doesn't have option MoveOverhead
Warning: Monolith doesn't have option MoveOverhead
Warning: Rodent3 doesn't have option MoveOverhead
Warning: Crafty doesn't have option MoveOverhead
Started game 5 of 150 (Monolith vs Coda-moveord)
Warning: Rodent3 doesn't have option MoveOverhead
Started game 2 of 150 (Coda-moveord vs Monolith)
Warning: Rodent3 doesn't have option MoveOverhead
Warning: Crafty doesn't have option MoveOverhead
Started game 4 of 150 (Crafty vs Coda-moveord)
Started game 3 of 150 (Coda-moveord vs Rodent3)
Started game 9 of 150 (Coda-moveord vs Rodent3)
Started game 6 of 150 (Rodent3 vs Coda-moveord)
Warning: Monolith doesn't have option MoveOverhead
Warning: Crafty doesn't have option MoveOverhead
Started game 12 of 150 (Rodent3 vs Coda-moveord)
Started game 1 of 150 (Coda-moveord vs Crafty)
Warning: Monolith doesn't have option MoveOverhead
Started game 11 of 150 (Monolith vs Coda-moveord)
Started game 8 of 150 (Coda-moveord vs Monolith)
Warning: Crafty doesn't have option MoveOverhead
Started game 7 of 150 (Coda-moveord vs Crafty)
Started game 16 of 150 (Crafty vs Coda-moveord)
Started game 10 of 150 (Crafty vs Coda-moveord)
Warning: Monolith doesn't have option MoveOverhead
Started game 14 of 150 (Coda-moveord vs Monolith)
Started game 15 of 150 (Coda-moveord vs Rodent3)
Started game 13 of 150 (Coda-moveord vs Crafty)
Finished game 9 (Coda-moveord vs Rodent3): 0-1 {Black wins by adjudication}
Warning: Monolith doesn't have option MoveOverhead
Started game 17 of 150 (Monolith vs Coda-moveord)
Finished game 3 (Coda-moveord vs Rodent3): 0-1 {Black wins by adjudication}
Started game 18 of 150 (Rodent3 vs Coda-moveord)
Finished game 6 (Rodent3 vs Coda-moveord): 0-1 {Black wins by adjudication}
Warning: Crafty doesn't have option MoveOverhead
Started game 19 of 150 (Coda-moveord vs Crafty)
Finished game 12 (Rodent3 vs Coda-moveord): 0-1 {Black wins by adjudication}
Warning: Monolith doesn't have option MoveOverhead
Started game 20 of 150 (Coda-moveord vs Monolith)
Finished game 4 (Crafty vs Coda-moveord): 1-0 {White mates}
Warning: Rodent3 doesn't have option MoveOverhead
Finished game 15 (Coda-moveord vs Rodent3): 0-1 {Black wins by adjudication}
Started game 21 of 150 (Coda-moveord vs Rodent3)
Warning: Crafty doesn't have option MoveOverhead
Started game 22 of 150 (Crafty vs Coda-moveord)
Finished game 1 (Coda-moveord vs Crafty): 1-0 {White mates}
Warning: Monolith doesn't have option MoveOverhead
Started game 23 of 150 (Monolith vs Coda-moveord)
Finished game 8 (Coda-moveord vs Monolith): 1-0 {White wins by adjudication}
Warning: Rodent3 doesn't have option MoveOverhead
Started game 24 of 150 (Rodent3 vs Coda-moveord)
Finished game 2 (Coda-moveord vs Monolith): 0-1 {Black wins by adjudication}
Warning: Crafty doesn't have option MoveOverhead
Started game 25 of 150 (Coda-moveord vs Crafty)
Finished game 5 (Monolith vs Coda-moveord): 1-0 {White wins by adjudication}
Rank Name                          Elo     +/-   Games   Score    Draw 
   0 Coda-moveord                  -70     269      10   40.0%    0.0% 
   1 Monolith                      120     nan       3   66.7%    0.0% 
   2 Rodent3                        70     nan       5   60.0%    0.0% 
   3 Crafty                          0     nan       2   50.0%    0.0% 

SPRT: llr 0 (0.0%), lbound -inf, ubound inf
Started game 26 of 150 (Coda-moveord vs Monolith)
Finished game 18 (Rodent3 vs Coda-moveord): 1-0 {White wins by adjudication}
Started game 27 of 150 (Coda-moveord vs Rodent3)
Finished game 11 (Monolith vs Coda-moveord): 1-0 {White wins by adjudication}
Warning: Crafty doesn't have option MoveOverhead
Finished game 20 (Coda-moveord vs Monolith): 0-1 {Black wins by adjudication}
Started game 29 of 150 (Monolith vs Coda-moveord)
Started game 28 of 150 (Crafty vs Coda-moveord)
Finished game 16 (Crafty vs Coda-moveord): 0-1 {Black mates}
Warning: Rodent3 doesn't have option MoveOverhead
Started game 30 of 150 (Rodent3 vs Coda-moveord)
Finished game 13 (Coda-moveord vs Crafty): 0-1 {Black mates}
Warning: Crafty doesn't have option MoveOverhead
Started game 31 of 150 (Coda-moveord vs Crafty)
Finished game 10 (Crafty vs Coda-moveord): 0-1 {Black mates}
Warning: Monolith doesn't have option MoveOverhead
Started game 32 of 150 (Coda-moveord vs Monolith)
Finished game 7 (Coda-moveord vs Crafty): 1-0 {White mates}
Warning: Rodent3 doesn't have option MoveOverhead
Started game 33 of 150 (Coda-moveord vs Rodent3)
Finished game 23 (Monolith vs Coda-moveord): 0-1 {Black wins by adjudication}
Warning: Crafty doesn't have option MoveOverhead
Started game 34 of 150 (Crafty vs Coda-moveord)
Finished game 14 (Coda-moveord vs Monolith): 0-1 {Black wins by adjudication}
Started game 35 of 150 (Monolith vs Coda-moveord)
Finished game 22 (Crafty vs Coda-moveord): 0-1 {Black mates}
Rank Name                          Elo     +/-   Games   Score    Draw 
   0 Coda-moveord                  -35     164      20   45.0%    0.0% 
   1 Monolith                      159     nan       7   71.4%    0.0% 
   2 Rodent3                       120     nan       6   66.7%    0.0% 
   3 Crafty                       -159     nan       7   28.6%    0.0% 

SPRT: llr 0 (0.0%), lbound -inf, ubound inf
Warning: Rodent3 doesn't have option MoveOverhead
Started game 36 of 150 (Rodent3 vs Coda-moveord)
Finished game 17 (Monolith vs Coda-moveord): 1-0 {White wins by adjudication}
Warning: Crafty doesn't have option MoveOverhead
Started game 37 of 150 (Coda-moveord vs Crafty)
Finished game 21 (Coda-moveord vs Rodent3): 0-1 {Black wins by adjudication}
Warning: Monolith doesn't have option MoveOverhead
Started game 38 of 150 (Coda-moveord vs Monolith)
Finished game 19 (Coda-moveord vs Crafty): 1-0 {White mates}
Warning: Rodent3 doesn't have option MoveOverhead
Started game 39 of 150 (Coda-moveord vs Rodent3)
Finished game 32 (Coda-moveord vs Monolith): 1/2-1/2 {Draw by 3-fold repetition}
Warning: Crafty doesn't have option MoveOverhead
Started game 40 of 150 (Crafty vs Coda-moveord)
Finished game 26 (Coda-moveord vs Monolith): 0-1 {Black wins by adjudication}
Started game 41 of 150 (Monolith vs Coda-moveord)
Finished game 24 (Rodent3 vs Coda-moveord): 1-0 {White mates}
Started game 42 of 150 (Rodent3 vs Coda-moveord)
Finished game 27 (Coda-moveord vs Rodent3): 0-1 {Black wins by adjudication}
Finished game 25 (Coda-moveord vs Crafty): 0-1 {Black mates}
Warning: Crafty doesn't have option MoveOverhead
Started game 43 of 150 (Coda-moveord vs Crafty)
Warning: Monolith doesn't have option MoveOverhead
Started game 44 of 150 (Coda-moveord vs Monolith)
Finished game 30 (Rodent3 vs Coda-moveord): 1-0 {White wins by adjudication}
Started game 45 of 150 (Coda-moveord vs Rodent3)
Finished game 38 (Coda-moveord vs Monolith): 0-1 {Black wins by adjudication}
Rank Name                          Elo     +/-   Games   Score    Draw 
   0 Coda-moveord                 -108     136      30   35.0%    3.3% 
   1 Rodent3                       241     nan      10   80.0%    0.0% 
   2 Monolith                      213     nan      11   77.3%    9.1% 
   3 Crafty                       -120     366       9   33.3%    0.0% 

SPRT: llr 0 (0.0%), lbound -inf, ubound inf
Warning: Crafty doesn't have option MoveOverhead
Started game 46 of 150 (Crafty vs Coda-moveord)
Finished game 35 (Monolith vs Coda-moveord): 1-0 {White wins by adjudication}
Started game 47 of 150 (Monolith vs Coda-moveord)
Finished game 33 (Coda-moveord vs Rodent3): 1-0 {White wins by adjudication}
Started game 48 of 150 (Rodent3 vs Coda-moveord)
Finished game 31 (Coda-moveord vs Crafty): 1-0 {White mates}
Warning: Crafty doesn't have option MoveOverhead
Started game 49 of 150 (Coda-moveord vs Crafty)
Finished game 29 (Monolith vs Coda-moveord): 0-1 {Black wins by adjudication}
Started game 50 of 150 (Coda-moveord vs Monolith)
Finished game 28 (Crafty vs Coda-moveord): 0-1 {Black mates}
Warning: Rodent3 doesn't have option MoveOverhead
Started game 51 of 150 (Coda-moveord vs Rodent3)
Finished game 42 (Rodent3 vs Coda-moveord): 1-0 {White wins by adjudication}
Warning: Crafty doesn't have option MoveOverhead
Started game 52 of 150 (Crafty vs Coda-moveord)
Finished game 43 (Coda-moveord vs Crafty): 1/2-1/2 {Draw by 3-fold repetition}
Warning: Monolith doesn't have option MoveOverhead
Started game 53 of 150 (Monolith vs Coda-moveord)
Finished game 34 (Crafty vs Coda-moveord): 0-1 {Black mates}
Warning: Rodent3 doesn't have option MoveOverhead
Started game 54 of 150 (Rodent3 vs Coda-moveord)
Finished game 40 (Crafty vs Coda-moveord): 1-0 {White mates}
Warning: Crafty doesn't have option MoveOverhead
Started game 55 of 150 (Coda-moveord vs Crafty)
Finished game 39 (Coda-moveord vs Rodent3): 1-0 {White wins by adjudication}
Rank Name                          Elo     +/-   Games   Score    Draw 
   0 Coda-moveord                  -53     110      40   42.5%    5.0% 
   1 Monolith                      173     274      13   73.1%    7.7% 
   2 Rodent3                       141     264      13   69.2%    0.0% 
   3 Crafty                       -130     223      14   32.1%    7.1% 

SPRT: llr 0 (0.0%), lbound -inf, ubound inf
Finished game 45 (Coda-moveord vs Rodent3): 1-0 {White wins by adjudication}
Started game 57 of 150 (Coda-moveord vs Rodent3)
Warning: Monolith doesn't have option MoveOverhead
Started game 56 of 150 (Coda-moveord vs Monolith)
Finished game 37 (Coda-moveord vs Crafty): 1/2-1/2 {Draw by insufficient mating material}
Warning: Crafty doesn't have option MoveOverhead
Started game 58 of 150 (Crafty vs Coda-moveord)
Finished game 49 (Coda-moveord vs Crafty): 0-1 {Black mates}
Warning: Monolith doesn't have option MoveOverhead
Started game 59 of 150 (Monolith vs Coda-moveord)
Finished game 48 (Rodent3 vs Coda-moveord): 0-1 {Black wins by adjudication}
Started game 60 of 150 (Rodent3 vs Coda-moveord)
Finished game 41 (Monolith vs Coda-moveord): 1/2-1/2 {Draw by 3-fold repetition}
Warning: Crafty doesn't have option MoveOverhead
Started game 61 of 150 (Coda-moveord vs Crafty)
Finished game 44 (Coda-moveord vs Monolith): 0-1 {Black wins by adjudication}
Started game 62 of 150 (Coda-moveord vs Monolith)
Finished game 46 (Crafty vs Coda-moveord): 1-0 {White mates}
Warning: Rodent3 doesn't have option MoveOverhead
Started game 63 of 150 (Coda-moveord vs Rodent3)
Finished game 51 (Coda-moveord vs Rodent3): 1-0 {White wins by adjudication}
Warning: Crafty doesn't have option MoveOverhead
Started game 64 of 150 (Crafty vs Coda-moveord)
Finished game 47 (Monolith vs Coda-moveord): 0-1 {Black wins by adjudication}
Started game 65 of 150 (Monolith vs Coda-moveord)
Finished game 36 (Rodent3 vs Coda-moveord): 1/2-1/2 {Draw by fifty moves rule}
Rank Name                          Elo     +/-   Games   Score    Draw 
   0 Coda-moveord                  -35      94      50   45.0%   10.0% 
   1 Monolith                      137     196      16   68.8%   12.5% 
   2 Rodent3                        41     175      17   55.9%    5.9% 
   3 Crafty                        -62     171      17   41.2%   11.8% 

SPRT: llr 0 (0.0%), lbound -inf, ubound inf
Started game 66 of 150 (Rodent3 vs Coda-moveord)
Finished game 56 (Coda-moveord vs Monolith): 0-1 {Black wins by adjudication}
Warning: Crafty doesn't have option MoveOverhead
Started game 67 of 150 (Coda-moveord vs Crafty)
Finished game 53 (Monolith vs Coda-moveord): 1-0 {White wins by adjudication}
Started game 68 of 150 (Coda-moveord vs Monolith)
Finished game 59 (Monolith vs Coda-moveord): 1-0 {White wins by adjudication}
Warning: Rodent3 doesn't have option MoveOverhead
Started game 69 of 150 (Coda-moveord vs Rodent3)
Finished game 54 (Rodent3 vs Coda-moveord): 0-1 {Black wins by adjudication}
Warning: Crafty doesn't have option MoveOverhead
Finished game 57 (Coda-moveord vs Rodent3): 0-1 {Black wins by adjudication}
Started game 70 of 150 (Crafty vs Coda-moveord)
Warning: Monolith doesn't have option MoveOverhead
Started game 71 of 150 (Monolith vs Coda-moveord)
Finished game 50 (Coda-moveord vs Monolith): 0-1 {Black wins by adjudication}
Warning: Rodent3 doesn't have option MoveOverhead
Started game 72 of 150 (Rodent3 vs Coda-moveord)
Finished game 55 (Coda-moveord vs Crafty): 0-1 {Black mates}
Warning: Crafty doesn't have option MoveOverhead
Started game 73 of 150 (Coda-moveord vs Crafty)
Finished game 52 (Crafty vs Coda-moveord): 1-0 {White mates}
Warning: Monolith doesn't have option MoveOverhead
Started game 74 of 150 (Coda-moveord vs Monolith)
Finished game 63 (Coda-moveord vs Rodent3): 0-1 {Black wins by adjudication}
Started game 75 of 150 (Coda-moveord vs Rodent3)
Finished game 60 (Rodent3 vs Coda-moveord): 0-1 {Black wins by adjudication}
Rank Name                          Elo     +/-   Games   Score    Draw 
   0 Coda-moveord                  -64      87      60   40.8%    8.3% 
   1 Monolith                      191     194      20   75.0%   10.0% 
   2 Rodent3                        33     155      21   54.8%    4.8% 
   3 Crafty                        -18     158      19   47.4%   10.5% 

SPRT: llr 0 (0.0%), lbound -inf, ubound inf
Warning: Crafty doesn't have option MoveOverhead
Started game 76 of 150 (Crafty vs Coda-moveord)
Finished game 64 (Crafty vs Coda-moveord): 1-0 {White mates}
Warning: Monolith doesn't have option MoveOverhead
Started game 77 of 150 (Monolith vs Coda-moveord)
Finished game 67 (Coda-moveord vs Crafty): 0-1 {Black mates}
Warning: Rodent3 doesn't have option MoveOverhead
Started game 78 of 150 (Rodent3 vs Coda-moveord)
Finished game 71 (Monolith vs Coda-moveord): 1-0 {White wins by adjudication}
Finished game 62 (Coda-moveord vs Monolith): 1-0 {White wins by adjudication}
Started game 80 of 150 (Coda-moveord vs Monolith)
Warning: Crafty doesn't have option MoveOverhead
Started game 79 of 150 (Coda-moveord vs Crafty)
Finished game 66 (Rodent3 vs Coda-moveord): 0-1 {Black wins by adjudication}
Started game 81 of 150 (Coda-moveord vs Rodent3)
Finished game 70 (Crafty vs Coda-moveord): 1-0 {White mates}
Warning: Crafty doesn't have option MoveOverhead
Started game 82 of 150 (Crafty vs Coda-moveord)
Finished game 72 (Rodent3 vs Coda-moveord): 1-0 {White wins by adjudication}
Warning: Monolith doesn't have option MoveOverhead
Started game 83 of 150 (Monolith vs Coda-moveord)
Finished game 58 (Crafty vs Coda-moveord): 0-1 {Black mates}
Warning: Rodent3 doesn't have option MoveOverhead
Started game 84 of 150 (Rodent3 vs Coda-moveord)
Finished game 68 (Coda-moveord vs Monolith): 0-1 {Black wins by adjudication}
Finished game 61 (Coda-moveord vs Crafty): 1-0 {White mates}
Rank Name                          Elo     +/-   Games   Score    Draw 
   0 Coda-moveord                  -65      81      70   40.7%    7.1% 
   1 Monolith                      181     174      23   73.9%    8.7% 
   2 Rodent3                        30     148      23   54.3%    4.3% 
   3 Crafty                          0     140      24   50.0%    8.3% 

SPRT: llr 0 (0.0%), lbound -inf, ubound inf
Finished game 69 (Coda-moveord vs Rodent3): 1-0 {White wins by adjudication}
Started game 87 of 150 (Coda-moveord vs Rodent3)
Warning: Crafty doesn't have option MoveOverhead
Warning: Monolith doesn't have option MoveOverhead
Started game 86 of 150 (Coda-moveord vs Monolith)
Started game 85 of 150 (Coda-moveord vs Crafty)
Finished game 75 (Coda-moveord vs Rodent3): 0-1 {Black wins by adjudication}
Warning: Crafty doesn't have option MoveOverhead
Started game 88 of 150 (Crafty vs Coda-moveord)
Finished game 81 (Coda-moveord vs Rodent3): 0-1 {Black wins by adjudication}
Warning: Monolith doesn't have option MoveOverhead
Started game 89 of 150 (Monolith vs Coda-moveord)
Finished game 78 (Rodent3 vs Coda-moveord): 1-0 {White wins by adjudication}
Started game 90 of 150 (Rodent3 vs Coda-moveord)
Finished game 84 (Rodent3 vs Coda-moveord): 1-0 {White wins by adjudication}
Warning: Crafty doesn't have option MoveOverhead
Started game 91 of 150 (Coda-moveord vs Crafty)
Finished game 74 (Coda-moveord vs Monolith): 1-0 {White wins by adjudication}
Started game 92 of 150 (Coda-moveord vs Monolith)
Finished game 80 (Coda-moveord vs Monolith): 0-1 {Black wins by adjudication}
Warning: Rodent3 doesn't have option MoveOverhead
Started game 93 of 150 (Coda-moveord vs Rodent3)
Finished game 76 (Crafty vs Coda-moveord): 1/2-1/2 {Draw by 3-fold repetition}
Warning: Crafty doesn't have option MoveOverhead
Started game 94 of 150 (Crafty vs Coda-moveord)
Finished game 82 (Crafty vs Coda-moveord): 0-1 {Black mates}
Warning: Monolith doesn't have option MoveOverhead
Started game 95 of 150 (Monolith vs Coda-moveord)
Finished game 65 (Monolith vs Coda-moveord): 0-1 {Black wins by adjudication}
Rank Name                          Elo     +/-   Games   Score    Draw 
   0 Coda-moveord                  -61      75      80   41.3%    7.5% 
   1 Monolith                      141     150      26   69.2%    7.7% 
   2 Rodent3                        63     135      28   58.9%    3.6% 
   3 Crafty                        -13     131      26   48.1%   11.5% 

SPRT: llr 0 (0.0%), lbound -inf, ubound inf
Warning: Rodent3 doesn't have option MoveOverhead
Started game 96 of 150 (Rodent3 vs Coda-moveord)
Finished game 73 (Coda-moveord vs Crafty): 0-1 {Black mates}
Warning: Crafty doesn't have option MoveOverhead
Started game 97 of 150 (Coda-moveord vs Crafty)
Finished game 83 (Monolith vs Coda-moveord): 1-0 {White wins by adjudication}
Started game 98 of 150 (Coda-moveord vs Monolith)
Finished game 86 (Coda-moveord vs Monolith): 0-1 {Black wins by adjudication}
Warning: Rodent3 doesn't have option MoveOverhead
Started game 99 of 150 (Coda-moveord vs Rodent3)
Finished game 77 (Monolith vs Coda-moveord): 1-0 {White wins by adjudication}
Warning: Crafty doesn't have option MoveOverhead
Started game 100 of 150 (Crafty vs Coda-moveord)
Finished game 88 (Crafty vs Coda-moveord): 0-1 {Black mates}
Warning: Monolith doesn't have option MoveOverhead
Started game 101 of 150 (Monolith vs Coda-moveord)
Finished game 87 (Coda-moveord vs Rodent3): 1-0 {White wins by adjudication}
Started game 102 of 150 (Rodent3 vs Coda-moveord)
Finished game 92 (Coda-moveord vs Monolith): 0-1 {Black wins by adjudication}
Warning: Crafty doesn't have option MoveOverhead
Started game 103 of 150 (Coda-moveord vs Crafty)
Finished game 89 (Monolith vs Coda-moveord): 1-0 {White wins by adjudication}
Started game 104 of 150 (Coda-moveord vs Monolith)
Finished game 79 (Coda-moveord vs Crafty): 1-0 {White mates}
Warning: Rodent3 doesn't have option MoveOverhead
Started game 105 of 150 (Coda-moveord vs Rodent3)
Finished game 90 (Rodent3 vs Coda-moveord): 0-1 {Black wins by adjudication}
Rank Name                          Elo     +/-   Games   Score    Draw 
   0 Coda-moveord                  -62      71      90   41.1%    6.7% 
   1 Monolith                      183     148      31   74.2%    6.5% 
   2 Rodent3                        35     128      30   55.0%    3.3% 
   3 Crafty                        -24     125      29   46.6%   10.3% 

SPRT: llr 0 (0.0%), lbound -inf, ubound inf
Warning: Crafty doesn't have option MoveOverhead
Started game 106 of 150 (Crafty vs Coda-moveord)
Finished game 85 (Coda-moveord vs Crafty): 1-0 {White mates}
Warning: Monolith doesn't have option MoveOverhead
Started game 107 of 150 (Monolith vs Coda-moveord)
Finished game 96 (Rodent3 vs Coda-moveord): 0-1 {Black wins by adjudication}
Started game 108 of 150 (Rodent3 vs Coda-moveord)
Finished game 91 (Coda-moveord vs Crafty): 0-1 {Black mates}
Warning: Crafty doesn't have option MoveOverhead
Started game 109 of 150 (Coda-moveord vs Crafty)
Warning: Illegal ponder move from Monolith: g2d5
Finished game 98 (Coda-moveord vs Monolith): 0-1 {Black mates}
Started game 110 of 150 (Coda-moveord vs Monolith)
Finished game 93 (Coda-moveord vs Rodent3): 1-0 {White wins by adjudication}
Started game 111 of 150 (Coda-moveord vs Rodent3)
Finished game 100 (Crafty vs Coda-moveord): 1-0 {White mates}
Warning: Crafty doesn't have option MoveOverhead
Started game 112 of 150 (Crafty vs Coda-moveord)
Finished game 95 (Monolith vs Coda-moveord): 0-1 {Black wins by adjudication}
Started game 113 of 150 (Monolith vs Coda-moveord)
Finished game 97 (Coda-moveord vs Crafty): 1-0 {White mates}
Warning: Rodent3 doesn't have option MoveOverhead
Started game 114 of 150 (Rodent3 vs Coda-moveord)
Finished game 102 (Rodent3 vs Coda-moveord): 1/2-1/2 {Draw by 3-fold repetition}
Warning: Crafty doesn't have option MoveOverhead
Started game 115 of 150 (Coda-moveord vs Crafty)
Finished game 94 (Crafty vs Coda-moveord): 1-0 {White mates}
Rank Name                          Elo     +/-   Games   Score    Draw 
   0 Coda-moveord                  -53      67     100   42.5%    7.0% 
   1 Monolith                      170     139      33   72.7%    6.1% 
   2 Rodent3                        11     119      33   51.5%    6.1% 
   3 Crafty                        -10     115      34   48.5%    8.8% 

SPRT: llr 0 (0.0%), lbound -inf, ubound inf
Warning: Monolith doesn't have option MoveOverhead
Started game 116 of 150 (Coda-moveord vs Monolith)
Finished game 110 (Coda-moveord vs Monolith): 0-1 {Black wins by adjudication}
Warning: Rodent3 doesn't have option MoveOverhead
Started game 117 of 150 (Coda-moveord vs Rodent3)
Finished game 99 (Coda-moveord vs Rodent3): 1-0 {White wins by adjudication}
Warning: Crafty doesn't have option MoveOverhead
Started game 118 of 150 (Crafty vs Coda-moveord)
Finished game 101 (Monolith vs Coda-moveord): 1-0 {White wins by adjudication}
Started game 119 of 150 (Monolith vs Coda-moveord)
Finished game 113 (Monolith vs Coda-moveord): 1-0 {White wins by adjudication}
Warning: Rodent3 doesn't have option MoveOverhead
Started game 120 of 150 (Rodent3 vs Coda-moveord)
Finished game 105 (Coda-moveord vs Rodent3): 0-1 {Black mates}
Warning: Crafty doesn't have option MoveOverhead
Started game 121 of 150 (Coda-moveord vs Crafty)
Finished game 106 (Crafty vs Coda-moveord): 1-0 {White mates}
Warning: Monolith doesn't have option MoveOverhead
Started game 122 of 150 (Coda-moveord vs Monolith)
Warning: Illegal ponder move from Monolith: b4a4
Warning: Illegal ponder move from Monolith: b4a4
Finished game 107 (Monolith vs Coda-moveord): 1/2-1/2 {Draw by 3-fold repetition}
Warning: Rodent3 doesn't have option MoveOverhead
Started game 123 of 150 (Coda-moveord vs Rodent3)
Finished game 108 (Rodent3 vs Coda-moveord): 0-1 {Black wins by adjudication}
Finished game 111 (Coda-moveord vs Rodent3): 1-0 {White wins by adjudication}
Warning: Crafty doesn't have option MoveOverhead
Started game 124 of 150 (Crafty vs Coda-moveord)
Warning: Monolith doesn't have option MoveOverhead
Started game 125 of 150 (Monolith vs Coda-moveord)
Finished game 104 (Coda-moveord vs Monolith): 0-1 {Black wins by adjudication}
Rank Name                          Elo     +/-   Games   Score    Draw 
   0 Coda-moveord                  -57      64     110   41.8%    7.3% 
   1 Monolith                      191     131      38   75.0%    7.9% 
   2 Crafty                          0     114      35   50.0%    8.6% 
   3 Rodent3                        -9     113      37   48.6%    5.4% 

SPRT: llr 0 (0.0%), lbound -inf, ubound inf
Warning: Rodent3 doesn't have option MoveOverhead
Started game 126 of 150 (Rodent3 vs Coda-moveord)
Finished game 103 (Coda-moveord vs Crafty): 1-0 {White mates}
Warning: Crafty doesn't have option MoveOverhead
Started game 127 of 150 (Coda-moveord vs Crafty)
Finished game 112 (Crafty vs Coda-moveord): 1-0 {White mates}
Warning: Monolith doesn't have option MoveOverhead
Started game 128 of 150 (Coda-moveord vs Monolith)
Finished game 115 (Coda-moveord vs Crafty): 1-0 {White mates}
Warning: Rodent3 doesn't have option MoveOverhead
Started game 129 of 150 (Coda-moveord vs Rodent3)
Finished game 114 (Rodent3 vs Coda-moveord): 1-0 {White wins by adjudication}
Warning: Crafty doesn't have option MoveOverhead
Started game 130 of 150 (Crafty vs Coda-moveord)
Finished game 109 (Coda-moveord vs Crafty): 1-0 {White mates}
Warning: Monolith doesn't have option MoveOverhead
Started game 131 of 150 (Monolith vs Coda-moveord)
Finished game 123 (Coda-moveord vs Rodent3): 0-1 {Black wins by adjudication}
Started game 132 of 150 (Rodent3 vs Coda-moveord)
Finished game 121 (Coda-moveord vs Crafty): 0-1 {Black mates}
Warning: Crafty doesn't have option MoveOverhead
Started game 133 of 150 (Coda-moveord vs Crafty)
Finished game 125 (Monolith vs Coda-moveord): 1-0 {White wins by adjudication}
Started game 134 of 150 (Coda-moveord vs Monolith)
Finished game 118 (Crafty vs Coda-moveord): 1-0 {White mates}
Warning: Rodent3 doesn't have option MoveOverhead
Started game 135 of 150 (Coda-moveord vs Rodent3)
Finished game 119 (Monolith vs Coda-moveord): 0-1 {Black wins by adjudication}
Rank Name                          Elo     +/-   Games   Score    Draw 
   0 Coda-moveord                  -58      61     120   41.7%    6.7% 
   1 Monolith                      179     125      40   73.8%    7.5% 
   2 Rodent3                         9     110      39   51.3%    5.1% 
   3 Crafty                          0     105      41   50.0%    7.3% 

SPRT: llr 0 (0.0%), lbound -inf, ubound inf
Warning: Crafty doesn't have option MoveOverhead
Started game 136 of 150 (Crafty vs Coda-moveord)
Finished game 122 (Coda-moveord vs Monolith): 1-0 {White wins by adjudication}
Started game 137 of 150 (Monolith vs Coda-moveord)
Finished game 117 (Coda-moveord vs Rodent3): 0-1 {Black wins by adjudication}
Started game 138 of 150 (Rodent3 vs Coda-moveord)
Finished game 129 (Coda-moveord vs Rodent3): 1-0 {White wins by adjudication}
Warning: Crafty doesn't have option MoveOverhead
Started game 139 of 150 (Coda-moveord vs Crafty)
Finished game 134 (Coda-moveord vs Monolith): 0-1 {Black wins by adjudication}
Started game 140 of 150 (Coda-moveord vs Monolith)
Finished game 126 (Rodent3 vs Coda-moveord): 0-1 {Black wins by adjudication}
Started game 141 of 150 (Coda-moveord vs Rodent3)
Finished game 124 (Crafty vs Coda-moveord): 1-0 {White mates}
Warning: Crafty doesn't have option MoveOverhead
Started game 142 of 150 (Crafty vs Coda-moveord)
Finished game 132 (Rodent3 vs Coda-moveord): 1-0 {White wins by adjudication}
Warning: Monolith doesn't have option MoveOverhead
Started game 143 of 150 (Monolith vs Coda-moveord)
Finished game 131 (Monolith vs Coda-moveord): 1-0 {White wins by adjudication}
Warning: Rodent3 doesn't have option MoveOverhead
Started game 144 of 150 (Rodent3 vs Coda-moveord)
Finished game 128 (Coda-moveord vs Monolith): 0-1 {Black wins by adjudication}
Warning: Crafty doesn't have option MoveOverhead
Started game 145 of 150 (Coda-moveord vs Crafty)
Finished game 116 (Coda-moveord vs Monolith): 1/2-1/2 {Draw by 3-fold repetition}
Rank Name                          Elo     +/-   Games   Score    Draw 
   0 Coda-moveord                  -62      59     130   41.2%    6.9% 
   1 Monolith                      176     114      45   73.3%    8.9% 
   2 Crafty                          8     104      42   51.2%    7.1% 
   3 Rodent3                         8     104      43   51.2%    4.7% 

SPRT: llr 0 (0.0%), lbound -inf, ubound inf
Started game 146 of 150 (Coda-moveord vs Monolith)
Finished game 127 (Coda-moveord vs Crafty): 1/2-1/2 {Draw by stalemate}
Warning: Rodent3 doesn't have option MoveOverhead
Started game 147 of 150 (Coda-moveord vs Rodent3)
Finished game 130 (Crafty vs Coda-moveord): 1-0 {White mates}
Warning: Crafty doesn't have option MoveOverhead
Started game 148 of 150 (Crafty vs Coda-moveord)
Finished game 138 (Rodent3 vs Coda-moveord): 0-1 {Black wins by adjudication}
Warning: Monolith doesn't have option MoveOverhead
Started game 149 of 150 (Monolith vs Coda-moveord)
Finished game 133 (Coda-moveord vs Crafty): 0-1 {Black mates}
Warning: Rodent3 doesn't have option MoveOverhead
Started game 150 of 150 (Rodent3 vs Coda-moveord)
Finished game 135 (Coda-moveord vs Rodent3): 1/2-1/2 {Draw by 3-fold repetition}
Finished game 144 (Rodent3 vs Coda-moveord): 0-1 {Black wins by adjudication}
Finished game 120 (Rodent3 vs Coda-moveord): 1/2-1/2 {Draw by fifty moves rule}
Finished game 136 (Crafty vs Coda-moveord): 1-0 {White mates}
Finished game 143 (Monolith vs Coda-moveord): 1-0 {White wins by adjudication}
Finished game 139 (Coda-moveord vs Crafty): 1-0 {White mates}
Rank Name                          Elo     +/-   Games   Score    Draw 
   0 Coda-moveord                  -60      56     140   41.4%    8.6% 
   1 Monolith                      181     114      46   73.9%    8.7% 
   2 Crafty                         22      98      47   53.2%    8.5% 
   3 Rodent3                        -7      97      47   48.9%    8.5% 

SPRT: llr 0 (0.0%), lbound -inf, ubound inf
Finished game 141 (Coda-moveord vs Rodent3): 1-0 {White wins by adjudication}
Finished game 137 (Monolith vs Coda-moveord): 0-1 {Black wins by adjudication}
Finished game 147 (Coda-moveord vs Rodent3): 1-0 {White wins by adjudication}
Finished game 140 (Coda-moveord vs Monolith): 1/2-1/2 {Draw by 3-fold repetition}
Finished game 150 (Rodent3 vs Coda-moveord): 0-1 {Black wins by adjudication}
Finished game 142 (Crafty vs Coda-moveord): 0-1 {Black mates}
Finished game 145 (Coda-moveord vs Crafty): 0-1 {Black mates}
Finished game 148 (Crafty vs Coda-moveord): 1/2-1/2 {Draw by 3-fold repetition}
Finished game 149 (Monolith vs Coda-moveord): 1-0 {White wins by adjudication}
Finished game 146 (Coda-moveord vs Monolith): 1-0 {White wins by adjudication}
Rank Name                          Elo     +/-   Games   Score    Draw 
   0 Coda-moveord                  -47      54     150   43.3%    9.3% 
   1 Monolith                      156     104      50   71.0%   10.0% 
   2 Crafty                         21      94      50   53.0%   10.0% 
   3 Rodent3                       -28      95      50   46.0%    8.0% 

SPRT: llr 0 (0.0%), lbound -inf, ubound inf

Player: Coda-moveord
   "Draw by 3-fold repetition": 10
   "Draw by fifty moves rule": 2
   "Draw by insufficient mating material": 1
   "Draw by stalemate": 1
   "Loss: Black mates": 12
   "Loss: Black wins by adjudication": 27
   "Loss: White mates": 15
   "Loss: White wins by adjudication": 24
   "Win: Black mates": 9
   "Win: Black wins by adjudication": 20
   "Win: White mates": 12
   "Win: White wins by adjudication": 17
Player: Crafty
   "Draw by 3-fold repetition": 3
   "Draw by insufficient mating material": 1
   "Draw by stalemate": 1
   "Loss: Black mates": 9
   "Loss: White mates": 12
   "Win: Black mates": 10
   "Win: White mates": 14
Player: Monolith
   "Draw by 3-fold repetition": 5
   "Loss: Black wins by adjudication": 7
   "Loss: White wins by adjudication": 5
   "Win: Black mates": 1
   "Win: Black wins by adjudication": 16
   "Win: White wins by adjudication": 16
Player: Rodent3
   "Draw by 3-fold repetition": 2
   "Draw by fifty moves rule": 2
   "Loss: Black wins by adjudication": 13
   "Loss: White wins by adjudication": 12
   "Win: Black mates": 1
   "Win: Black wins by adjudication": 11
   "Win: White mates": 1
   "Win: White wins by adjudication": 8
Finished match
