Indexing opening suite...
Warning: Rodent3 doesn't have option MoveOverhead
Warning: Rodent3 doesn't have option MoveOverhead
Warning: Crafty doesn't have option MoveOverhead
Warning: Monolith doesn't have option MoveOverhead
Warning: Rodent3 doesn't have option MoveOverhead
Started game 3 of 150 (Coda-fix1-pvs vs Rodent3)
Warning: Crafty doesn't have option MoveOverhead
Warning: Crafty doesn't have option MoveOverhead
Warning: Rodent3 doesn't have option MoveOverhead
Started game 1 of 150 (Coda-fix1-pvs vs Crafty)
Started game 2 of 150 (Coda-fix1-pvs vs Monolith)
Warning: Monolith doesn't have option MoveOverhead
Started game 4 of 150 (Crafty vs Coda-fix1-pvs)
Started game 5 of 150 (Monolith vs Coda-fix1-pvs)
Started game 7 of 150 (Coda-fix1-pvs vs Crafty)
Warning: Rodent3 doesn't have option MoveOverhead
Warning: Monolith doesn't have option MoveOverhead
Warning: Crafty doesn't have option MoveOverhead
Warning: Monolith doesn't have option MoveOverhead
Started game 8 of 150 (Coda-fix1-pvs vs Monolith)
Warning: Crafty doesn't have option MoveOverhead
Started game 6 of 150 (Rodent3 vs Coda-fix1-pvs)
Started game 12 of 150 (Rodent3 vs Coda-fix1-pvs)
Started game 9 of 150 (Coda-fix1-pvs vs Rodent3)
Warning: Crafty doesn't have option MoveOverhead
Started game 10 of 150 (Crafty vs Coda-fix1-pvs)
Started game 11 of 150 (Monolith vs Coda-fix1-pvs)
Started game 16 of 150 (Crafty vs Coda-fix1-pvs)
Started game 15 of 150 (Coda-fix1-pvs vs Rodent3)
Warning: Monolith doesn't have option MoveOverhead
Started game 14 of 150 (Coda-fix1-pvs vs Monolith)
Started game 13 of 150 (Coda-fix1-pvs vs Crafty)
Finished game 6 (Rodent3 vs Coda-fix1-pvs): 1-0 {White wins by adjudication}
Warning: Monolith doesn't have option MoveOverhead
Started game 17 of 150 (Monolith vs Coda-fix1-pvs)
Finished game 9 (Coda-fix1-pvs vs Rodent3): 0-1 {Black wins by adjudication}
Started game 18 of 150 (Rodent3 vs Coda-fix1-pvs)
Finished game 3 (Coda-fix1-pvs vs Rodent3): 0-1 {Black mates}
Warning: Crafty doesn't have option MoveOverhead
Started game 19 of 150 (Coda-fix1-pvs vs Crafty)
Finished game 7 (Coda-fix1-pvs vs Crafty): 0-1 {Black mates}
Finished game 5 (Monolith vs Coda-fix1-pvs): 1-0 {White wins by adjudication}
Warning: Monolith doesn't have option MoveOverhead
Started game 20 of 150 (Coda-fix1-pvs vs Monolith)
Warning: Rodent3 doesn't have option MoveOverhead
Started game 21 of 150 (Coda-fix1-pvs vs Rodent3)
Finished game 12 (Rodent3 vs Coda-fix1-pvs): 1-0 {White wins by adjudication}
Warning: Crafty doesn't have option MoveOverhead
Started game 22 of 150 (Crafty vs Coda-fix1-pvs)
Finished game 4 (Crafty vs Coda-fix1-pvs): 1-0 {White mates}
Warning: Monolith doesn't have option MoveOverhead
Started game 23 of 150 (Monolith vs Coda-fix1-pvs)
Finished game 16 (Crafty vs Coda-fix1-pvs): 1-0 {White mates}
Warning: Rodent3 doesn't have option MoveOverhead
Started game 24 of 150 (Rodent3 vs Coda-fix1-pvs)
Finished game 10 (Crafty vs Coda-fix1-pvs): 1-0 {White mates}
Warning: Crafty doesn't have option MoveOverhead
Started game 25 of 150 (Coda-fix1-pvs vs Crafty)
Finished game 11 (Monolith vs Coda-fix1-pvs): 0-1 {Black wins by adjudication}
Rank Name                          Elo     +/-   Games   Score    Draw 
   0 Coda-fix1-pvs                -382     nan      10   10.0%    0.0% 
   1 Rodent3                       inf     nan       4  100.0%    0.0% 
   2 Crafty                        inf     nan       4  100.0%    0.0% 
   3 Monolith                        0     nan       2   50.0%    0.0% 

SPRT: llr 0 (0.0%), lbound -inf, ubound inf
Started game 26 of 150 (Coda-fix1-pvs vs Monolith)
Finished game 14 (Coda-fix1-pvs vs Monolith): 1-0 {White wins by adjudication}
Warning: Rodent3 doesn't have option MoveOverhead
Started game 27 of 150 (Coda-fix1-pvs vs Rodent3)
Finished game 1 (Coda-fix1-pvs vs Crafty): 1-0 {White mates}
Warning: Crafty doesn't have option MoveOverhead
Started game 28 of 150 (Crafty vs Coda-fix1-pvs)
Finished game 18 (Rodent3 vs Coda-fix1-pvs): 0-1 {Black wins by adjudication}
Warning: Monolith doesn't have option MoveOverhead
Started game 29 of 150 (Monolith vs Coda-fix1-pvs)
Finished game 2 (Coda-fix1-pvs vs Monolith): 0-1 {Black wins by adjudication}
Warning: Rodent3 doesn't have option MoveOverhead
Started game 30 of 150 (Rodent3 vs Coda-fix1-pvs)
Finished game 13 (Coda-fix1-pvs vs Crafty): 1-0 {White mates}
Warning: Crafty doesn't have option MoveOverhead
Started game 31 of 150 (Coda-fix1-pvs vs Crafty)
Finished game 17 (Monolith vs Coda-fix1-pvs): 0-1 {Black wins by adjudication}
Started game 32 of 150 (Coda-fix1-pvs vs Monolith)
Finished game 23 (Monolith vs Coda-fix1-pvs): 1-0 {White wins by adjudication}
Warning: Rodent3 doesn't have option MoveOverhead
Started game 33 of 150 (Coda-fix1-pvs vs Rodent3)
Finished game 8 (Coda-fix1-pvs vs Monolith): 1/2-1/2 {Draw by adjudication}
Warning: Crafty doesn't have option MoveOverhead
Started game 34 of 150 (Crafty vs Coda-fix1-pvs)
Finished game 15 (Coda-fix1-pvs vs Rodent3): 0-1 {Black wins by adjudication}
Warning: Monolith doesn't have option MoveOverhead
Started game 35 of 150 (Monolith vs Coda-fix1-pvs)
Finished game 26 (Coda-fix1-pvs vs Monolith): 0-1 {Black wins by adjudication}
Rank Name                          Elo     +/-   Games   Score    Draw 
   0 Coda-fix1-pvs                -127     177      20   32.5%    5.0% 
   1 Rodent3                       280     nan       6   83.3%    0.0% 
   2 Crafty                        120     nan       6   66.7%    0.0% 
   3 Monolith                       44     275       8   56.3%   12.5% 

SPRT: llr 0 (0.0%), lbound -inf, ubound inf
Warning: Rodent3 doesn't have option MoveOverhead
Started game 36 of 150 (Rodent3 vs Coda-fix1-pvs)
Finished game 22 (Crafty vs Coda-fix1-pvs): 0-1 {Black mates}
Warning: Crafty doesn't have option MoveOverhead
Started game 37 of 150 (Coda-fix1-pvs vs Crafty)
Finished game 24 (Rodent3 vs Coda-fix1-pvs): 1-0 {White wins by adjudication}
Warning: Monolith doesn't have option MoveOverhead
Started game 38 of 150 (Coda-fix1-pvs vs Monolith)
Finished game 27 (Coda-fix1-pvs vs Rodent3): 1/2-1/2 {Draw by 3-fold repetition}
Started game 39 of 150 (Coda-fix1-pvs vs Rodent3)
Finished game 21 (Coda-fix1-pvs vs Rodent3): 0-1 {Black wins by adjudication}
Warning: Crafty doesn't have option MoveOverhead
Started game 40 of 150 (Crafty vs Coda-fix1-pvs)
Finished game 25 (Coda-fix1-pvs vs Crafty): 0-1 {Black mates}
Warning: Monolith doesn't have option MoveOverhead
Started game 41 of 150 (Monolith vs Coda-fix1-pvs)
Finished game 19 (Coda-fix1-pvs vs Crafty): 1-0 {White mates}
Warning: Rodent3 doesn't have option MoveOverhead
Started game 42 of 150 (Rodent3 vs Coda-fix1-pvs)
Finished game 20 (Coda-fix1-pvs vs Monolith): 1-0 {White wins by adjudication}
Warning: Crafty doesn't have option MoveOverhead
Started game 43 of 150 (Coda-fix1-pvs vs Crafty)
Finished game 36 (Rodent3 vs Coda-fix1-pvs): 1-0 {White wins by adjudication}
Warning: Monolith doesn't have option MoveOverhead
Started game 44 of 150 (Coda-fix1-pvs vs Monolith)
Finished game 33 (Coda-fix1-pvs vs Rodent3): 1-0 {White wins by adjudication}
Started game 45 of 150 (Coda-fix1-pvs vs Rodent3)
Finished game 29 (Monolith vs Coda-fix1-pvs): 0-1 {Black wins by adjudication}
Rank Name                          Elo     +/-   Games   Score    Draw 
   0 Coda-fix1-pvs                 -70     128      30   40.0%    6.7% 
   1 Rodent3                       213     nan      11   77.3%    9.1% 
   2 Crafty                         39     277       9   55.6%    0.0% 
   3 Monolith                      -35     237      10   45.0%   10.0% 

SPRT: llr 0 (0.0%), lbound -inf, ubound inf
Warning: Crafty doesn't have option MoveOverhead
Started game 46 of 150 (Crafty vs Coda-fix1-pvs)
Finished game 34 (Crafty vs Coda-fix1-pvs): 1-0 {White mates}
Warning: Monolith doesn't have option MoveOverhead
Started game 47 of 150 (Monolith vs Coda-fix1-pvs)
Finished game 30 (Rodent3 vs Coda-fix1-pvs): 0-1 {Black wins by adjudication}
Started game 48 of 150 (Rodent3 vs Coda-fix1-pvs)
Finished game 31 (Coda-fix1-pvs vs Crafty): 1-0 {White mates}
Warning: Crafty doesn't have option MoveOverhead
Started game 49 of 150 (Coda-fix1-pvs vs Crafty)
Finished game 35 (Monolith vs Coda-fix1-pvs): 1-0 {White wins by adjudication}
Started game 50 of 150 (Coda-fix1-pvs vs Monolith)
Finished game 39 (Coda-fix1-pvs vs Rodent3): 0-1 {Black wins by adjudication}
Started game 51 of 150 (Coda-fix1-pvs vs Rodent3)
Finished game 32 (Coda-fix1-pvs vs Monolith): 1-0 {White wins by adjudication}
Warning: Crafty doesn't have option MoveOverhead
Started game 52 of 150 (Crafty vs Coda-fix1-pvs)
Finished game 42 (Rodent3 vs Coda-fix1-pvs): 0-1 {Black wins by adjudication}
Warning: Monolith doesn't have option MoveOverhead
Started game 53 of 150 (Monolith vs Coda-fix1-pvs)
Warning: Illegal ponder move from Monolith: g4g5
Finished game 38 (Coda-fix1-pvs vs Monolith): 1/2-1/2 {Draw by 3-fold repetition}
Warning: Rodent3 doesn't have option MoveOverhead
Started game 54 of 150 (Rodent3 vs Coda-fix1-pvs)
Finished game 41 (Monolith vs Coda-fix1-pvs): 1-0 {White wins by adjudication}
Warning: Crafty doesn't have option MoveOverhead
Started game 55 of 150 (Coda-fix1-pvs vs Crafty)
Finished game 52 (Crafty vs Coda-fix1-pvs): 1/2-1/2 {Draw by 3-fold repetition}
Rank Name                          Elo     +/-   Games   Score    Draw 
   0 Coda-fix1-pvs                 -53     106      40   42.5%   10.0% 
   1 Rodent3                       130     223      14   67.9%    7.1% 
   2 Crafty                         29     212      12   54.2%    8.3% 
   3 Monolith                        0     184      14   50.0%   14.3% 

SPRT: llr 0 (0.0%), lbound -inf, ubound inf
Warning: Monolith doesn't have option MoveOverhead
Started game 56 of 150 (Coda-fix1-pvs vs Monolith)
Finished game 51 (Coda-fix1-pvs vs Rodent3): 0-1 {Black wins by adjudication}
Started game 57 of 150 (Coda-fix1-pvs vs Rodent3)
Finished game 45 (Coda-fix1-pvs vs Rodent3): 0-1 {Black wins by adjudication}
Warning: Crafty doesn't have option MoveOverhead
Started game 58 of 150 (Crafty vs Coda-fix1-pvs)
Finished game 44 (Coda-fix1-pvs vs Monolith): 1-0 {White wins by adjudication}
Started game 59 of 150 (Monolith vs Coda-fix1-pvs)
Finished game 40 (Crafty vs Coda-fix1-pvs): 1-0 {White mates}
Warning: Rodent3 doesn't have option MoveOverhead
Finished game 50 (Coda-fix1-pvs vs Monolith): 0-1 {Black wins by adjudication}
Finished game 43 (Coda-fix1-pvs vs Crafty): 1-0 {White mates}
Started game 60 of 150 (Rodent3 vs Coda-fix1-pvs)
Warning: Crafty doesn't have option MoveOverhead
Started game 61 of 150 (Coda-fix1-pvs vs Crafty)
Warning: Monolith doesn't have option MoveOverhead
Started game 62 of 150 (Coda-fix1-pvs vs Monolith)
Finished game 46 (Crafty vs Coda-fix1-pvs): 1-0 {White mates}
Warning: Rodent3 doesn't have option MoveOverhead
Started game 63 of 150 (Coda-fix1-pvs vs Rodent3)
Finished game 49 (Coda-fix1-pvs vs Crafty): 0-1 {Black mates}
Warning: Crafty doesn't have option MoveOverhead
Started game 64 of 150 (Crafty vs Coda-fix1-pvs)
Finished game 28 (Crafty vs Coda-fix1-pvs): 1/2-1/2 {Draw by fifty moves rule}
Warning: Monolith doesn't have option MoveOverhead
Started game 65 of 150 (Monolith vs Coda-fix1-pvs)
Finished game 47 (Monolith vs Coda-fix1-pvs): 1-0 {White wins by adjudication}
Rank Name                          Elo     +/-   Games   Score    Draw 
   0 Coda-fix1-pvs                 -78      96      50   39.0%   10.0% 
   1 Rodent3                       163     222      16   71.9%    6.3% 
   2 Crafty                         62     171      17   58.8%   11.8% 
   3 Monolith                       20     167      17   52.9%   11.8% 

SPRT: llr 0 (0.0%), lbound -inf, ubound inf
Warning: Rodent3 doesn't have option MoveOverhead
Started game 66 of 150 (Rodent3 vs Coda-fix1-pvs)
Finished game 48 (Rodent3 vs Coda-fix1-pvs): 1-0 {White wins by adjudication}
Warning: Crafty doesn't have option MoveOverhead
Started game 67 of 150 (Coda-fix1-pvs vs Crafty)
Finished game 37 (Coda-fix1-pvs vs Crafty): 1/2-1/2 {Draw by fifty moves rule}
Warning: Monolith doesn't have option MoveOverhead
Started game 68 of 150 (Coda-fix1-pvs vs Monolith)
Finished game 60 (Rodent3 vs Coda-fix1-pvs): 0-1 {Black wins by adjudication}
Started game 69 of 150 (Coda-fix1-pvs vs Rodent3)
Warning: Illegal ponder move from Monolith: f1f3
Finished game 56 (Coda-fix1-pvs vs Monolith): 1/2-1/2 {Draw by 3-fold repetition}
Warning: Crafty doesn't have option MoveOverhead
Finished game 59 (Monolith vs Coda-fix1-pvs): 0-1 {Black wins by adjudication}
Started game 71 of 150 (Monolith vs Coda-fix1-pvs)
Started game 70 of 150 (Crafty vs Coda-fix1-pvs)
Finished game 54 (Rodent3 vs Coda-fix1-pvs): 1-0 {White wins by adjudication}
Started game 72 of 150 (Rodent3 vs Coda-fix1-pvs)
Finished game 61 (Coda-fix1-pvs vs Crafty): 0-1 {Black mates}
Warning: Crafty doesn't have option MoveOverhead
Started game 73 of 150 (Coda-fix1-pvs vs Crafty)
Finished game 53 (Monolith vs Coda-fix1-pvs): 1-0 {White wins by adjudication}
Started game 74 of 150 (Coda-fix1-pvs vs Monolith)
Finished game 55 (Coda-fix1-pvs vs Crafty): 1/2-1/2 {Draw by 3-fold repetition}
Warning: Rodent3 doesn't have option MoveOverhead
Started game 75 of 150 (Coda-fix1-pvs vs Rodent3)
Finished game 62 (Coda-fix1-pvs vs Monolith): 1/2-1/2 {Draw by 3-fold repetition}
Rank Name                          Elo     +/-   Games   Score    Draw 
   0 Coda-fix1-pvs                 -76      84      60   39.2%   15.0% 
   1 Rodent3                       156     194      19   71.1%    5.3% 
   2 Crafty                         70     147      20   60.0%   20.0% 
   3 Monolith                       17     141      21   52.4%   19.0% 

SPRT: llr 0 (0.0%), lbound -inf, ubound inf
Warning: Crafty doesn't have option MoveOverhead
Started game 76 of 150 (Crafty vs Coda-fix1-pvs)
Finished game 58 (Crafty vs Coda-fix1-pvs): 0-1 {Black mates}
Warning: Monolith doesn't have option MoveOverhead
Started game 77 of 150 (Monolith vs Coda-fix1-pvs)
Finished game 57 (Coda-fix1-pvs vs Rodent3): 0-1 {Black wins by adjudication}
Started game 78 of 150 (Rodent3 vs Coda-fix1-pvs)
Finished game 65 (Monolith vs Coda-fix1-pvs): 0-1 {Black wins by adjudication}
Warning: Crafty doesn't have option MoveOverhead
Started game 79 of 150 (Coda-fix1-pvs vs Crafty)
Finished game 64 (Crafty vs Coda-fix1-pvs): 1-0 {White mates}
Warning: Monolith doesn't have option MoveOverhead
Started game 80 of 150 (Coda-fix1-pvs vs Monolith)
Finished game 66 (Rodent3 vs Coda-fix1-pvs): 0-1 {Black wins by adjudication}
Started game 81 of 150 (Coda-fix1-pvs vs Rodent3)
Finished game 63 (Coda-fix1-pvs vs Rodent3): 1-0 {White wins by adjudication}
Warning: Crafty doesn't have option MoveOverhead
Started game 82 of 150 (Crafty vs Coda-fix1-pvs)
Finished game 73 (Coda-fix1-pvs vs Crafty): 0-1 {Black mates}
Warning: Monolith doesn't have option MoveOverhead
Started game 83 of 150 (Monolith vs Coda-fix1-pvs)
Finished game 74 (Coda-fix1-pvs vs Monolith): 0-1 {Black wins by adjudication}
Warning: Rodent3 doesn't have option MoveOverhead
Started game 84 of 150 (Rodent3 vs Coda-fix1-pvs)
Finished game 75 (Coda-fix1-pvs vs Rodent3): 1-0 {White wins by adjudication}
Warning: Crafty doesn't have option MoveOverhead
Started game 85 of 150 (Coda-fix1-pvs vs Crafty)
Finished game 67 (Coda-fix1-pvs vs Crafty): 1-0 {White mates}
Rank Name                          Elo     +/-   Games   Score    Draw 
   0 Coda-fix1-pvs                 -55      78      70   42.1%   12.9% 
   1 Rodent3                        93     155      23   63.0%    4.3% 
   2 Crafty                         58     135      24   58.3%   16.7% 
   3 Monolith                       15     135      23   52.2%   17.4% 

SPRT: llr 0 (0.0%), lbound -inf, ubound inf
Warning: Monolith doesn't have option MoveOverhead
Started game 86 of 150 (Coda-fix1-pvs vs Monolith)
Finished game 70 (Crafty vs Coda-fix1-pvs): 1-0 {White mates}
Warning: Rodent3 doesn't have option MoveOverhead
Started game 87 of 150 (Coda-fix1-pvs vs Rodent3)
Finished game 72 (Rodent3 vs Coda-fix1-pvs): 0-1 {Black wins by adjudication}
Warning: Crafty doesn't have option MoveOverhead
Started game 88 of 150 (Crafty vs Coda-fix1-pvs)
Finished game 68 (Coda-fix1-pvs vs Monolith): 1-0 {White wins by adjudication}
Started game 89 of 150 (Monolith vs Coda-fix1-pvs)
Finished game 71 (Monolith vs Coda-fix1-pvs): 1-0 {White wins by adjudication}
Warning: Rodent3 doesn't have option MoveOverhead
Started game 90 of 150 (Rodent3 vs Coda-fix1-pvs)
Finished game 69 (Coda-fix1-pvs vs Rodent3): 0-1 {Black wins by adjudication}
Warning: Illegal ponder move from Monolith: f5e6
Finished game 80 (Coda-fix1-pvs vs Monolith): 0-1 {Black mates}
Started game 92 of 150 (Coda-fix1-pvs vs Monolith)
Warning: Crafty doesn't have option MoveOverhead
Started game 91 of 150 (Coda-fix1-pvs vs Crafty)
Finished game 84 (Rodent3 vs Coda-fix1-pvs): 1-0 {White wins by adjudication}
Started game 93 of 150 (Coda-fix1-pvs vs Rodent3)
Finished game 83 (Monolith vs Coda-fix1-pvs): 1-0 {White wins by adjudication}
Warning: Crafty doesn't have option MoveOverhead
Started game 94 of 150 (Crafty vs Coda-fix1-pvs)
Finished game 76 (Crafty vs Coda-fix1-pvs): 0-1 {Black mates}
Warning: Monolith doesn't have option MoveOverhead
Started game 95 of 150 (Monolith vs Coda-fix1-pvs)
Finished game 77 (Monolith vs Coda-fix1-pvs): 0-1 {Black wins by adjudication}
Rank Name                          Elo     +/-   Games   Score    Draw 
   0 Coda-fix1-pvs                 -57      74      80   41.9%   11.3% 
   1 Rodent3                        96     145      26   63.5%    3.8% 
   2 Crafty                         54     130      26   57.7%   15.4% 
   3 Monolith                       25     124      28   53.6%   14.3% 

SPRT: llr 0 (0.0%), lbound -inf, ubound inf
Warning: Rodent3 doesn't have option MoveOverhead
Started game 96 of 150 (Rodent3 vs Coda-fix1-pvs)
Finished game 81 (Coda-fix1-pvs vs Rodent3): 0-1 {Black wins by adjudication}
Warning: Crafty doesn't have option MoveOverhead
Started game 97 of 150 (Coda-fix1-pvs vs Crafty)
Finished game 86 (Coda-fix1-pvs vs Monolith): 0-1 {Black wins by adjudication}
Started game 98 of 150 (Coda-fix1-pvs vs Monolith)
Finished game 78 (Rodent3 vs Coda-fix1-pvs): 0-1 {Black wins by adjudication}
Started game 99 of 150 (Coda-fix1-pvs vs Rodent3)
Finished game 82 (Crafty vs Coda-fix1-pvs): 1-0 {White mates}
Warning: Crafty doesn't have option MoveOverhead
Started game 100 of 150 (Crafty vs Coda-fix1-pvs)
Finished game 79 (Coda-fix1-pvs vs Crafty): 1/2-1/2 {Draw by 3-fold repetition}
Warning: Monolith doesn't have option MoveOverhead
Started game 101 of 150 (Monolith vs Coda-fix1-pvs)
Finished game 92 (Coda-fix1-pvs vs Monolith): 1-0 {White wins by adjudication}
Warning: Rodent3 doesn't have option MoveOverhead
Started game 102 of 150 (Rodent3 vs Coda-fix1-pvs)
Finished game 96 (Rodent3 vs Coda-fix1-pvs): 0-1 {Black wins by adjudication}
Warning: Crafty doesn't have option MoveOverhead
Started game 103 of 150 (Coda-fix1-pvs vs Crafty)
Finished game 93 (Coda-fix1-pvs vs Rodent3): 0-1 {Black wins by adjudication}
Warning: Monolith doesn't have option MoveOverhead
Started game 104 of 150 (Coda-fix1-pvs vs Monolith)
Finished game 85 (Coda-fix1-pvs vs Crafty): 1-0 {White mates}
Warning: Rodent3 doesn't have option MoveOverhead
Started game 105 of 150 (Coda-fix1-pvs vs Rodent3)
Finished game 98 (Coda-fix1-pvs vs Monolith): 0-1 {Black wins by adjudication}
Rank Name                          Elo     +/-   Games   Score    Draw 
   0 Coda-fix1-pvs                 -54      69      90   42.2%   11.1% 
   1 Rodent3                        83     133      30   61.7%    3.3% 
   2 Crafty                         48     121      29   56.9%   17.2% 
   3 Monolith                       34     119      31   54.8%   12.9% 

SPRT: llr 0 (0.0%), lbound -inf, ubound inf
Finished game 88 (Crafty vs Coda-fix1-pvs): 1-0 {White mates}
Warning: Crafty doesn't have option MoveOverhead
Started game 106 of 150 (Crafty vs Coda-fix1-pvs)
Warning: Monolith doesn't have option MoveOverhead
Started game 107 of 150 (Monolith vs Coda-fix1-pvs)
Finished game 90 (Rodent3 vs Coda-fix1-pvs): 1-0 {White wins by adjudication}
Started game 108 of 150 (Rodent3 vs Coda-fix1-pvs)
Finished game 94 (Crafty vs Coda-fix1-pvs): 1-0 {White mates}
Warning: Crafty doesn't have option MoveOverhead
Started game 109 of 150 (Coda-fix1-pvs vs Crafty)
Finished game 95 (Monolith vs Coda-fix1-pvs): 1-0 {White wins by adjudication}
Started game 110 of 150 (Coda-fix1-pvs vs Monolith)
Finished game 87 (Coda-fix1-pvs vs Rodent3): 1-0 {White wins by adjudication}
Started game 111 of 150 (Coda-fix1-pvs vs Rodent3)
Finished game 89 (Monolith vs Coda-fix1-pvs): 0-1 {Black wins by adjudication}
Warning: Crafty doesn't have option MoveOverhead
Started game 112 of 150 (Crafty vs Coda-fix1-pvs)
Finished game 91 (Coda-fix1-pvs vs Crafty): 0-1 {Black mates}
Warning: Monolith doesn't have option MoveOverhead
Started game 113 of 150 (Monolith vs Coda-fix1-pvs)
Finished game 104 (Coda-fix1-pvs vs Monolith): 0-1 {Black wins by adjudication}
Warning: Rodent3 doesn't have option MoveOverhead
Started game 114 of 150 (Rodent3 vs Coda-fix1-pvs)
Finished game 102 (Rodent3 vs Coda-fix1-pvs): 0-1 {Black wins by adjudication}
Warning: Crafty doesn't have option MoveOverhead
Started game 115 of 150 (Coda-fix1-pvs vs Crafty)
Finished game 108 (Rodent3 vs Coda-fix1-pvs): 1-0 {White wins by adjudication}
Rank Name                          Elo     +/-   Games   Score    Draw 
   0 Coda-fix1-pvs                 -63      66     100   41.0%   10.0% 
   1 Crafty                         77     118      32   60.9%   15.6% 
   2 Rodent3                        73     123      34   60.3%    2.9% 
   3 Monolith                       41     114      34   55.9%   11.8% 

SPRT: llr 0 (0.0%), lbound -inf, ubound inf
Warning: Monolith doesn't have option MoveOverhead
Started game 116 of 150 (Coda-fix1-pvs vs Monolith)
Finished game 101 (Monolith vs Coda-fix1-pvs): 1-0 {White wins by adjudication}
Warning: Rodent3 doesn't have option MoveOverhead
Started game 117 of 150 (Coda-fix1-pvs vs Rodent3)
Finished game 112 (Crafty vs Coda-fix1-pvs): 1-0 {White mates}
Warning: Crafty doesn't have option MoveOverhead
Started game 118 of 150 (Crafty vs Coda-fix1-pvs)
Finished game 100 (Crafty vs Coda-fix1-pvs): 0-1 {Black mates}
Warning: Monolith doesn't have option MoveOverhead
Started game 119 of 150 (Monolith vs Coda-fix1-pvs)
Finished game 99 (Coda-fix1-pvs vs Rodent3): 1/2-1/2 {Draw by 3-fold repetition}
Started game 120 of 150 (Rodent3 vs Coda-fix1-pvs)
Finished game 103 (Coda-fix1-pvs vs Crafty): 0-1 {Black mates}
Warning: Crafty doesn't have option MoveOverhead
Started game 121 of 150 (Coda-fix1-pvs vs Crafty)
Finished game 97 (Coda-fix1-pvs vs Crafty): 1-0 {White mates}
Warning: Monolith doesn't have option MoveOverhead
Started game 122 of 150 (Coda-fix1-pvs vs Monolith)
Finished game 110 (Coda-fix1-pvs vs Monolith): 1-0 {White wins by adjudication}
Warning: Rodent3 doesn't have option MoveOverhead
Started game 123 of 150 (Coda-fix1-pvs vs Rodent3)
Finished game 113 (Monolith vs Coda-fix1-pvs): 1-0 {White wins by adjudication}
Warning: Crafty doesn't have option MoveOverhead
Started game 124 of 150 (Crafty vs Coda-fix1-pvs)
Finished game 105 (Coda-fix1-pvs vs Rodent3): 0-1 {Black wins by adjudication}
Warning: Monolith doesn't have option MoveOverhead
Started game 125 of 150 (Monolith vs Coda-fix1-pvs)
Finished game 107 (Monolith vs Coda-fix1-pvs): 1-0 {White wins by adjudication}
Rank Name                          Elo     +/-   Games   Score    Draw 
   0 Coda-fix1-pvs                 -67      63     110   40.5%   10.0% 
   1 Rodent3                        79     118      36   61.1%    5.6% 
   2 Crafty                         68     111      36   59.7%   13.9% 
   3 Monolith                       55     109      38   57.9%   10.5% 

SPRT: llr 0 (0.0%), lbound -inf, ubound inf
Warning: Rodent3 doesn't have option MoveOverhead
Started game 126 of 150 (Rodent3 vs Coda-fix1-pvs)
Finished game 109 (Coda-fix1-pvs vs Crafty): 0-1 {Black mates}
Warning: Crafty doesn't have option MoveOverhead
Started game 127 of 150 (Coda-fix1-pvs vs Crafty)
Finished game 106 (Crafty vs Coda-fix1-pvs): 0-1 {Black mates}
Warning: Monolith doesn't have option MoveOverhead
Started game 128 of 150 (Coda-fix1-pvs vs Monolith)
Finished game 111 (Coda-fix1-pvs vs Rodent3): 1/2-1/2 {Draw by 3-fold repetition}
Started game 129 of 150 (Coda-fix1-pvs vs Rodent3)
Finished game 115 (Coda-fix1-pvs vs Crafty): 1/2-1/2 {Draw by 3-fold repetition}
Warning: Crafty doesn't have option MoveOverhead
Started game 130 of 150 (Crafty vs Coda-fix1-pvs)
Finished game 117 (Coda-fix1-pvs vs Rodent3): 0-1 {Black wins by adjudication}
Warning: Monolith doesn't have option MoveOverhead
Started game 131 of 150 (Monolith vs Coda-fix1-pvs)
Finished game 126 (Rodent3 vs Coda-fix1-pvs): 1-0 {White wins by adjudication}
Started game 132 of 150 (Rodent3 vs Coda-fix1-pvs)
Finished game 114 (Rodent3 vs Coda-fix1-pvs): 0-1 {Black wins by adjudication}
Warning: Crafty doesn't have option MoveOverhead
Started game 133 of 150 (Coda-fix1-pvs vs Crafty)
Finished game 116 (Coda-fix1-pvs vs Monolith): 0-1 {Black wins by adjudication}
Started game 134 of 150 (Coda-fix1-pvs vs Monolith)
Finished game 118 (Crafty vs Coda-fix1-pvs): 1-0 {White mates}
Warning: Rodent3 doesn't have option MoveOverhead
Started game 135 of 150 (Coda-fix1-pvs vs Rodent3)
Finished game 119 (Monolith vs Coda-fix1-pvs): 1-0 {White wins by adjudication}
Rank Name                          Elo     +/-   Games   Score    Draw 
   0 Coda-fix1-pvs                 -73      60     120   39.6%   10.8% 
   1 Rodent3                        80     110      40   61.3%    7.5% 
   2 Monolith                       70     108      40   60.0%   10.0% 
   3 Crafty                         70     104      40   60.0%   15.0% 

SPRT: llr 0 (0.0%), lbound -inf, ubound inf
Warning: Crafty doesn't have option MoveOverhead
Started game 136 of 150 (Crafty vs Coda-fix1-pvs)
Finished game 124 (Crafty vs Coda-fix1-pvs): 1-0 {White mates}
Warning: Monolith doesn't have option MoveOverhead
Started game 137 of 150 (Monolith vs Coda-fix1-pvs)
Finished game 128 (Coda-fix1-pvs vs Monolith): 1-0 {White wins by adjudication}
Warning: Rodent3 doesn't have option MoveOverhead
Started game 138 of 150 (Rodent3 vs Coda-fix1-pvs)
Warning: Illegal ponder move from Monolith: f2g3
Finished game 122 (Coda-fix1-pvs vs Monolith): 1/2-1/2 {Draw by 3-fold repetition}
Warning: Crafty doesn't have option MoveOverhead
Started game 139 of 150 (Coda-fix1-pvs vs Crafty)
Finished game 125 (Monolith vs Coda-fix1-pvs): 1-0 {White wins by adjudication}
Started game 140 of 150 (Coda-fix1-pvs vs Monolith)
Finished game 123 (Coda-fix1-pvs vs Rodent3): 1-0 {White wins by adjudication}
Started game 141 of 150 (Coda-fix1-pvs vs Rodent3)
Finished game 132 (Rodent3 vs Coda-fix1-pvs): 0-1 {Black wins by adjudication}
Finished game 121 (Coda-fix1-pvs vs Crafty): 1-0 {White mates}
Warning: Crafty doesn't have option MoveOverhead
Started game 142 of 150 (Crafty vs Coda-fix1-pvs)
Warning: Monolith doesn't have option MoveOverhead
Started game 143 of 150 (Monolith vs Coda-fix1-pvs)
Finished game 120 (Rodent3 vs Coda-fix1-pvs): 1-0 {White wins by adjudication}
Started game 144 of 150 (Rodent3 vs Coda-fix1-pvs)
Finished game 133 (Coda-fix1-pvs vs Crafty): 0-1 {Black mates}
Warning: Crafty doesn't have option MoveOverhead
Started game 145 of 150 (Coda-fix1-pvs vs Crafty)
Finished game 127 (Coda-fix1-pvs vs Crafty): 1-0 {White mates}
Rank Name                          Elo     +/-   Games   Score    Draw 
   0 Coda-fix1-pvs                 -65      58     130   40.8%   10.8% 
   1 Rodent3                        65     105      43   59.3%    7.0% 
   2 Monolith                       65     102      43   59.3%   11.6% 
   3 Crafty                         64     100      44   59.1%   13.6% 

SPRT: llr 0 (0.0%), lbound -inf, ubound inf
Warning: Monolith doesn't have option MoveOverhead
Started game 146 of 150 (Coda-fix1-pvs vs Monolith)
Finished game 135 (Coda-fix1-pvs vs Rodent3): 0-1 {Black wins by adjudication}
Started game 147 of 150 (Coda-fix1-pvs vs Rodent3)
Finished game 129 (Coda-fix1-pvs vs Rodent3): 1-0 {White wins by adjudication}
Warning: Crafty doesn't have option MoveOverhead
Started game 148 of 150 (Crafty vs Coda-fix1-pvs)
Finished game 134 (Coda-fix1-pvs vs Monolith): 0-1 {Black wins by adjudication}
Started game 149 of 150 (Monolith vs Coda-fix1-pvs)
Finished game 131 (Monolith vs Coda-fix1-pvs): 0-1 {Black wins by adjudication}
Warning: Rodent3 doesn't have option MoveOverhead
Started game 150 of 150 (Rodent3 vs Coda-fix1-pvs)
Finished game 130 (Crafty vs Coda-fix1-pvs): 0-1 {Black mates}
Finished game 137 (Monolith vs Coda-fix1-pvs): 0-1 {Black wins by adjudication}
Finished game 139 (Coda-fix1-pvs vs Crafty): 0-1 {Black mates}
Finished game 141 (Coda-fix1-pvs vs Rodent3): 1-0 {White wins by adjudication}
Finished game 136 (Crafty vs Coda-fix1-pvs): 0-1 {Black mates}
Finished game 138 (Rodent3 vs Coda-fix1-pvs): 0-1 {Black wins by adjudication}
Rank Name                          Elo     +/-   Games   Score    Draw 
   0 Coda-fix1-pvs                 -50      56     140   42.9%   10.0% 
   1 Monolith                       53      98      46   57.6%   10.9% 
   2 Crafty                         52      96      47   57.4%   12.8% 
   3 Rodent3                        45      99      47   56.4%    6.4% 

SPRT: llr 0 (0.0%), lbound -inf, ubound inf
Finished game 142 (Crafty vs Coda-fix1-pvs): 1-0 {White mates}
Finished game 144 (Rodent3 vs Coda-fix1-pvs): 1-0 {White wins by adjudication}
Finished game 146 (Coda-fix1-pvs vs Monolith): 1-0 {White wins by adjudication}
Finished game 147 (Coda-fix1-pvs vs Rodent3): 0-1 {Black wins by adjudication}
Finished game 143 (Monolith vs Coda-fix1-pvs): 0-1 {Black wins by adjudication}
Finished game 145 (Coda-fix1-pvs vs Crafty): 1-0 {White mates}
Finished game 149 (Monolith vs Coda-fix1-pvs): 1-0 {White wins by adjudication}
Finished game 140 (Coda-fix1-pvs vs Monolith): 1/2-1/2 {Draw by 3-fold repetition}
Finished game 148 (Crafty vs Coda-fix1-pvs): 1-0 {White mates}
Finished game 150 (Rodent3 vs Coda-fix1-pvs): 0-1 {Black wins by adjudication}
Rank Name                          Elo     +/-   Games   Score    Draw 
   0 Coda-fix1-pvs                 -49      54     150   43.0%   10.0% 
   1 Crafty                         56      94      50   58.0%   12.0% 
   2 Rodent3                        49      97      50   57.0%    6.0% 
   3 Monolith                       42      93      50   56.0%   12.0% 

SPRT: llr 0 (0.0%), lbound -inf, ubound inf

Player: Coda-fix1-pvs
   "Draw by 3-fold repetition": 12
   "Draw by adjudication": 1
   "Draw by fifty moves rule": 2
   "Loss: Black mates": 12
   "Loss: Black wins by adjudication": 23
   "Loss: White mates": 16
   "Loss: White wins by adjudication": 27
   "Win: Black mates": 7
   "Win: Black wins by adjudication": 23
   "Win: White mates": 11
   "Win: White wins by adjudication": 16
Player: Crafty
   "Draw by 3-fold repetition": 4
   "Draw by fifty moves rule": 2
   "Loss: Black mates": 7
   "Loss: White mates": 11
   "Win: Black mates": 10
   "Win: White mates": 16
Player: Monolith
   "Draw by 3-fold repetition": 5
   "Draw by adjudication": 1
   "Loss: Black wins by adjudication": 10
   "Loss: White wins by adjudication": 9
   "Win: Black mates": 1
   "Win: Black wins by adjudication": 9
   "Win: White wins by adjudication": 15
Player: Rodent3
   "Draw by 3-fold repetition": 3
   "Loss: Black wins by adjudication": 13
   "Loss: White wins by adjudication": 7
   "Win: Black mates": 1
   "Win: Black wins by adjudication": 14
   "Win: White wins by adjudication": 12
Finished match
