Indexing opening suite...
Warning: Rodent3 doesn't have option MoveOverhead
Warning: Rodent3 doesn't have option MoveOverhead
Warning: Crafty doesn't have option MoveOverhead
Warning: Crafty doesn't have option MoveOverhead
Warning: Monolith doesn't have option MoveOverhead
Warning: Rodent3 doesn't have option MoveOverhead
Warning: Rodent3 doesn't have option MoveOverhead
Warning: Crafty doesn't have option MoveOverhead
Started game 1 of 150 (Coda-staged vs Crafty)
Warning: Monolith doesn't have option MoveOverhead
Started game 2 of 150 (Coda-staged vs Monolith)
Started game 3 of 150 (Coda-staged vs Rodent3)
Warning: Crafty doesn't have option MoveOverhead
Started game 5 of 150 (Monolith vs Coda-staged)
Started game 9 of 150 (Coda-staged vs Rodent3)
Warning: Monolith doesn't have option MoveOverhead
Warning: Rodent3 doesn't have option MoveOverhead
Warning: Crafty doesn't have option MoveOverhead
Started game 8 of 150 (Coda-staged vs Monolith)
Started game 4 of 150 (Crafty vs Coda-staged)
Started game 12 of 150 (Rodent3 vs Coda-staged)
Started game 6 of 150 (Rodent3 vs Coda-staged)
Started game 7 of 150 (Coda-staged vs Crafty)
Warning: Monolith doesn't have option MoveOverhead
Started game 11 of 150 (Monolith vs Coda-staged)
Started game 10 of 150 (Crafty vs Coda-staged)
Warning: Crafty doesn't have option MoveOverhead
Started game 15 of 150 (Coda-staged vs Rodent3)
Warning: Monolith doesn't have option MoveOverhead
Started game 14 of 150 (Coda-staged vs Monolith)
Started game 16 of 150 (Crafty vs Coda-staged)
Started game 13 of 150 (Coda-staged vs Crafty)
Finished game 12 (Rodent3 vs Coda-staged): 1-0 {White wins by adjudication}
Warning: Monolith doesn't have option MoveOverhead
Started game 17 of 150 (Monolith vs Coda-staged)
Finished game 11 (Monolith vs Coda-staged): 1/2-1/2 {Draw by 3-fold repetition}
Warning: Rodent3 doesn't have option MoveOverhead
Started game 18 of 150 (Rodent3 vs Coda-staged)
Finished game 3 (Coda-staged vs Rodent3): 1-0 {White wins by adjudication}
Warning: Crafty doesn't have option MoveOverhead
Started game 19 of 150 (Coda-staged vs Crafty)
Finished game 15 (Coda-staged vs Rodent3): 1-0 {White wins by adjudication}
Warning: Monolith doesn't have option MoveOverhead
Started game 20 of 150 (Coda-staged vs Monolith)
Finished game 16 (Crafty vs Coda-staged): 1-0 {White mates}
Warning: Rodent3 doesn't have option MoveOverhead
Started game 21 of 150 (Coda-staged vs Rodent3)
Finished game 8 (Coda-staged vs Monolith): 0-1 {Black wins by adjudication}
Warning: Crafty doesn't have option MoveOverhead
Started game 22 of 150 (Crafty vs Coda-staged)
Finished game 13 (Coda-staged vs Crafty): 0-1 {Black mates}
Warning: Monolith doesn't have option MoveOverhead
Finished game 6 (Rodent3 vs Coda-staged): 0-1 {Black wins by adjudication}
Started game 24 of 150 (Rodent3 vs Coda-staged)
Started game 23 of 150 (Monolith vs Coda-staged)
Finished game 9 (Coda-staged vs Rodent3): 1-0 {White wins by adjudication}
Warning: Crafty doesn't have option MoveOverhead
Started game 25 of 150 (Coda-staged vs Crafty)
Finished game 7 (Coda-staged vs Crafty): 1/2-1/2 {Draw by 3-fold repetition}
Rank Name                          Elo     +/-   Games   Score    Draw 
   0 Coda-staged                     0     217      10   50.0%   20.0% 
   1 Crafty                        280     nan       3   83.3%   33.3% 
   2 Monolith                      191     nan       2   75.0%   50.0% 
   3 Rodent3                      -241     nan       5   20.0%    0.0% 

SPRT: llr 0 (0.0%), lbound -inf, ubound inf
Warning: Monolith doesn't have option MoveOverhead
Started game 26 of 150 (Coda-staged vs Monolith)
Finished game 5 (Monolith vs Coda-staged): 0-1 {Black wins by adjudication}
Warning: Rodent3 doesn't have option MoveOverhead
Started game 27 of 150 (Coda-staged vs Rodent3)
Finished game 18 (Rodent3 vs Coda-staged): 0-1 {Black wins by adjudication}
Warning: Crafty doesn't have option MoveOverhead
Started game 28 of 150 (Crafty vs Coda-staged)
Finished game 14 (Coda-staged vs Monolith): 1-0 {White wins by adjudication}
Started game 29 of 150 (Monolith vs Coda-staged)
Finished game 10 (Crafty vs Coda-staged): 1-0 {White mates}
Warning: Rodent3 doesn't have option MoveOverhead
Started game 30 of 150 (Rodent3 vs Coda-staged)
Finished game 1 (Coda-staged vs Crafty): 1-0 {White mates}
Warning: Crafty doesn't have option MoveOverhead
Started game 31 of 150 (Coda-staged vs Crafty)
Finished game 2 (Coda-staged vs Monolith): 0-1 {Black wins by adjudication}
Started game 32 of 150 (Coda-staged vs Monolith)
Finished game 24 (Rodent3 vs Coda-staged): 1-0 {White wins by adjudication}
Started game 33 of 150 (Coda-staged vs Rodent3)
Finished game 4 (Crafty vs Coda-staged): 0-1 {Black mates}
Warning: Crafty doesn't have option MoveOverhead
Started game 34 of 150 (Crafty vs Coda-staged)
Finished game 21 (Coda-staged vs Rodent3): 0-1 {Black wins by adjudication}
Warning: Monolith doesn't have option MoveOverhead
Started game 35 of 150 (Monolith vs Coda-staged)
Finished game 17 (Monolith vs Coda-staged): 1-0 {White wins by adjudication}
Rank Name                          Elo     +/-   Games   Score    Draw 
   0 Coda-staged                     0     154      20   50.0%   10.0% 
   1 Monolith                       58     350       6   58.3%   16.7% 
   2 Crafty                         58     350       6   58.3%   16.7% 
   3 Rodent3                       -89     354       8   37.5%    0.0% 

SPRT: llr 0 (0.0%), lbound -inf, ubound inf
Warning: Rodent3 doesn't have option MoveOverhead
Started game 36 of 150 (Rodent3 vs Coda-staged)
Finished game 20 (Coda-staged vs Monolith): 0-1 {Black wins by adjudication}
Warning: Crafty doesn't have option MoveOverhead
Started game 37 of 150 (Coda-staged vs Crafty)
Finished game 19 (Coda-staged vs Crafty): 1-0 {White mates}
Warning: Monolith doesn't have option MoveOverhead
Started game 38 of 150 (Coda-staged vs Monolith)
Finished game 27 (Coda-staged vs Rodent3): 0-1 {Black wins by adjudication}
Started game 39 of 150 (Coda-staged vs Rodent3)
Finished game 26 (Coda-staged vs Monolith): 0-1 {Black wins by adjudication}
Warning: Crafty doesn't have option MoveOverhead
Started game 40 of 150 (Crafty vs Coda-staged)
Finished game 22 (Crafty vs Coda-staged): 1/2-1/2 {Draw by insufficient mating material}
Warning: Monolith doesn't have option MoveOverhead
Started game 41 of 150 (Monolith vs Coda-staged)
Finished game 23 (Monolith vs Coda-staged): 1-0 {White wins by adjudication}
Warning: Rodent3 doesn't have option MoveOverhead
Started game 42 of 150 (Rodent3 vs Coda-staged)
Finished game 34 (Crafty vs Coda-staged): 1-0 {White mates}
Warning: Crafty doesn't have option MoveOverhead
Started game 43 of 150 (Coda-staged vs Crafty)
Finished game 29 (Monolith vs Coda-staged): 1-0 {White wins by adjudication}
Started game 44 of 150 (Coda-staged vs Monolith)
Finished game 31 (Coda-staged vs Crafty): 1-0 {White mates}
Warning: Rodent3 doesn't have option MoveOverhead
Started game 45 of 150 (Coda-staged vs Rodent3)
Finished game 38 (Coda-staged vs Monolith): 0-1 {Black wins by adjudication}
Rank Name                          Elo     +/-   Games   Score    Draw 
   0 Coda-staged                   -58     125      30   41.7%   10.0% 
   1 Monolith                      213     nan      11   77.3%    9.1% 
   2 Crafty                          0     217      10   50.0%   20.0% 
   3 Rodent3                       -39     277       9   44.4%    0.0% 

SPRT: llr 0 (0.0%), lbound -inf, ubound inf
Warning: Crafty doesn't have option MoveOverhead
Started game 46 of 150 (Crafty vs Coda-staged)
Finished game 25 (Coda-staged vs Crafty): 1-0 {White mates}
Warning: Monolith doesn't have option MoveOverhead
Started game 47 of 150 (Monolith vs Coda-staged)
Finished game 36 (Rodent3 vs Coda-staged): 0-1 {Black wins by adjudication}
Started game 48 of 150 (Rodent3 vs Coda-staged)
Finished game 28 (Crafty vs Coda-staged): 1-0 {White mates}
Warning: Crafty doesn't have option MoveOverhead
Started game 49 of 150 (Coda-staged vs Crafty)
Finished game 39 (Coda-staged vs Rodent3): 1-0 {White wins by adjudication}
Warning: Monolith doesn't have option MoveOverhead
Started game 50 of 150 (Coda-staged vs Monolith)
Finished game 40 (Crafty vs Coda-staged): 1-0 {White mates}
Warning: Rodent3 doesn't have option MoveOverhead
Started game 51 of 150 (Coda-staged vs Rodent3)
Finished game 42 (Rodent3 vs Coda-staged): 0-1 {Black wins by adjudication}
Warning: Crafty doesn't have option MoveOverhead
Started game 52 of 150 (Crafty vs Coda-staged)
Finished game 33 (Coda-staged vs Rodent3): 1/2-1/2 {Draw by insufficient mating material}
Warning: Monolith doesn't have option MoveOverhead
Started game 53 of 150 (Monolith vs Coda-staged)
Finished game 30 (Rodent3 vs Coda-staged): 1/2-1/2 {Draw by fifty moves rule}
Started game 54 of 150 (Rodent3 vs Coda-staged)
Finished game 35 (Monolith vs Coda-staged): 1-0 {White wins by adjudication}
Warning: Crafty doesn't have option MoveOverhead
Started game 55 of 150 (Coda-staged vs Crafty)
Finished game 41 (Monolith vs Coda-staged): 1-0 {White wins by adjudication}
Rank Name                          Elo     +/-   Games   Score    Draw 
   0 Coda-staged                   -44     104      40   43.8%   12.5% 
   1 Monolith                      249     nan      13   80.8%    7.7% 
   2 Crafty                         27     192      13   53.8%   15.4% 
   3 Rodent3                      -102     198      14   35.7%   14.3% 

SPRT: llr 0 (0.0%), lbound -inf, ubound inf
Started game 56 of 150 (Coda-staged vs Monolith)
Finished game 37 (Coda-staged vs Crafty): 1-0 {White mates}
Warning: Rodent3 doesn't have option MoveOverhead
Started game 57 of 150 (Coda-staged vs Rodent3)
Finished game 44 (Coda-staged vs Monolith): 0-1 {Black wins by adjudication}
Warning: Crafty doesn't have option MoveOverhead
Started game 58 of 150 (Crafty vs Coda-staged)
Finished game 43 (Coda-staged vs Crafty): 0-1 {Black mates}
Warning: Monolith doesn't have option MoveOverhead
Started game 59 of 150 (Monolith vs Coda-staged)
Finished game 45 (Coda-staged vs Rodent3): 1/2-1/2 {Draw by 3-fold repetition}
Started game 60 of 150 (Rodent3 vs Coda-staged)
Finished game 48 (Rodent3 vs Coda-staged): 1-0 {White wins by adjudication}
Warning: Crafty doesn't have option MoveOverhead
Started game 61 of 150 (Coda-staged vs Crafty)
Finished game 32 (Coda-staged vs Monolith): 1/2-1/2 {Draw by 3-fold repetition}
Started game 62 of 150 (Coda-staged vs Monolith)
Finished game 57 (Coda-staged vs Rodent3): 0-1 {Black wins by adjudication}
Started game 63 of 150 (Coda-staged vs Rodent3)
Finished game 55 (Coda-staged vs Crafty): 0-1 {Black mates}
Warning: Crafty doesn't have option MoveOverhead
Started game 64 of 150 (Crafty vs Coda-staged)
Finished game 49 (Coda-staged vs Crafty): 0-1 {Black mates}
Warning: Monolith doesn't have option MoveOverhead
Started game 65 of 150 (Monolith vs Coda-staged)
Finished game 54 (Rodent3 vs Coda-staged): 0-1 {Black wins by adjudication}
Rank Name                          Elo     +/-   Games   Score    Draw 
   0 Coda-staged                   -63      93      50   41.0%   14.0% 
   1 Monolith                      241     295      15   80.0%   13.3% 
   2 Crafty                         62     171      17   58.8%   11.8% 
   3 Rodent3                       -58     159      18   41.7%   16.7% 

SPRT: llr 0 (0.0%), lbound -inf, ubound inf
Started game 66 of 150 (Rodent3 vs Coda-staged)
Finished game 46 (Crafty vs Coda-staged): 0-1 {Black mates}
Finished game 51 (Coda-staged vs Rodent3): 0-1 {Black wins by adjudication}
Warning: Crafty doesn't have option MoveOverhead
Started game 67 of 150 (Coda-staged vs Crafty)
Warning: Monolith doesn't have option MoveOverhead
Started game 68 of 150 (Coda-staged vs Monolith)
Finished game 50 (Coda-staged vs Monolith): 1-0 {White wins by adjudication}
Warning: Rodent3 doesn't have option MoveOverhead
Started game 69 of 150 (Coda-staged vs Rodent3)
Finished game 53 (Monolith vs Coda-staged): 0-1 {Black wins by adjudication}
Warning: Crafty doesn't have option MoveOverhead
Started game 70 of 150 (Crafty vs Coda-staged)
Finished game 60 (Rodent3 vs Coda-staged): 0-1 {Black wins by adjudication}
Warning: Monolith doesn't have option MoveOverhead
Started game 71 of 150 (Monolith vs Coda-staged)
Finished game 58 (Crafty vs Coda-staged): 1-0 {White mates}
Warning: Rodent3 doesn't have option MoveOverhead
Started game 72 of 150 (Rodent3 vs Coda-staged)
Finished game 47 (Monolith vs Coda-staged): 0-1 {Black wins by adjudication}
Warning: Crafty doesn't have option MoveOverhead
Started game 73 of 150 (Coda-staged vs Crafty)
Finished game 56 (Coda-staged vs Monolith): 1-0 {White wins by adjudication}
Started game 74 of 150 (Coda-staged vs Monolith)
Finished game 52 (Crafty vs Coda-staged): 0-1 {Black mates}
Warning: Rodent3 doesn't have option MoveOverhead
Started game 75 of 150 (Coda-staged vs Rodent3)
Finished game 61 (Coda-staged vs Crafty): 1-0 {White mates}
Rank Name                          Elo     +/-   Games   Score    Draw 
   0 Coda-staged                   -17      84      60   47.5%   11.7% 
   1 Monolith                       94     167      19   63.2%   10.5% 
   2 Crafty                         17     150      21   52.4%    9.5% 
   3 Rodent3                       -53     151      20   42.5%   15.0% 

SPRT: llr 0 (0.0%), lbound -inf, ubound inf
Warning: Crafty doesn't have option MoveOverhead
Started game 76 of 150 (Crafty vs Coda-staged)
Finished game 62 (Coda-staged vs Monolith): 0-1 {Black wins by adjudication}
Started game 77 of 150 (Monolith vs Coda-staged)
Finished game 72 (Rodent3 vs Coda-staged): 1-0 {White mates}
Started game 78 of 150 (Rodent3 vs Coda-staged)
Warning: Illegal ponder move from Monolith: h4g3
Finished game 66 (Rodent3 vs Coda-staged): 0-1 {Black wins by adjudication}
Warning: Crafty doesn't have option MoveOverhead
Started game 79 of 150 (Coda-staged vs Crafty)
Finished game 59 (Monolith vs Coda-staged): 1/2-1/2 {Draw by 3-fold repetition}
Started game 80 of 150 (Coda-staged vs Monolith)
Finished game 64 (Crafty vs Coda-staged): 1-0 {White mates}
Warning: Rodent3 doesn't have option MoveOverhead
Started game 81 of 150 (Coda-staged vs Rodent3)
Finished game 73 (Coda-staged vs Crafty): 0-1 {Black mates}
Warning: Crafty doesn't have option MoveOverhead
Started game 82 of 150 (Crafty vs Coda-staged)
Finished game 71 (Monolith vs Coda-staged): 1-0 {White wins by adjudication}
Started game 83 of 150 (Monolith vs Coda-staged)
Finished game 63 (Coda-staged vs Rodent3): 1-0 {White wins by adjudication}
Started game 84 of 150 (Rodent3 vs Coda-staged)
Finished game 68 (Coda-staged vs Monolith): 1-0 {White wins by adjudication}
Warning: Crafty doesn't have option MoveOverhead
Started game 85 of 150 (Coda-staged vs Crafty)
Finished game 70 (Crafty vs Coda-staged): 1-0 {White mates}
Rank Name                          Elo     +/-   Games   Score    Draw 
   0 Coda-staged                   -30      78      70   45.7%   11.4% 
   1 Monolith                       93     146      23   63.0%   13.0% 
   2 Crafty                         58     143      24   58.3%    8.3% 
   3 Rodent3                       -61     142      23   41.3%   13.0% 

SPRT: llr 0 (0.0%), lbound -inf, ubound inf
Warning: Monolith doesn't have option MoveOverhead
Started game 86 of 150 (Coda-staged vs Monolith)
Finished game 67 (Coda-staged vs Crafty): 1-0 {White mates}
Warning: Rodent3 doesn't have option MoveOverhead
Started game 87 of 150 (Coda-staged vs Rodent3)
Finished game 69 (Coda-staged vs Rodent3): 0-1 {Black wins by adjudication}
Warning: Crafty doesn't have option MoveOverhead
Started game 88 of 150 (Crafty vs Coda-staged)
Finished game 65 (Monolith vs Coda-staged): 0-1 {Black wins by adjudication}
Started game 89 of 150 (Monolith vs Coda-staged)
Finished game 75 (Coda-staged vs Rodent3): 0-1 {Black wins by adjudication}
Started game 90 of 150 (Rodent3 vs Coda-staged)
Finished game 81 (Coda-staged vs Rodent3): 1-0 {White wins by adjudication}
Warning: Crafty doesn't have option MoveOverhead
Started game 91 of 150 (Coda-staged vs Crafty)
Finished game 76 (Crafty vs Coda-staged): 0-1 {Black mates}
Warning: Monolith doesn't have option MoveOverhead
Started game 92 of 150 (Coda-staged vs Monolith)
Finished game 84 (Rodent3 vs Coda-staged): 0-1 {Black wins by adjudication}
Started game 93 of 150 (Coda-staged vs Rodent3)
Finished game 86 (Coda-staged vs Monolith): 0-1 {Black wins by adjudication}
Finished game 80 (Coda-staged vs Monolith): 0-1 {Black wins by adjudication}
Started game 95 of 150 (Monolith vs Coda-staged)
Warning: Crafty doesn't have option MoveOverhead
Started game 94 of 150 (Crafty vs Coda-staged)
Finished game 83 (Monolith vs Coda-staged): 0-1 {Black wins by adjudication}
Rank Name                          Elo     +/-   Games   Score    Draw 
   0 Coda-staged                   -17      73      80   47.5%   10.0% 
   1 Monolith                       79     133      27   61.1%   11.1% 
   2 Crafty                         27     135      26   53.8%    7.7% 
   3 Rodent3                       -52     131      27   42.6%   11.1% 

SPRT: llr 0 (0.0%), lbound -inf, ubound inf
Warning: Rodent3 doesn't have option MoveOverhead
Started game 96 of 150 (Rodent3 vs Coda-staged)
Finished game 74 (Coda-staged vs Monolith): 1/2-1/2 {Draw by adjudication}
Warning: Crafty doesn't have option MoveOverhead
Started game 97 of 150 (Coda-staged vs Crafty)
Finished game 77 (Monolith vs Coda-staged): 0-1 {Black wins by adjudication}
Started game 98 of 150 (Coda-staged vs Monolith)
Finished game 79 (Coda-staged vs Crafty): 0-1 {Black mates}
Warning: Rodent3 doesn't have option MoveOverhead
Started game 99 of 150 (Coda-staged vs Rodent3)
Finished game 82 (Crafty vs Coda-staged): 1-0 {White mates}
Warning: Crafty doesn't have option MoveOverhead
Started game 100 of 150 (Crafty vs Coda-staged)
Finished game 78 (Rodent3 vs Coda-staged): 0-1 {Black wins by adjudication}
Warning: Monolith doesn't have option MoveOverhead
Started game 101 of 150 (Monolith vs Coda-staged)
Finished game 85 (Coda-staged vs Crafty): 0-1 {Black mates}
Warning: Rodent3 doesn't have option MoveOverhead
Started game 102 of 150 (Rodent3 vs Coda-staged)
Finished game 92 (Coda-staged vs Monolith): 0-1 {Black wins by adjudication}
Warning: Crafty doesn't have option MoveOverhead
Started game 103 of 150 (Coda-staged vs Crafty)
Finished game 87 (Coda-staged vs Rodent3): 1-0 {White wins by adjudication}
Warning: Monolith doesn't have option MoveOverhead
Started game 104 of 150 (Coda-staged vs Monolith)
Finished game 90 (Rodent3 vs Coda-staged): 0-1 {Black wins by adjudication}
Started game 105 of 150 (Coda-staged vs Rodent3)
Finished game 88 (Crafty vs Coda-staged): 0-1 {Black mates}
Rank Name                          Elo     +/-   Games   Score    Draw 
   0 Coda-staged                   -12      69      90   48.3%   10.0% 
   1 Monolith                       70     123      30   60.0%   13.3% 
   2 Crafty                         47     127      30   56.7%    6.7% 
   3 Rodent3                       -83     127      30   38.3%   10.0% 

SPRT: llr 0 (0.0%), lbound -inf, ubound inf
Warning: Crafty doesn't have option MoveOverhead
Started game 106 of 150 (Crafty vs Coda-staged)
Finished game 95 (Monolith vs Coda-staged): 0-1 {Black wins by adjudication}
Started game 107 of 150 (Monolith vs Coda-staged)
Finished game 89 (Monolith vs Coda-staged): 1-0 {White wins by adjudication}
Warning: Rodent3 doesn't have option MoveOverhead
Started game 108 of 150 (Rodent3 vs Coda-staged)
Finished game 91 (Coda-staged vs Crafty): 1-0 {White mates}
Warning: Crafty doesn't have option MoveOverhead
Started game 109 of 150 (Coda-staged vs Crafty)
Finished game 99 (Coda-staged vs Rodent3): 1-0 {White wins by adjudication}
Warning: Monolith doesn't have option MoveOverhead
Started game 110 of 150 (Coda-staged vs Monolith)
Finished game 97 (Coda-staged vs Crafty): 0-1 {Black mates}
Warning: Rodent3 doesn't have option MoveOverhead
Started game 111 of 150 (Coda-staged vs Rodent3)
Finished game 93 (Coda-staged vs Rodent3): 0-1 {Black wins by adjudication}
Warning: Crafty doesn't have option MoveOverhead
Started game 112 of 150 (Crafty vs Coda-staged)
Finished game 101 (Monolith vs Coda-staged): 1-0 {White wins by adjudication}
Started game 113 of 150 (Monolith vs Coda-staged)
Finished game 94 (Crafty vs Coda-staged): 0-1 {Black mates}
Warning: Rodent3 doesn't have option MoveOverhead
Started game 114 of 150 (Rodent3 vs Coda-staged)
Finished game 102 (Rodent3 vs Coda-staged): 1-0 {White wins by adjudication}
Warning: Crafty doesn't have option MoveOverhead
Started game 115 of 150 (Coda-staged vs Crafty)
Finished game 109 (Coda-staged vs Crafty): 1-0 {White mates}
Rank Name                          Elo     +/-   Games   Score    Draw 
   0 Coda-staged                   -10      66     100   48.5%    9.0% 
   1 Monolith                       75     118      33   60.6%   12.1% 
   2 Crafty                         20     118      34   52.9%    5.9% 
   3 Rodent3                       -64     120      33   40.9%    9.1% 

SPRT: llr 0 (0.0%), lbound -inf, ubound inf
Finished game 98 (Coda-staged vs Monolith): 0-1 {Black wins by adjudication}
Warning: Monolith doesn't have option MoveOverhead
Started game 116 of 150 (Coda-staged vs Monolith)
Warning: Rodent3 doesn't have option MoveOverhead
Started game 117 of 150 (Coda-staged vs Rodent3)
Finished game 96 (Rodent3 vs Coda-staged): 1/2-1/2 {Draw by adjudication}
Warning: Crafty doesn't have option MoveOverhead
Started game 118 of 150 (Crafty vs Coda-staged)
Finished game 100 (Crafty vs Coda-staged): 1-0 {White mates}
Warning: Monolith doesn't have option MoveOverhead
Started game 119 of 150 (Monolith vs Coda-staged)
Finished game 106 (Crafty vs Coda-staged): 1-0 {White mates}
Warning: Rodent3 doesn't have option MoveOverhead
Started game 120 of 150 (Rodent3 vs Coda-staged)
Finished game 103 (Coda-staged vs Crafty): 0-1 {Black mates}
Warning: Crafty doesn't have option MoveOverhead
Started game 121 of 150 (Coda-staged vs Crafty)
Finished game 108 (Rodent3 vs Coda-staged): 0-1 {Black wins by adjudication}
Warning: Monolith doesn't have option MoveOverhead
Started game 122 of 150 (Coda-staged vs Monolith)
Finished game 111 (Coda-staged vs Rodent3): 1-0 {White wins by adjudication}
Started game 123 of 150 (Coda-staged vs Rodent3)
Finished game 105 (Coda-staged vs Rodent3): 1/2-1/2 {Draw by 3-fold repetition}
Warning: Crafty doesn't have option MoveOverhead
Started game 124 of 150 (Crafty vs Coda-staged)
Finished game 115 (Coda-staged vs Crafty): 1/2-1/2 {Draw by 3-fold repetition}
Warning: Monolith doesn't have option MoveOverhead
Started game 125 of 150 (Monolith vs Coda-staged)
Finished game 107 (Monolith vs Coda-staged): 0-1 {Black wins by adjudication}
Rank Name                          Elo     +/-   Games   Score    Draw 
   0 Coda-staged                   -13      62     110   48.2%   10.9% 
   1 Monolith                       70     115      35   60.0%   11.4% 
   2 Crafty                         46     110      38   56.6%    7.9% 
   3 Rodent3                       -76     110      37   39.2%   13.5% 

SPRT: llr 0 (0.0%), lbound -inf, ubound inf
Warning: Rodent3 doesn't have option MoveOverhead
Started game 126 of 150 (Rodent3 vs Coda-staged)
Finished game 113 (Monolith vs Coda-staged): 1-0 {White wins by adjudication}
Warning: Crafty doesn't have option MoveOverhead
Started game 127 of 150 (Coda-staged vs Crafty)
Finished game 104 (Coda-staged vs Monolith): 1/2-1/2 {Draw by insufficient mating material}
Started game 128 of 150 (Coda-staged vs Monolith)
Finished game 117 (Coda-staged vs Rodent3): 0-1 {Black wins by adjudication}
Started game 129 of 150 (Coda-staged vs Rodent3)
Finished game 110 (Coda-staged vs Monolith): 0-1 {Black wins by adjudication}
Warning: Crafty doesn't have option MoveOverhead
Started game 130 of 150 (Crafty vs Coda-staged)
Finished game 114 (Rodent3 vs Coda-staged): 1-0 {White wins by adjudication}
Warning: Monolith doesn't have option MoveOverhead
Started game 131 of 150 (Monolith vs Coda-staged)
Finished game 119 (Monolith vs Coda-staged): 1-0 {White wins by adjudication}
Warning: Rodent3 doesn't have option MoveOverhead
Started game 132 of 150 (Rodent3 vs Coda-staged)
Finished game 118 (Crafty vs Coda-staged): 1-0 {White mates}
Warning: Crafty doesn't have option MoveOverhead
Started game 133 of 150 (Coda-staged vs Crafty)
Finished game 123 (Coda-staged vs Rodent3): 0-1 {Black wins by adjudication}
Warning: Monolith doesn't have option MoveOverhead
Started game 134 of 150 (Coda-staged vs Monolith)
Finished game 116 (Coda-staged vs Monolith): 1-0 {White wins by adjudication}
Warning: Rodent3 doesn't have option MoveOverhead
Started game 135 of 150 (Coda-staged vs Rodent3)
Finished game 120 (Rodent3 vs Coda-staged): 1-0 {White wins by adjudication}
Rank Name                          Elo     +/-   Games   Score    Draw 
   0 Coda-staged                   -32      59     120   45.4%   10.8% 
   1 Monolith                       80     107      40   61.3%   12.5% 
   2 Crafty                         54     110      39   57.7%    7.7% 
   3 Rodent3                       -34     103      41   45.1%   12.2% 

SPRT: llr 0 (0.0%), lbound -inf, ubound inf
Warning: Crafty doesn't have option MoveOverhead
Started game 136 of 150 (Crafty vs Coda-staged)
Finished game 126 (Rodent3 vs Coda-staged): 1-0 {White wins by adjudication}
Warning: Monolith doesn't have option MoveOverhead
Started game 137 of 150 (Monolith vs Coda-staged)
Finished game 124 (Crafty vs Coda-staged): 1-0 {White mates}
Warning: Rodent3 doesn't have option MoveOverhead
Started game 138 of 150 (Rodent3 vs Coda-staged)
Finished game 131 (Monolith vs Coda-staged): 1-0 {White wins by adjudication}
Warning: Crafty doesn't have option MoveOverhead
Started game 139 of 150 (Coda-staged vs Crafty)
Finished game 122 (Coda-staged vs Monolith): 0-1 {Black wins by adjudication}
Started game 140 of 150 (Coda-staged vs Monolith)
Finished game 112 (Crafty vs Coda-staged): 1/2-1/2 {Draw by fifty moves rule}
Warning: Rodent3 doesn't have option MoveOverhead
Started game 141 of 150 (Coda-staged vs Rodent3)
Finished game 132 (Rodent3 vs Coda-staged): 0-1 {Black wins by adjudication}
Warning: Crafty doesn't have option MoveOverhead
Started game 142 of 150 (Crafty vs Coda-staged)
Finished game 121 (Coda-staged vs Crafty): 1-0 {White mates}
Warning: Monolith doesn't have option MoveOverhead
Started game 143 of 150 (Monolith vs Coda-staged)
Finished game 128 (Coda-staged vs Monolith): 1-0 {White wins by adjudication}
Warning: Rodent3 doesn't have option MoveOverhead
Started game 144 of 150 (Rodent3 vs Coda-staged)
Finished game 125 (Monolith vs Coda-staged): 1-0 {White wins by adjudication}
Warning: Crafty doesn't have option MoveOverhead
Started game 145 of 150 (Coda-staged vs Crafty)
Finished game 129 (Coda-staged vs Rodent3): 0-1 {Black wins by adjudication}
Rank Name                          Elo     +/-   Games   Score    Draw 
   0 Coda-staged                   -38      57     130   44.6%   10.8% 
   1 Monolith                       89     103      44   62.5%   11.4% 
   2 Crafty                         50     104      42   57.1%    9.5% 
   3 Rodent3                       -24      99      44   46.6%   11.4% 

SPRT: llr 0 (0.0%), lbound -inf, ubound inf
Warning: Monolith doesn't have option MoveOverhead
Started game 146 of 150 (Coda-staged vs Monolith)
Finished game 127 (Coda-staged vs Crafty): 0-1 {Black mates}
Warning: Rodent3 doesn't have option MoveOverhead
Started game 147 of 150 (Coda-staged vs Rodent3)
Finished game 133 (Coda-staged vs Crafty): 1-0 {White mates}
Warning: Crafty doesn't have option MoveOverhead
Started game 148 of 150 (Crafty vs Coda-staged)
Finished game 136 (Crafty vs Coda-staged): 1-0 {White mates}
Warning: Monolith doesn't have option MoveOverhead
Started game 149 of 150 (Monolith vs Coda-staged)
Finished game 134 (Coda-staged vs Monolith): 0-1 {Black wins by adjudication}
Warning: Rodent3 doesn't have option MoveOverhead
Started game 150 of 150 (Rodent3 vs Coda-staged)
Finished game 137 (Monolith vs Coda-staged): 1-0 {White wins by adjudication}
Finished game 143 (Monolith vs Coda-staged): 1-0 {White wins by adjudication}
Finished game 130 (Crafty vs Coda-staged): 1-0 {White mates}
Finished game 135 (Coda-staged vs Rodent3): 1-0 {White wins by adjudication}
Finished game 139 (Coda-staged vs Crafty): 1-0 {White mates}
Finished game 141 (Coda-staged vs Rodent3): 1-0 {White wins by adjudication}
Rank Name                          Elo     +/-   Games   Score    Draw 
   0 Coda-staged                   -40      55     140   44.3%   10.0% 
   1 Monolith                      107     101      47   64.9%   10.6% 
   2 Crafty                         52      99      47   57.4%    8.5% 
   3 Rodent3                       -38      98      46   44.6%   10.9% 

SPRT: llr 0 (0.0%), lbound -inf, ubound inf
Finished game 142 (Crafty vs Coda-staged): 0-1 {Black mates}
Finished game 138 (Rodent3 vs Coda-staged): 1/2-1/2 {Draw by adjudication}
Finished game 140 (Coda-staged vs Monolith): 0-1 {Black wins by adjudication}
Finished game 144 (Rodent3 vs Coda-staged): 1-0 {White wins by adjudication}
Finished game 146 (Coda-staged vs Monolith): 1-0 {White wins by adjudication}
Finished game 148 (Crafty vs Coda-staged): 0-1 {Black mates}
Finished game 147 (Coda-staged vs Rodent3): 0-1 {Black wins by adjudication}
Finished game 145 (Coda-staged vs Crafty): 1-0 {White mates}
Finished game 150 (Rodent3 vs Coda-staged): 0-1 {Black wins by adjudication}
Finished game 149 (Monolith vs Coda-staged): 1/2-1/2 {Draw by insufficient mating material}
Rank Name                          Elo     +/-   Games   Score    Draw 
   0 Coda-staged                   -33      53     150   45.3%   10.7% 
   1 Monolith                      100      96      50   64.0%   12.0% 
   2 Crafty                         28      95      50   54.0%    8.0% 
   3 Rodent3                       -28      93      50   46.0%   12.0% 

SPRT: llr 0 (0.0%), lbound -inf, ubound inf

Player: Coda-staged
   "Draw by 3-fold repetition": 7
   "Draw by adjudication": 3
   "Draw by fifty moves rule": 2
   "Draw by insufficient mating material": 4
   "Loss: Black mates": 10
   "Loss: Black wins by adjudication": 26
   "Loss: White mates": 16
   "Loss: White wins by adjudication": 22
   "Win: Black mates": 8
   "Win: Black wins by adjudication": 21
   "Win: White mates": 13
   "Win: White wins by adjudication": 18
Player: Crafty
   "Draw by 3-fold repetition": 2
   "Draw by fifty moves rule": 1
   "Draw by insufficient mating material": 1
   "Loss: Black mates": 8
   "Loss: White mates": 13
   "Win: Black mates": 10
   "Win: White mates": 15
Player: Monolith
   "Draw by 3-fold repetition": 3
   "Draw by adjudication": 1
   "Draw by insufficient mating material": 2
   "Loss: Black wins by adjudication": 8
   "Loss: White wins by adjudication": 7
   "Win: Black wins by adjudication": 15
   "Win: White wins by adjudication": 14
Player: Rodent3
   "Draw by 3-fold repetition": 2
   "Draw by adjudication": 2
   "Draw by fifty moves rule": 1
   "Draw by insufficient mating material": 1
   "Loss: Black wins by adjudication": 13
   "Loss: White wins by adjudication": 11
   "Win: Black wins by adjudication": 11
   "Win: White mates": 1
   "Win: White wins by adjudication": 8
Finished match
