Indexing opening suite...
Warning: Rodent3 doesn't have option MoveOverhead
Warning: Crafty doesn't have option MoveOverhead
Warning: Rodent3 doesn't have option MoveOverhead
Warning: Monolith doesn't have option MoveOverhead
Started game 2 of 150 (Coda-baseline vs Monolith)
Warning: Crafty doesn't have option MoveOverhead
Warning: Crafty doesn't have option MoveOverhead
Started game 1 of 150 (Coda-baseline vs Crafty)
Warning: Monolith doesn't have option MoveOverhead
Started game 5 of 150 (Monolith vs Coda-baseline)
Started game 6 of 150 (Rodent3 vs Coda-baseline)
Started game 3 of 150 (Coda-baseline vs Rodent3)
Started game 4 of 150 (Crafty vs Coda-baseline)
Started game 7 of 150 (Coda-baseline vs Crafty)
Warning: Monolith doesn't have option MoveOverhead
Started game 8 of 150 (Coda-baseline vs Monolith)
Finished game 7 (Coda-baseline vs Crafty): 0-1 {Black mates}
Warning: Rodent3 doesn't have option MoveOverhead
Started game 9 of 150 (Coda-baseline vs Rodent3)
Finished game 8 (Coda-baseline vs Monolith): 0-1 {Black wins by adjudication}
Warning: Crafty doesn't have option MoveOverhead
Started game 10 of 150 (Crafty vs Coda-baseline)
Finished game 4 (Crafty vs Coda-baseline): 1-0 {White mates}
Warning: Monolith doesn't have option MoveOverhead
Started game 11 of 150 (Monolith vs Coda-baseline)
Finished game 1 (Coda-baseline vs Crafty): 1-0 {White mates}
Warning: Rodent3 doesn't have option MoveOverhead
Started game 12 of 150 (Rodent3 vs Coda-baseline)
Finished game 2 (Coda-baseline vs Monolith): 0-1 {Black wins by adjudication}
Warning: Crafty doesn't have option MoveOverhead
Started game 13 of 150 (Coda-baseline vs Crafty)
Finished game 5 (Monolith vs Coda-baseline): 0-1 {Black wins by adjudication}
Started game 14 of 150 (Coda-baseline vs Monolith)
Finished game 3 (Coda-baseline vs Rodent3): 1-0 {White wins by adjudication}
Started game 15 of 150 (Coda-baseline vs Rodent3)
Finished game 6 (Rodent3 vs Coda-baseline): 1/2-1/2 {Draw by fifty moves rule}
Warning: Crafty doesn't have option MoveOverhead
Started game 16 of 150 (Crafty vs Coda-baseline)
Finished game 12 (Rodent3 vs Coda-baseline): 1-0 {White wins by adjudication}
Finished game 11 (Monolith vs Coda-baseline): 0-1 {Black wins by adjudication}
Rank Name                          Elo     +/-   Games   Score    Draw 
   0 Coda-baseline                 -35     237      10   45.0%   10.0% 
   1 Crafty                        120     nan       3   66.7%    0.0% 
   2 Rodent3                         0     558       3   50.0%   33.3% 
   3 Monolith                        0     786       4   50.0%    0.0% 

SPRT: llr 0 (0.0%), lbound -inf, ubound inf
Warning: Rodent3 doesn't have option MoveOverhead
Warning: Monolith doesn't have option MoveOverhead
Started game 17 of 150 (Monolith vs Coda-baseline)
Started game 18 of 150 (Rodent3 vs Coda-baseline)
Finished game 13 (Coda-baseline vs Crafty): 1-0 {White mates}
Warning: Crafty doesn't have option MoveOverhead
Started game 19 of 150 (Coda-baseline vs Crafty)
Finished game 9 (Coda-baseline vs Rodent3): 0-1 {Black wins by adjudication}
Warning: Monolith doesn't have option MoveOverhead
Started game 20 of 150 (Coda-baseline vs Monolith)
Finished game 10 (Crafty vs Coda-baseline): 0-1 {Black mates}
Warning: Rodent3 doesn't have option MoveOverhead
Started game 21 of 150 (Coda-baseline vs Rodent3)
Finished game 18 (Rodent3 vs Coda-baseline): 1-0 {White wins by adjudication}
Warning: Crafty doesn't have option MoveOverhead
Started game 22 of 150 (Crafty vs Coda-baseline)
Finished game 15 (Coda-baseline vs Rodent3): 1/2-1/2 {Draw by adjudication}
Warning: Monolith doesn't have option MoveOverhead
Started game 23 of 150 (Monolith vs Coda-baseline)
Finished game 21 (Coda-baseline vs Rodent3): 0-1 {Black wins by adjudication}
Started game 24 of 150 (Rodent3 vs Coda-baseline)
Finished game 16 (Crafty vs Coda-baseline): 0-1 {Black mates}
Warning: Crafty doesn't have option MoveOverhead
Started game 25 of 150 (Coda-baseline vs Crafty)
Finished game 14 (Coda-baseline vs Monolith): 1-0 {White wins by adjudication}
Started game 26 of 150 (Coda-baseline vs Monolith)
Finished game 17 (Monolith vs Coda-baseline): 0-1 {Black wins by adjudication}
Warning: Rodent3 doesn't have option MoveOverhead
Started game 27 of 150 (Coda-baseline vs Rodent3)
Finished game 24 (Rodent3 vs Coda-baseline): 1-0 {White wins by adjudication}
Rank Name                          Elo     +/-   Games   Score    Draw 
   0 Coda-baseline                   0     154      20   50.0%   10.0% 
   1 Rodent3                       191     452       8   75.0%   25.0% 
   2 Monolith                     -120     nan       6   33.3%    0.0% 
   3 Crafty                       -120     nan       6   33.3%    0.0% 

SPRT: llr 0 (0.0%), lbound -inf, ubound inf
Warning: Crafty doesn't have option MoveOverhead
Started game 28 of 150 (Crafty vs Coda-baseline)
Finished game 20 (Coda-baseline vs Monolith): 1-0 {White wins by adjudication}
Started game 29 of 150 (Monolith vs Coda-baseline)
Finished game 23 (Monolith vs Coda-baseline): 0-1 {Black wins by adjudication}
Warning: Rodent3 doesn't have option MoveOverhead
Started game 30 of 150 (Rodent3 vs Coda-baseline)
Finished game 27 (Coda-baseline vs Rodent3): 0-1 {Black wins by adjudication}
Warning: Crafty doesn't have option MoveOverhead
Started game 31 of 150 (Coda-baseline vs Crafty)
Finished game 22 (Crafty vs Coda-baseline): 0-1 {Black mates}
Warning: Monolith doesn't have option MoveOverhead
Started game 32 of 150 (Coda-baseline vs Monolith)
Finished game 19 (Coda-baseline vs Crafty): 1-0 {White mates}
Warning: Rodent3 doesn't have option MoveOverhead
Started game 33 of 150 (Coda-baseline vs Rodent3)
Finished game 30 (Rodent3 vs Coda-baseline): 1-0 {White wins by adjudication}
Warning: Crafty doesn't have option MoveOverhead
Started game 34 of 150 (Crafty vs Coda-baseline)
Finished game 29 (Monolith vs Coda-baseline): 1-0 {White wins by adjudication}
Started game 35 of 150 (Monolith vs Coda-baseline)
Finished game 26 (Coda-baseline vs Monolith): 1-0 {White wins by adjudication}
Warning: Rodent3 doesn't have option MoveOverhead
Started game 36 of 150 (Rodent3 vs Coda-baseline)
Finished game 25 (Coda-baseline vs Crafty): 0-1 {Black mates}
Warning: Crafty doesn't have option MoveOverhead
Started game 37 of 150 (Coda-baseline vs Crafty)
Finished game 33 (Coda-baseline vs Rodent3): 1-0 {White wins by adjudication}
Rank Name                          Elo     +/-   Games   Score    Draw 
   0 Coda-baseline                  23     125      30   53.3%    6.7% 
   1 Rodent3                       170     273      11   72.7%   18.2% 
   2 Crafty                       -120     366       9   33.3%    0.0% 
   3 Monolith                     -147     385      10   30.0%    0.0% 

SPRT: llr 0 (0.0%), lbound -inf, ubound inf
Warning: Monolith doesn't have option MoveOverhead
Started game 38 of 150 (Coda-baseline vs Monolith)
Finished game 32 (Coda-baseline vs Monolith): 1-0 {White wins by adjudication}
Warning: Rodent3 doesn't have option MoveOverhead
Started game 39 of 150 (Coda-baseline vs Rodent3)
Finished game 35 (Monolith vs Coda-baseline): 1-0 {White wins by adjudication}
Warning: Crafty doesn't have option MoveOverhead
Started game 40 of 150 (Crafty vs Coda-baseline)
Finished game 31 (Coda-baseline vs Crafty): 0-1 {Black mates}
Warning: Monolith doesn't have option MoveOverhead
Started game 41 of 150 (Monolith vs Coda-baseline)
Finished game 36 (Rodent3 vs Coda-baseline): 1-0 {White wins by adjudication}
Started game 42 of 150 (Rodent3 vs Coda-baseline)
Finished game 28 (Crafty vs Coda-baseline): 1/2-1/2 {Draw by insufficient mating material}
Warning: Crafty doesn't have option MoveOverhead
Started game 43 of 150 (Coda-baseline vs Crafty)
Finished game 34 (Crafty vs Coda-baseline): 0-1 {Black mates}
Warning: Monolith doesn't have option MoveOverhead
Started game 44 of 150 (Coda-baseline vs Monolith)
Finished game 37 (Coda-baseline vs Crafty): 1-0 {White mates}
Warning: Rodent3 doesn't have option MoveOverhead
Started game 45 of 150 (Coda-baseline vs Rodent3)
Finished game 38 (Coda-baseline vs Monolith): 1-0 {White wins by adjudication}
Warning: Crafty doesn't have option MoveOverhead
Started game 46 of 150 (Crafty vs Coda-baseline)
Finished game 39 (Coda-baseline vs Rodent3): 1-0 {White wins by adjudication}
Warning: Monolith doesn't have option MoveOverhead
Started game 47 of 150 (Monolith vs Coda-baseline)
Finished game 41 (Monolith vs Coda-baseline): 0-1 {Black wins by adjudication}
Rank Name                          Elo     +/-   Games   Score    Draw 
   0 Coda-baseline                  44     108      40   56.3%    7.5% 
   1 Rodent3                       141     223      13   69.2%   15.4% 
   2 Crafty                       -110     224      13   34.6%    7.7% 
   3 Monolith                     -159     264      14   28.6%    0.0% 

SPRT: llr 0 (0.0%), lbound -inf, ubound inf
Warning: Rodent3 doesn't have option MoveOverhead
Started game 48 of 150 (Rodent3 vs Coda-baseline)
Finished game 42 (Rodent3 vs Coda-baseline): 1/2-1/2 {Draw by adjudication}
Warning: Crafty doesn't have option MoveOverhead
Started game 49 of 150 (Coda-baseline vs Crafty)
Finished game 43 (Coda-baseline vs Crafty): 1-0 {White mates}
Warning: Monolith doesn't have option MoveOverhead
Started game 50 of 150 (Coda-baseline vs Monolith)
Finished game 44 (Coda-baseline vs Monolith): 0-1 {Black wins by adjudication}
Warning: Rodent3 doesn't have option MoveOverhead
Started game 51 of 150 (Coda-baseline vs Rodent3)
Finished game 47 (Monolith vs Coda-baseline): 1-0 {White wins by adjudication}
Warning: Crafty doesn't have option MoveOverhead
Started game 52 of 150 (Crafty vs Coda-baseline)
Finished game 45 (Coda-baseline vs Rodent3): 1-0 {White wins by adjudication}
Finished game 48 (Rodent3 vs Coda-baseline): 1/2-1/2 {Draw by 3-fold repetition}
Started game 54 of 150 (Rodent3 vs Coda-baseline)
Warning: Monolith doesn't have option MoveOverhead
Started game 53 of 150 (Monolith vs Coda-baseline)
Finished game 46 (Crafty vs Coda-baseline): 1-0 {White mates}
Warning: Crafty doesn't have option MoveOverhead
Started game 55 of 150 (Coda-baseline vs Crafty)
Finished game 40 (Crafty vs Coda-baseline): 1/2-1/2 {Draw by fifty moves rule}
Warning: Monolith doesn't have option MoveOverhead
Started game 56 of 150 (Coda-baseline vs Monolith)
Finished game 53 (Monolith vs Coda-baseline): 1-0 {White wins by adjudication}
Warning: Rodent3 doesn't have option MoveOverhead
Started game 57 of 150 (Coda-baseline vs Rodent3)
Finished game 50 (Coda-baseline vs Monolith): 1-0 {White wins by adjudication}
Rank Name                          Elo     +/-   Games   Score    Draw 
   0 Coda-baseline                  28      93      50   54.0%   12.0% 
   1 Rodent3                        89     164      16   62.5%   25.0% 
   2 Monolith                      -79     182      18   38.9%    0.0% 
   3 Crafty                        -89     181      16   37.5%   12.5% 

SPRT: llr 0 (0.0%), lbound -inf, ubound inf
Warning: Crafty doesn't have option MoveOverhead
Finished game 49 (Coda-baseline vs Crafty): 0-1 {Black mates}
Started game 58 of 150 (Crafty vs Coda-baseline)
Warning: Monolith doesn't have option MoveOverhead
Started game 59 of 150 (Monolith vs Coda-baseline)
Finished game 54 (Rodent3 vs Coda-baseline): 1-0 {White mates}
Started game 60 of 150 (Rodent3 vs Coda-baseline)
Finished game 51 (Coda-baseline vs Rodent3): 1-0 {White wins by adjudication}
Warning: Crafty doesn't have option MoveOverhead
Started game 61 of 150 (Coda-baseline vs Crafty)
Finished game 55 (Coda-baseline vs Crafty): 1/2-1/2 {Draw by 3-fold repetition}
Warning: Monolith doesn't have option MoveOverhead
Started game 62 of 150 (Coda-baseline vs Monolith)
Finished game 52 (Crafty vs Coda-baseline): 0-1 {Black mates}
Warning: Rodent3 doesn't have option MoveOverhead
Started game 63 of 150 (Coda-baseline vs Rodent3)
Finished game 57 (Coda-baseline vs Rodent3): 1-0 {White wins by adjudication}
Warning: Crafty doesn't have option MoveOverhead
Started game 64 of 150 (Crafty vs Coda-baseline)
Finished game 62 (Coda-baseline vs Monolith): 1-0 {White wins by adjudication}
Started game 65 of 150 (Monolith vs Coda-baseline)
Finished game 63 (Coda-baseline vs Rodent3): 1-0 {White wins by adjudication}
Started game 66 of 150 (Rodent3 vs Coda-baseline)
Finished game 56 (Coda-baseline vs Monolith): 1-0 {White wins by adjudication}
Warning: Crafty doesn't have option MoveOverhead
Started game 67 of 150 (Coda-baseline vs Crafty)
Finished game 58 (Crafty vs Coda-baseline): 1-0 {White mates}
Rank Name                          Elo     +/-   Games   Score    Draw 
   0 Coda-baseline                  41      85      60   55.8%   11.7% 
   1 Rodent3                        35     145      20   55.0%   20.0% 
   2 Crafty                        -53     151      20   42.5%   15.0% 
   3 Monolith                     -108     177      20   35.0%    0.0% 

SPRT: llr 0 (0.0%), lbound -inf, ubound inf
Warning: Monolith doesn't have option MoveOverhead
Started game 68 of 150 (Coda-baseline vs Monolith)
Finished game 61 (Coda-baseline vs Crafty): 0-1 {Black mates}
Warning: Rodent3 doesn't have option MoveOverhead
Started game 69 of 150 (Coda-baseline vs Rodent3)
Finished game 59 (Monolith vs Coda-baseline): 1-0 {White wins by adjudication}
Warning: Crafty doesn't have option MoveOverhead
Started game 70 of 150 (Crafty vs Coda-baseline)
Finished game 60 (Rodent3 vs Coda-baseline): 1/2-1/2 {Draw by 3-fold repetition}
Warning: Monolith doesn't have option MoveOverhead
Started game 71 of 150 (Monolith vs Coda-baseline)
Finished game 64 (Crafty vs Coda-baseline): 1-0 {White mates}
Warning: Rodent3 doesn't have option MoveOverhead
Started game 72 of 150 (Rodent3 vs Coda-baseline)
Finished game 65 (Monolith vs Coda-baseline): 1-0 {White wins by adjudication}
Warning: Crafty doesn't have option MoveOverhead
Started game 73 of 150 (Coda-baseline vs Crafty)
Finished game 68 (Coda-baseline vs Monolith): 1-0 {White wins by adjudication}
Started game 74 of 150 (Coda-baseline vs Monolith)
Finished game 66 (Rodent3 vs Coda-baseline): 1-0 {White wins by adjudication}
Started game 75 of 150 (Coda-baseline vs Rodent3)
Finished game 69 (Coda-baseline vs Rodent3): 1-0 {White wins by adjudication}
Warning: Crafty doesn't have option MoveOverhead
Started game 76 of 150 (Crafty vs Coda-baseline)
Finished game 67 (Coda-baseline vs Crafty): 0-1 {Black mates}
Warning: Monolith doesn't have option MoveOverhead
Started game 77 of 150 (Monolith vs Coda-baseline)
Finished game 70 (Crafty vs Coda-baseline): 0-1 {Black mates}
Rank Name                          Elo     +/-   Games   Score    Draw 
   0 Coda-baseline                  20      78      70   52.9%   11.4% 
   1 Rodent3                        30     132      23   54.3%   21.7% 
   2 Crafty                        -14     137      24   47.9%   12.5% 
   3 Monolith                      -77     157      23   39.1%    0.0% 

SPRT: llr 0 (0.0%), lbound -inf, ubound inf
Warning: Rodent3 doesn't have option MoveOverhead
Started game 78 of 150 (Rodent3 vs Coda-baseline)
Finished game 72 (Rodent3 vs Coda-baseline): 0-1 {Black wins by adjudication}
Warning: Crafty doesn't have option MoveOverhead
Started game 79 of 150 (Coda-baseline vs Crafty)
Finished game 73 (Coda-baseline vs Crafty): 1-0 {White mates}
Warning: Monolith doesn't have option MoveOverhead
Started game 80 of 150 (Coda-baseline vs Monolith)
Finished game 71 (Monolith vs Coda-baseline): 1/2-1/2 {Draw by fifty moves rule}
Warning: Rodent3 doesn't have option MoveOverhead
Started game 81 of 150 (Coda-baseline vs Rodent3)
Finished game 77 (Monolith vs Coda-baseline): 1-0 {White wins by adjudication}
Warning: Crafty doesn't have option MoveOverhead
Started game 82 of 150 (Crafty vs Coda-baseline)
Finished game 75 (Coda-baseline vs Rodent3): 0-1 {Black wins by adjudication}
Warning: Monolith doesn't have option MoveOverhead
Started game 83 of 150 (Monolith vs Coda-baseline)
Finished game 74 (Coda-baseline vs Monolith): 1/2-1/2 {Draw by 3-fold repetition}
Warning: Rodent3 doesn't have option MoveOverhead
Started game 84 of 150 (Rodent3 vs Coda-baseline)
Finished game 76 (Crafty vs Coda-baseline): 0-1 {Black mates}
Warning: Crafty doesn't have option MoveOverhead
Started game 85 of 150 (Coda-baseline vs Crafty)
Finished game 78 (Rodent3 vs Coda-baseline): 1/2-1/2 {Draw by 3-fold repetition}
Warning: Monolith doesn't have option MoveOverhead
Started game 86 of 150 (Coda-baseline vs Monolith)
Finished game 81 (Coda-baseline vs Rodent3): 0-1 {Black wins by adjudication}
Started game 87 of 150 (Coda-baseline vs Rodent3)
Finished game 80 (Coda-baseline vs Monolith): 0-1 {Black wins by adjudication}
Rank Name                          Elo     +/-   Games   Score    Draw 
   0 Coda-baseline                  13      72      80   51.9%   13.8% 
   1 Rodent3                        39     121      27   55.6%   22.2% 
   2 Monolith                      -39     133      27   44.4%    7.4% 
   3 Crafty                        -40     132      26   44.2%   11.5% 

SPRT: llr 0 (0.0%), lbound -inf, ubound inf
Warning: Crafty doesn't have option MoveOverhead
Started game 88 of 150 (Crafty vs Coda-baseline)
Finished game 86 (Coda-baseline vs Monolith): 0-1 {Black wins by adjudication}
Started game 89 of 150 (Monolith vs Coda-baseline)
Finished game 83 (Monolith vs Coda-baseline): 1-0 {White wins by adjudication}
Warning: Rodent3 doesn't have option MoveOverhead
Started game 90 of 150 (Rodent3 vs Coda-baseline)
Finished game 84 (Rodent3 vs Coda-baseline): 0-1 {Black wins by adjudication}
Warning: Crafty doesn't have option MoveOverhead
Started game 91 of 150 (Coda-baseline vs Crafty)
Finished game 79 (Coda-baseline vs Crafty): 1-0 {White mates}
Warning: Monolith doesn't have option MoveOverhead
Started game 92 of 150 (Coda-baseline vs Monolith)
Finished game 82 (Crafty vs Coda-baseline): 0-1 {Black mates}
Warning: Rodent3 doesn't have option MoveOverhead
Started game 93 of 150 (Coda-baseline vs Rodent3)
Finished game 90 (Rodent3 vs Coda-baseline): 1-0 {White wins by adjudication}
Warning: Crafty doesn't have option MoveOverhead
Started game 94 of 150 (Crafty vs Coda-baseline)
Finished game 89 (Monolith vs Coda-baseline): 1-0 {White wins by adjudication}
Started game 95 of 150 (Monolith vs Coda-baseline)
Finished game 85 (Coda-baseline vs Crafty): 1-0 {White mates}
Warning: Rodent3 doesn't have option MoveOverhead
Started game 96 of 150 (Rodent3 vs Coda-baseline)
Finished game 87 (Coda-baseline vs Rodent3): 1/2-1/2 {Draw by adjudication}
Warning: Crafty doesn't have option MoveOverhead
Started game 97 of 150 (Coda-baseline vs Crafty)
Finished game 93 (Coda-baseline vs Rodent3): 0-1 {Black wins by adjudication}
Rank Name                          Elo     +/-   Games   Score    Draw 
   0 Coda-baseline                   8      68      90   51.1%   13.3% 
   1 Rodent3                        45     112      31   56.5%   22.6% 
   2 Monolith                        0     125      30   50.0%    6.7% 
   3 Crafty                        -73     128      29   39.7%   10.3% 

SPRT: llr 0 (0.0%), lbound -inf, ubound inf
Warning: Monolith doesn't have option MoveOverhead
Started game 98 of 150 (Coda-baseline vs Monolith)
Finished game 92 (Coda-baseline vs Monolith): 1-0 {White wins by adjudication}
Warning: Rodent3 doesn't have option MoveOverhead
Started game 99 of 150 (Coda-baseline vs Rodent3)
Finished game 88 (Crafty vs Coda-baseline): 1-0 {White mates}
Warning: Crafty doesn't have option MoveOverhead
Started game 100 of 150 (Crafty vs Coda-baseline)
Finished game 94 (Crafty vs Coda-baseline): 1-0 {White mates}
Warning: Monolith doesn't have option MoveOverhead
Started game 101 of 150 (Monolith vs Coda-baseline)
Finished game 98 (Coda-baseline vs Monolith): 0-1 {Black wins by adjudication}
Warning: Rodent3 doesn't have option MoveOverhead
Started game 102 of 150 (Rodent3 vs Coda-baseline)
Finished game 91 (Coda-baseline vs Crafty): 1/2-1/2 {Draw by fifty moves rule}
Warning: Crafty doesn't have option MoveOverhead
Started game 103 of 150 (Coda-baseline vs Crafty)
Finished game 97 (Coda-baseline vs Crafty): 1-0 {White mates}
Warning: Monolith doesn't have option MoveOverhead
Started game 104 of 150 (Coda-baseline vs Monolith)
Finished game 96 (Rodent3 vs Coda-baseline): 0-1 {Black wins by adjudication}
Started game 105 of 150 (Coda-baseline vs Rodent3)
Finished game 100 (Crafty vs Coda-baseline): 1/2-1/2 {Draw by 3-fold repetition}
Warning: Crafty doesn't have option MoveOverhead
Started game 106 of 150 (Crafty vs Coda-baseline)
Finished game 99 (Coda-baseline vs Rodent3): 1-0 {White wins by adjudication}
Warning: Monolith doesn't have option MoveOverhead
Started game 107 of 150 (Monolith vs Coda-baseline)
Finished game 95 (Monolith vs Coda-baseline): 1/2-1/2 {Draw by 3-fold repetition}
Rank Name                          Elo     +/-   Games   Score    Draw 
   0 Coda-baseline                  10      63     100   51.5%   15.0% 
   1 Rodent3                        21     109      33   53.0%   21.2% 
   2 Monolith                        0     117      33   50.0%    9.1% 
   3 Crafty                        -51     113      34   42.6%   14.7% 

SPRT: llr 0 (0.0%), lbound -inf, ubound inf
Warning: Rodent3 doesn't have option MoveOverhead
Started game 108 of 150 (Rodent3 vs Coda-baseline)
Finished game 102 (Rodent3 vs Coda-baseline): 1-0 {White wins by adjudication}
Warning: Crafty doesn't have option MoveOverhead
Started game 109 of 150 (Coda-baseline vs Crafty)
Finished game 101 (Monolith vs Coda-baseline): 0-1 {Black wins by adjudication}
Started game 110 of 150 (Coda-baseline vs Monolith)
Finished game 105 (Coda-baseline vs Rodent3): 0-1 {Black wins by adjudication}
Started game 111 of 150 (Coda-baseline vs Rodent3)
