Indexing opening suite...
Warning: Rodent3 doesn't have option MoveOverhead
Warning: Rodent3 doesn't have option MoveOverhead
Warning: Crafty doesn't have option MoveOverhead
Warning: Crafty doesn't have option MoveOverhead
Warning: Monolith doesn't have option MoveOverhead
Warning: Rodent3 doesn't have option MoveOverhead
Warning: Monolith doesn't have option MoveOverhead
Started game 1 of 150 (Coda-tt-fixes vs Crafty)
Started game 3 of 150 (Coda-tt-fixes vs Rodent3)
Warning: Rodent3 doesn't have option MoveOverhead
Started game 6 of 150 (Rodent3 vs Coda-tt-fixes)
Started game 5 of 150 (Monolith vs Coda-tt-fixes)
Warning: Crafty doesn't have option MoveOverhead
Started game 2 of 150 (Coda-tt-fixes vs Monolith)
Started game 4 of 150 (Crafty vs Coda-tt-fixes)
Warning: Monolith doesn't have option MoveOverhead
Warning: Crafty doesn't have option MoveOverhead
Warning: Rodent3 doesn't have option MoveOverhead
Started game 7 of 150 (Coda-tt-fixes vs Crafty)
Started game 8 of 150 (Coda-tt-fixes vs Monolith)
Warning: Crafty doesn't have option MoveOverhead
Started game 9 of 150 (Coda-tt-fixes vs Rodent3)
Warning: Monolith doesn't have option MoveOverhead
Warning: Monolith doesn't have option MoveOverhead
Started game 11 of 150 (Monolith vs Coda-tt-fixes)
Warning: Crafty doesn't have option MoveOverhead
Started game 12 of 150 (Rodent3 vs Coda-tt-fixes)
Started game 15 of 150 (Coda-tt-fixes vs Rodent3)
Started game 10 of 150 (Crafty vs Coda-tt-fixes)
Started game 13 of 150 (Coda-tt-fixes vs Crafty)
Started game 14 of 150 (Coda-tt-fixes vs Monolith)
Started game 16 of 150 (Crafty vs Coda-tt-fixes)
Finished game 8 (Coda-tt-fixes vs Monolith): 1-0 {White wins by adjudication}
Started game 17 of 150 (Monolith vs Coda-tt-fixes)
Finished game 13 (Coda-tt-fixes vs Crafty): 0-1 {Black mates}
Warning: Rodent3 doesn't have option MoveOverhead
Started game 18 of 150 (Rodent3 vs Coda-tt-fixes)
Finished game 6 (Rodent3 vs Coda-tt-fixes): 1-0 {White wins by adjudication}
Warning: Crafty doesn't have option MoveOverhead
Started game 19 of 150 (Coda-tt-fixes vs Crafty)
Finished game 15 (Coda-tt-fixes vs Rodent3): 0-1 {Black wins by adjudication}
Warning: Monolith doesn't have option MoveOverhead
Started game 20 of 150 (Coda-tt-fixes vs Monolith)
Finished game 12 (Rodent3 vs Coda-tt-fixes): 0-1 {Black wins by adjudication}
Started game 21 of 150 (Coda-tt-fixes vs Rodent3)
Finished game 2 (Coda-tt-fixes vs Monolith): 1/2-1/2 {Draw by 3-fold repetition}
Finished game 10 (Crafty vs Coda-tt-fixes): 1-0 {White mates}
Warning: Crafty doesn't have option MoveOverhead
Started game 22 of 150 (Crafty vs Coda-tt-fixes)
Warning: Monolith doesn't have option MoveOverhead
Started game 23 of 150 (Monolith vs Coda-tt-fixes)
Finished game 16 (Crafty vs Coda-tt-fixes): 1/2-1/2 {Draw by 3-fold repetition}
Warning: Rodent3 doesn't have option MoveOverhead
Started game 24 of 150 (Rodent3 vs Coda-tt-fixes)
Finished game 7 (Coda-tt-fixes vs Crafty): 1-0 {White mates}
Warning: Crafty doesn't have option MoveOverhead
Started game 25 of 150 (Coda-tt-fixes vs Crafty)
Warning: Illegal ponder move from Monolith: a2b3
Warning: Illegal ponder move from Monolith: a2b3
Finished game 11 (Monolith vs Coda-tt-fixes): 1/2-1/2 {Draw by 3-fold repetition}
Rank Name                          Elo     +/-   Games   Score    Draw 
   0 Coda-tt-fixes                 -35     201      10   45.0%   30.0% 
   1 Rodent3                       120     nan       3   66.7%    0.0% 
   2 Crafty                         89     nan       4   62.5%   25.0% 
   3 Monolith                     -120     264       3   33.3%   66.7% 

SPRT: llr 0 (0.0%), lbound -inf, ubound inf
Started game 26 of 150 (Coda-tt-fixes vs Monolith)
Finished game 9 (Coda-tt-fixes vs Rodent3): 1/2-1/2 {Draw by insufficient mating material}
Started game 27 of 150 (Coda-tt-fixes vs Rodent3)
Finished game 5 (Monolith vs Coda-tt-fixes): 1-0 {White wins by adjudication}
Warning: Crafty doesn't have option MoveOverhead
Started game 28 of 150 (Crafty vs Coda-tt-fixes)
Finished game 17 (Monolith vs Coda-tt-fixes): 1-0 {White wins by adjudication}
Started game 29 of 150 (Monolith vs Coda-tt-fixes)
Finished game 1 (Coda-tt-fixes vs Crafty): 0-1 {Black mates}
Warning: Rodent3 doesn't have option MoveOverhead
Started game 30 of 150 (Rodent3 vs Coda-tt-fixes)
Finished game 4 (Crafty vs Coda-tt-fixes): 0-1 {Black mates}
Warning: Crafty doesn't have option MoveOverhead
Started game 31 of 150 (Coda-tt-fixes vs Crafty)
Warning: Illegal ponder move from Monolith: f6g7
Finished game 14 (Coda-tt-fixes vs Monolith): 0-1 {Black mates}
Started game 32 of 150 (Coda-tt-fixes vs Monolith)
Finished game 3 (Coda-tt-fixes vs Rodent3): 1-0 {White wins by adjudication}
Started game 33 of 150 (Coda-tt-fixes vs Rodent3)
Finished game 24 (Rodent3 vs Coda-tt-fixes): 1-0 {White mates}
Warning: Crafty doesn't have option MoveOverhead
Started game 34 of 150 (Crafty vs Coda-tt-fixes)
Finished game 23 (Monolith vs Coda-tt-fixes): 0-1 {Black wins by adjudication}
Started game 35 of 150 (Monolith vs Coda-tt-fixes)
Warning: Illegal PV move a8d5 from Monolith (40)
Warning: PV:  a8d5
Warning: Illegal PV move a8d5 from Monolith (40)
Warning: PV:  a8d5
Warning: Illegal PV move a8d5 from Monolith (40)
Warning: PV:  a8d5
Warning: Illegal PV move a8d5 from Monolith (40)
Warning: PV:  a8d5
Warning: Illegal PV move a8d5 from Monolith (40)
Warning: PV:  a8d5
Warning: Illegal PV move h2h1 from Monolith (40)
Warning: PV: Kf2 h2h1
Warning: Illegal PV move h2h1 from Monolith (40)
Warning: PV: Kf2 h2h1
Warning: Illegal PV move h2h1 from Monolith (40)
Warning: PV: Kf2 h2h1
Warning: Illegal PV move h2h1 from Monolith (40)
Warning: PV: Kf2 h2h1
Warning: Illegal PV move h2h1 from Monolith (40)
Warning: PV: Kf2 h2h1
Warning: Illegal PV move h2h1 from Monolith (40)
Warning: PV: Kf2 h2h1
Warning: Illegal PV move h2h1 from Monolith (40)
Warning: PV: Kf2 h2h1
Warning: Illegal PV move h2h1 from Monolith (40)
Warning: PV: Kf2 h2h1
Warning: Illegal PV move h2h1 from Monolith (40)
Warning: PV: Kf2 h2h1
Warning: Illegal PV move h2h1 from Monolith (40)
Warning: PV: Kf2 h2h1
Warning: Illegal PV move h2h1 from Monolith (40)
Warning: PV: Kf2 h2h1
Warning: Illegal PV move h2h1 from Monolith (40)
Warning: PV: Kf2 h2h1
Warning: Illegal PV move h2h1 from Monolith (40)
Warning: PV: Kf2 h2h1
Warning: Illegal ponder move from Monolith: h2h1
Finished game 18 (Rodent3 vs Coda-tt-fixes): 0-1 {Black wins by adjudication}
Rank Name                          Elo     +/-   Games   Score    Draw 
   0 Coda-tt-fixes                 -35     145      20   45.0%   20.0% 
   1 Crafty                         58     350       6   58.3%   16.7% 
   2 Monolith                       50     262       7   57.1%   28.6% 
   3 Rodent3                         0     291       7   50.0%   14.3% 

SPRT: llr 0 (0.0%), lbound -inf, ubound inf
Started game 36 of 150 (Rodent3 vs Coda-tt-fixes)
Finished game 20 (Coda-tt-fixes vs Monolith): 1-0 {White wins by adjudication}
Warning: Crafty doesn't have option MoveOverhead
Started game 37 of 150 (Coda-tt-fixes vs Crafty)
Finished game 19 (Coda-tt-fixes vs Crafty): 0-1 {Black mates}
Warning: Monolith doesn't have option MoveOverhead
Started game 38 of 150 (Coda-tt-fixes vs Monolith)
Finished game 32 (Coda-tt-fixes vs Monolith): 0-1 {Black wins by adjudication}
Warning: Rodent3 doesn't have option MoveOverhead
Started game 39 of 150 (Coda-tt-fixes vs Rodent3)
Finished game 28 (Crafty vs Coda-tt-fixes): 1-0 {White mates}
Finished game 21 (Coda-tt-fixes vs Rodent3): 1-0 {White wins by adjudication}
Warning: Crafty doesn't have option MoveOverhead
Started game 40 of 150 (Crafty vs Coda-tt-fixes)
Warning: Monolith doesn't have option MoveOverhead
Started game 41 of 150 (Monolith vs Coda-tt-fixes)
Finished game 27 (Coda-tt-fixes vs Rodent3): 0-1 {Black wins by adjudication}
Started game 42 of 150 (Rodent3 vs Coda-tt-fixes)
Finished game 33 (Coda-tt-fixes vs Rodent3): 0-1 {Black wins by adjudication}
Warning: Crafty doesn't have option MoveOverhead
Started game 43 of 150 (Coda-tt-fixes vs Crafty)
Finished game 25 (Coda-tt-fixes vs Crafty): 0-1 {Black mates}
Warning: Monolith doesn't have option MoveOverhead
Started game 44 of 150 (Coda-tt-fixes vs Monolith)
Finished game 30 (Rodent3 vs Coda-tt-fixes): 1-0 {White wins by adjudication}
Started game 45 of 150 (Coda-tt-fixes vs Rodent3)
Finished game 26 (Coda-tt-fixes vs Monolith): 0-1 {Black wins by adjudication}
Rank Name                          Elo     +/-   Games   Score    Draw 
   0 Coda-tt-fixes                 -95     126      30   36.7%   13.3% 
   1 Crafty                        166     453       9   72.2%   11.1% 
   2 Monolith                       70     226      10   60.0%   20.0% 
   3 Rodent3                        64     230      11   59.1%    9.1% 

SPRT: llr 0 (0.0%), lbound -inf, ubound inf
Warning: Crafty doesn't have option MoveOverhead
Started game 46 of 150 (Crafty vs Coda-tt-fixes)
Finished game 38 (Coda-tt-fixes vs Monolith): 0-1 {Black wins by adjudication}
Started game 47 of 150 (Monolith vs Coda-tt-fixes)
Finished game 42 (Rodent3 vs Coda-tt-fixes): 1-0 {White wins by adjudication}
Started game 48 of 150 (Rodent3 vs Coda-tt-fixes)
Finished game 31 (Coda-tt-fixes vs Crafty): 0-1 {Black mates}
Warning: Crafty doesn't have option MoveOverhead
Started game 49 of 150 (Coda-tt-fixes vs Crafty)
Finished game 45 (Coda-tt-fixes vs Rodent3): 0-1 {Black wins by adjudication}
Warning: Monolith doesn't have option MoveOverhead
Started game 50 of 150 (Coda-tt-fixes vs Monolith)
Finished game 22 (Crafty vs Coda-tt-fixes): 1/2-1/2 {Draw by fifty moves rule}
Warning: Rodent3 doesn't have option MoveOverhead
Started game 51 of 150 (Coda-tt-fixes vs Rodent3)
Finished game 34 (Crafty vs Coda-tt-fixes): 0-1 {Black mates}
Warning: Crafty doesn't have option MoveOverhead
Started game 52 of 150 (Crafty vs Coda-tt-fixes)
Finished game 29 (Monolith vs Coda-tt-fixes): 1-0 {White wins by adjudication}
Started game 53 of 150 (Monolith vs Coda-tt-fixes)
Finished game 35 (Monolith vs Coda-tt-fixes): 1-0 {White wins by adjudication}
Warning: Rodent3 doesn't have option MoveOverhead
Started game 54 of 150 (Rodent3 vs Coda-tt-fixes)
Finished game 40 (Crafty vs Coda-tt-fixes): 1-0 {White mates}
Warning: Crafty doesn't have option MoveOverhead
Started game 55 of 150 (Coda-tt-fixes vs Crafty)
Finished game 36 (Rodent3 vs Coda-tt-fixes): 1/2-1/2 {Draw by adjudication}
Rank Name                          Elo     +/-   Games   Score    Draw 
   0 Coda-tt-fixes                -127     109      40   32.5%   15.0% 
   1 Monolith                      141     223      13   69.2%   15.4% 
   2 Crafty                        141     223      13   69.2%   15.4% 
   3 Rodent3                       102     198      14   64.3%   14.3% 

SPRT: llr 0 (0.0%), lbound -inf, ubound inf
Warning: Monolith doesn't have option MoveOverhead
Started game 56 of 150 (Coda-tt-fixes vs Monolith)
Finished game 44 (Coda-tt-fixes vs Monolith): 1-0 {White wins by adjudication}
Warning: Rodent3 doesn't have option MoveOverhead
Started game 57 of 150 (Coda-tt-fixes vs Rodent3)
Finished game 41 (Monolith vs Coda-tt-fixes): 0-1 {Black wins by adjudication}
Warning: Crafty doesn't have option MoveOverhead
Started game 58 of 150 (Crafty vs Coda-tt-fixes)
Finished game 39 (Coda-tt-fixes vs Rodent3): 1-0 {White wins by adjudication}
Warning: Monolith doesn't have option MoveOverhead
Started game 59 of 150 (Monolith vs Coda-tt-fixes)
Finished game 37 (Coda-tt-fixes vs Crafty): 1-0 {White mates}
Warning: Rodent3 doesn't have option MoveOverhead
Started game 60 of 150 (Rodent3 vs Coda-tt-fixes)
Finished game 47 (Monolith vs Coda-tt-fixes): 0-1 {Black wins by adjudication}
Warning: Crafty doesn't have option MoveOverhead
Started game 61 of 150 (Coda-tt-fixes vs Crafty)
Finished game 43 (Coda-tt-fixes vs Crafty): 1-0 {White mates}
Warning: Monolith doesn't have option MoveOverhead
Started game 62 of 150 (Coda-tt-fixes vs Monolith)
Finished game 50 (Coda-tt-fixes vs Monolith): 1/2-1/2 {Draw by 3-fold repetition}
Warning: Rodent3 doesn't have option MoveOverhead
Started game 63 of 150 (Coda-tt-fixes vs Rodent3)
Finished game 46 (Crafty vs Coda-tt-fixes): 0-1 {Black mates}
Finished game 54 (Rodent3 vs Coda-tt-fixes): 0-1 {Black wins by adjudication}
Finished game 51 (Coda-tt-fixes vs Rodent3): 1-0 {White wins by adjudication}
Rank Name                          Elo     +/-   Games   Score    Draw 
   0 Coda-tt-fixes                 -35      92      50   45.0%   14.0% 
   1 Crafty                         44     174      16   56.3%   12.5% 
   2 Monolith                       41     162      17   55.9%   17.6% 
   3 Rodent3                        20     167      17   52.9%   11.8% 

SPRT: llr 0 (0.0%), lbound -inf, ubound inf
Started game 66 of 150 (Rodent3 vs Coda-tt-fixes)
Warning: Crafty doesn't have option MoveOverhead
Started game 64 of 150 (Crafty vs Coda-tt-fixes)
Warning: Monolith doesn't have option MoveOverhead
Started game 65 of 150 (Monolith vs Coda-tt-fixes)
Finished game 49 (Coda-tt-fixes vs Crafty): 0-1 {Black mates}
Warning: Crafty doesn't have option MoveOverhead
Started game 67 of 150 (Coda-tt-fixes vs Crafty)
Finished game 48 (Rodent3 vs Coda-tt-fixes): 0-1 {Black wins by adjudication}
Warning: Monolith doesn't have option MoveOverhead
Started game 68 of 150 (Coda-tt-fixes vs Monolith)
Finished game 53 (Monolith vs Coda-tt-fixes): 0-1 {Black wins by adjudication}
Warning: Rodent3 doesn't have option MoveOverhead
Started game 69 of 150 (Coda-tt-fixes vs Rodent3)
Finished game 52 (Crafty vs Coda-tt-fixes): 0-1 {Black mates}
Warning: Crafty doesn't have option MoveOverhead
Started game 70 of 150 (Crafty vs Coda-tt-fixes)
Finished game 55 (Coda-tt-fixes vs Crafty): 0-1 {Black mates}
Finished game 65 (Monolith vs Coda-tt-fixes): 1-0 {White wins by adjudication}
Warning: Monolith doesn't have option MoveOverhead
Started game 71 of 150 (Monolith vs Coda-tt-fixes)
Warning: Rodent3 doesn't have option MoveOverhead
Started game 72 of 150 (Rodent3 vs Coda-tt-fixes)
Finished game 57 (Coda-tt-fixes vs Rodent3): 0-1 {Black wins by adjudication}
Warning: Crafty doesn't have option MoveOverhead
Started game 73 of 150 (Coda-tt-fixes vs Crafty)
Warning: Illegal ponder move from Monolith: f5e4
Finished game 59 (Monolith vs Coda-tt-fixes): 1-0 {White mates}
Started game 74 of 150 (Coda-tt-fixes vs Monolith)
Finished game 62 (Coda-tt-fixes vs Monolith): 0-1 {Black wins by adjudication}
Warning: Rodent3 doesn't have option MoveOverhead
Started game 75 of 150 (Coda-tt-fixes vs Rodent3)
Finished game 60 (Rodent3 vs Coda-tt-fixes): 1-0 {White wins by adjudication}
Rank Name                          Elo     +/-   Games   Score    Draw 
   0 Coda-tt-fixes                 -53      85      60   42.5%   11.7% 
   1 Monolith                       67     149      21   59.5%   14.3% 
   2 Crafty                         55     161      19   57.9%   10.5% 
   3 Rodent3                        35     155      20   55.0%   10.0% 

SPRT: llr 0 (0.0%), lbound -inf, ubound inf
Warning: Crafty doesn't have option MoveOverhead
Started game 76 of 150 (Crafty vs Coda-tt-fixes)
Finished game 68 (Coda-tt-fixes vs Monolith): 0-1 {Black wins by adjudication}
Started game 77 of 150 (Monolith vs Coda-tt-fixes)
Finished game 58 (Crafty vs Coda-tt-fixes): 1-0 {White mates}
Warning: Rodent3 doesn't have option MoveOverhead
Started game 78 of 150 (Rodent3 vs Coda-tt-fixes)
Finished game 63 (Coda-tt-fixes vs Rodent3): 0-1 {Black wins by adjudication}
Warning: Crafty doesn't have option MoveOverhead
Started game 79 of 150 (Coda-tt-fixes vs Crafty)
Finished game 56 (Coda-tt-fixes vs Monolith): 0-1 {Black wins by adjudication}
Started game 80 of 150 (Coda-tt-fixes vs Monolith)
Finished game 69 (Coda-tt-fixes vs Rodent3): 1-0 {White wins by adjudication}
Started game 81 of 150 (Coda-tt-fixes vs Rodent3)
Finished game 78 (Rodent3 vs Coda-tt-fixes): 1-0 {White wins by adjudication}
Warning: Crafty doesn't have option MoveOverhead
Started game 82 of 150 (Crafty vs Coda-tt-fixes)
Finished game 61 (Coda-tt-fixes vs Crafty): 0-1 {Black mates}
Finished game 70 (Crafty vs Coda-tt-fixes): 1-0 {White mates}
Warning: Rodent3 doesn't have option MoveOverhead
Warning: Monolith doesn't have option MoveOverhead
Started game 83 of 150 (Monolith vs Coda-tt-fixes)
Started game 84 of 150 (Rodent3 vs Coda-tt-fixes)
Finished game 72 (Rodent3 vs Coda-tt-fixes): 0-1 {Black wins by adjudication}
Warning: Crafty doesn't have option MoveOverhead
Started game 85 of 150 (Coda-tt-fixes vs Crafty)
Finished game 75 (Coda-tt-fixes vs Rodent3): 1-0 {White wins by adjudication}
Rank Name                          Elo     +/-   Games   Score    Draw 
   0 Coda-tt-fixes                 -65      80      70   40.7%   10.0% 
   1 Crafty                         97     155      22   63.6%    9.1% 
   2 Monolith                       93     146      23   63.0%   13.0% 
   3 Rodent3                        14     137      25   52.0%    8.0% 

SPRT: llr 0 (0.0%), lbound -inf, ubound inf
Warning: Monolith doesn't have option MoveOverhead
Started game 86 of 150 (Coda-tt-fixes vs Monolith)
Finished game 64 (Crafty vs Coda-tt-fixes): 0-1 {Black mates}
Warning: Rodent3 doesn't have option MoveOverhead
Started game 87 of 150 (Coda-tt-fixes vs Rodent3)
Finished game 66 (Rodent3 vs Coda-tt-fixes): 1-0 {White wins by adjudication}
Warning: Crafty doesn't have option MoveOverhead
Started game 88 of 150 (Crafty vs Coda-tt-fixes)
Finished game 73 (Coda-tt-fixes vs Crafty): 1-0 {White mates}
Warning: Monolith doesn't have option MoveOverhead
Started game 89 of 150 (Monolith vs Coda-tt-fixes)
Finished game 67 (Coda-tt-fixes vs Crafty): 1-0 {White mates}
Warning: Rodent3 doesn't have option MoveOverhead
Started game 90 of 150 (Rodent3 vs Coda-tt-fixes)
Finished game 81 (Coda-tt-fixes vs Rodent3): 1-0 {White wins by adjudication}
Warning: Crafty doesn't have option MoveOverhead
Started game 91 of 150 (Coda-tt-fixes vs Crafty)
Finished game 74 (Coda-tt-fixes vs Monolith): 1-0 {White wins by adjudication}
Started game 92 of 150 (Coda-tt-fixes vs Monolith)
Finished game 84 (Rodent3 vs Coda-tt-fixes): 0-1 {Black wins by adjudication}
Started game 93 of 150 (Coda-tt-fixes vs Rodent3)
Finished game 82 (Crafty vs Coda-tt-fixes): 1-0 {White mates}
Warning: Crafty doesn't have option MoveOverhead
Started game 94 of 150 (Crafty vs Coda-tt-fixes)
Finished game 79 (Coda-tt-fixes vs Crafty): 0-1 {Black mates}
Warning: Monolith doesn't have option MoveOverhead
Started game 95 of 150 (Monolith vs Coda-tt-fixes)
Finished game 86 (Coda-tt-fixes vs Monolith): 1-0 {White wins by adjudication}
Rank Name                          Elo     +/-   Games   Score    Draw 
   0 Coda-tt-fixes                 -39      74      80   44.4%    8.8% 
   1 Crafty                         65     135      27   59.3%    7.4% 
   2 Monolith                       56     136      25   58.0%   12.0% 
   3 Rodent3                         0     130      28   50.0%    7.1% 

SPRT: llr 0 (0.0%), lbound -inf, ubound inf
Warning: Rodent3 doesn't have option MoveOverhead
Started game 96 of 150 (Rodent3 vs Coda-tt-fixes)
Warning: Illegal ponder move from Monolith: g7h6
Finished game 71 (Monolith vs Coda-tt-fixes): 1/2-1/2 {Draw by fifty moves rule}
Warning: Crafty doesn't have option MoveOverhead
Started game 97 of 150 (Coda-tt-fixes vs Crafty)
Finished game 80 (Coda-tt-fixes vs Monolith): 1-0 {White wins by adjudication}
Started game 98 of 150 (Coda-tt-fixes vs Monolith)
Finished game 85 (Coda-tt-fixes vs Crafty): 1-0 {White mates}
Warning: Rodent3 doesn't have option MoveOverhead
Started game 99 of 150 (Coda-tt-fixes vs Rodent3)
Finished game 93 (Coda-tt-fixes vs Rodent3): 1-0 {White wins by adjudication}
Warning: Crafty doesn't have option MoveOverhead
Started game 100 of 150 (Crafty vs Coda-tt-fixes)
Finished game 87 (Coda-tt-fixes vs Rodent3): 1-0 {White wins by adjudication}
Warning: Monolith doesn't have option MoveOverhead
Started game 101 of 150 (Monolith vs Coda-tt-fixes)
Finished game 90 (Rodent3 vs Coda-tt-fixes): 1-0 {White wins by adjudication}
Started game 102 of 150 (Rodent3 vs Coda-tt-fixes)
Finished game 88 (Crafty vs Coda-tt-fixes): 1-0 {White mates}
Warning: Crafty doesn't have option MoveOverhead
Started game 103 of 150 (Coda-tt-fixes vs Crafty)
Finished game 76 (Crafty vs Coda-tt-fixes): 1/2-1/2 {Draw by 3-fold repetition}
Finished game 77 (Monolith vs Coda-tt-fixes): 1/2-1/2 {Draw by 3-fold repetition}
Warning: Monolith doesn't have option MoveOverhead
Warning: Rodent3 doesn't have option MoveOverhead
Started game 104 of 150 (Coda-tt-fixes vs Monolith)
Started game 105 of 150 (Coda-tt-fixes vs Rodent3)
Finished game 83 (Monolith vs Coda-tt-fixes): 0-1 {Black wins by adjudication}
Rank Name                          Elo     +/-   Games   Score    Draw 
   0 Coda-tt-fixes                 -23      69      90   46.7%   11.1% 
   1 Crafty                         58     125      30   58.3%   10.0% 
   2 Monolith                       24     120      29   53.4%   17.2% 
   3 Rodent3                       -11     123      31   48.4%    6.5% 

SPRT: llr 0 (0.0%), lbound -inf, ubound inf
Warning: Crafty doesn't have option MoveOverhead
Started game 106 of 150 (Crafty vs Coda-tt-fixes)
Finished game 89 (Monolith vs Coda-tt-fixes): 0-1 {Black wins by adjudication}
Started game 107 of 150 (Monolith vs Coda-tt-fixes)
Finished game 95 (Monolith vs Coda-tt-fixes): 0-1 {Black wins by adjudication}
Warning: Rodent3 doesn't have option MoveOverhead
Started game 108 of 150 (Rodent3 vs Coda-tt-fixes)
Finished game 97 (Coda-tt-fixes vs Crafty): 0-1 {Black mates}
Warning: Crafty doesn't have option MoveOverhead
Started game 109 of 150 (Coda-tt-fixes vs Crafty)
Finished game 94 (Crafty vs Coda-tt-fixes): 0-1 {Black mates}
Warning: Monolith doesn't have option MoveOverhead
Started game 110 of 150 (Coda-tt-fixes vs Monolith)
Finished game 91 (Coda-tt-fixes vs Crafty): 0-1 {Black mates}
Warning: Rodent3 doesn't have option MoveOverhead
Started game 111 of 150 (Coda-tt-fixes vs Rodent3)
Finished game 92 (Coda-tt-fixes vs Monolith): 1-0 {White wins by adjudication}
Warning: Crafty doesn't have option MoveOverhead
Started game 112 of 150 (Crafty vs Coda-tt-fixes)
Finished game 96 (Rodent3 vs Coda-tt-fixes): 1-0 {White wins by adjudication}
Warning: Monolith doesn't have option MoveOverhead
Started game 113 of 150 (Monolith vs Coda-tt-fixes)
Finished game 105 (Coda-tt-fixes vs Rodent3): 1-0 {White wins by adjudication}
Started game 114 of 150 (Rodent3 vs Coda-tt-fixes)
Finished game 98 (Coda-tt-fixes vs Monolith): 0-1 {Black wins by adjudication}
Warning: Crafty doesn't have option MoveOverhead
Started game 115 of 150 (Coda-tt-fixes vs Crafty)
Finished game 100 (Crafty vs Coda-tt-fixes): 1-0 {White mates}
Rank Name                          Elo     +/-   Games   Score    Draw 
   0 Coda-tt-fixes                 -21      65     100   47.0%   10.0% 
   1 Crafty                         73     119      34   60.3%    8.8% 
   2 Monolith                        0     113      33   50.0%   15.2% 
   3 Rodent3                       -11     119      33   48.5%    6.1% 

SPRT: llr 0 (0.0%), lbound -inf, ubound inf
Finished game 107 (Monolith vs Coda-tt-fixes): 0-1 {Black wins by adjudication}
Warning: Rodent3 doesn't have option MoveOverhead
Warning: Monolith doesn't have option MoveOverhead
Started game 116 of 150 (Coda-tt-fixes vs Monolith)
Started game 117 of 150 (Coda-tt-fixes vs Rodent3)
Finished game 103 (Coda-tt-fixes vs Crafty): 0-1 {Black mates}
Finished game 104 (Coda-tt-fixes vs Monolith): 0-1 {Black wins by adjudication}
Started game 119 of 150 (Monolith vs Coda-tt-fixes)
Warning: Crafty doesn't have option MoveOverhead
Started game 118 of 150 (Crafty vs Coda-tt-fixes)
Finished game 102 (Rodent3 vs Coda-tt-fixes): 0-1 {Black wins by adjudication}
Started game 120 of 150 (Rodent3 vs Coda-tt-fixes)
Finished game 99 (Coda-tt-fixes vs Rodent3): 0-1 {Black wins by adjudication}
Warning: Crafty doesn't have option MoveOverhead
Started game 121 of 150 (Coda-tt-fixes vs Crafty)
Finished game 106 (Crafty vs Coda-tt-fixes): 0-1 {Black mates}
Warning: Monolith doesn't have option MoveOverhead
Started game 122 of 150 (Coda-tt-fixes vs Monolith)
Finished game 108 (Rodent3 vs Coda-tt-fixes): 0-1 {Black wins by adjudication}
Started game 123 of 150 (Coda-tt-fixes vs Rodent3)
Finished game 116 (Coda-tt-fixes vs Monolith): 0-1 {Black wins by adjudication}
Finished game 110 (Coda-tt-fixes vs Monolith): 0-1 {Black wins by adjudication}
Started game 125 of 150 (Monolith vs Coda-tt-fixes)
Warning: Crafty doesn't have option MoveOverhead
Started game 124 of 150 (Crafty vs Coda-tt-fixes)
Finished game 101 (Monolith vs Coda-tt-fixes): 0-1 {Black wins by adjudication}
Rank Name                          Elo     +/-   Games   Score    Draw 
   0 Coda-tt-fixes                 -19      63     110   47.3%    9.1% 
   1 Crafty                         68     115      36   59.7%    8.3% 
   2 Monolith                        9     106      38   51.3%   13.2% 
   3 Rodent3                       -19     114      36   47.2%    5.6% 

SPRT: llr 0 (0.0%), lbound -inf, ubound inf
Warning: Rodent3 doesn't have option MoveOverhead
Started game 126 of 150 (Rodent3 vs Coda-tt-fixes)
Finished game 114 (Rodent3 vs Coda-tt-fixes): 1-0 {White wins by adjudication}
Warning: Crafty doesn't have option MoveOverhead
Started game 127 of 150 (Coda-tt-fixes vs Crafty)
Finished game 117 (Coda-tt-fixes vs Rodent3): 0-1 {Black wins by adjudication}
Warning: Monolith doesn't have option MoveOverhead
Started game 128 of 150 (Coda-tt-fixes vs Monolith)
Finished game 109 (Coda-tt-fixes vs Crafty): 0-1 {Black mates}
Warning: Rodent3 doesn't have option MoveOverhead
Started game 129 of 150 (Coda-tt-fixes vs Rodent3)
Finished game 111 (Coda-tt-fixes vs Rodent3): 1-0 {White wins by adjudication}
Warning: Crafty doesn't have option MoveOverhead
Started game 130 of 150 (Crafty vs Coda-tt-fixes)
Finished game 115 (Coda-tt-fixes vs Crafty): 1-0 {White mates}
Warning: Monolith doesn't have option MoveOverhead
Started game 131 of 150 (Monolith vs Coda-tt-fixes)
Finished game 113 (Monolith vs Coda-tt-fixes): 0-1 {Black wins by adjudication}
Warning: Rodent3 doesn't have option MoveOverhead
Started game 132 of 150 (Rodent3 vs Coda-tt-fixes)
Finished game 112 (Crafty vs Coda-tt-fixes): 1-0 {White mates}
Warning: Crafty doesn't have option MoveOverhead
Started game 133 of 150 (Coda-tt-fixes vs Crafty)
Finished game 118 (Crafty vs Coda-tt-fixes): 0-1 {Black mates}
Warning: Monolith doesn't have option MoveOverhead
Started game 134 of 150 (Coda-tt-fixes vs Monolith)
Finished game 126 (Rodent3 vs Coda-tt-fixes): 0-1 {Black wins by adjudication}
Started game 135 of 150 (Coda-tt-fixes vs Rodent3)
Warning: Illegal ponder move from Monolith: c4d3
Finished game 121 (Coda-tt-fixes vs Crafty): 1-0 {White mates}
Rank Name                          Elo     +/-   Games   Score    Draw 
   0 Coda-tt-fixes                 -12      60     120   48.3%    8.3% 
   1 Crafty                         51     107      41   57.3%    7.3% 
   2 Monolith                        0     105      39   50.0%   12.8% 
   3 Rodent3                       -17     108      40   47.5%    5.0% 

SPRT: llr 0 (0.0%), lbound -inf, ubound inf
Warning: Crafty doesn't have option MoveOverhead
Started game 136 of 150 (Crafty vs Coda-tt-fixes)
Finished game 119 (Monolith vs Coda-tt-fixes): 0-1 {Black wins by adjudication}
Started game 137 of 150 (Monolith vs Coda-tt-fixes)
Finished game 122 (Coda-tt-fixes vs Monolith): 1-0 {White wins by adjudication}
Warning: Rodent3 doesn't have option MoveOverhead
Started game 138 of 150 (Rodent3 vs Coda-tt-fixes)
Finished game 120 (Rodent3 vs Coda-tt-fixes): 1-0 {White wins by adjudication}
Warning: Crafty doesn't have option MoveOverhead
Started game 139 of 150 (Coda-tt-fixes vs Crafty)
Finished game 127 (Coda-tt-fixes vs Crafty): 0-1 {Black mates}
Warning: Monolith doesn't have option MoveOverhead
Started game 140 of 150 (Coda-tt-fixes vs Monolith)
Finished game 132 (Rodent3 vs Coda-tt-fixes): 0-1 {Black mates}
Started game 141 of 150 (Coda-tt-fixes vs Rodent3)
Finished game 123 (Coda-tt-fixes vs Rodent3): 0-1 {Black wins by adjudication}
Warning: Crafty doesn't have option MoveOverhead
Started game 142 of 150 (Crafty vs Coda-tt-fixes)
Finished game 131 (Monolith vs Coda-tt-fixes): 1-0 {White wins by adjudication}
Started game 143 of 150 (Monolith vs Coda-tt-fixes)
Finished game 125 (Monolith vs Coda-tt-fixes): 1-0 {White wins by adjudication}
Warning: Rodent3 doesn't have option MoveOverhead
Started game 144 of 150 (Rodent3 vs Coda-tt-fixes)
Finished game 138 (Rodent3 vs Coda-tt-fixes): 1-0 {White wins by adjudication}
Warning: Crafty doesn't have option MoveOverhead
Started game 145 of 150 (Coda-tt-fixes vs Crafty)
Finished game 128 (Coda-tt-fixes vs Monolith): 0-1 {Black wins by adjudication}
Rank Name                          Elo     +/-   Games   Score    Draw 
   0 Coda-tt-fixes                 -21      58     130   46.9%    7.7% 
   1 Crafty                         58     106      42   58.3%    7.1% 
   2 Monolith                        8      99      44   51.1%   11.4% 
   3 Rodent3                         0     103      44   50.0%    4.5% 

SPRT: llr 0 (0.0%), lbound -inf, ubound inf
Started game 146 of 150 (Coda-tt-fixes vs Monolith)
Finished game 124 (Crafty vs Coda-tt-fixes): 1-0 {White mates}
Warning: Rodent3 doesn't have option MoveOverhead
Started game 147 of 150 (Coda-tt-fixes vs Rodent3)
Finished game 130 (Crafty vs Coda-tt-fixes): 0-1 {Black mates}
Warning: Crafty doesn't have option MoveOverhead
Started game 148 of 150 (Crafty vs Coda-tt-fixes)
Finished game 134 (Coda-tt-fixes vs Monolith): 0-1 {Black wins by adjudication}
Started game 149 of 150 (Monolith vs Coda-tt-fixes)
Finished game 133 (Coda-tt-fixes vs Crafty): 0-1 {Black mates}
Warning: Rodent3 doesn't have option MoveOverhead
Finished game 135 (Coda-tt-fixes vs Rodent3): 1-0 {White wins by adjudication}
Started game 150 of 150 (Rodent3 vs Coda-tt-fixes)
Finished game 141 (Coda-tt-fixes vs Rodent3): 0-1 {Black wins by adjudication}
Finished game 144 (Rodent3 vs Coda-tt-fixes): 0-1 {Black wins by adjudication}
Finished game 129 (Coda-tt-fixes vs Rodent3): 0-1 {Black wins by adjudication}
Finished game 139 (Coda-tt-fixes vs Crafty): 0-1 {Black mates}
Finished game 142 (Crafty vs Coda-tt-fixes): 1-0 {White mates}
Rank Name                          Elo     +/-   Games   Score    Draw 
   0 Coda-tt-fixes                 -30      56     140   45.7%    7.1% 
   1 Crafty                         75     101      47   60.6%    6.4% 
   2 Monolith                       15      98      45   52.2%   11.1% 
   3 Rodent3                         0      99      48   50.0%    4.2% 

SPRT: llr 0 (0.0%), lbound -inf, ubound inf
Finished game 143 (Monolith vs Coda-tt-fixes): 1-0 {White wins by adjudication}
Finished game 136 (Crafty vs Coda-tt-fixes): 1-0 {White mates}
Finished game 146 (Coda-tt-fixes vs Monolith): 0-1 {Black wins by adjudication}
Finished game 137 (Monolith vs Coda-tt-fixes): 1/2-1/2 {Draw by insufficient mating material}
Finished game 140 (Coda-tt-fixes vs Monolith): 1-0 {White wins by adjudication}
Finished game 145 (Coda-tt-fixes vs Crafty): 0-1 {Black mates}
Finished game 147 (Coda-tt-fixes vs Rodent3): 1/2-1/2 {Draw by 3-fold repetition}
Finished game 149 (Monolith vs Coda-tt-fixes): 1-0 {White wins by adjudication}
Finished game 148 (Crafty vs Coda-tt-fixes): 1-0 {White mates}
Finished game 150 (Rodent3 vs Coda-tt-fixes): 1-0 {White wins by adjudication}
Rank Name                          Elo     +/-   Games   Score    Draw 
   0 Coda-tt-fixes                 -42      54     150   44.0%    8.0% 
   1 Crafty                         92     100      50   63.0%    6.0% 
   2 Monolith                       28      93      50   54.0%   12.0% 
   3 Rodent3                         7      96      50   51.0%    6.0% 

SPRT: llr 0 (0.0%), lbound -inf, ubound inf

Player: Coda-tt-fixes
   "Draw by 3-fold repetition": 7
   "Draw by adjudication": 1
   "Draw by fifty moves rule": 2
   "Draw by insufficient mating material": 2
   "Loss: Black mates": 18
   "Loss: Black wins by adjudication": 24
   "Loss: White mates": 15
   "Loss: White wins by adjudication": 21
   "Win: Black mates": 10
   "Win: Black wins by adjudication": 21
   "Win: White mates": 8
   "Win: White wins by adjudication": 21
Player: Crafty
   "Draw by 3-fold repetition": 2
   "Draw by fifty moves rule": 1
   "Loss: Black mates": 9
   "Loss: White mates": 8
   "Win: Black mates": 17
   "Win: White mates": 13
Player: Monolith
   "Draw by 3-fold repetition": 4
   "Draw by fifty moves rule": 1
   "Draw by insufficient mating material": 1
   "Loss: Black wins by adjudication": 11
   "Loss: White wins by adjudication": 9
   "Win: Black mates": 1
   "Win: Black wins by adjudication": 13
   "Win: White mates": 1
   "Win: White wins by adjudication": 9
Player: Rodent3
   "Draw by 3-fold repetition": 1
   "Draw by adjudication": 1
   "Draw by insufficient mating material": 1
   "Loss: Black mates": 1
   "Loss: Black wins by adjudication": 10
   "Loss: White wins by adjudication": 12
   "Win: Black wins by adjudication": 11
   "Win: White mates": 1
   "Win: White wins by adjudication": 12
Finished match
