Indexing opening suite...
Warning: Rodent3 doesn't have option MoveOverhead
Warning: Rodent3 doesn't have option MoveOverhead
Warning: Crafty doesn't have option MoveOverhead
Warning: Crafty doesn't have option MoveOverhead
Warning: Monolith doesn't have option MoveOverhead
Warning: Rodent3 doesn't have option MoveOverhead
Warning: Monolith doesn't have option MoveOverhead
Warning: Crafty doesn't have option MoveOverhead
Started game 4 of 150 (Crafty vs Coda-fix3-lmr)
Warning: Rodent3 doesn't have option MoveOverhead
Warning: Monolith doesn't have option MoveOverhead
Started game 7 of 150 (Coda-fix3-lmr vs Crafty)
Started game 1 of 150 (Coda-fix3-lmr vs Crafty)
Started game 5 of 150 (Monolith vs Coda-fix3-lmr)
Started game 3 of 150 (Coda-fix3-lmr vs Rodent3)
Warning: Rodent3 doesn't have option MoveOverhead
Started game 2 of 150 (Coda-fix3-lmr vs Monolith)
Started game 9 of 150 (Coda-fix3-lmr vs Rodent3)
Warning: Monolith doesn't have option MoveOverhead
Warning: Crafty doesn't have option MoveOverhead
Started game 8 of 150 (Coda-fix3-lmr vs Monolith)
Started game 6 of 150 (Rodent3 vs Coda-fix3-lmr)
Warning: Monolith doesn't have option MoveOverhead
Warning: Crafty doesn't have option MoveOverhead
Started game 11 of 150 (Monolith vs Coda-fix3-lmr)
Warning: Crafty doesn't have option MoveOverhead
Started game 14 of 150 (Coda-fix3-lmr vs Monolith)
Started game 10 of 150 (Crafty vs Coda-fix3-lmr)
Started game 12 of 150 (Rodent3 vs Coda-fix3-lmr)
Started game 15 of 150 (Coda-fix3-lmr vs Rodent3)
Started game 13 of 150 (Coda-fix3-lmr vs Crafty)
Started game 16 of 150 (Crafty vs Coda-fix3-lmr)
Finished game 6 (Rodent3 vs Coda-fix3-lmr): 1-0 {White wins by adjudication}
Warning: Monolith doesn't have option MoveOverhead
Started game 17 of 150 (Monolith vs Coda-fix3-lmr)
Finished game 4 (Crafty vs Coda-fix3-lmr): 1-0 {White mates}
Warning: Rodent3 doesn't have option MoveOverhead
Started game 18 of 150 (Rodent3 vs Coda-fix3-lmr)
Finished game 7 (Coda-fix3-lmr vs Crafty): 0-1 {Black mates}
Warning: Crafty doesn't have option MoveOverhead
Started game 19 of 150 (Coda-fix3-lmr vs Crafty)
Finished game 11 (Monolith vs Coda-fix3-lmr): 0-1 {Black wins by adjudication}
Started game 20 of 150 (Coda-fix3-lmr vs Monolith)
Finished game 3 (Coda-fix3-lmr vs Rodent3): 0-1 {Black wins by adjudication}
Started game 21 of 150 (Coda-fix3-lmr vs Rodent3)
Finished game 15 (Coda-fix3-lmr vs Rodent3): 1-0 {White wins by adjudication}
Warning: Crafty doesn't have option MoveOverhead
Started game 22 of 150 (Crafty vs Coda-fix3-lmr)
Finished game 12 (Rodent3 vs Coda-fix3-lmr): 1-0 {White wins by adjudication}
Warning: Monolith doesn't have option MoveOverhead
Started game 23 of 150 (Monolith vs Coda-fix3-lmr)
Finished game 10 (Crafty vs Coda-fix3-lmr): 1-0 {White mates}
Warning: Rodent3 doesn't have option MoveOverhead
Started game 24 of 150 (Rodent3 vs Coda-fix3-lmr)
Finished game 9 (Coda-fix3-lmr vs Rodent3): 1-0 {White wins by adjudication}
Finished game 13 (Coda-fix3-lmr vs Crafty): 0-1 {Black mates}
Rank Name                          Elo     +/-   Games   Score    Draw 
   0 Coda-fix3-lmr                -147     385      10   30.0%    0.0% 
   1 Crafty                        inf     nan       4  100.0%    0.0% 
   2 Rodent3                        70     nan       5   60.0%    0.0% 
   3 Monolith                     -inf     nan       1    0.0%    0.0% 

SPRT: llr 0 (0.0%), lbound -inf, ubound inf
Warning: Crafty doesn't have option MoveOverhead
Started game 25 of 150 (Coda-fix3-lmr vs Crafty)
Warning: Monolith doesn't have option MoveOverhead
Finished game 14 (Coda-fix3-lmr vs Monolith): 0-1 {Black wins by adjudication}
Started game 26 of 150 (Coda-fix3-lmr vs Monolith)
Warning: Rodent3 doesn't have option MoveOverhead
Started game 27 of 150 (Coda-fix3-lmr vs Rodent3)
Finished game 1 (Coda-fix3-lmr vs Crafty): 0-1 {Black mates}
Warning: Crafty doesn't have option MoveOverhead
Started game 28 of 150 (Crafty vs Coda-fix3-lmr)
Finished game 5 (Monolith vs Coda-fix3-lmr): 0-1 {Black wins by adjudication}
Started game 29 of 150 (Monolith vs Coda-fix3-lmr)
Finished game 8 (Coda-fix3-lmr vs Monolith): 1-0 {White wins by adjudication}
Warning: Rodent3 doesn't have option MoveOverhead
Finished game 21 (Coda-fix3-lmr vs Rodent3): 0-1 {Black wins by adjudication}
Started game 30 of 150 (Rodent3 vs Coda-fix3-lmr)
Warning: Crafty doesn't have option MoveOverhead
Started game 31 of 150 (Coda-fix3-lmr vs Crafty)
Finished game 24 (Rodent3 vs Coda-fix3-lmr): 1/2-1/2 {Draw by 3-fold repetition}
Warning: Monolith doesn't have option MoveOverhead
Started game 32 of 150 (Coda-fix3-lmr vs Monolith)
Finished game 18 (Rodent3 vs Coda-fix3-lmr): 0-1 {Black wins by adjudication}
Started game 33 of 150 (Coda-fix3-lmr vs Rodent3)
Finished game 19 (Coda-fix3-lmr vs Crafty): 1-0 {White mates}
Warning: Crafty doesn't have option MoveOverhead
Started game 34 of 150 (Crafty vs Coda-fix3-lmr)
Finished game 17 (Monolith vs Coda-fix3-lmr): 0-1 {Black wins by adjudication}
Started game 35 of 150 (Monolith vs Coda-fix3-lmr)
Finished game 23 (Monolith vs Coda-fix3-lmr): 1-0 {White wins by adjudication}
Rank Name                          Elo     +/-   Games   Score    Draw 
   0 Coda-fix3-lmr                 -53     161      20   42.5%    5.0% 
   1 Crafty                        280     nan       6   83.3%    0.0% 
   2 Rodent3                        44     275       8   56.3%   12.5% 
   3 Monolith                     -120     nan       6   33.3%    0.0% 

SPRT: llr 0 (0.0%), lbound -inf, ubound inf
Warning: Rodent3 doesn't have option MoveOverhead
Started game 36 of 150 (Rodent3 vs Coda-fix3-lmr)
Finished game 16 (Crafty vs Coda-fix3-lmr): 1/2-1/2 {Draw by fifty moves rule}
Warning: Crafty doesn't have option MoveOverhead
Started game 37 of 150 (Coda-fix3-lmr vs Crafty)
Finished game 2 (Coda-fix3-lmr vs Monolith): 1/2-1/2 {Draw by 3-fold repetition}
Started game 38 of 150 (Coda-fix3-lmr vs Monolith)
Finished game 20 (Coda-fix3-lmr vs Monolith): 0-1 {Black wins by adjudication}
Warning: Rodent3 doesn't have option MoveOverhead
Started game 39 of 150 (Coda-fix3-lmr vs Rodent3)
Finished game 29 (Monolith vs Coda-fix3-lmr): 0-1 {Black wins by adjudication}
Warning: Crafty doesn't have option MoveOverhead
Started game 40 of 150 (Crafty vs Coda-fix3-lmr)
Finished game 26 (Coda-fix3-lmr vs Monolith): 1-0 {White wins by adjudication}
Started game 41 of 150 (Monolith vs Coda-fix3-lmr)
Finished game 22 (Crafty vs Coda-fix3-lmr): 1-0 {White mates}
Warning: Rodent3 doesn't have option MoveOverhead
Started game 42 of 150 (Rodent3 vs Coda-fix3-lmr)
Finished game 33 (Coda-fix3-lmr vs Rodent3): 0-1 {Black wins by adjudication}
Warning: Crafty doesn't have option MoveOverhead
Started game 43 of 150 (Coda-fix3-lmr vs Crafty)
Finished game 27 (Coda-fix3-lmr vs Rodent3): 0-1 {Black wins by adjudication}
Warning: Monolith doesn't have option MoveOverhead
Started game 44 of 150 (Coda-fix3-lmr vs Monolith)
Finished game 37 (Coda-fix3-lmr vs Crafty): 0-1 {Black mates}
Warning: Rodent3 doesn't have option MoveOverhead
Started game 45 of 150 (Coda-fix3-lmr vs Rodent3)
Finished game 36 (Rodent3 vs Coda-fix3-lmr): 0-1 {Black wins by adjudication}
Rank Name                          Elo     +/-   Games   Score    Draw 
   0 Coda-fix3-lmr                 -58     125      30   41.7%   10.0% 
   1 Crafty                        280     nan       9   83.3%   11.1% 
   2 Rodent3                        64     230      11   59.1%    9.1% 
   3 Monolith                     -108     268      10   35.0%   10.0% 

SPRT: llr 0 (0.0%), lbound -inf, ubound inf
Warning: Crafty doesn't have option MoveOverhead
Started game 46 of 150 (Crafty vs Coda-fix3-lmr)
Finished game 34 (Crafty vs Coda-fix3-lmr): 1/2-1/2 {Draw by 3-fold repetition}
Warning: Monolith doesn't have option MoveOverhead
Started game 47 of 150 (Monolith vs Coda-fix3-lmr)
Finished game 32 (Coda-fix3-lmr vs Monolith): 0-1 {Black wins by adjudication}
Warning: Rodent3 doesn't have option MoveOverhead
Started game 48 of 150 (Rodent3 vs Coda-fix3-lmr)
Finished game 30 (Rodent3 vs Coda-fix3-lmr): 0-1 {Black wins by adjudication}
Warning: Crafty doesn't have option MoveOverhead
Started game 49 of 150 (Coda-fix3-lmr vs Crafty)
Finished game 28 (Crafty vs Coda-fix3-lmr): 1-0 {White mates}
Warning: Monolith doesn't have option MoveOverhead
Started game 50 of 150 (Coda-fix3-lmr vs Monolith)
Finished game 38 (Coda-fix3-lmr vs Monolith): 0-1 {Black wins by adjudication}
Warning: Rodent3 doesn't have option MoveOverhead
Started game 51 of 150 (Coda-fix3-lmr vs Rodent3)
Finished game 31 (Coda-fix3-lmr vs Crafty): 1-0 {White mates}
Warning: Crafty doesn't have option MoveOverhead
Started game 52 of 150 (Crafty vs Coda-fix3-lmr)
Finished game 25 (Coda-fix3-lmr vs Crafty): 1-0 {White mates}
Warning: Monolith doesn't have option MoveOverhead
Started game 53 of 150 (Monolith vs Coda-fix3-lmr)
Finished game 41 (Monolith vs Coda-fix3-lmr): 1-0 {White wins by adjudication}
Warning: Rodent3 doesn't have option MoveOverhead
Started game 54 of 150 (Rodent3 vs Coda-fix3-lmr)
Finished game 39 (Coda-fix3-lmr vs Rodent3): 1-0 {White wins by adjudication}
Warning: Crafty doesn't have option MoveOverhead
Started game 55 of 150 (Coda-fix3-lmr vs Crafty)
Finished game 45 (Coda-fix3-lmr vs Rodent3): 0-1 {Black wins by adjudication}
Rank Name                          Elo     +/-   Games   Score    Draw 
   0 Coda-fix3-lmr                 -53     106      40   42.5%   10.0% 
   1 Crafty                        141     223      13   69.2%   15.4% 
   2 Rodent3                        25     194      14   53.6%    7.1% 
   3 Monolith                        0     201      13   50.0%    7.7% 

SPRT: llr 0 (0.0%), lbound -inf, ubound inf
Warning: Monolith doesn't have option MoveOverhead
Started game 56 of 150 (Coda-fix3-lmr vs Monolith)
Finished game 42 (Rodent3 vs Coda-fix3-lmr): 1-0 {White wins by adjudication}
Started game 57 of 150 (Coda-fix3-lmr vs Rodent3)
Finished game 40 (Crafty vs Coda-fix3-lmr): 0-1 {Black mates}
Warning: Crafty doesn't have option MoveOverhead
Started game 58 of 150 (Crafty vs Coda-fix3-lmr)
Finished game 35 (Monolith vs Coda-fix3-lmr): 0-1 {Black wins by adjudication}
Started game 59 of 150 (Monolith vs Coda-fix3-lmr)
Finished game 46 (Crafty vs Coda-fix3-lmr): 0-1 {Black mates}
Warning: Rodent3 doesn't have option MoveOverhead
Finished game 57 (Coda-fix3-lmr vs Rodent3): 0-1 {Black wins by adjudication}
Started game 60 of 150 (Rodent3 vs Coda-fix3-lmr)
Warning: Crafty doesn't have option MoveOverhead
Started game 61 of 150 (Coda-fix3-lmr vs Crafty)
Finished game 51 (Coda-fix3-lmr vs Rodent3): 0-1 {Black wins by adjudication}
Finished game 43 (Coda-fix3-lmr vs Crafty): 0-1 {Black mates}
Warning: Rodent3 doesn't have option MoveOverhead
Warning: Monolith doesn't have option MoveOverhead
Started game 62 of 150 (Coda-fix3-lmr vs Monolith)
Started game 63 of 150 (Coda-fix3-lmr vs Rodent3)
Finished game 49 (Coda-fix3-lmr vs Crafty): 0-1 {Black mates}
Warning: Crafty doesn't have option MoveOverhead
Started game 64 of 150 (Crafty vs Coda-fix3-lmr)
Finished game 44 (Coda-fix3-lmr vs Monolith): 1-0 {White wins by adjudication}
Started game 65 of 150 (Monolith vs Coda-fix3-lmr)
Finished game 48 (Rodent3 vs Coda-fix3-lmr): 0-1 {Black wins by adjudication}
Rank Name                          Elo     +/-   Games   Score    Draw 
   0 Coda-fix3-lmr                 -42      95      50   44.0%    8.0% 
   1 Crafty                        105     179      17   64.7%   11.8% 
   2 Rodent3                        58     172      18   58.3%    5.6% 
   3 Monolith                      -47     189      15   43.3%    6.7% 

SPRT: llr 0 (0.0%), lbound -inf, ubound inf
Started game 66 of 150 (Rodent3 vs Coda-fix3-lmr)
Finished game 50 (Coda-fix3-lmr vs Monolith): 1/2-1/2 {Draw by 3-fold repetition}
Warning: Crafty doesn't have option MoveOverhead
Started game 67 of 150 (Coda-fix3-lmr vs Crafty)
Finished game 52 (Crafty vs Coda-fix3-lmr): 1-0 {White mates}
Warning: Monolith doesn't have option MoveOverhead
Finished game 58 (Crafty vs Coda-fix3-lmr): 1-0 {White mates}
Started game 68 of 150 (Coda-fix3-lmr vs Monolith)
Warning: Rodent3 doesn't have option MoveOverhead
Started game 69 of 150 (Coda-fix3-lmr vs Rodent3)
Finished game 54 (Rodent3 vs Coda-fix3-lmr): 1/2-1/2 {Draw by 3-fold repetition}
Warning: Crafty doesn't have option MoveOverhead
Started game 70 of 150 (Crafty vs Coda-fix3-lmr)
Finished game 53 (Monolith vs Coda-fix3-lmr): 0-1 {Black wins by adjudication}
Started game 71 of 150 (Monolith vs Coda-fix3-lmr)
Warning: Illegal ponder move from Monolith: h8h7
Warning: Illegal ponder move from Monolith: h8h7
Finished game 59 (Monolith vs Coda-fix3-lmr): 1/2-1/2 {Draw by 3-fold repetition}
Warning: Rodent3 doesn't have option MoveOverhead
Started game 72 of 150 (Rodent3 vs Coda-fix3-lmr)
Finished game 60 (Rodent3 vs Coda-fix3-lmr): 0-1 {Black wins by adjudication}
Warning: Crafty doesn't have option MoveOverhead
Started game 73 of 150 (Coda-fix3-lmr vs Crafty)
Finished game 66 (Rodent3 vs Coda-fix3-lmr): 1-0 {White wins by adjudication}
Warning: Monolith doesn't have option MoveOverhead
Started game 74 of 150 (Coda-fix3-lmr vs Monolith)
Finished game 56 (Coda-fix3-lmr vs Monolith): 1-0 {White wins by adjudication}
Warning: Rodent3 doesn't have option MoveOverhead
Started game 75 of 150 (Coda-fix3-lmr vs Rodent3)
Finished game 63 (Coda-fix3-lmr vs Rodent3): 1-0 {White wins by adjudication}
Rank Name                          Elo     +/-   Games   Score    Draw 
   0 Coda-fix3-lmr                 -29      84      60   45.8%   11.7% 
   1 Crafty                        134     177      19   68.4%   10.5% 
   2 Rodent3                        32     147      22   54.5%    9.1% 
   3 Monolith                      -74     157      19   39.5%   15.8% 

SPRT: llr 0 (0.0%), lbound -inf, ubound inf
Warning: Crafty doesn't have option MoveOverhead
Started game 76 of 150 (Crafty vs Coda-fix3-lmr)
Finished game 55 (Coda-fix3-lmr vs Crafty): 1-0 {White mates}
Finished game 65 (Monolith vs Coda-fix3-lmr): 1-0 {White wins by adjudication}
Warning: Rodent3 doesn't have option MoveOverhead
Warning: Monolith doesn't have option MoveOverhead
Started game 77 of 150 (Monolith vs Coda-fix3-lmr)
Started game 78 of 150 (Rodent3 vs Coda-fix3-lmr)
Finished game 47 (Monolith vs Coda-fix3-lmr): 0-1 {Black wins by adjudication}
Warning: Crafty doesn't have option MoveOverhead
Started game 79 of 150 (Coda-fix3-lmr vs Crafty)
Finished game 62 (Coda-fix3-lmr vs Monolith): 1-0 {White wins by adjudication}
Started game 80 of 150 (Coda-fix3-lmr vs Monolith)
Finished game 64 (Crafty vs Coda-fix3-lmr): 1-0 {White mates}
Warning: Rodent3 doesn't have option MoveOverhead
Started game 81 of 150 (Coda-fix3-lmr vs Rodent3)
Finished game 61 (Coda-fix3-lmr vs Crafty): 1-0 {White mates}
Warning: Crafty doesn't have option MoveOverhead
Started game 82 of 150 (Crafty vs Coda-fix3-lmr)
Finished game 74 (Coda-fix3-lmr vs Monolith): 0-1 {Black wins by adjudication}
Started game 83 of 150 (Monolith vs Coda-fix3-lmr)
Finished game 70 (Crafty vs Coda-fix3-lmr): 1-0 {White mates}
Warning: Rodent3 doesn't have option MoveOverhead
Started game 84 of 150 (Rodent3 vs Coda-fix3-lmr)
Warning: Illegal ponder move from Monolith: e7f8q
Warning: Illegal ponder move from Monolith: e7f8q
Warning: Illegal ponder move from Monolith: e7f8q
Finished game 68 (Coda-fix3-lmr vs Monolith): 1/2-1/2 {Draw by 3-fold repetition}
Warning: Crafty doesn't have option MoveOverhead
Started game 85 of 150 (Coda-fix3-lmr vs Crafty)
Finished game 72 (Rodent3 vs Coda-fix3-lmr): 1-0 {White wins by adjudication}
Rank Name                          Elo     +/-   Games   Score    Draw 
   0 Coda-fix3-lmr                 -30      78      70   45.7%   11.4% 
   1 Crafty                        109     153      23   65.2%    8.7% 
   2 Rodent3                        46     145      23   56.5%    8.7% 
   3 Monolith                      -58     135      24   41.7%   16.7% 

SPRT: llr 0 (0.0%), lbound -inf, ubound inf
Warning: Monolith doesn't have option MoveOverhead
Started game 86 of 150 (Coda-fix3-lmr vs Monolith)
Finished game 75 (Coda-fix3-lmr vs Rodent3): 1-0 {White wins by adjudication}
Started game 87 of 150 (Coda-fix3-lmr vs Rodent3)
Finished game 73 (Coda-fix3-lmr vs Crafty): 0-1 {Black mates}
Warning: Crafty doesn't have option MoveOverhead
Started game 88 of 150 (Crafty vs Coda-fix3-lmr)
Finished game 67 (Coda-fix3-lmr vs Crafty): 1-0 {White mates}
Warning: Monolith doesn't have option MoveOverhead
Started game 89 of 150 (Monolith vs Coda-fix3-lmr)
Finished game 71 (Monolith vs Coda-fix3-lmr): 1-0 {White wins by adjudication}
Warning: Rodent3 doesn't have option MoveOverhead
Started game 90 of 150 (Rodent3 vs Coda-fix3-lmr)
Finished game 80 (Coda-fix3-lmr vs Monolith): 0-1 {Black wins by adjudication}
Warning: Crafty doesn't have option MoveOverhead
Started game 91 of 150 (Coda-fix3-lmr vs Crafty)
Finished game 77 (Monolith vs Coda-fix3-lmr): 0-1 {Black wins by adjudication}
Started game 92 of 150 (Coda-fix3-lmr vs Monolith)
Finished game 82 (Crafty vs Coda-fix3-lmr): 1-0 {White mates}
Warning: Rodent3 doesn't have option MoveOverhead
Started game 93 of 150 (Coda-fix3-lmr vs Rodent3)
Finished game 78 (Rodent3 vs Coda-fix3-lmr): 1-0 {White wins by adjudication}
Warning: Crafty doesn't have option MoveOverhead
Started game 94 of 150 (Crafty vs Coda-fix3-lmr)
Finished game 76 (Crafty vs Coda-fix3-lmr): 0-1 {Black mates}
Warning: Monolith doesn't have option MoveOverhead
Started game 95 of 150 (Monolith vs Coda-fix3-lmr)
Finished game 81 (Coda-fix3-lmr vs Rodent3): 1-0 {White wins by adjudication}
Rank Name                          Elo     +/-   Games   Score    Draw 
   0 Coda-fix3-lmr                 -26      73      80   46.3%   10.0% 
   1 Crafty                         92     138      27   63.0%    7.4% 
   2 Rodent3                        27     135      26   53.8%    7.7% 
   3 Monolith                      -39     127      27   44.4%   14.8% 

SPRT: llr 0 (0.0%), lbound -inf, ubound inf
Started game 96 of 150 (Rodent3 vs Coda-fix3-lmr)
Finished game 79 (Coda-fix3-lmr vs Crafty): 0-1 {Black mates}
Warning: Crafty doesn't have option MoveOverhead
Started game 97 of 150 (Coda-fix3-lmr vs Crafty)
Finished game 86 (Coda-fix3-lmr vs Monolith): 0-1 {Black wins by adjudication}
Started game 98 of 150 (Coda-fix3-lmr vs Monolith)
Finished game 69 (Coda-fix3-lmr vs Rodent3): 1/2-1/2 {Draw by stalemate}
Started game 99 of 150 (Coda-fix3-lmr vs Rodent3)
Finished game 92 (Coda-fix3-lmr vs Monolith): 0-1 {Black wins by adjudication}
Warning: Crafty doesn't have option MoveOverhead
Started game 100 of 150 (Crafty vs Coda-fix3-lmr)
Finished game 90 (Rodent3 vs Coda-fix3-lmr): 1-0 {White wins by adjudication}
Warning: Monolith doesn't have option MoveOverhead
Started game 101 of 150 (Monolith vs Coda-fix3-lmr)
Finished game 89 (Monolith vs Coda-fix3-lmr): 1-0 {White wins by adjudication}
Warning: Rodent3 doesn't have option MoveOverhead
Finished game 83 (Monolith vs Coda-fix3-lmr): 0-1 {Black wins by adjudication}
Started game 102 of 150 (Rodent3 vs Coda-fix3-lmr)
Warning: Crafty doesn't have option MoveOverhead
Started game 103 of 150 (Coda-fix3-lmr vs Crafty)
Finished game 84 (Rodent3 vs Coda-fix3-lmr): 0-1 {Black wins by adjudication}
Warning: Monolith doesn't have option MoveOverhead
Started game 104 of 150 (Coda-fix3-lmr vs Monolith)
Finished game 96 (Rodent3 vs Coda-fix3-lmr): 0-1 {Black wins by adjudication}
Started game 105 of 150 (Coda-fix3-lmr vs Rodent3)
Finished game 88 (Crafty vs Coda-fix3-lmr): 1/2-1/2 {Draw by stalemate}
Rank Name                          Elo     +/-   Games   Score    Draw 
   0 Coda-fix3-lmr                 -31      69      90   45.6%   11.1% 
   1 Crafty                         98     131      29   63.8%   10.3% 
   2 Rodent3                        12     123      30   51.7%   10.0% 
   3 Monolith                      -11     118      31   48.4%   12.9% 

SPRT: llr 0 (0.0%), lbound -inf, ubound inf
Warning: Crafty doesn't have option MoveOverhead
Started game 106 of 150 (Crafty vs Coda-fix3-lmr)
Finished game 85 (Coda-fix3-lmr vs Crafty): 1-0 {White mates}
Warning: Monolith doesn't have option MoveOverhead
Started game 107 of 150 (Monolith vs Coda-fix3-lmr)
Finished game 87 (Coda-fix3-lmr vs Rodent3): 1-0 {White wins by adjudication}
Started game 108 of 150 (Rodent3 vs Coda-fix3-lmr)
Finished game 98 (Coda-fix3-lmr vs Monolith): 1-0 {White wins by adjudication}
Warning: Crafty doesn't have option MoveOverhead
Started game 109 of 150 (Coda-fix3-lmr vs Crafty)
Finished game 91 (Coda-fix3-lmr vs Crafty): 1-0 {White mates}
Warning: Monolith doesn't have option MoveOverhead
Started game 110 of 150 (Coda-fix3-lmr vs Monolith)
Finished game 94 (Crafty vs Coda-fix3-lmr): 1/2-1/2 {Draw by insufficient mating material}
Warning: Rodent3 doesn't have option MoveOverhead
Started game 111 of 150 (Coda-fix3-lmr vs Rodent3)
Finished game 102 (Rodent3 vs Coda-fix3-lmr): 1-0 {White wins by adjudication}
Warning: Crafty doesn't have option MoveOverhead
Started game 112 of 150 (Crafty vs Coda-fix3-lmr)
Finished game 101 (Monolith vs Coda-fix3-lmr): 1-0 {White wins by adjudication}
Started game 113 of 150 (Monolith vs Coda-fix3-lmr)
Finished game 99 (Coda-fix3-lmr vs Rodent3): 1/2-1/2 {Draw by 3-fold repetition}
Started game 114 of 150 (Rodent3 vs Coda-fix3-lmr)
Finished game 97 (Coda-fix3-lmr vs Crafty): 1/2-1/2 {Draw by 3-fold repetition}
Warning: Crafty doesn't have option MoveOverhead
Started game 115 of 150 (Coda-fix3-lmr vs Crafty)
Finished game 93 (Coda-fix3-lmr vs Rodent3): 1/2-1/2 {Draw by insufficient mating material}
Rank Name                          Elo     +/-   Games   Score    Draw 
   0 Coda-fix3-lmr                 -21      64     100   47.0%   14.0% 
   1 Crafty                         64     115      33   59.1%   15.2% 
   2 Rodent3                        10     111      34   51.5%   14.7% 
   3 Monolith                      -11     115      33   48.5%   12.1% 

SPRT: llr 0 (0.0%), lbound -inf, ubound inf
Warning: Monolith doesn't have option MoveOverhead
Finished game 95 (Monolith vs Coda-fix3-lmr): 1/2-1/2 {Draw by 3-fold repetition}
Started game 116 of 150 (Coda-fix3-lmr vs Monolith)
Warning: Rodent3 doesn't have option MoveOverhead
Started game 117 of 150 (Coda-fix3-lmr vs Rodent3)
Finished game 100 (Crafty vs Coda-fix3-lmr): 1-0 {White mates}
Warning: Crafty doesn't have option MoveOverhead
Started game 118 of 150 (Crafty vs Coda-fix3-lmr)
Finished game 107 (Monolith vs Coda-fix3-lmr): 1-0 {White wins by adjudication}
Started game 119 of 150 (Monolith vs Coda-fix3-lmr)
Finished game 105 (Coda-fix3-lmr vs Rodent3): 0-1 {Black wins by adjudication}
Started game 120 of 150 (Rodent3 vs Coda-fix3-lmr)
Finished game 103 (Coda-fix3-lmr vs Crafty): 1/2-1/2 {Draw by stalemate}
Warning: Crafty doesn't have option MoveOverhead
Started game 121 of 150 (Coda-fix3-lmr vs Crafty)
Finished game 104 (Coda-fix3-lmr vs Monolith): 0-1 {Black wins by adjudication}
Started game 122 of 150 (Coda-fix3-lmr vs Monolith)
Finished game 114 (Rodent3 vs Coda-fix3-lmr): 0-1 {Black wins by adjudication}
Started game 123 of 150 (Coda-fix3-lmr vs Rodent3)
Finished game 106 (Crafty vs Coda-fix3-lmr): 1-0 {White mates}
Warning: Crafty doesn't have option MoveOverhead
Started game 124 of 150 (Crafty vs Coda-fix3-lmr)
Finished game 108 (Rodent3 vs Coda-fix3-lmr): 0-1 {Black wins by adjudication}
Warning: Monolith doesn't have option MoveOverhead
Started game 125 of 150 (Monolith vs Coda-fix3-lmr)
Finished game 115 (Coda-fix3-lmr vs Crafty): 0-1 {Black mates}
Rank Name                          Elo     +/-   Games   Score    Draw 
   0 Coda-fix3-lmr                 -32      61     110   45.5%   14.5% 
   1 Crafty                         86     109      37   62.2%   16.2% 
   2 Monolith                       10     109      36   51.4%   13.9% 
   3 Rodent3                         0     107      37   50.0%   13.5% 

SPRT: llr 0 (0.0%), lbound -inf, ubound inf
Warning: Rodent3 doesn't have option MoveOverhead
Started game 126 of 150 (Rodent3 vs Coda-fix3-lmr)
Finished game 119 (Monolith vs Coda-fix3-lmr): 1-0 {White wins by adjudication}
Warning: Crafty doesn't have option MoveOverhead
Started game 127 of 150 (Coda-fix3-lmr vs Crafty)
Finished game 124 (Crafty vs Coda-fix3-lmr): 1-0 {White mates}
Warning: Monolith doesn't have option MoveOverhead
Started game 128 of 150 (Coda-fix3-lmr vs Monolith)
Finished game 116 (Coda-fix3-lmr vs Monolith): 1-0 {White wins by adjudication}
Warning: Rodent3 doesn't have option MoveOverhead
Started game 129 of 150 (Coda-fix3-lmr vs Rodent3)
Finished game 117 (Coda-fix3-lmr vs Rodent3): 1-0 {White wins by adjudication}
Warning: Crafty doesn't have option MoveOverhead
Started game 130 of 150 (Crafty vs Coda-fix3-lmr)
Finished game 126 (Rodent3 vs Coda-fix3-lmr): 1-0 {White mates}
Warning: Monolith doesn't have option MoveOverhead
Started game 131 of 150 (Monolith vs Coda-fix3-lmr)
Finished game 110 (Coda-fix3-lmr vs Monolith): 1-0 {White wins by adjudication}
Warning: Rodent3 doesn't have option MoveOverhead
Started game 132 of 150 (Rodent3 vs Coda-fix3-lmr)
Finished game 112 (Crafty vs Coda-fix3-lmr): 1-0 {White mates}
Warning: Crafty doesn't have option MoveOverhead
Started game 133 of 150 (Coda-fix3-lmr vs Crafty)
Finished game 113 (Monolith vs Coda-fix3-lmr): 1/2-1/2 {Draw by insufficient mating material}
Started game 134 of 150 (Coda-fix3-lmr vs Monolith)
Finished game 111 (Coda-fix3-lmr vs Rodent3): 0-1 {Black wins by adjudication}
Started game 135 of 150 (Coda-fix3-lmr vs Rodent3)
Finished game 121 (Coda-fix3-lmr vs Crafty): 0-1 {Black mates}
Rank Name                          Elo     +/-   Games   Score    Draw 
   0 Coda-fix3-lmr                 -38      58     120   44.6%   14.2% 
   1 Crafty                        108     107      40   65.0%   15.0% 
   2 Rodent3                         9     104      40   51.2%   12.5% 
   3 Monolith                        0     102      40   50.0%   15.0% 

SPRT: llr 0 (0.0%), lbound -inf, ubound inf
Warning: Crafty doesn't have option MoveOverhead
Started game 136 of 150 (Crafty vs Coda-fix3-lmr)
Finished game 120 (Rodent3 vs Coda-fix3-lmr): 0-1 {Black wins by adjudication}
Warning: Monolith doesn't have option MoveOverhead
Started game 137 of 150 (Monolith vs Coda-fix3-lmr)
Finished game 118 (Crafty vs Coda-fix3-lmr): 1-0 {White mates}
Warning: Rodent3 doesn't have option MoveOverhead
Started game 138 of 150 (Rodent3 vs Coda-fix3-lmr)
Finished game 123 (Coda-fix3-lmr vs Rodent3): 1-0 {White wins by adjudication}
Finished game 131 (Monolith vs Coda-fix3-lmr): 1-0 {White wins by adjudication}
Started game 140 of 150 (Coda-fix3-lmr vs Monolith)
Warning: Crafty doesn't have option MoveOverhead
Started game 139 of 150 (Coda-fix3-lmr vs Crafty)
Finished game 122 (Coda-fix3-lmr vs Monolith): 0-1 {Black wins by adjudication}
Warning: Rodent3 doesn't have option MoveOverhead
Started game 141 of 150 (Coda-fix3-lmr vs Rodent3)
Finished game 127 (Coda-fix3-lmr vs Crafty): 1-0 {White mates}
Warning: Crafty doesn't have option MoveOverhead
Started game 142 of 150 (Crafty vs Coda-fix3-lmr)
Finished game 109 (Coda-fix3-lmr vs Crafty): 1-0 {White mates}
Warning: Monolith doesn't have option MoveOverhead
Started game 143 of 150 (Monolith vs Coda-fix3-lmr)
Finished game 135 (Coda-fix3-lmr vs Rodent3): 0-1 {Black wins by adjudication}
Started game 144 of 150 (Rodent3 vs Coda-fix3-lmr)
Warning: Illegal ponder move from Monolith: g5h6
Finished game 125 (Monolith vs Coda-fix3-lmr): 1/2-1/2 {Draw by 3-fold repetition}
Warning: Crafty doesn't have option MoveOverhead
Started game 145 of 150 (Coda-fix3-lmr vs Crafty)
Finished game 128 (Coda-fix3-lmr vs Monolith): 1-0 {White wins by adjudication}
Rank Name                          Elo     +/-   Games   Score    Draw 
   0 Coda-fix3-lmr                 -32      56     130   45.4%   13.8% 
   1 Crafty                         91     102      43   62.8%   14.0% 
   2 Monolith                        8      96      44   51.1%   15.9% 
   3 Rodent3                         0     100      43   50.0%   11.6% 

SPRT: llr 0 (0.0%), lbound -inf, ubound inf
Started game 146 of 150 (Coda-fix3-lmr vs Monolith)
Finished game 132 (Rodent3 vs Coda-fix3-lmr): 1-0 {White wins by adjudication}
Started game 147 of 150 (Coda-fix3-lmr vs Rodent3)
Finished game 133 (Coda-fix3-lmr vs Crafty): 1-0 {White mates}
Warning: Crafty doesn't have option MoveOverhead
Started game 148 of 150 (Crafty vs Coda-fix3-lmr)
Finished game 134 (Coda-fix3-lmr vs Monolith): 0-1 {Black wins by adjudication}
Started game 149 of 150 (Monolith vs Coda-fix3-lmr)
Finished game 137 (Monolith vs Coda-fix3-lmr): 1-0 {White wins by adjudication}
Warning: Rodent3 doesn't have option MoveOverhead
Started game 150 of 150 (Rodent3 vs Coda-fix3-lmr)
Finished game 129 (Coda-fix3-lmr vs Rodent3): 1/2-1/2 {Draw by fifty moves rule}
Finished game 144 (Rodent3 vs Coda-fix3-lmr): 0-1 {Black wins by adjudication}
Finished game 130 (Crafty vs Coda-fix3-lmr): 1/2-1/2 {Draw by fifty moves rule}
Warning: Illegal ponder move from Monolith: a7a8
Finished game 140 (Coda-fix3-lmr vs Monolith): 1/2-1/2 {Draw by 3-fold repetition}
Finished game 141 (Coda-fix3-lmr vs Rodent3): 1-0 {White wins by adjudication}
Finished game 136 (Crafty vs Coda-fix3-lmr): 0-1 {Black mates}
Rank Name                          Elo     +/-   Games   Score    Draw 
   0 Coda-fix3-lmr                 -27      54     140   46.1%   15.0% 
   1 Crafty                         69      96      46   59.8%   15.2% 
   2 Monolith                       22      93      47   53.2%   17.0% 
   3 Rodent3                        -7      95      47   48.9%   12.8% 

SPRT: llr 0 (0.0%), lbound -inf, ubound inf
Finished game 138 (Rodent3 vs Coda-fix3-lmr): 1-0 {White wins by adjudication}
Finished game 147 (Coda-fix3-lmr vs Rodent3): 1-0 {White wins by adjudication}
Finished game 146 (Coda-fix3-lmr vs Monolith): 0-1 {Black wins by adjudication}
Finished game 150 (Rodent3 vs Coda-fix3-lmr): 0-1 {Black wins by adjudication}
Finished game 143 (Monolith vs Coda-fix3-lmr): 0-1 {Black wins by adjudication}
Finished game 142 (Crafty vs Coda-fix3-lmr): 0-1 {Black mates}
Finished game 145 (Coda-fix3-lmr vs Crafty): 1/2-1/2 {Draw by insufficient mating material}
Finished game 148 (Crafty vs Coda-fix3-lmr): 1-0 {White mates}
Finished game 139 (Coda-fix3-lmr vs Crafty): 1/2-1/2 {Draw by fifty moves rule}
Finished game 149 (Monolith vs Coda-fix3-lmr): 1/2-1/2 {Draw by adjudication}
Rank Name                          Elo     +/-   Games   Score    Draw 
   0 Coda-fix3-lmr                 -23      51     150   46.7%   16.0% 
   1 Crafty                         63      90      50   59.0%   18.0% 
   2 Monolith                       21      89      50   53.0%   18.0% 
   3 Rodent3                       -14      92      50   48.0%   12.0% 

SPRT: llr 0 (0.0%), lbound -inf, ubound inf

Player: Coda-fix3-lmr
   "Draw by 3-fold repetition": 12
   "Draw by adjudication": 1
   "Draw by fifty moves rule": 4
   "Draw by insufficient mating material": 4
   "Draw by stalemate": 3
   "Loss: Black mates": 10
   "Loss: Black wins by adjudication": 22
   "Loss: White mates": 16
   "Loss: White wins by adjudication": 20
   "Win: Black mates": 5
   "Win: Black wins by adjudication": 22
   "Win: White mates": 11
   "Win: White wins by adjudication": 20
Player: Crafty
   "Draw by 3-fold repetition": 2
   "Draw by fifty moves rule": 3
   "Draw by insufficient mating material": 2
   "Draw by stalemate": 2
   "Loss: Black mates": 5
   "Loss: White mates": 11
   "Win: Black mates": 10
   "Win: White mates": 15
Player: Monolith
   "Draw by 3-fold repetition": 7
   "Draw by adjudication": 1
   "Draw by insufficient mating material": 1
   "Loss: Black wins by adjudication": 10
   "Loss: White wins by adjudication": 9
   "Win: Black wins by adjudication": 12
   "Win: White wins by adjudication": 10
Player: Rodent3
   "Draw by 3-fold repetition": 3
   "Draw by fifty moves rule": 1
   "Draw by insufficient mating material": 1
   "Draw by stalemate": 1
   "Loss: Black wins by adjudication": 12
   "Loss: White wins by adjudication": 11
   "Win: Black wins by adjudication": 10
   "Win: White mates": 1
   "Win: White wins by adjudication": 10
Finished match
