Indexing opening suite...
Warning: Rodent3 doesn't have option MoveOverhead
Warning: Rodent3 doesn't have option MoveOverhead
Warning: Crafty doesn't have option MoveOverhead
Warning: Crafty doesn't have option MoveOverhead
Warning: Rodent3 doesn't have option MoveOverhead
Warning: Monolith doesn't have option MoveOverhead
Warning: Monolith doesn't have option MoveOverhead
Warning: Crafty doesn't have option MoveOverhead
Started game 2 of 150 (Coda-capord vs Monolith)
Started game 1 of 150 (Coda-capord vs Crafty)
Warning: Crafty doesn't have option MoveOverhead
Warning: Rodent3 doesn't have option MoveOverhead
Started game 5 of 150 (Monolith vs Coda-capord)
Started game 3 of 150 (Coda-capord vs Rodent3)
Started game 4 of 150 (Crafty vs Coda-capord)
Started game 6 of 150 (Rodent3 vs Coda-capord)
Warning: Monolith doesn't have option MoveOverhead
Warning: Crafty doesn't have option MoveOverhead
Warning: Monolith doesn't have option MoveOverhead
Warning: Rodent3 doesn't have option MoveOverhead
Started game 9 of 150 (Coda-capord vs Rodent3)
Started game 8 of 150 (Coda-capord vs Monolith)
Started game 7 of 150 (Coda-capord vs Crafty)
Started game 10 of 150 (Crafty vs Coda-capord)
Started game 12 of 150 (Rodent3 vs Coda-capord)
Warning: Monolith doesn't have option MoveOverhead
Started game 13 of 150 (Coda-capord vs Crafty)
Warning: Crafty doesn't have option MoveOverhead
Started game 16 of 150 (Crafty vs Coda-capord)
Started game 14 of 150 (Coda-capord vs Monolith)
Started game 15 of 150 (Coda-capord vs Rodent3)
Started game 11 of 150 (Monolith vs Coda-capord)
Finished game 11 (Monolith vs Coda-capord): 1-0 {White wins by adjudication}
Started game 17 of 150 (Monolith vs Coda-capord)
Finished game 9 (Coda-capord vs Rodent3): 0-1 {Black wins by adjudication}
Started game 18 of 150 (Rodent3 vs Coda-capord)
Finished game 12 (Rodent3 vs Coda-capord): 1-0 {White wins by adjudication}
Warning: Crafty doesn't have option MoveOverhead
Started game 19 of 150 (Coda-capord vs Crafty)
Finished game 6 (Rodent3 vs Coda-capord): 1-0 {White wins by adjudication}
Warning: Monolith doesn't have option MoveOverhead
Started game 20 of 150 (Coda-capord vs Monolith)
Finished game 4 (Crafty vs Coda-capord): 1-0 {White mates}
Warning: Rodent3 doesn't have option MoveOverhead
Started game 21 of 150 (Coda-capord vs Rodent3)
Finished game 15 (Coda-capord vs Rodent3): 1-0 {White wins by adjudication}
Warning: Crafty doesn't have option MoveOverhead
Started game 22 of 150 (Crafty vs Coda-capord)
Finished game 10 (Crafty vs Coda-capord): 1-0 {White mates}
Warning: Monolith doesn't have option MoveOverhead
Started game 23 of 150 (Monolith vs Coda-capord)
Finished game 3 (Coda-capord vs Rodent3): 1-0 {White wins by adjudication}
Started game 24 of 150 (Rodent3 vs Coda-capord)
Finished game 7 (Coda-capord vs Crafty): 0-1 {Black mates}
Warning: Crafty doesn't have option MoveOverhead
Started game 25 of 150 (Coda-capord vs Crafty)
Finished game 8 (Coda-capord vs Monolith): 0-1 {Black wins by adjudication}
Rank Name                          Elo     +/-   Games   Score    Draw 
   0 Coda-capord                  -241     nan      10   20.0%    0.0% 
   1 Monolith                      inf     nan       2  100.0%    0.0% 
   2 Crafty                        inf     nan       3  100.0%    0.0% 
   3 Rodent3                        70     nan       5   60.0%    0.0% 

SPRT: llr 0 (0.0%), lbound -inf, ubound inf
Started game 26 of 150 (Coda-capord vs Monolith)
Finished game 2 (Coda-capord vs Monolith): 1-0 {White wins by adjudication}
Warning: Rodent3 doesn't have option MoveOverhead
Started game 27 of 150 (Coda-capord vs Rodent3)
Finished game 13 (Coda-capord vs Crafty): 1/2-1/2 {Draw by insufficient mating material}
Warning: Crafty doesn't have option MoveOverhead
Started game 28 of 150 (Crafty vs Coda-capord)
Finished game 16 (Crafty vs Coda-capord): 0-1 {Black mates}
Warning: Monolith doesn't have option MoveOverhead
Started game 29 of 150 (Monolith vs Coda-capord)
Finished game 1 (Coda-capord vs Crafty): 1-0 {White mates}
Warning: Rodent3 doesn't have option MoveOverhead
Started game 30 of 150 (Rodent3 vs Coda-capord)
Finished game 17 (Monolith vs Coda-capord): 1-0 {White wins by adjudication}
Warning: Crafty doesn't have option MoveOverhead
Started game 31 of 150 (Coda-capord vs Crafty)
Finished game 22 (Crafty vs Coda-capord): 1-0 {White mates}
Warning: Monolith doesn't have option MoveOverhead
Started game 32 of 150 (Coda-capord vs Monolith)
Finished game 14 (Coda-capord vs Monolith): 1/2-1/2 {Draw by stalemate}
Warning: Rodent3 doesn't have option MoveOverhead
Started game 33 of 150 (Coda-capord vs Rodent3)
Finished game 18 (Rodent3 vs Coda-capord): 0-1 {Black wins by adjudication}
Warning: Crafty doesn't have option MoveOverhead
Started game 34 of 150 (Crafty vs Coda-capord)
Finished game 19 (Coda-capord vs Crafty): 1/2-1/2 {Draw by 3-fold repetition}
Warning: Monolith doesn't have option MoveOverhead
Started game 35 of 150 (Monolith vs Coda-capord)
Finished game 27 (Coda-capord vs Rodent3): 0-1 {Black wins by adjudication}
Rank Name                          Elo     +/-   Games   Score    Draw 
   0 Coda-capord                   -89     155      20   37.5%   15.0% 
   1 Monolith                      147     nan       5   70.0%   20.0% 
   2 Crafty                         89     261       8   62.5%   25.0% 
   3 Rodent3                        50     353       7   57.1%    0.0% 

SPRT: llr 0 (0.0%), lbound -inf, ubound inf
Started game 36 of 150 (Rodent3 vs Coda-capord)
Finished game 21 (Coda-capord vs Rodent3): 1-0 {White wins by adjudication}
Warning: Crafty doesn't have option MoveOverhead
Started game 37 of 150 (Coda-capord vs Crafty)
Finished game 30 (Rodent3 vs Coda-capord): 1-0 {White wins by adjudication}
Warning: Monolith doesn't have option MoveOverhead
Started game 38 of 150 (Coda-capord vs Monolith)
Finished game 29 (Monolith vs Coda-capord): 1-0 {White wins by adjudication}
Warning: Rodent3 doesn't have option MoveOverhead
Started game 39 of 150 (Coda-capord vs Rodent3)
Finished game 25 (Coda-capord vs Crafty): 0-1 {Black mates}
Warning: Crafty doesn't have option MoveOverhead
Started game 40 of 150 (Crafty vs Coda-capord)
Finished game 5 (Monolith vs Coda-capord): 0-1 {Black wins by adjudication}
Started game 41 of 150 (Monolith vs Coda-capord)
Finished game 23 (Monolith vs Coda-capord): 0-1 {Black wins by adjudication}
Warning: Rodent3 doesn't have option MoveOverhead
Started game 42 of 150 (Rodent3 vs Coda-capord)
Finished game 24 (Rodent3 vs Coda-capord): 1/2-1/2 {Draw by 3-fold repetition}
Finished game 26 (Coda-capord vs Monolith): 0-1 {Black wins by adjudication}
Started game 44 of 150 (Coda-capord vs Monolith)
Warning: Crafty doesn't have option MoveOverhead
Started game 43 of 150 (Coda-capord vs Crafty)
Finished game 28 (Crafty vs Coda-capord): 1-0 {White mates}
Warning: Rodent3 doesn't have option MoveOverhead
Started game 45 of 150 (Coda-capord vs Rodent3)
Finished game 20 (Coda-capord vs Monolith): 0-1 {Black wins by adjudication}
Rank Name                          Elo     +/-   Games   Score    Draw 
   0 Coda-capord                   -95     126      30   36.7%   13.3% 
   1 Crafty                        147     268      10   70.0%   20.0% 
   2 Monolith                      108     268      10   65.0%   10.0% 
   3 Rodent3                        35     237      10   55.0%   10.0% 

SPRT: llr 0 (0.0%), lbound -inf, ubound inf
Warning: Crafty doesn't have option MoveOverhead
Started game 46 of 150 (Crafty vs Coda-capord)
Finished game 40 (Crafty vs Coda-capord): 1-0 {White mates}
Warning: Monolith doesn't have option MoveOverhead
Started game 47 of 150 (Monolith vs Coda-capord)
Finished game 45 (Coda-capord vs Rodent3): 0-1 {Black wins by adjudication}
Started game 48 of 150 (Rodent3 vs Coda-capord)
Finished game 42 (Rodent3 vs Coda-capord): 0-1 {Black wins by adjudication}
Warning: Crafty doesn't have option MoveOverhead
Started game 49 of 150 (Coda-capord vs Crafty)
Finished game 35 (Monolith vs Coda-capord): 0-1 {Black wins by adjudication}
Started game 50 of 150 (Coda-capord vs Monolith)
Finished game 39 (Coda-capord vs Rodent3): 1-0 {White wins by adjudication}
Started game 51 of 150 (Coda-capord vs Rodent3)
Finished game 32 (Coda-capord vs Monolith): 1/2-1/2 {Draw by 3-fold repetition}
Warning: Crafty doesn't have option MoveOverhead
Started game 52 of 150 (Crafty vs Coda-capord)
Finished game 41 (Monolith vs Coda-capord): 1-0 {White wins by adjudication}
Started game 53 of 150 (Monolith vs Coda-capord)
Finished game 31 (Coda-capord vs Crafty): 1/2-1/2 {Draw by insufficient mating material}
Warning: Rodent3 doesn't have option MoveOverhead
Started game 54 of 150 (Rodent3 vs Coda-capord)
Finished game 33 (Coda-capord vs Rodent3): 1-0 {White wins by adjudication}
Warning: Crafty doesn't have option MoveOverhead
Started game 55 of 150 (Coda-capord vs Crafty)
Warning: Illegal ponder move from Monolith: g3h2
Finished game 44 (Coda-capord vs Monolith): 1/2-1/2 {Draw by 3-fold repetition}
Rank Name                          Elo     +/-   Games   Score    Draw 
   0 Coda-capord                   -61     102      40   41.3%   17.5% 
   1 Crafty                        154     218      12   70.8%   25.0% 
   2 Monolith                       76     181      14   60.7%   21.4% 
   3 Rodent3                       -25     194      14   46.4%    7.1% 

SPRT: llr 0 (0.0%), lbound -inf, ubound inf
Started game 56 of 150 (Coda-capord vs Monolith)
Finished game 34 (Crafty vs Coda-capord): 1-0 {White mates}
Warning: Rodent3 doesn't have option MoveOverhead
Started game 57 of 150 (Coda-capord vs Rodent3)
Finished game 43 (Coda-capord vs Crafty): 0-1 {Black mates}
Warning: Crafty doesn't have option MoveOverhead
Started game 58 of 150 (Crafty vs Coda-capord)
Finished game 38 (Coda-capord vs Monolith): 1-0 {White wins by adjudication}
Started game 59 of 150 (Monolith vs Coda-capord)
Finished game 51 (Coda-capord vs Rodent3): 0-1 {Black wins by adjudication}
Started game 60 of 150 (Rodent3 vs Coda-capord)
Finished game 48 (Rodent3 vs Coda-capord): 1-0 {White mates}
Warning: Crafty doesn't have option MoveOverhead
Started game 61 of 150 (Coda-capord vs Crafty)
Finished game 36 (Rodent3 vs Coda-capord): 1/2-1/2 {Draw by 3-fold repetition}
Warning: Monolith doesn't have option MoveOverhead
Started game 62 of 150 (Coda-capord vs Monolith)
Finished game 37 (Coda-capord vs Crafty): 1-0 {White mates}
Warning: Rodent3 doesn't have option MoveOverhead
Started game 63 of 150 (Coda-capord vs Rodent3)
Finished game 57 (Coda-capord vs Rodent3): 0-1 {Black wins by adjudication}
Warning: Crafty doesn't have option MoveOverhead
Started game 64 of 150 (Crafty vs Coda-capord)
Finished game 62 (Coda-capord vs Monolith): 0-1 {Black wins by adjudication}
Started game 65 of 150 (Monolith vs Coda-capord)
Finished game 47 (Monolith vs Coda-capord): 1-0 {White wins by adjudication}
Rank Name                          Elo     +/-   Games   Score    Draw 
   0 Coda-capord                   -85      93      50   38.0%   16.0% 
   1 Crafty                        147     194      15   70.0%   20.0% 
   2 Monolith                       83     167      17   61.8%   17.6% 
   3 Rodent3                        39     163      18   55.6%   11.1% 

SPRT: llr 0 (0.0%), lbound -inf, ubound inf
Warning: Rodent3 doesn't have option MoveOverhead
Started game 66 of 150 (Rodent3 vs Coda-capord)
Finished game 46 (Crafty vs Coda-capord): 1/2-1/2 {Draw by fifty moves rule}
Warning: Crafty doesn't have option MoveOverhead
Started game 67 of 150 (Coda-capord vs Crafty)
Finished game 50 (Coda-capord vs Monolith): 1/2-1/2 {Draw by 3-fold repetition}
Started game 68 of 150 (Coda-capord vs Monolith)
Finished game 56 (Coda-capord vs Monolith): 0-1 {Black wins by adjudication}
Warning: Rodent3 doesn't have option MoveOverhead
Started game 69 of 150 (Coda-capord vs Rodent3)
Finished game 53 (Monolith vs Coda-capord): 0-1 {Black wins by adjudication}
Warning: Crafty doesn't have option MoveOverhead
Started game 70 of 150 (Crafty vs Coda-capord)
Finished game 55 (Coda-capord vs Crafty): 0-1 {Black mates}
