Indexing opening suite...
Warning: Rodent3 doesn't have option MoveOverhead
Warning: Rodent3 doesn't have option MoveOverhead
Warning: Crafty doesn't have option MoveOverhead
Warning: Rodent3 doesn't have option MoveOverhead
Started game 3 of 150 (Coda-baseline vs Rodent3)
Warning: Crafty doesn't have option MoveOverhead
Started game 1 of 150 (Coda-baseline vs Crafty)
Warning: Crafty doesn't have option MoveOverhead
Warning: Rodent3 doesn't have option MoveOverhead
Warning: Monolith doesn't have option MoveOverhead
Started game 4 of 150 (Crafty vs Coda-baseline)
Warning: Crafty doesn't have option MoveOverhead
Warning: Monolith doesn't have option MoveOverhead
Started game 6 of 150 (Rodent3 vs Coda-baseline)
Warning: Monolith doesn't have option MoveOverhead
Started game 2 of 150 (Coda-baseline vs Monolith)
Warning: Rodent3 doesn't have option MoveOverhead
Started game 7 of 150 (Coda-baseline vs Crafty)
Started game 8 of 150 (Coda-baseline vs Monolith)
Started game 5 of 150 (Monolith vs Coda-baseline)
Warning: Monolith doesn't have option MoveOverhead
Warning: Crafty doesn't have option MoveOverhead
Started game 9 of 150 (Coda-baseline vs Rodent3)
Warning: Monolith doesn't have option MoveOverhead
Started game 10 of 150 (Crafty vs Coda-baseline)
Started game 13 of 150 (Coda-baseline vs Crafty)
Started game 11 of 150 (Monolith vs Coda-baseline)
Started game 14 of 150 (Coda-baseline vs Monolith)
Started game 15 of 150 (Coda-baseline vs Rodent3)
Warning: Crafty doesn't have option MoveOverhead
Started game 16 of 150 (Crafty vs Coda-baseline)
Started game 12 of 150 (Rodent3 vs Coda-baseline)
Finished game 11 (Monolith vs Coda-baseline): 1-0 {White wins by adjudication}
Started game 17 of 150 (Monolith vs Coda-baseline)
Finished game 9 (Coda-baseline vs Rodent3): 1-0 {White wins by adjudication}
Started game 18 of 150 (Rodent3 vs Coda-baseline)
Finished game 5 (Monolith vs Coda-baseline): 1-0 {White wins by adjudication}
Warning: Crafty doesn't have option MoveOverhead
Started game 19 of 150 (Coda-baseline vs Crafty)
Finished game 12 (Rodent3 vs Coda-baseline): 0-1 {Black wins by adjudication}
Warning: Monolith doesn't have option MoveOverhead
Started game 20 of 150 (Coda-baseline vs Monolith)
Finished game 6 (Rodent3 vs Coda-baseline): 0-1 {Black wins by adjudication}
Started game 21 of 150 (Coda-baseline vs Rodent3)
Finished game 13 (Coda-baseline vs Crafty): 0-1 {Black mates}
Warning: Crafty doesn't have option MoveOverhead
Started game 22 of 150 (Crafty vs Coda-baseline)
Finished game 1 (Coda-baseline vs Crafty): 0-1 {Black mates}
Warning: Monolith doesn't have option MoveOverhead
Started game 23 of 150 (Monolith vs Coda-baseline)
Finished game 3 (Coda-baseline vs Rodent3): 0-1 {Black wins by adjudication}
Started game 24 of 150 (Rodent3 vs Coda-baseline)
Finished game 15 (Coda-baseline vs Rodent3): 0-1 {Black wins by adjudication}
Warning: Crafty doesn't have option MoveOverhead
Started game 25 of 150 (Coda-baseline vs Crafty)
Finished game 14 (Coda-baseline vs Monolith): 0-1 {Black wins by adjudication}
Rank Name                          Elo     +/-   Games   Score    Draw 
   0 Coda-baseline                -147     385      10   30.0%    0.0% 
   1 Monolith                      inf     nan       3  100.0%    0.0% 
   2 Crafty                        inf     nan       2  100.0%    0.0% 
   3 Rodent3                       -70     nan       5   40.0%    0.0% 

SPRT: llr 0 (0.0%), lbound -inf, ubound inf
Started game 26 of 150 (Coda-baseline vs Monolith)
Finished game 10 (Crafty vs Coda-baseline): 0-1 {Black mates}
Warning: Rodent3 doesn't have option MoveOverhead
Started game 27 of 150 (Coda-baseline vs Rodent3)
Finished game 8 (Coda-baseline vs Monolith): 1/2-1/2 {Draw by 3-fold repetition}
Warning: Crafty doesn't have option MoveOverhead
Started game 28 of 150 (Crafty vs Coda-baseline)
Finished game 16 (Crafty vs Coda-baseline): 1-0 {White mates}
Warning: Monolith doesn't have option MoveOverhead
Started game 29 of 150 (Monolith vs Coda-baseline)
Finished game 21 (Coda-baseline vs Rodent3): 1-0 {White wins by adjudication}
Started game 30 of 150 (Rodent3 vs Coda-baseline)
Finished game 17 (Monolith vs Coda-baseline): 0-1 {Black wins by adjudication}
Warning: Crafty doesn't have option MoveOverhead
Started game 31 of 150 (Coda-baseline vs Crafty)
Finished game 18 (Rodent3 vs Coda-baseline): 0-1 {Black wins by adjudication}
Warning: Monolith doesn't have option MoveOverhead
Started game 32 of 150 (Coda-baseline vs Monolith)
Finished game 2 (Coda-baseline vs Monolith): 1-0 {White wins by adjudication}
Warning: Rodent3 doesn't have option MoveOverhead
Started game 33 of 150 (Coda-baseline vs Rodent3)
Finished game 7 (Coda-baseline vs Crafty): 1-0 {White mates}
Warning: Crafty doesn't have option MoveOverhead
Started game 34 of 150 (Crafty vs Coda-baseline)
Finished game 4 (Crafty vs Coda-baseline): 1/2-1/2 {Draw by insufficient mating material}
Warning: Monolith doesn't have option MoveOverhead
Started game 35 of 150 (Monolith vs Coda-baseline)
Finished game 22 (Crafty vs Coda-baseline): 1-0 {White mates}
Rank Name                          Elo     +/-   Games   Score    Draw 
   0 Coda-baseline                   0     154      20   50.0%   10.0% 
   1 Crafty                        102     364       7   64.3%   14.3% 
   2 Monolith                       58     350       6   58.3%   16.7% 
   3 Rodent3                      -159     nan       7   28.6%    0.0% 

SPRT: llr 0 (0.0%), lbound -inf, ubound inf
Warning: Rodent3 doesn't have option MoveOverhead
Started game 36 of 150 (Rodent3 vs Coda-baseline)
Finished game 20 (Coda-baseline vs Monolith): 1-0 {White wins by adjudication}
Warning: Crafty doesn't have option MoveOverhead
Started game 37 of 150 (Coda-baseline vs Crafty)
Finished game 33 (Coda-baseline vs Rodent3): 0-1 {Black wins by adjudication}
Warning: Monolith doesn't have option MoveOverhead
Started game 38 of 150 (Coda-baseline vs Monolith)
Finished game 23 (Monolith vs Coda-baseline): 0-1 {Black wins by adjudication}
Warning: Rodent3 doesn't have option MoveOverhead
Started game 39 of 150 (Coda-baseline vs Rodent3)
Finished game 26 (Coda-baseline vs Monolith): 1-0 {White wins by adjudication}
Warning: Crafty doesn't have option MoveOverhead
Started game 40 of 150 (Crafty vs Coda-baseline)
Finished game 19 (Coda-baseline vs Crafty): 1/2-1/2 {Draw by 3-fold repetition}
Warning: Monolith doesn't have option MoveOverhead
Started game 41 of 150 (Monolith vs Coda-baseline)
Finished game 30 (Rodent3 vs Coda-baseline): 1-0 {White wins by adjudication}
Started game 42 of 150 (Rodent3 vs Coda-baseline)
Finished game 29 (Monolith vs Coda-baseline): 1-0 {White wins by adjudication}
Warning: Crafty doesn't have option MoveOverhead
Started game 43 of 150 (Coda-baseline vs Crafty)
Finished game 25 (Coda-baseline vs Crafty): 1-0 {White mates}
Warning: Monolith doesn't have option MoveOverhead
Started game 44 of 150 (Coda-baseline vs Monolith)
Finished game 32 (Coda-baseline vs Monolith): 1-0 {White wins by adjudication}
Warning: Rodent3 doesn't have option MoveOverhead
Finished game 39 (Coda-baseline vs Rodent3): 0-1 {Black wins by adjudication}
Rank Name                          Elo     +/-   Games   Score    Draw 
   0 Coda-baseline                  12     123      30   51.7%   10.0% 
   1 Crafty                         39     231       9   55.6%   22.2% 
   2 Rodent3                         0     251      10   50.0%    0.0% 
   3 Monolith                      -64     230      11   40.9%    9.1% 

SPRT: llr 0 (0.0%), lbound -inf, ubound inf
Started game 45 of 150 (Coda-baseline vs Rodent3)
Warning: Crafty doesn't have option MoveOverhead
Started game 46 of 150 (Crafty vs Coda-baseline)
Finished game 28 (Crafty vs Coda-baseline): 0-1 {Black mates}
Warning: Monolith doesn't have option MoveOverhead
Started game 47 of 150 (Monolith vs Coda-baseline)
Finished game 24 (Rodent3 vs Coda-baseline): 1/2-1/2 {Draw by insufficient mating material}
Started game 48 of 150 (Rodent3 vs Coda-baseline)
Finished game 27 (Coda-baseline vs Rodent3): 1-0 {White wins by adjudication}
Warning: Crafty doesn't have option MoveOverhead
Started game 49 of 150 (Coda-baseline vs Crafty)
Finished game 31 (Coda-baseline vs Crafty): 0-1 {Black mates}
Warning: Monolith doesn't have option MoveOverhead
Started game 50 of 150 (Coda-baseline vs Monolith)
Finished game 34 (Crafty vs Coda-baseline): 1/2-1/2 {Draw by 3-fold repetition}
Warning: Rodent3 doesn't have option MoveOverhead
Started game 51 of 150 (Coda-baseline vs Rodent3)
Warning: Illegal ponder move from Monolith: h3c8
Finished game 42 (Rodent3 vs Coda-baseline): 0-1 {Black wins by adjudication}
Warning: Crafty doesn't have option MoveOverhead
Finished game 41 (Monolith vs Coda-baseline): 1/2-1/2 {Draw by 3-fold repetition}
Started game 53 of 150 (Monolith vs Coda-baseline)
Started game 52 of 150 (Crafty vs Coda-baseline)
Finished game 35 (Monolith vs Coda-baseline): 1-0 {White wins by adjudication}
Warning: Rodent3 doesn't have option MoveOverhead
Finished game 37 (Coda-baseline vs Crafty): 1-0 {White mates}
Started game 54 of 150 (Rodent3 vs Coda-baseline)
Warning: Crafty doesn't have option MoveOverhead
Started game 55 of 150 (Coda-baseline vs Crafty)
Warning: Illegal ponder move from Monolith: c5h5
Finished game 47 (Monolith vs Coda-baseline): 1-0 {White mates}
Rank Name                          Elo     +/-   Games   Score    Draw 
   0 Coda-baseline                  17     102      40   52.5%   15.0% 
   1 Monolith                        0     184      14   50.0%   14.3% 
   2 Crafty                          0     180      13   50.0%   23.1% 
   3 Rodent3                       -54     206      13   42.3%    7.7% 

SPRT: llr 0 (0.0%), lbound -inf, ubound inf
Started game 56 of 150 (Coda-baseline vs Monolith)
Finished game 48 (Rodent3 vs Coda-baseline): 1-0 {White wins by adjudication}
Started game 57 of 150 (Coda-baseline vs Rodent3)
Finished game 46 (Crafty vs Coda-baseline): 1-0 {White mates}
Warning: Crafty doesn't have option MoveOverhead
Started game 58 of 150 (Crafty vs Coda-baseline)
Finished game 51 (Coda-baseline vs Rodent3): 1-0 {White wins by adjudication}
Warning: Monolith doesn't have option MoveOverhead
Started game 59 of 150 (Monolith vs Coda-baseline)
Finished game 40 (Crafty vs Coda-baseline): 1/2-1/2 {Draw by 3-fold repetition}
Warning: Rodent3 doesn't have option MoveOverhead
Started game 60 of 150 (Rodent3 vs Coda-baseline)
Finished game 45 (Coda-baseline vs Rodent3): 0-1 {Black wins by adjudication}
Warning: Crafty doesn't have option MoveOverhead
Started game 61 of 150 (Coda-baseline vs Crafty)
Finished game 44 (Coda-baseline vs Monolith): 1/2-1/2 {Draw by 3-fold repetition}
Started game 62 of 150 (Coda-baseline vs Monolith)
Finished game 38 (Coda-baseline vs Monolith): 1-0 {White wins by adjudication}
Finished game 43 (Coda-baseline vs Crafty): 1-0 {White mates}
Warning: Rodent3 doesn't have option MoveOverhead
Warning: Crafty doesn't have option MoveOverhead
Started game 64 of 150 (Crafty vs Coda-baseline)
Started game 63 of 150 (Coda-baseline vs Rodent3)
Finished game 49 (Coda-baseline vs Crafty): 1-0 {White mates}
Warning: Monolith doesn't have option MoveOverhead
Started game 65 of 150 (Monolith vs Coda-baseline)
Finished game 56 (Coda-baseline vs Monolith): 0-1 {Black wins by adjudication}
Rank Name                          Elo     +/-   Games   Score    Draw 
   0 Coda-baseline                  14      90      50   52.0%   16.0% 
   1 Monolith                        0     160      17   50.0%   17.6% 
   2 Crafty                        -20     154      17   47.1%   23.5% 
   3 Rodent3                       -22     180      16   46.9%    6.3% 

SPRT: llr 0 (0.0%), lbound -inf, ubound inf
Warning: Rodent3 doesn't have option MoveOverhead
Started game 66 of 150 (Rodent3 vs Coda-baseline)
Finished game 54 (Rodent3 vs Coda-baseline): 0-1 {Black wins by adjudication}
Warning: Crafty doesn't have option MoveOverhead
Started game 67 of 150 (Coda-baseline vs Crafty)
Finished game 57 (Coda-baseline vs Rodent3): 1-0 {White wins by adjudication}
Warning: Monolith doesn't have option MoveOverhead
Started game 68 of 150 (Coda-baseline vs Monolith)
Finished game 52 (Crafty vs Coda-baseline): 0-1 {Black mates}
Warning: Rodent3 doesn't have option MoveOverhead
Started game 69 of 150 (Coda-baseline vs Rodent3)
Finished game 36 (Rodent3 vs Coda-baseline): 1/2-1/2 {Draw by insufficient mating material}
Warning: Crafty doesn't have option MoveOverhead
Started game 70 of 150 (Crafty vs Coda-baseline)
Finished game 53 (Monolith vs Coda-baseline): 1/2-1/2 {Draw by insufficient mating material}
Started game 71 of 150 (Monolith vs Coda-baseline)
Finished game 50 (Coda-baseline vs Monolith): 1/2-1/2 {Draw by insufficient mating material}
Warning: Rodent3 doesn't have option MoveOverhead
Started game 72 of 150 (Rodent3 vs Coda-baseline)
Finished game 55 (Coda-baseline vs Crafty): 0-1 {Black mates}
Finished game 61 (Coda-baseline vs Crafty): 0-1 {Black mates}
Warning: Crafty doesn't have option MoveOverhead
Started game 73 of 150 (Coda-baseline vs Crafty)
Warning: Monolith doesn't have option MoveOverhead
Started game 74 of 150 (Coda-baseline vs Monolith)
Finished game 58 (Crafty vs Coda-baseline): 1-0 {White mates}
Warning: Rodent3 doesn't have option MoveOverhead
Started game 75 of 150 (Coda-baseline vs Rodent3)
Finished game 62 (Coda-baseline vs Monolith): 0-1 {Black wins by adjudication}
Rank Name                          Elo     +/-   Games   Score    Draw 
   0 Coda-baseline                   6      81      60   50.8%   18.3% 
   1 Monolith                       17     139      20   52.5%   25.0% 
   2 Crafty                         17     141      21   52.4%   19.0% 
   3 Rodent3                       -55     161      19   42.1%   10.5% 

SPRT: llr 0 (0.0%), lbound -inf, ubound inf
Warning: Crafty doesn't have option MoveOverhead
Started game 76 of 150 (Crafty vs Coda-baseline)
Finished game 59 (Monolith vs Coda-baseline): 0-1 {Black wins by adjudication}
Started game 77 of 150 (Monolith vs Coda-baseline)
Finished game 60 (Rodent3 vs Coda-baseline): 0-1 {Black wins by adjudication}
Started game 78 of 150 (Rodent3 vs Coda-baseline)
Finished game 63 (Coda-baseline vs Rodent3): 1-0 {White wins by adjudication}
Warning: Crafty doesn't have option MoveOverhead
Started game 79 of 150 (Coda-baseline vs Crafty)
Finished game 68 (Coda-baseline vs Monolith): 0-1 {Black wins by adjudication}
Started game 80 of 150 (Coda-baseline vs Monolith)
Finished game 69 (Coda-baseline vs Rodent3): 0-1 {Black wins by adjudication}
Started game 81 of 150 (Coda-baseline vs Rodent3)
Finished game 67 (Coda-baseline vs Crafty): 0-1 {Black mates}
Warning: Crafty doesn't have option MoveOverhead
Started game 82 of 150 (Crafty vs Coda-baseline)
Finished game 71 (Monolith vs Coda-baseline): 1-0 {White wins by adjudication}
Started game 83 of 150 (Monolith vs Coda-baseline)
Finished game 65 (Monolith vs Coda-baseline): 1/2-1/2 {Draw by insufficient mating material}
Warning: Rodent3 doesn't have option MoveOverhead
Started game 84 of 150 (Rodent3 vs Coda-baseline)
Finished game 78 (Rodent3 vs Coda-baseline): 1-0 {White wins by adjudication}
Warning: Crafty doesn't have option MoveOverhead
Started game 85 of 150 (Coda-baseline vs Crafty)
Finished game 64 (Crafty vs Coda-baseline): 0-1 {Black mates}
Rank Name                          Elo     +/-   Games   Score    Draw 
   0 Coda-baseline                   0      75      70   50.0%   17.1% 
   1 Monolith                       29     126      24   54.2%   25.0% 
   2 Crafty                         15     135      23   52.2%   17.4% 
   3 Rodent3                       -46     145      23   43.5%    8.7% 

SPRT: llr 0 (0.0%), lbound -inf, ubound inf
Warning: Monolith doesn't have option MoveOverhead
Started game 86 of 150 (Coda-baseline vs Monolith)
Finished game 72 (Rodent3 vs Coda-baseline): 0-1 {Black wins by adjudication}
Started game 87 of 150 (Coda-baseline vs Rodent3)
Finished game 77 (Monolith vs Coda-baseline): 1-0 {White wins by adjudication}
Warning: Crafty doesn't have option MoveOverhead
Started game 88 of 150 (Crafty vs Coda-baseline)
Finished game 66 (Rodent3 vs Coda-baseline): 1/2-1/2 {Draw by 3-fold repetition}
Warning: Monolith doesn't have option MoveOverhead
Started game 89 of 150 (Monolith vs Coda-baseline)
Finished game 81 (Coda-baseline vs Rodent3): 0-1 {Black wins by adjudication}
Started game 90 of 150 (Rodent3 vs Coda-baseline)
Warning: Illegal ponder move from Monolith: a3b4
Finished game 74 (Coda-baseline vs Monolith): 0-1 {Black mates}
Warning: Crafty doesn't have option MoveOverhead
Started game 91 of 150 (Coda-baseline vs Crafty)
Finished game 75 (Coda-baseline vs Rodent3): 0-1 {Black wins by adjudication}
Warning: Monolith doesn't have option MoveOverhead
Started game 92 of 150 (Coda-baseline vs Monolith)
Finished game 73 (Coda-baseline vs Crafty): 0-1 {Black mates}
Warning: Rodent3 doesn't have option MoveOverhead
Started game 93 of 150 (Coda-baseline vs Rodent3)
Finished game 76 (Crafty vs Coda-baseline): 0-1 {Black mates}
Finished game 70 (Crafty vs Coda-baseline): 1-0 {White mates}
Warning: Crafty doesn't have option MoveOverhead
Started game 94 of 150 (Crafty vs Coda-baseline)
Warning: Monolith doesn't have option MoveOverhead
Started game 95 of 150 (Monolith vs Coda-baseline)
Finished game 80 (Coda-baseline vs Monolith): 1-0 {White wins by adjudication}
Rank Name                          Elo     +/-   Games   Score    Draw 
   0 Coda-baseline                 -13      71      80   48.1%   16.3% 
   1 Monolith                       39     121      27   55.6%   22.2% 
   2 Crafty                         27     129      26   53.8%   15.4% 
   3 Rodent3                       -26     129      27   46.3%   11.1% 

SPRT: llr 0 (0.0%), lbound -inf, ubound inf
Warning: Rodent3 doesn't have option MoveOverhead
Started game 96 of 150 (Rodent3 vs Coda-baseline)
Finished game 83 (Monolith vs Coda-baseline): 1-0 {White wins by adjudication}
Warning: Crafty doesn't have option MoveOverhead
Started game 97 of 150 (Coda-baseline vs Crafty)
Finished game 84 (Rodent3 vs Coda-baseline): 0-1 {Black wins by adjudication}
Warning: Monolith doesn't have option MoveOverhead
Started game 98 of 150 (Coda-baseline vs Monolith)
Finished game 89 (Monolith vs Coda-baseline): 1-0 {White wins by adjudication}
Warning: Rodent3 doesn't have option MoveOverhead
Started game 99 of 150 (Coda-baseline vs Rodent3)
Finished game 79 (Coda-baseline vs Crafty): 1-0 {White mates}
Warning: Crafty doesn't have option MoveOverhead
Started game 100 of 150 (Crafty vs Coda-baseline)
Finished game 90 (Rodent3 vs Coda-baseline): 0-1 {Black wins by adjudication}
Finished game 95 (Monolith vs Coda-baseline): 1-0 {White wins by adjudication}
Warning: Monolith doesn't have option MoveOverhead
Warning: Rodent3 doesn't have option MoveOverhead
Started game 101 of 150 (Monolith vs Coda-baseline)
Started game 102 of 150 (Rodent3 vs Coda-baseline)
Finished game 82 (Crafty vs Coda-baseline): 1-0 {White mates}
Warning: Crafty doesn't have option MoveOverhead
Started game 103 of 150 (Coda-baseline vs Crafty)
Finished game 85 (Coda-baseline vs Crafty): 1-0 {White mates}
Warning: Monolith doesn't have option MoveOverhead
Started game 104 of 150 (Coda-baseline vs Monolith)
Finished game 86 (Coda-baseline vs Monolith): 1-0 {White wins by adjudication}
Warning: Rodent3 doesn't have option MoveOverhead
Started game 105 of 150 (Coda-baseline vs Rodent3)
Finished game 88 (Crafty vs Coda-baseline): 0-1 {Black mates}
Rank Name                          Elo     +/-   Games   Score    Draw 
   0 Coda-baseline                  -4      67      90   49.4%   14.4% 
   1 Monolith                       57     115      31   58.1%   19.4% 
   2 Crafty                          0     120      30   50.0%   13.3% 
   3 Rodent3                       -48     126      29   43.1%   10.3% 

SPRT: llr 0 (0.0%), lbound -inf, ubound inf
Warning: Crafty doesn't have option MoveOverhead
Started game 106 of 150 (Crafty vs Coda-baseline)
Finished game 87 (Coda-baseline vs Rodent3): 0-1 {Black wins by adjudication}
Warning: Monolith doesn't have option MoveOverhead
Started game 107 of 150 (Monolith vs Coda-baseline)
Finished game 91 (Coda-baseline vs Crafty): 1-0 {White mates}
Warning: Rodent3 doesn't have option MoveOverhead
Started game 108 of 150 (Rodent3 vs Coda-baseline)
Finished game 96 (Rodent3 vs Coda-baseline): 1-0 {White wins by adjudication}
Warning: Crafty doesn't have option MoveOverhead
Started game 109 of 150 (Coda-baseline vs Crafty)
Finished game 94 (Crafty vs Coda-baseline): 1-0 {White mates}
Warning: Monolith doesn't have option MoveOverhead
Started game 110 of 150 (Coda-baseline vs Monolith)
Finished game 98 (Coda-baseline vs Monolith): 1-0 {White wins by adjudication}
Warning: Rodent3 doesn't have option MoveOverhead
Started game 111 of 150 (Coda-baseline vs Rodent3)
Finished game 92 (Coda-baseline vs Monolith): 1/2-1/2 {Draw by 3-fold repetition}
Warning: Crafty doesn't have option MoveOverhead
Started game 112 of 150 (Crafty vs Coda-baseline)
Finished game 97 (Coda-baseline vs Crafty): 0-1 {Black mates}
Warning: Monolith doesn't have option MoveOverhead
Started game 113 of 150 (Monolith vs Coda-baseline)
Finished game 93 (Coda-baseline vs Rodent3): 1/2-1/2 {Draw by 3-fold repetition}
Started game 114 of 150 (Rodent3 vs Coda-baseline)
Finished game 102 (Rodent3 vs Coda-baseline): 1-0 {White wins by adjudication}
Warning: Crafty doesn't have option MoveOverhead
Started game 115 of 150 (Coda-baseline vs Crafty)
Finished game 100 (Crafty vs Coda-baseline): 1-0 {White mates}
Rank Name                          Elo     +/-   Games   Score    Draw 
   0 Coda-baseline                 -17      63     100   47.5%   15.0% 
   1 Monolith                       42     109      33   56.1%   21.2% 
   2 Crafty                         20     114      34   52.9%   11.8% 
   3 Rodent3                       -11     115      33   48.5%   12.1% 

SPRT: llr 0 (0.0%), lbound -inf, ubound inf
Finished game 105 (Coda-baseline vs Rodent3): 0-1 {Black wins by adjudication}
Started game 117 of 150 (Coda-baseline vs Rodent3)
Warning: Monolith doesn't have option MoveOverhead
Started game 116 of 150 (Coda-baseline vs Monolith)
Finished game 106 (Crafty vs Coda-baseline): 1-0 {White mates}
Warning: Crafty doesn't have option MoveOverhead
Started game 118 of 150 (Crafty vs Coda-baseline)
Finished game 114 (Rodent3 vs Coda-baseline): 1-0 {White wins by adjudication}
Warning: Monolith doesn't have option MoveOverhead
Started game 119 of 150 (Monolith vs Coda-baseline)
Finished game 101 (Monolith vs Coda-baseline): 0-1 {Black wins by adjudication}
Warning: Rodent3 doesn't have option MoveOverhead
Started game 120 of 150 (Rodent3 vs Coda-baseline)
Finished game 99 (Coda-baseline vs Rodent3): 0-1 {Black wins by adjudication}
Warning: Crafty doesn't have option MoveOverhead
Started game 121 of 150 (Coda-baseline vs Crafty)
Finished game 110 (Coda-baseline vs Monolith): 0-1 {Black wins by adjudication}
Started game 122 of 150 (Coda-baseline vs Monolith)
Finished game 104 (Coda-baseline vs Monolith): 0-1 {Black wins by adjudication}
Warning: Rodent3 doesn't have option MoveOverhead
Started game 123 of 150 (Coda-baseline vs Rodent3)
Finished game 111 (Coda-baseline vs Rodent3): 0-1 {Black wins by adjudication}
Warning: Crafty doesn't have option MoveOverhead
Started game 124 of 150 (Crafty vs Coda-baseline)
Finished game 120 (Rodent3 vs Coda-baseline): 1-0 {White wins by adjudication}
Finished game 103 (Coda-baseline vs Crafty): 0-1 {Black mates}
Rank Name                          Elo     +/-   Games   Score    Draw 
   0 Coda-baseline                 -41      61     110   44.1%   13.6% 
   1 Monolith                       49     106      36   56.9%   19.4% 
   2 Crafty                         39     111      36   55.6%   11.1% 
   3 Rodent3                        37     108      38   55.3%   10.5% 

SPRT: llr 0 (0.0%), lbound -inf, ubound inf
Warning: Rodent3 doesn't have option MoveOverhead
Warning: Monolith doesn't have option MoveOverhead
Started game 125 of 150 (Monolith vs Coda-baseline)
Started game 126 of 150 (Rodent3 vs Coda-baseline)
Finished game 109 (Coda-baseline vs Crafty): 1-0 {White mates}
Warning: Crafty doesn't have option MoveOverhead
Started game 127 of 150 (Coda-baseline vs Crafty)
Finished game 112 (Crafty vs Coda-baseline): 1-0 {White mates}
Warning: Monolith doesn't have option MoveOverhead
Started game 128 of 150 (Coda-baseline vs Monolith)
Finished game 118 (Crafty vs Coda-baseline): 1-0 {White mates}
Warning: Rodent3 doesn't have option MoveOverhead
Started game 129 of 150 (Coda-baseline vs Rodent3)
Finished game 108 (Rodent3 vs Coda-baseline): 1-0 {White wins by adjudication}
Warning: Crafty doesn't have option MoveOverhead
Started game 130 of 150 (Crafty vs Coda-baseline)
Finished game 113 (Monolith vs Coda-baseline): 0-1 {Black wins by adjudication}
Started game 131 of 150 (Monolith vs Coda-baseline)
Finished game 125 (Monolith vs Coda-baseline): 1-0 {White wins by adjudication}
Warning: Rodent3 doesn't have option MoveOverhead
Started game 132 of 150 (Rodent3 vs Coda-baseline)
Finished game 121 (Coda-baseline vs Crafty): 0-1 {Black mates}
Warning: Crafty doesn't have option MoveOverhead
Started game 133 of 150 (Coda-baseline vs Crafty)
Finished game 122 (Coda-baseline vs Monolith): 0-1 {Black wins by adjudication}
Started game 134 of 150 (Coda-baseline vs Monolith)
Finished game 115 (Coda-baseline vs Crafty): 1-0 {White mates}
Warning: Rodent3 doesn't have option MoveOverhead
Started game 135 of 150 (Coda-baseline vs Rodent3)
Finished game 129 (Coda-baseline vs Rodent3): 1-0 {White wins by adjudication}
Rank Name                          Elo     +/-   Games   Score    Draw 
   0 Coda-baseline                 -44      59     120   43.8%   12.5% 
   1 Monolith                       54     103      39   57.7%   17.9% 
   2 Crafty                         43     105      41   56.1%    9.8% 
   3 Rodent3                        35     106      40   55.0%   10.0% 

SPRT: llr 0 (0.0%), lbound -inf, ubound inf
Warning: Crafty doesn't have option MoveOverhead
Started game 136 of 150 (Crafty vs Coda-baseline)
Finished game 124 (Crafty vs Coda-baseline): 1/2-1/2 {Draw by 3-fold repetition}
Warning: Monolith doesn't have option MoveOverhead
Started game 137 of 150 (Monolith vs Coda-baseline)
Finished game 128 (Coda-baseline vs Monolith): 0-1 {Black wins by adjudication}
Warning: Rodent3 doesn't have option MoveOverhead
Started game 138 of 150 (Rodent3 vs Coda-baseline)
Finished game 116 (Coda-baseline vs Monolith): 1-0 {White wins by adjudication}
Warning: Crafty doesn't have option MoveOverhead
Started game 139 of 150 (Coda-baseline vs Crafty)
Finished game 126 (Rodent3 vs Coda-baseline): 0-1 {Black wins by adjudication}
Finished game 119 (Monolith vs Coda-baseline): 0-1 {Black wins by adjudication}
Warning: Monolith doesn't have option MoveOverhead
Warning: Rodent3 doesn't have option MoveOverhead
Started game 140 of 150 (Coda-baseline vs Monolith)
Started game 141 of 150 (Coda-baseline vs Rodent3)
Finished game 117 (Coda-baseline vs Rodent3): 1/2-1/2 {Draw by adjudication}
Warning: Crafty doesn't have option MoveOverhead
Started game 142 of 150 (Crafty vs Coda-baseline)
Finished game 135 (Coda-baseline vs Rodent3): 0-1 {Black wins by adjudication}
Warning: Monolith doesn't have option MoveOverhead
Started game 143 of 150 (Monolith vs Coda-baseline)
Finished game 132 (Rodent3 vs Coda-baseline): 1-0 {White wins by adjudication}
Started game 144 of 150 (Rodent3 vs Coda-baseline)
Finished game 123 (Coda-baseline vs Rodent3): 1/2-1/2 {Draw by 3-fold repetition}
Warning: Crafty doesn't have option MoveOverhead
Started game 145 of 150 (Coda-baseline vs Crafty)
Finished game 131 (Monolith vs Coda-baseline): 1-0 {White mates}
Rank Name                          Elo     +/-   Games   Score    Draw 
   0 Coda-baseline                 -43      56     130   43.8%   13.8% 
   1 Monolith                       49      98      43   57.0%   16.3% 
   2 Crafty                         42     102      42   56.0%   11.9% 
   3 Rodent3                        39      97      45   55.6%   13.3% 

SPRT: llr 0 (0.0%), lbound -inf, ubound inf
Started game 146 of 150 (Coda-baseline vs Monolith)
Finished game 127 (Coda-baseline vs Crafty): 1-0 {White mates}
Warning: Rodent3 doesn't have option MoveOverhead
Started game 147 of 150 (Coda-baseline vs Rodent3)
Finished game 134 (Coda-baseline vs Monolith): 1/2-1/2 {Draw by 3-fold repetition}
Warning: Crafty doesn't have option MoveOverhead
Started game 148 of 150 (Crafty vs Coda-baseline)
Finished game 138 (Rodent3 vs Coda-baseline): 1-0 {White wins by adjudication}
Warning: Monolith doesn't have option MoveOverhead
Started game 149 of 150 (Monolith vs Coda-baseline)
Finished game 136 (Crafty vs Coda-baseline): 0-1 {Black mates}
Warning: Rodent3 doesn't have option MoveOverhead
Started game 150 of 150 (Rodent3 vs Coda-baseline)
Finished game 130 (Crafty vs Coda-baseline): 1-0 {White mates}
Finished game 143 (Monolith vs Coda-baseline): 0-1 {Black wins by adjudication}
Finished game 141 (Coda-baseline vs Rodent3): 1-0 {White wins by adjudication}
Finished game 140 (Coda-baseline vs Monolith): 1-0 {White wins by adjudication}
Warning: Illegal ponder move from Monolith: d3d7
Finished game 107 (Monolith vs Coda-baseline): 1/2-1/2 {Draw by fifty moves rule}
Finished game 139 (Coda-baseline vs Crafty): 0-1 {Black mates}
Rank Name                          Elo     +/-   Games   Score    Draw 
   0 Coda-baseline                 -35      54     140   45.0%   14.3% 
   1 Crafty                         38      98      46   55.4%   10.9% 
   2 Rodent3                        37      96      47   55.3%   12.8% 
   3 Monolith                       30      92      47   54.3%   19.1% 

SPRT: llr 0 (0.0%), lbound -inf, ubound inf
Finished game 133 (Coda-baseline vs Crafty): 1/2-1/2 {Draw by 3-fold repetition}
Finished game 137 (Monolith vs Coda-baseline): 1-0 {White wins by adjudication}
Finished game 142 (Crafty vs Coda-baseline): 1/2-1/2 {Draw by 3-fold repetition}
Finished game 147 (Coda-baseline vs Rodent3): 0-1 {Black wins by adjudication}
Finished game 145 (Coda-baseline vs Crafty): 0-1 {Black mates}
Finished game 148 (Crafty vs Coda-baseline): 1-0 {White mates}
Finished game 144 (Rodent3 vs Coda-baseline): 0-1 {Black wins by adjudication}
Finished game 149 (Monolith vs Coda-baseline): 1-0 {White wins by adjudication}
Finished game 146 (Coda-baseline vs Monolith): 0-1 {Black wins by adjudication}
Finished game 150 (Rodent3 vs Coda-baseline): 0-1 {Black wins by adjudication}
Rank Name                          Elo     +/-   Games   Score    Draw 
   0 Coda-baseline                 -42      52     150   44.0%   14.7% 
   1 Monolith                       49      90      50   57.0%   18.0% 
   2 Crafty                         49      92      50   57.0%   14.0% 
   3 Rodent3                        28      93      50   54.0%   12.0% 

SPRT: llr 0 (0.0%), lbound -inf, ubound inf

Player: Coda-baseline
   "Draw by 3-fold repetition": 14
   "Draw by adjudication": 1
   "Draw by fifty moves rule": 1
   "Draw by insufficient mating material": 6
   "Loss: Black mates": 13
   "Loss: Black wins by adjudication": 23
   "Loss: White mates": 15
   "Loss: White wins by adjudication": 22
   "Win: Black mates": 7
   "Win: Black wins by adjudication": 19
   "Win: White mates": 11
   "Win: White wins by adjudication": 18
Player: Crafty
   "Draw by 3-fold repetition": 6
   "Draw by insufficient mating material": 1
   "Loss: Black mates": 7
   "Loss: White mates": 11
   "Win: Black mates": 12
   "Win: White mates": 13
Player: Monolith
   "Draw by 3-fold repetition": 5
   "Draw by fifty moves rule": 1
   "Draw by insufficient mating material": 3
   "Loss: Black wins by adjudication": 7
   "Loss: White wins by adjudication": 10
   "Win: Black mates": 1
   "Win: Black wins by adjudication": 9
   "Win: White mates": 2
   "Win: White wins by adjudication": 12
Player: Rodent3
   "Draw by 3-fold repetition": 3
   "Draw by adjudication": 1
   "Draw by insufficient mating material": 2
   "Loss: Black wins by adjudication": 12
   "Loss: White wins by adjudication": 8
   "Win: Black wins by adjudication": 14
   "Win: White wins by adjudication": 10
Finished match
