Indexing opening suite...
Started game 3 of 200 (Coda-staged vs Coda-baseline)
Started game 2 of 200 (Coda-baseline vs Coda-staged)
Started game 5 of 200 (Coda-staged vs Coda-baseline)
Started game 4 of 200 (Coda-baseline vs Coda-staged)
Started game 1 of 200 (Coda-staged vs Coda-baseline)
Started game 6 of 200 (Coda-baseline vs Coda-staged)
Started game 7 of 200 (Coda-staged vs Coda-baseline)
Started game 8 of 200 (Coda-baseline vs Coda-staged)
Finished game 8 (Coda-baseline vs Coda-staged): 1/2-1/2 {Draw by 3-fold repetition}
Score of Coda-staged vs Coda-baseline: 0 - 0 - 1  [0.500] 1
Started game 9 of 200 (Coda-staged vs Coda-baseline)
Finished game 3 (Coda-staged vs Coda-baseline): 1-0 {White wins by adjudication}
Score of Coda-staged vs Coda-baseline: 1 - 0 - 1  [0.750] 2
Started game 10 of 200 (Coda-baseline vs Coda-staged)
Finished game 5 (Coda-staged vs Coda-baseline): 0-1 {Black wins by adjudication}
Score of Coda-staged vs Coda-baseline: 1 - 1 - 1  [0.500] 3
Started game 11 of 200 (Coda-staged vs Coda-baseline)
Finished game 7 (Coda-staged vs Coda-baseline): 0-1 {Black mates}
Score of Coda-staged vs Coda-baseline: 1 - 2 - 1  [0.375] 4
Started game 12 of 200 (Coda-baseline vs Coda-staged)
Finished game 4 (Coda-baseline vs Coda-staged): 1-0 {White wins by adjudication}
Score of Coda-staged vs Coda-baseline: 1 - 3 - 1  [0.300] 5
Started game 13 of 200 (Coda-staged vs Coda-baseline)
Finished game 1 (Coda-staged vs Coda-baseline): 0-1 {Black wins by adjudication}
Score of Coda-staged vs Coda-baseline: 1 - 4 - 1  [0.250] 6
Started game 14 of 200 (Coda-baseline vs Coda-staged)
Finished game 2 (Coda-baseline vs Coda-staged): 1-0 {White wins by adjudication}
Score of Coda-staged vs Coda-baseline: 1 - 5 - 1  [0.214] 7
Started game 15 of 200 (Coda-staged vs Coda-baseline)
Finished game 6 (Coda-baseline vs Coda-staged): 0-1 {Black wins by adjudication}
Score of Coda-staged vs Coda-baseline: 2 - 5 - 1  [0.313] 8
Started game 16 of 200 (Coda-baseline vs Coda-staged)
Finished game 9 (Coda-staged vs Coda-baseline): 0-1 {Black wins by adjudication}
Score of Coda-staged vs Coda-baseline: 2 - 6 - 1  [0.278] 9
Started game 17 of 200 (Coda-staged vs Coda-baseline)
Finished game 11 (Coda-staged vs Coda-baseline): 0-1 {Black wins by adjudication}
Score of Coda-staged vs Coda-baseline: 2 - 7 - 1  [0.250] 10
Started game 18 of 200 (Coda-baseline vs Coda-staged)
Finished game 12 (Coda-baseline vs Coda-staged): 0-1 {Black wins by adjudication}
Score of Coda-staged vs Coda-baseline: 3 - 7 - 1  [0.318] 11
Started game 19 of 200 (Coda-staged vs Coda-baseline)
Finished game 10 (Coda-baseline vs Coda-staged): 0-1 {Black wins by adjudication}
Score of Coda-staged vs Coda-baseline: 4 - 7 - 1  [0.375] 12
Started game 20 of 200 (Coda-baseline vs Coda-staged)
Finished game 15 (Coda-staged vs Coda-baseline): 1-0 {White wins by adjudication}
Score of Coda-staged vs Coda-baseline: 5 - 7 - 1  [0.423] 13
Started game 21 of 200 (Coda-staged vs Coda-baseline)
Finished game 16 (Coda-baseline vs Coda-staged): 1-0 {White wins by adjudication}
Score of Coda-staged vs Coda-baseline: 5 - 8 - 1  [0.393] 14
Started game 22 of 200 (Coda-baseline vs Coda-staged)
Finished game 13 (Coda-staged vs Coda-baseline): 0-1 {Black wins by adjudication}
Score of Coda-staged vs Coda-baseline: 5 - 9 - 1  [0.367] 15
Started game 23 of 200 (Coda-staged vs Coda-baseline)
Finished game 14 (Coda-baseline vs Coda-staged): 0-1 {Black wins by adjudication}
Score of Coda-staged vs Coda-baseline: 6 - 9 - 1  [0.406] 16
Started game 24 of 200 (Coda-baseline vs Coda-staged)
Finished game 18 (Coda-baseline vs Coda-staged): 0-1 {Black wins by adjudication}
Score of Coda-staged vs Coda-baseline: 7 - 9 - 1  [0.441] 17
Started game 25 of 200 (Coda-staged vs Coda-baseline)
Finished game 17 (Coda-staged vs Coda-baseline): 0-1 {Black wins by adjudication}
Score of Coda-staged vs Coda-baseline: 7 - 10 - 1  [0.417] 18
Started game 26 of 200 (Coda-baseline vs Coda-staged)
Finished game 25 (Coda-staged vs Coda-baseline): 1-0 {White wins by adjudication}
Score of Coda-staged vs Coda-baseline: 8 - 10 - 1  [0.447] 19
Started game 27 of 200 (Coda-staged vs Coda-baseline)
Finished game 21 (Coda-staged vs Coda-baseline): 1-0 {White wins by adjudication}
Score of Coda-staged vs Coda-baseline: 9 - 10 - 1  [0.475] 20
...      Coda-staged playing White: 4 - 7 - 0  [0.364] 11
...      Coda-staged playing Black: 5 - 3 - 1  [0.611] 9
...      White vs Black: 7 - 12 - 1  [0.375] 20
Elo difference: -17.4 +/- 158.6, LOS: 40.9 %, DrawRatio: 5.0 %
SPRT: llr 0 (0.0%), lbound -inf, ubound inf
Started game 28 of 200 (Coda-baseline vs Coda-staged)
Finished game 22 (Coda-baseline vs Coda-staged): 0-1 {Black wins by adjudication}
Score of Coda-staged vs Coda-baseline: 10 - 10 - 1  [0.500] 21
Started game 29 of 200 (Coda-staged vs Coda-baseline)
Finished game 19 (Coda-staged vs Coda-baseline): 0-1 {Black wins by adjudication}
Score of Coda-staged vs Coda-baseline: 10 - 11 - 1  [0.477] 22
Started game 30 of 200 (Coda-baseline vs Coda-staged)
Finished game 20 (Coda-baseline vs Coda-staged): 1/2-1/2 {Draw by insufficient mating material}
Score of Coda-staged vs Coda-baseline: 10 - 11 - 2  [0.478] 23
Started game 31 of 200 (Coda-staged vs Coda-baseline)
Finished game 24 (Coda-baseline vs Coda-staged): 1-0 {White wins by adjudication}
Score of Coda-staged vs Coda-baseline: 10 - 12 - 2  [0.458] 24
Started game 32 of 200 (Coda-baseline vs Coda-staged)
Finished game 23 (Coda-staged vs Coda-baseline): 0-1 {Black wins by adjudication}
Score of Coda-staged vs Coda-baseline: 10 - 13 - 2  [0.440] 25
Started game 33 of 200 (Coda-staged vs Coda-baseline)
Finished game 27 (Coda-staged vs Coda-baseline): 0-1 {Black wins by adjudication}
Score of Coda-staged vs Coda-baseline: 10 - 14 - 2  [0.423] 26
Started game 34 of 200 (Coda-baseline vs Coda-staged)
Finished game 26 (Coda-baseline vs Coda-staged): 0-1 {Black wins by adjudication}
Score of Coda-staged vs Coda-baseline: 11 - 14 - 2  [0.444] 27
Started game 35 of 200 (Coda-staged vs Coda-baseline)
Finished game 28 (Coda-baseline vs Coda-staged): 1/2-1/2 {Draw by 3-fold repetition}
Score of Coda-staged vs Coda-baseline: 11 - 14 - 3  [0.446] 28
Started game 36 of 200 (Coda-baseline vs Coda-staged)
Finished game 29 (Coda-staged vs Coda-baseline): 0-1 {Black wins by adjudication}
Score of Coda-staged vs Coda-baseline: 11 - 15 - 3  [0.431] 29
Started game 37 of 200 (Coda-staged vs Coda-baseline)
Finished game 31 (Coda-staged vs Coda-baseline): 0-1 {Black wins by adjudication}
Score of Coda-staged vs Coda-baseline: 11 - 16 - 3  [0.417] 30
Started game 38 of 200 (Coda-baseline vs Coda-staged)
Finished game 30 (Coda-baseline vs Coda-staged): 1-0 {White wins by adjudication}
Score of Coda-staged vs Coda-baseline: 11 - 17 - 3  [0.403] 31
Started game 39 of 200 (Coda-staged vs Coda-baseline)
Finished game 32 (Coda-baseline vs Coda-staged): 1-0 {White wins by adjudication}
Score of Coda-staged vs Coda-baseline: 11 - 18 - 3  [0.391] 32
Started game 40 of 200 (Coda-baseline vs Coda-staged)
Finished game 34 (Coda-baseline vs Coda-staged): 1-0 {White wins by adjudication}
Score of Coda-staged vs Coda-baseline: 11 - 19 - 3  [0.379] 33
Started game 41 of 200 (Coda-staged vs Coda-baseline)
Finished game 36 (Coda-baseline vs Coda-staged): 1-0 {White wins by adjudication}
Score of Coda-staged vs Coda-baseline: 11 - 20 - 3  [0.368] 34
Started game 42 of 200 (Coda-baseline vs Coda-staged)
Finished game 33 (Coda-staged vs Coda-baseline): 1/2-1/2 {Draw by 3-fold repetition}
Score of Coda-staged vs Coda-baseline: 11 - 20 - 4  [0.371] 35
Started game 43 of 200 (Coda-staged vs Coda-baseline)
Finished game 37 (Coda-staged vs Coda-baseline): 1/2-1/2 {Draw by 3-fold repetition}
Score of Coda-staged vs Coda-baseline: 11 - 20 - 5  [0.375] 36
Started game 44 of 200 (Coda-baseline vs Coda-staged)
Finished game 35 (Coda-staged vs Coda-baseline): 1-0 {White wins by adjudication}
Score of Coda-staged vs Coda-baseline: 12 - 20 - 5  [0.392] 37
Started game 45 of 200 (Coda-staged vs Coda-baseline)
Finished game 39 (Coda-staged vs Coda-baseline): 1-0 {White wins by adjudication}
Score of Coda-staged vs Coda-baseline: 13 - 20 - 5  [0.408] 38
Started game 46 of 200 (Coda-baseline vs Coda-staged)
Finished game 38 (Coda-baseline vs Coda-staged): 0-1 {Black mates}
Score of Coda-staged vs Coda-baseline: 14 - 20 - 5  [0.423] 39
Started game 47 of 200 (Coda-staged vs Coda-baseline)
Finished game 40 (Coda-baseline vs Coda-staged): 1/2-1/2 {Draw by 3-fold repetition}
Score of Coda-staged vs Coda-baseline: 14 - 20 - 6  [0.425] 40
...      Coda-staged playing White: 6 - 12 - 2  [0.350] 20
...      Coda-staged playing Black: 8 - 8 - 4  [0.500] 20
...      White vs Black: 14 - 20 - 6  [0.425] 40
Elo difference: -52.5 +/- 103.2, LOS: 15.2 %, DrawRatio: 15.0 %
SPRT: llr 0 (0.0%), lbound -inf, ubound inf
Started game 48 of 200 (Coda-baseline vs Coda-staged)
Finished game 43 (Coda-staged vs Coda-baseline): 1/2-1/2 {Draw by 3-fold repetition}
Score of Coda-staged vs Coda-baseline: 14 - 20 - 7  [0.427] 41
Started game 49 of 200 (Coda-staged vs Coda-baseline)
Finished game 45 (Coda-staged vs Coda-baseline): 1/2-1/2 {Draw by 3-fold repetition}
Score of Coda-staged vs Coda-baseline: 14 - 20 - 8  [0.429] 42
Started game 50 of 200 (Coda-baseline vs Coda-staged)
Finished game 44 (Coda-baseline vs Coda-staged): 1-0 {White wins by adjudication}
Score of Coda-staged vs Coda-baseline: 14 - 21 - 8  [0.419] 43
Started game 51 of 200 (Coda-staged vs Coda-baseline)
Finished game 42 (Coda-baseline vs Coda-staged): 0-1 {Black wins by adjudication}
Score of Coda-staged vs Coda-baseline: 15 - 21 - 8  [0.432] 44
Started game 52 of 200 (Coda-baseline vs Coda-staged)
Finished game 41 (Coda-staged vs Coda-baseline): 1-0 {White wins by adjudication}
Score of Coda-staged vs Coda-baseline: 16 - 21 - 8  [0.444] 45
Started game 53 of 200 (Coda-staged vs Coda-baseline)
Finished game 47 (Coda-staged vs Coda-baseline): 1-0 {White wins by adjudication}
Score of Coda-staged vs Coda-baseline: 17 - 21 - 8  [0.457] 46
Started game 54 of 200 (Coda-baseline vs Coda-staged)
Finished game 50 (Coda-baseline vs Coda-staged): 1-0 {White wins by adjudication}
Score of Coda-staged vs Coda-baseline: 17 - 22 - 8  [0.447] 47
Started game 55 of 200 (Coda-staged vs Coda-baseline)
Finished game 48 (Coda-baseline vs Coda-staged): 1/2-1/2 {Draw by 3-fold repetition}
Score of Coda-staged vs Coda-baseline: 17 - 22 - 9  [0.448] 48
Started game 56 of 200 (Coda-baseline vs Coda-staged)
Finished game 55 (Coda-staged vs Coda-baseline): 0-1 {Black wins by adjudication}
Score of Coda-staged vs Coda-baseline: 17 - 23 - 9  [0.439] 49
Started game 57 of 200 (Coda-staged vs Coda-baseline)
Finished game 51 (Coda-staged vs Coda-baseline): 0-1 {Black wins by adjudication}
Score of Coda-staged vs Coda-baseline: 17 - 24 - 9  [0.430] 50
Started game 58 of 200 (Coda-baseline vs Coda-staged)
Finished game 46 (Coda-baseline vs Coda-staged): 0-1 {Black wins by adjudication}
Score of Coda-staged vs Coda-baseline: 18 - 24 - 9  [0.441] 51
Started game 59 of 200 (Coda-staged vs Coda-baseline)
Finished game 49 (Coda-staged vs Coda-baseline): 1-0 {White wins by adjudication}
Score of Coda-staged vs Coda-baseline: 19 - 24 - 9  [0.452] 52
Started game 60 of 200 (Coda-baseline vs Coda-staged)
Finished game 53 (Coda-staged vs Coda-baseline): 0-1 {Black wins by adjudication}
Score of Coda-staged vs Coda-baseline: 19 - 25 - 9  [0.443] 53
Started game 61 of 200 (Coda-staged vs Coda-baseline)
Finished game 57 (Coda-staged vs Coda-baseline): 1/2-1/2 {Draw by 3-fold repetition}
Score of Coda-staged vs Coda-baseline: 19 - 25 - 10  [0.444] 54
Started game 62 of 200 (Coda-baseline vs Coda-staged)
Finished game 60 (Coda-baseline vs Coda-staged): 1/2-1/2 {Draw by 3-fold repetition}
Score of Coda-staged vs Coda-baseline: 19 - 25 - 11  [0.445] 55
Started game 63 of 200 (Coda-staged vs Coda-baseline)
Finished game 54 (Coda-baseline vs Coda-staged): 0-1 {Black wins by adjudication}
Score of Coda-staged vs Coda-baseline: 20 - 25 - 11  [0.455] 56
Started game 64 of 200 (Coda-baseline vs Coda-staged)
Finished game 52 (Coda-baseline vs Coda-staged): 0-1 {Black wins by adjudication}
Score of Coda-staged vs Coda-baseline: 21 - 25 - 11  [0.465] 57
Started game 65 of 200 (Coda-staged vs Coda-baseline)
Finished game 59 (Coda-staged vs Coda-baseline): 0-1 {Black wins by adjudication}
Score of Coda-staged vs Coda-baseline: 21 - 26 - 11  [0.457] 58
Started game 66 of 200 (Coda-baseline vs Coda-staged)
Finished game 58 (Coda-baseline vs Coda-staged): 0-1 {Black wins by adjudication}
Score of Coda-staged vs Coda-baseline: 22 - 26 - 11  [0.466] 59
Started game 67 of 200 (Coda-staged vs Coda-baseline)
Finished game 56 (Coda-baseline vs Coda-staged): 1-0 {White wins by adjudication}
Score of Coda-staged vs Coda-baseline: 22 - 27 - 11  [0.458] 60
...      Coda-staged playing White: 9 - 16 - 5  [0.383] 30
...      Coda-staged playing Black: 13 - 11 - 6  [0.533] 30
...      White vs Black: 20 - 29 - 11  [0.425] 60
Elo difference: -29.0 +/- 81.0, LOS: 23.8 %, DrawRatio: 18.3 %
SPRT: llr 0 (0.0%), lbound -inf, ubound inf
Started game 68 of 200 (Coda-baseline vs Coda-staged)
Finished game 61 (Coda-staged vs Coda-baseline): 0-1 {Black wins by adjudication}
Score of Coda-staged vs Coda-baseline: 22 - 28 - 11  [0.451] 61
Started game 69 of 200 (Coda-staged vs Coda-baseline)
Finished game 64 (Coda-baseline vs Coda-staged): 1-0 {White wins by adjudication}
Score of Coda-staged vs Coda-baseline: 22 - 29 - 11  [0.444] 62
Started game 70 of 200 (Coda-baseline vs Coda-staged)
Finished game 62 (Coda-baseline vs Coda-staged): 1-0 {White wins by adjudication}
Score of Coda-staged vs Coda-baseline: 22 - 30 - 11  [0.437] 63
Started game 71 of 200 (Coda-staged vs Coda-baseline)
Finished game 67 (Coda-staged vs Coda-baseline): 0-1 {Black wins by adjudication}
Score of Coda-staged vs Coda-baseline: 22 - 31 - 11  [0.430] 64
Started game 72 of 200 (Coda-baseline vs Coda-staged)
Finished game 65 (Coda-staged vs Coda-baseline): 1-0 {White wins by adjudication}
Score of Coda-staged vs Coda-baseline: 23 - 31 - 11  [0.438] 65
Started game 73 of 200 (Coda-staged vs Coda-baseline)
Finished game 68 (Coda-baseline vs Coda-staged): 0-1 {Black wins by adjudication}
Score of Coda-staged vs Coda-baseline: 24 - 31 - 11  [0.447] 66
Started game 74 of 200 (Coda-baseline vs Coda-staged)
Finished game 66 (Coda-baseline vs Coda-staged): 1-0 {White wins by adjudication}
Score of Coda-staged vs Coda-baseline: 24 - 32 - 11  [0.440] 67
Started game 75 of 200 (Coda-staged vs Coda-baseline)
Finished game 63 (Coda-staged vs Coda-baseline): 1-0 {White wins by adjudication}
Score of Coda-staged vs Coda-baseline: 25 - 32 - 11  [0.449] 68
Started game 76 of 200 (Coda-baseline vs Coda-staged)
Finished game 70 (Coda-baseline vs Coda-staged): 1-0 {White wins by adjudication}
Score of Coda-staged vs Coda-baseline: 25 - 33 - 11  [0.442] 69
Started game 77 of 200 (Coda-staged vs Coda-baseline)
Finished game 71 (Coda-staged vs Coda-baseline): 1-0 {White wins by adjudication}
Score of Coda-staged vs Coda-baseline: 26 - 33 - 11  [0.450] 70
Started game 78 of 200 (Coda-baseline vs Coda-staged)
Finished game 73 (Coda-staged vs Coda-baseline): 0-1 {Black wins by adjudication}
Score of Coda-staged vs Coda-baseline: 26 - 34 - 11  [0.444] 71
Started game 79 of 200 (Coda-staged vs Coda-baseline)
Finished game 74 (Coda-baseline vs Coda-staged): 1-0 {White wins by adjudication}
Score of Coda-staged vs Coda-baseline: 26 - 35 - 11  [0.438] 72
Started game 80 of 200 (Coda-baseline vs Coda-staged)
Finished game 69 (Coda-staged vs Coda-baseline): 1-0 {White wins by adjudication}
Score of Coda-staged vs Coda-baseline: 27 - 35 - 11  [0.445] 73
Started game 81 of 200 (Coda-staged vs Coda-baseline)
Finished game 72 (Coda-baseline vs Coda-staged): 0-1 {Black wins by adjudication}
Score of Coda-staged vs Coda-baseline: 28 - 35 - 11  [0.453] 74
Started game 82 of 200 (Coda-baseline vs Coda-staged)
Finished game 75 (Coda-staged vs Coda-baseline): 0-1 {Black wins by adjudication}
Score of Coda-staged vs Coda-baseline: 28 - 36 - 11  [0.447] 75
Started game 83 of 200 (Coda-staged vs Coda-baseline)
Finished game 80 (Coda-baseline vs Coda-staged): 1-0 {White wins by adjudication}
Score of Coda-staged vs Coda-baseline: 28 - 37 - 11  [0.441] 76
Started game 84 of 200 (Coda-baseline vs Coda-staged)
Finished game 76 (Coda-baseline vs Coda-staged): 1-0 {White wins by adjudication}
Score of Coda-staged vs Coda-baseline: 28 - 38 - 11  [0.435] 77
Started game 85 of 200 (Coda-staged vs Coda-baseline)
Finished game 79 (Coda-staged vs Coda-baseline): 1-0 {White wins by adjudication}
Score of Coda-staged vs Coda-baseline: 29 - 38 - 11  [0.442] 78
Started game 86 of 200 (Coda-baseline vs Coda-staged)
Finished game 82 (Coda-baseline vs Coda-staged): 0-1 {Black wins by adjudication}
Score of Coda-staged vs Coda-baseline: 30 - 38 - 11  [0.449] 79
Started game 87 of 200 (Coda-staged vs Coda-baseline)
Finished game 85 (Coda-staged vs Coda-baseline): 0-1 {Black wins by adjudication}
Score of Coda-staged vs Coda-baseline: 30 - 39 - 11  [0.444] 80
...      Coda-staged playing White: 14 - 21 - 5  [0.412] 40
...      Coda-staged playing Black: 16 - 18 - 6  [0.475] 40
...      White vs Black: 32 - 37 - 11  [0.469] 80
Elo difference: -39.3 +/- 72.0, LOS: 13.9 %, DrawRatio: 13.8 %
SPRT: llr 0 (0.0%), lbound -inf, ubound inf
Started game 88 of 200 (Coda-baseline vs Coda-staged)
Finished game 83 (Coda-staged vs Coda-baseline): 0-1 {Black wins by adjudication}
Score of Coda-staged vs Coda-baseline: 30 - 40 - 11  [0.438] 81
Started game 89 of 200 (Coda-staged vs Coda-baseline)
Finished game 77 (Coda-staged vs Coda-baseline): 1/2-1/2 {Draw by insufficient mating material}
Score of Coda-staged vs Coda-baseline: 30 - 40 - 12  [0.439] 82
Started game 90 of 200 (Coda-baseline vs Coda-staged)
Finished game 81 (Coda-staged vs Coda-baseline): 0-1 {Black wins by adjudication}
Score of Coda-staged vs Coda-baseline: 30 - 41 - 12  [0.434] 83
Started game 91 of 200 (Coda-staged vs Coda-baseline)
Finished game 78 (Coda-baseline vs Coda-staged): 1/2-1/2 {Draw by 3-fold repetition}
Score of Coda-staged vs Coda-baseline: 30 - 41 - 13  [0.435] 84
Started game 92 of 200 (Coda-baseline vs Coda-staged)
Finished game 87 (Coda-staged vs Coda-baseline): 1-0 {White wins by adjudication}
Score of Coda-staged vs Coda-baseline: 31 - 41 - 13  [0.441] 85
Started game 93 of 200 (Coda-staged vs Coda-baseline)
Finished game 88 (Coda-baseline vs Coda-staged): 0-1 {Black wins by adjudication}
Score of Coda-staged vs Coda-baseline: 32 - 41 - 13  [0.448] 86
Started game 94 of 200 (Coda-baseline vs Coda-staged)
Finished game 84 (Coda-baseline vs Coda-staged): 0-1 {Black wins by adjudication}
Score of Coda-staged vs Coda-baseline: 33 - 41 - 13  [0.454] 87
Started game 95 of 200 (Coda-staged vs Coda-baseline)
Finished game 90 (Coda-baseline vs Coda-staged): 0-1 {Black wins by adjudication}
Score of Coda-staged vs Coda-baseline: 34 - 41 - 13  [0.460] 88
Started game 96 of 200 (Coda-baseline vs Coda-staged)
