Indexing opening suite...
Started game 2 of 200 (Coda-baseline vs Coda-staged2)
Started game 1 of 200 (Coda-staged2 vs Coda-baseline)
Started game 3 of 200 (Coda-staged2 vs Coda-baseline)
Started game 4 of 200 (Coda-baseline vs Coda-staged2)
Started game 5 of 200 (Coda-staged2 vs Coda-baseline)
Started game 6 of 200 (Coda-baseline vs Coda-staged2)
Started game 7 of 200 (Coda-staged2 vs Coda-baseline)
Started game 8 of 200 (Coda-baseline vs Coda-staged2)
Finished game 7 (Coda-staged2 vs Coda-baseline): 1/2-1/2 {Draw by 3-fold repetition}
Score of Coda-staged2 vs Coda-baseline: 0 - 0 - 1  [0.500] 1
Started game 9 of 200 (Coda-staged2 vs Coda-baseline)
Finished game 5 (Coda-staged2 vs Coda-baseline): 0-1 {Black wins by adjudication}
Score of Coda-staged2 vs Coda-baseline: 0 - 1 - 1  [0.250] 2
Started game 10 of 200 (Coda-baseline vs Coda-staged2)
Finished game 8 (Coda-baseline vs Coda-staged2): 0-1 {Black wins by adjudication}
Score of Coda-staged2 vs Coda-baseline: 1 - 1 - 1  [0.500] 3
Started game 11 of 200 (Coda-staged2 vs Coda-baseline)
Finished game 3 (Coda-staged2 vs Coda-baseline): 1/2-1/2 {Draw by 3-fold repetition}
Score of Coda-staged2 vs Coda-baseline: 1 - 1 - 2  [0.500] 4
Started game 12 of 200 (Coda-baseline vs Coda-staged2)
Finished game 4 (Coda-baseline vs Coda-staged2): 1-0 {White wins by adjudication}
Score of Coda-staged2 vs Coda-baseline: 1 - 2 - 2  [0.400] 5
Started game 13 of 200 (Coda-staged2 vs Coda-baseline)
Finished game 1 (Coda-staged2 vs Coda-baseline): 0-1 {Black wins by adjudication}
Score of Coda-staged2 vs Coda-baseline: 1 - 3 - 2  [0.333] 6
Started game 14 of 200 (Coda-baseline vs Coda-staged2)
Finished game 6 (Coda-baseline vs Coda-staged2): 1-0 {White mates}
Score of Coda-staged2 vs Coda-baseline: 1 - 4 - 2  [0.286] 7
Started game 15 of 200 (Coda-staged2 vs Coda-baseline)
Finished game 10 (Coda-baseline vs Coda-staged2): 1-0 {White mates}
Score of Coda-staged2 vs Coda-baseline: 1 - 5 - 2  [0.250] 8
Started game 16 of 200 (Coda-baseline vs Coda-staged2)
Finished game 2 (Coda-baseline vs Coda-staged2): 1/2-1/2 {Draw by adjudication}
Score of Coda-staged2 vs Coda-baseline: 1 - 5 - 3  [0.278] 9
Started game 17 of 200 (Coda-staged2 vs Coda-baseline)
Finished game 9 (Coda-staged2 vs Coda-baseline): 1/2-1/2 {Draw by 3-fold repetition}
Score of Coda-staged2 vs Coda-baseline: 1 - 5 - 4  [0.300] 10
Started game 18 of 200 (Coda-baseline vs Coda-staged2)
Finished game 11 (Coda-staged2 vs Coda-baseline): 1-0 {White wins by adjudication}
Score of Coda-staged2 vs Coda-baseline: 2 - 5 - 4  [0.364] 11
Started game 19 of 200 (Coda-staged2 vs Coda-baseline)
Finished game 13 (Coda-staged2 vs Coda-baseline): 0-1 {Black wins by adjudication}
Score of Coda-staged2 vs Coda-baseline: 2 - 6 - 4  [0.333] 12
Started game 20 of 200 (Coda-baseline vs Coda-staged2)
Finished game 18 (Coda-baseline vs Coda-staged2): 0-1 {Black wins by adjudication}
Score of Coda-staged2 vs Coda-baseline: 3 - 6 - 4  [0.385] 13
Started game 21 of 200 (Coda-staged2 vs Coda-baseline)
Finished game 15 (Coda-staged2 vs Coda-baseline): 0-1 {Black wins by adjudication}
Score of Coda-staged2 vs Coda-baseline: 3 - 7 - 4  [0.357] 14
Started game 22 of 200 (Coda-baseline vs Coda-staged2)
Finished game 14 (Coda-baseline vs Coda-staged2): 1-0 {White wins by adjudication}
Score of Coda-staged2 vs Coda-baseline: 3 - 8 - 4  [0.333] 15
Started game 23 of 200 (Coda-staged2 vs Coda-baseline)
Finished game 16 (Coda-baseline vs Coda-staged2): 1-0 {White wins by adjudication}
Score of Coda-staged2 vs Coda-baseline: 3 - 9 - 4  [0.313] 16
Started game 24 of 200 (Coda-baseline vs Coda-staged2)
Finished game 12 (Coda-baseline vs Coda-staged2): 1-0 {White wins by adjudication}
Score of Coda-staged2 vs Coda-baseline: 3 - 10 - 4  [0.294] 17
Started game 25 of 200 (Coda-staged2 vs Coda-baseline)
Finished game 19 (Coda-staged2 vs Coda-baseline): 1/2-1/2 {Draw by 3-fold repetition}
Score of Coda-staged2 vs Coda-baseline: 3 - 10 - 5  [0.306] 18
Started game 26 of 200 (Coda-baseline vs Coda-staged2)
Finished game 22 (Coda-baseline vs Coda-staged2): 1/2-1/2 {Draw by 3-fold repetition}
Score of Coda-staged2 vs Coda-baseline: 3 - 10 - 6  [0.316] 19
Started game 27 of 200 (Coda-staged2 vs Coda-baseline)
Finished game 20 (Coda-baseline vs Coda-staged2): 1-0 {White wins by adjudication}
Score of Coda-staged2 vs Coda-baseline: 3 - 11 - 6  [0.300] 20
...      Coda-staged2 playing White: 1 - 4 - 4  [0.333] 9
...      Coda-staged2 playing Black: 2 - 7 - 2  [0.273] 11
...      White vs Black: 8 - 6 - 6  [0.550] 20
Elo difference: -147.2 +/- 144.6, LOS: 1.6 %, DrawRatio: 30.0 %
SPRT: llr 0 (0.0%), lbound -inf, ubound inf
Started game 28 of 200 (Coda-baseline vs Coda-staged2)
Finished game 17 (Coda-staged2 vs Coda-baseline): 1-0 {White wins by adjudication}
Score of Coda-staged2 vs Coda-baseline: 4 - 11 - 6  [0.333] 21
Started game 29 of 200 (Coda-staged2 vs Coda-baseline)
Finished game 21 (Coda-staged2 vs Coda-baseline): 0-1 {Black wins by adjudication}
Score of Coda-staged2 vs Coda-baseline: 4 - 12 - 6  [0.318] 22
Started game 30 of 200 (Coda-baseline vs Coda-staged2)
Finished game 23 (Coda-staged2 vs Coda-baseline): 0-1 {Black wins by adjudication}
Score of Coda-staged2 vs Coda-baseline: 4 - 13 - 6  [0.304] 23
Started game 31 of 200 (Coda-staged2 vs Coda-baseline)
Finished game 29 (Coda-staged2 vs Coda-baseline): 1/2-1/2 {Draw by 3-fold repetition}
Score of Coda-staged2 vs Coda-baseline: 4 - 13 - 7  [0.313] 24
Started game 32 of 200 (Coda-baseline vs Coda-staged2)
Finished game 25 (Coda-staged2 vs Coda-baseline): 0-1 {Black wins by adjudication}
Score of Coda-staged2 vs Coda-baseline: 4 - 14 - 7  [0.300] 25
Started game 33 of 200 (Coda-staged2 vs Coda-baseline)
Finished game 26 (Coda-baseline vs Coda-staged2): 1/2-1/2 {Draw by 3-fold repetition}
Score of Coda-staged2 vs Coda-baseline: 4 - 14 - 8  [0.308] 26
Started game 34 of 200 (Coda-baseline vs Coda-staged2)
Finished game 24 (Coda-baseline vs Coda-staged2): 1/2-1/2 {Draw by 3-fold repetition}
Score of Coda-staged2 vs Coda-baseline: 4 - 14 - 9  [0.315] 27
Started game 35 of 200 (Coda-staged2 vs Coda-baseline)
Finished game 32 (Coda-baseline vs Coda-staged2): 0-1 {Black wins by adjudication}
Score of Coda-staged2 vs Coda-baseline: 5 - 14 - 9  [0.339] 28
Started game 36 of 200 (Coda-baseline vs Coda-staged2)
Finished game 31 (Coda-staged2 vs Coda-baseline): 1-0 {White wins by adjudication}
Score of Coda-staged2 vs Coda-baseline: 6 - 14 - 9  [0.362] 29
Started game 37 of 200 (Coda-staged2 vs Coda-baseline)
Finished game 28 (Coda-baseline vs Coda-staged2): 0-1 {Black wins by adjudication}
Score of Coda-staged2 vs Coda-baseline: 7 - 14 - 9  [0.383] 30
Started game 38 of 200 (Coda-baseline vs Coda-staged2)
Finished game 27 (Coda-staged2 vs Coda-baseline): 0-1 {Black wins by adjudication}
Score of Coda-staged2 vs Coda-baseline: 7 - 15 - 9  [0.371] 31
Started game 39 of 200 (Coda-staged2 vs Coda-baseline)
