Indexing opening suite...
Warning: Rodent3 doesn't have option MoveOverhead
Warning: Rodent3 doesn't have option MoveOverhead
Warning: Rodent3 doesn't have option MoveOverhead
Warning: Crafty doesn't have option MoveOverhead
Warning: Crafty doesn't have option MoveOverhead
Warning: Crafty doesn't have option MoveOverhead
Started game 6 of 500 (Rodent3 vs Crafty)
Warning: Monolith doesn't have option MoveOverhead
Started game 2 of 500 (Crafty vs Monolith)
Warning: Crafty doesn't have option MoveOverhead
Started game 4 of 500 (Coda-old vs Crafty)
Warning: Monolith doesn't have option MoveOverhead
Warning: Monolith doesn't have option MoveOverhead
Started game 1 of 500 (Coda-old vs Rodent3)
Started game 3 of 500 (Coda-new vs Rodent3)
Started game 5 of 500 (Coda-new vs Monolith)
Started game 7 of 500 (Coda-new vs Crafty)
Started game 8 of 500 (Monolith vs Coda-old)
Finished game 1 (Coda-old vs Rodent3): 0-1 {Black wins by adjudication}
Started game 9 of 500 (Coda-new vs Coda-old)
Finished game 7 (Coda-new vs Crafty): 0-1 {Black mates}
Warning: Rodent3 doesn't have option MoveOverhead
Warning: Monolith doesn't have option MoveOverhead
Started game 10 of 500 (Monolith vs Rodent3)
Finished game 3 (Coda-new vs Rodent3): 1-0 {White wins by adjudication}
Warning: Rodent3 doesn't have option MoveOverhead
Started game 11 of 500 (Rodent3 vs Coda-old)
Finished game 8 (Monolith vs Coda-old): 1-0 {White wins by adjudication}
Warning: Monolith doesn't have option MoveOverhead
Warning: Crafty doesn't have option MoveOverhead
Started game 12 of 500 (Monolith vs Crafty)
Finished game 9 (Coda-new vs Coda-old): 1-0 {White wins by adjudication}
Warning: Rodent3 doesn't have option MoveOverhead
Started game 13 of 500 (Rodent3 vs Coda-new)
Finished game 4 (Coda-old vs Crafty): 0-1 {Black mates}
Warning: Crafty doesn't have option MoveOverhead
Started game 14 of 500 (Crafty vs Coda-old)
Finished game 11 (Rodent3 vs Coda-old): 1-0 {White wins by adjudication}
Warning: Monolith doesn't have option MoveOverhead
Started game 15 of 500 (Monolith vs Coda-new)
Finished game 5 (Coda-new vs Monolith): 1-0 {White wins by adjudication}
Warning: Rodent3 doesn't have option MoveOverhead
Warning: Crafty doesn't have option MoveOverhead
Started game 16 of 500 (Crafty vs Rodent3)
Finished game 6 (Rodent3 vs Crafty): 1-0 {White mates}
Warning: Crafty doesn't have option MoveOverhead
Started game 17 of 500 (Crafty vs Coda-new)
Finished game 2 (Crafty vs Monolith): 0-1 {Black mates}
Warning: Monolith doesn't have option MoveOverhead
Started game 18 of 500 (Coda-old vs Monolith)
Warning: Illegal ponder move from Monolith: a4b3
Finished game 10 (Monolith vs Rodent3): 1/2-1/2 {Draw by 3-fold repetition}
Started game 19 of 500 (Coda-old vs Coda-new)
Finished game 13 (Rodent3 vs Coda-new): 1-0 {White wins by adjudication}
Warning: Rodent3 doesn't have option MoveOverhead
Warning: Monolith doesn't have option MoveOverhead
Started game 20 of 500 (Rodent3 vs Monolith)
Warning: Illegal ponder move from Monolith: e8d8
Finished game 15 (Monolith vs Coda-new): 1-0 {White mates}
Warning: Rodent3 doesn't have option MoveOverhead
Started game 21 of 500 (Coda-old vs Rodent3)
Finished game 16 (Crafty vs Rodent3): 1-0 {White mates}
Warning: Crafty doesn't have option MoveOverhead
Warning: Monolith doesn't have option MoveOverhead
Started game 22 of 500 (Crafty vs Monolith)
Finished game 14 (Crafty vs Coda-old): 1-0 {White mates}
Warning: Rodent3 doesn't have option MoveOverhead
Started game 23 of 500 (Coda-new vs Rodent3)
Finished game 17 (Crafty vs Coda-new): 1-0 {White mates}
Warning: Crafty doesn't have option MoveOverhead
Started game 24 of 500 (Coda-old vs Crafty)
Finished game 12 (Monolith vs Crafty): 1-0 {White mates}
Warning: Monolith doesn't have option MoveOverhead
Started game 25 of 500 (Coda-new vs Monolith)
Finished game 18 (Coda-old vs Monolith): 1-0 {White wins by adjudication}
Warning: Rodent3 doesn't have option MoveOverhead
Warning: Crafty doesn't have option MoveOverhead
Started game 26 of 500 (Rodent3 vs Crafty)
Finished game 21 (Coda-old vs Rodent3): 1-0 {White wins by adjudication}
Warning: Crafty doesn't have option MoveOverhead
Started game 27 of 500 (Coda-new vs Crafty)
Finished game 20 (Rodent3 vs Monolith): 0-1 {Black wins by adjudication}
Warning: Monolith doesn't have option MoveOverhead
Started game 28 of 500 (Monolith vs Coda-old)
Finished game 22 (Crafty vs Monolith): 0-1 {Black mates}
Started game 29 of 500 (Coda-new vs Coda-old)
Finished game 19 (Coda-old vs Coda-new): 1-0 {White wins by adjudication}
Warning: Rodent3 doesn't have option MoveOverhead
Warning: Monolith doesn't have option MoveOverhead
Started game 30 of 500 (Monolith vs Rodent3)
Finished game 23 (Coda-new vs Rodent3): 0-1 {Black wins by adjudication}
Warning: Rodent3 doesn't have option MoveOverhead
Started game 31 of 500 (Rodent3 vs Coda-old)
Finished game 24 (Coda-old vs Crafty): 0-1 {Black mates}
Warning: Monolith doesn't have option MoveOverhead
Warning: Crafty doesn't have option MoveOverhead
Started game 32 of 500 (Monolith vs Crafty)
Finished game 25 (Coda-new vs Monolith): 1-0 {White wins by adjudication}
Warning: Rodent3 doesn't have option MoveOverhead
Started game 33 of 500 (Rodent3 vs Coda-new)
Finished game 29 (Coda-new vs Coda-old): 0-1 {Black wins by adjudication}
Warning: Crafty doesn't have option MoveOverhead
Started game 34 of 500 (Crafty vs Coda-old)
Finished game 26 (Rodent3 vs Crafty): 1-0 {White mates}
Warning: Monolith doesn't have option MoveOverhead
Started game 35 of 500 (Monolith vs Coda-new)
Finished game 28 (Monolith vs Coda-old): 0-1 {Black wins by adjudication}
Warning: Rodent3 doesn't have option MoveOverhead
Warning: Crafty doesn't have option MoveOverhead
Started game 36 of 500 (Crafty vs Rodent3)
Finished game 30 (Monolith vs Rodent3): 1-0 {White wins by adjudication}
Warning: Crafty doesn't have option MoveOverhead
Started game 37 of 500 (Crafty vs Coda-new)
Finished game 33 (Rodent3 vs Coda-new): 1-0 {White wins by adjudication}
Warning: Monolith doesn't have option MoveOverhead
Started game 38 of 500 (Coda-old vs Monolith)
Finished game 27 (Coda-new vs Crafty): 1-0 {White mates}
Started game 39 of 500 (Coda-old vs Coda-new)
Finished game 32 (Monolith vs Crafty): 0-1 {Black mates}
Warning: Rodent3 doesn't have option MoveOverhead
Warning: Monolith doesn't have option MoveOverhead
Started game 40 of 500 (Rodent3 vs Monolith)
Finished game 31 (Rodent3 vs Coda-old): 1-0 {White wins by adjudication}
Started game 41 of 500 (Coda-old vs Rodent3)
Finished game 39 (Coda-old vs Coda-new): 1/2-1/2 {Draw by 3-fold repetition}
Warning: Crafty doesn't have option MoveOverhead
Warning: Monolith doesn't have option MoveOverhead
Started game 42 of 500 (Crafty vs Monolith)
Finished game 37 (Crafty vs Coda-new): 1-0 {White mates}
Warning: Rodent3 doesn't have option MoveOverhead
Started game 43 of 500 (Coda-new vs Rodent3)
Finished game 35 (Monolith vs Coda-new): 1-0 {White wins by adjudication}
Warning: Crafty doesn't have option MoveOverhead
Started game 44 of 500 (Coda-old vs Crafty)
Finished game 36 (Crafty vs Rodent3): 1-0 {White mates}
Warning: Monolith doesn't have option MoveOverhead
Started game 45 of 500 (Coda-new vs Monolith)
Finished game 45 (Coda-new vs Monolith): 0-1 {Black wins by adjudication}
Warning: Rodent3 doesn't have option MoveOverhead
Warning: Crafty doesn't have option MoveOverhead
Started game 46 of 500 (Rodent3 vs Crafty)
Finished game 41 (Coda-old vs Rodent3): 1-0 {White wins by adjudication}
Warning: Crafty doesn't have option MoveOverhead
Started game 47 of 500 (Coda-new vs Crafty)
Finished game 38 (Coda-old vs Monolith): 1/2-1/2 {Draw by 3-fold repetition}
Started game 48 of 500 (Monolith vs Coda-old)
Finished game 43 (Coda-new vs Rodent3): 1-0 {White wins by adjudication}
Started game 49 of 500 (Coda-new vs Coda-old)
Finished game 49 (Coda-new vs Coda-old): 0-1 {Black wins by adjudication}
Warning: Rodent3 doesn't have option MoveOverhead
Warning: Monolith doesn't have option MoveOverhead
Started game 50 of 500 (Monolith vs Rodent3)
Finished game 34 (Crafty vs Coda-old): 1/2-1/2 {Draw by fifty moves rule}
Warning: Rodent3 doesn't have option MoveOverhead
Started game 51 of 500 (Rodent3 vs Coda-old)
Finished game 42 (Crafty vs Monolith): 0-1 {Black mates}
Warning: Crafty doesn't have option MoveOverhead
Started game 52 of 500 (Monolith vs Crafty)
Finished game 44 (Coda-old vs Crafty): 0-1 {Black mates}
Warning: Rodent3 doesn't have option MoveOverhead
Started game 53 of 500 (Rodent3 vs Coda-new)
Finished game 47 (Coda-new vs Crafty): 0-1 {Black mates}
Warning: Crafty doesn't have option MoveOverhead
Finished game 40 (Rodent3 vs Monolith): 1-0 {White wins by adjudication}
Started game 54 of 500 (Crafty vs Coda-old)
Warning: Monolith doesn't have option MoveOverhead
Started game 55 of 500 (Monolith vs Coda-new)
Finished game 48 (Monolith vs Coda-old): 1-0 {White wins by adjudication}
Warning: Rodent3 doesn't have option MoveOverhead
Warning: Crafty doesn't have option MoveOverhead
Started game 56 of 500 (Crafty vs Rodent3)
Terminating process of engine Coda-new(99)
Finished game 53 (Rodent3 vs Coda-new): 1-0 {Black disconnects}
Warning: Crafty doesn't have option MoveOverhead
Started game 57 of 500 (Crafty vs Coda-new)
Finished game 55 (Monolith vs Coda-new): 1-0 {White wins by adjudication}
Rank Name                          Elo     +/-   Games   Score    Draw 
   1 Monolith                      108     165      20   65.0%   10.0% 
   2 Crafty                         74     169      19   60.5%    5.3% 
   3 Rodent3                        37     164      19   55.3%    5.3% 
   4 Coda-old                      -53     151      20   42.5%   15.0% 
   5 Coda-new                     -151     175      22   29.5%    4.5% 

SPRT: llr 0 (0.0%), lbound -inf, ubound inf
Warning: Monolith doesn't have option MoveOverhead
Started game 58 of 500 (Coda-old vs Monolith)
Finished game 51 (Rodent3 vs Coda-old): 1-0 {White wins by adjudication}
Started game 59 of 500 (Coda-old vs Coda-new)
Warning: Illegal ponder move from Monolith: h8g7
Finished game 52 (Monolith vs Crafty): 1-0 {White mates}
Warning: Rodent3 doesn't have option MoveOverhead
Warning: Monolith doesn't have option MoveOverhead
Started game 60 of 500 (Rodent3 vs Monolith)
Finished game 50 (Monolith vs Rodent3): 1-0 {White wins by adjudication}
Warning: Rodent3 doesn't have option MoveOverhead
Started game 61 of 500 (Coda-old vs Rodent3)
Finished game 54 (Crafty vs Coda-old): 0-1 {Black mates}
Warning: Crafty doesn't have option MoveOverhead
Warning: Monolith doesn't have option MoveOverhead
Started game 62 of 500 (Crafty vs Monolith)
Finished game 57 (Crafty vs Coda-new): 1-0 {White mates}
Warning: Rodent3 doesn't have option MoveOverhead
Started game 63 of 500 (Coda-new vs Rodent3)
Finished game 46 (Rodent3 vs Crafty): 1/2-1/2 {Draw by fifty moves rule}
Warning: Crafty doesn't have option MoveOverhead
Started game 64 of 500 (Coda-old vs Crafty)
Finished game 59 (Coda-old vs Coda-new): 0-1 {Black wins by adjudication}
Warning: Monolith doesn't have option MoveOverhead
Started game 65 of 500 (Coda-new vs Monolith)
Finished game 58 (Coda-old vs Monolith): 0-1 {Black wins by adjudication}
Warning: Rodent3 doesn't have option MoveOverhead
Warning: Crafty doesn't have option MoveOverhead
Started game 66 of 500 (Rodent3 vs Crafty)
Finished game 56 (Crafty vs Rodent3): 0-1 {Black mates}
Warning: Crafty doesn't have option MoveOverhead
Started game 67 of 500 (Coda-new vs Crafty)
Finished game 60 (Rodent3 vs Monolith): 0-1 {Black wins by adjudication}
Warning: Monolith doesn't have option MoveOverhead
Started game 68 of 500 (Monolith vs Coda-old)
Finished game 61 (Coda-old vs Rodent3): 1-0 {White wins by adjudication}
Started game 69 of 500 (Coda-new vs Coda-old)
Finished game 68 (Monolith vs Coda-old): 1-0 {White wins by adjudication}
Warning: Rodent3 doesn't have option MoveOverhead
Warning: Monolith doesn't have option MoveOverhead
Started game 70 of 500 (Monolith vs Rodent3)
Finished game 64 (Coda-old vs Crafty): 0-1 {Black mates}
Warning: Rodent3 doesn't have option MoveOverhead
Started game 71 of 500 (Rodent3 vs Coda-old)
Finished game 63 (Coda-new vs Rodent3): 1-0 {White wins by adjudication}
Warning: Monolith doesn't have option MoveOverhead
Warning: Crafty doesn't have option MoveOverhead
Started game 72 of 500 (Monolith vs Crafty)
Finished game 65 (Coda-new vs Monolith): 1-0 {White wins by adjudication}
Warning: Rodent3 doesn't have option MoveOverhead
Started game 73 of 500 (Rodent3 vs Coda-new)
Finished game 66 (Rodent3 vs Crafty): 1/2-1/2 {Draw by 3-fold repetition}
Warning: Crafty doesn't have option MoveOverhead
Started game 74 of 500 (Crafty vs Coda-old)
Finished game 67 (Coda-new vs Crafty): 0-1 {Black mates}
Warning: Monolith doesn't have option MoveOverhead
Finished game 62 (Crafty vs Monolith): 0-1 {Black mates}
Warning: Rodent3 doesn't have option MoveOverhead
Started game 75 of 500 (Monolith vs Coda-new)
Warning: Crafty doesn't have option MoveOverhead
Started game 76 of 500 (Crafty vs Rodent3)
Finished game 69 (Coda-new vs Coda-old): 0-1 {Black wins by adjudication}
Warning: Crafty doesn't have option MoveOverhead
Started game 77 of 500 (Crafty vs Coda-new)
Finished game 70 (Monolith vs Rodent3): 1-0 {White wins by adjudication}
Warning: Monolith doesn't have option MoveOverhead
Started game 78 of 500 (Coda-old vs Monolith)
Finished game 73 (Rodent3 vs Coda-new): 1-0 {White wins by adjudication}
Started game 79 of 500 (Coda-old vs Coda-new)
Finished game 75 (Monolith vs Coda-new): 1-0 {White wins by adjudication}
Warning: Rodent3 doesn't have option MoveOverhead
Warning: Monolith doesn't have option MoveOverhead
Started game 80 of 500 (Rodent3 vs Monolith)
Finished game 76 (Crafty vs Rodent3): 0-1 {Black mates}
Warning: Rodent3 doesn't have option MoveOverhead
Started game 81 of 500 (Coda-old vs Rodent3)
Finished game 74 (Crafty vs Coda-old): 1-0 {White mates}
Warning: Crafty doesn't have option MoveOverhead
Warning: Monolith doesn't have option MoveOverhead
Started game 82 of 500 (Crafty vs Monolith)
Finished game 72 (Monolith vs Crafty): 0-1 {Black mates}
Warning: Rodent3 doesn't have option MoveOverhead
Started game 83 of 500 (Coda-new vs Rodent3)
Finished game 71 (Rodent3 vs Coda-old): 1-0 {White wins by adjudication}
Warning: Crafty doesn't have option MoveOverhead
Started game 84 of 500 (Coda-old vs Crafty)
Finished game 77 (Crafty vs Coda-new): 0-1 {Black mates}
Warning: Monolith doesn't have option MoveOverhead
Started game 85 of 500 (Coda-new vs Monolith)
Warning: Illegal ponder move from Monolith: d2d4
Finished game 78 (Coda-old vs Monolith): 1/2-1/2 {Draw by 3-fold repetition}
Warning: Rodent3 doesn't have option MoveOverhead
Warning: Crafty doesn't have option MoveOverhead
Started game 86 of 500 (Rodent3 vs Crafty)
Finished game 79 (Coda-old vs Coda-new): 1-0 {White wins by adjudication}
Warning: Crafty doesn't have option MoveOverhead
Started game 87 of 500 (Coda-new vs Crafty)
Finished game 81 (Coda-old vs Rodent3): 0-1 {Black wins by adjudication}
Warning: Monolith doesn't have option MoveOverhead
Started game 88 of 500 (Monolith vs Coda-old)
Finished game 83 (Coda-new vs Rodent3): 1-0 {White wins by adjudication}
Started game 89 of 500 (Coda-new vs Coda-old)
Finished game 80 (Rodent3 vs Monolith): 0-1 {Black wins by adjudication}
Started game 90 of 500 (Monolith vs Rodent3)
Finished game 87 (Coda-new vs Crafty): 0-1 {Black mates}
Warning: Rodent3 doesn't have option MoveOverhead
Started game 91 of 500 (Rodent3 vs Coda-old)
Finished game 84 (Coda-old vs Crafty): 0-1 {Black mates}
Warning: Crafty doesn't have option MoveOverhead
Warning: Monolith doesn't have option MoveOverhead
Started game 92 of 500 (Monolith vs Crafty)
Finished game 82 (Crafty vs Monolith): 1/2-1/2 {Draw by 3-fold repetition}
Warning: Rodent3 doesn't have option MoveOverhead
Started game 93 of 500 (Rodent3 vs Coda-new)
Finished game 88 (Monolith vs Coda-old): 1-0 {White wins by adjudication}
Warning: Crafty doesn't have option MoveOverhead
Started game 94 of 500 (Crafty vs Coda-old)
Finished game 89 (Coda-new vs Coda-old): 0-1 {Black wins by adjudication}
Warning: Monolith doesn't have option MoveOverhead
Started game 95 of 500 (Monolith vs Coda-new)
Finished game 85 (Coda-new vs Monolith): 1/2-1/2 {Draw by 3-fold repetition}
Warning: Rodent3 doesn't have option MoveOverhead
Warning: Crafty doesn't have option MoveOverhead
Started game 96 of 500 (Crafty vs Rodent3)
Finished game 90 (Monolith vs Rodent3): 1-0 {White wins by adjudication}
Warning: Crafty doesn't have option MoveOverhead
Started game 97 of 500 (Crafty vs Coda-new)
Finished game 86 (Rodent3 vs Crafty): 1-0 {White mates}
Warning: Monolith doesn't have option MoveOverhead
Started game 98 of 500 (Coda-old vs Monolith)
Finished game 91 (Rodent3 vs Coda-old): 0-1 {Black wins by adjudication}
Started game 99 of 500 (Coda-old vs Coda-new)
Finished game 92 (Monolith vs Crafty): 0-1 {Black mates}
Warning: Rodent3 doesn't have option MoveOverhead
Warning: Monolith doesn't have option MoveOverhead
Started game 100 of 500 (Rodent3 vs Monolith)
Finished game 93 (Rodent3 vs Coda-new): 1-0 {White wins by adjudication}
Warning: Rodent3 doesn't have option MoveOverhead
Started game 101 of 500 (Coda-old vs Rodent3)
Finished game 95 (Monolith vs Coda-new): 1-0 {White wins by adjudication}
Warning: Crafty doesn't have option MoveOverhead
Warning: Monolith doesn't have option MoveOverhead
Started game 102 of 500 (Crafty vs Monolith)
Finished game 98 (Coda-old vs Monolith): 0-1 {Black wins by adjudication}
Warning: Rodent3 doesn't have option MoveOverhead
Started game 103 of 500 (Coda-new vs Rodent3)
Finished game 94 (Crafty vs Coda-old): 1/2-1/2 {Draw by insufficient mating material}
Warning: Crafty doesn't have option MoveOverhead
Started game 104 of 500 (Coda-old vs Crafty)
Finished game 97 (Crafty vs Coda-new): 0-1 {Black mates}
Warning: Monolith doesn't have option MoveOverhead
Started game 105 of 500 (Coda-new vs Monolith)
Finished game 101 (Coda-old vs Rodent3): 0-1 {Black wins by adjudication}
Warning: Rodent3 doesn't have option MoveOverhead
Warning: Crafty doesn't have option MoveOverhead
Started game 106 of 500 (Rodent3 vs Crafty)
Finished game 96 (Crafty vs Rodent3): 0-1 {Black mates}
Warning: Crafty doesn't have option MoveOverhead
Started game 107 of 500 (Coda-new vs Crafty)
Finished game 99 (Coda-old vs Coda-new): 1-0 {White wins by adjudication}
Rank Name                          Elo     +/-   Games   Score    Draw 
   1 Monolith                      151     116      39   70.5%   12.8% 
   2 Rodent3                        26     107      40   53.8%    7.5% 
   3 Crafty                         26     104      40   53.8%   12.5% 
   4 Coda-old                      -69     105      41   40.2%   12.2% 
   5 Coda-new                     -127     117      40   32.5%    5.0% 

SPRT: llr 0 (0.0%), lbound -inf, ubound inf
Warning: Monolith doesn't have option MoveOverhead
Started game 108 of 500 (Monolith vs Coda-old)
Finished game 103 (Coda-new vs Rodent3): 0-1 {Black wins by adjudication}
Started game 109 of 500 (Coda-new vs Coda-old)
Warning: Illegal ponder move from Monolith: f4e5
Finished game 102 (Crafty vs Monolith): 1/2-1/2 {Draw by 3-fold repetition}
Warning: Rodent3 doesn't have option MoveOverhead
Warning: Monolith doesn't have option MoveOverhead
Started game 110 of 500 (Monolith vs Rodent3)
Finished game 105 (Coda-new vs Monolith): 0-1 {Black mates}
Warning: Rodent3 doesn't have option MoveOverhead
Started game 111 of 500 (Rodent3 vs Coda-old)
Finished game 100 (Rodent3 vs Monolith): 0-1 {Black wins by adjudication}
Warning: Monolith doesn't have option MoveOverhead
Warning: Crafty doesn't have option MoveOverhead
Started game 112 of 500 (Monolith vs Crafty)
Finished game 104 (Coda-old vs Crafty): 1-0 {White mates}
Warning: Rodent3 doesn't have option MoveOverhead
Started game 113 of 500 (Rodent3 vs Coda-new)
Finished game 108 (Monolith vs Coda-old): 1/2-1/2 {Draw by 3-fold repetition}
Warning: Crafty doesn't have option MoveOverhead
Started game 114 of 500 (Crafty vs Coda-old)
Finished game 109 (Coda-new vs Coda-old): 0-1 {Black wins by adjudication}
Warning: Monolith doesn't have option MoveOverhead
Started game 115 of 500 (Monolith vs Coda-new)
Finished game 107 (Coda-new vs Crafty): 1-0 {White mates}
Warning: Rodent3 doesn't have option MoveOverhead
Warning: Crafty doesn't have option MoveOverhead
Started game 116 of 500 (Crafty vs Rodent3)
Finished game 111 (Rodent3 vs Coda-old): 0-1 {Black wins by adjudication}
Warning: Crafty doesn't have option MoveOverhead
Started game 117 of 500 (Crafty vs Coda-new)
Finished game 112 (Monolith vs Crafty): 1/2-1/2 {Draw by 3-fold repetition}
Warning: Monolith doesn't have option MoveOverhead
Started game 118 of 500 (Coda-old vs Monolith)
Finished game 106 (Rodent3 vs Crafty): 1/2-1/2 {Draw by 3-fold repetition}
Started game 119 of 500 (Coda-old vs Coda-new)
Finished game 113 (Rodent3 vs Coda-new): 0-1 {Black wins by adjudication}
Warning: Rodent3 doesn't have option MoveOverhead
Warning: Monolith doesn't have option MoveOverhead
Started game 120 of 500 (Rodent3 vs Monolith)
Finished game 114 (Crafty vs Coda-old): 1-0 {White mates}
Warning: Rodent3 doesn't have option MoveOverhead
Started game 121 of 500 (Coda-old vs Rodent3)
Finished game 110 (Monolith vs Rodent3): 1-0 {White wins by adjudication}
Warning: Crafty doesn't have option MoveOverhead
Warning: Monolith doesn't have option MoveOverhead
Started game 122 of 500 (Crafty vs Monolith)
Finished game 115 (Monolith vs Coda-new): 0-1 {Black wins by adjudication}
Warning: Rodent3 doesn't have option MoveOverhead
Started game 123 of 500 (Coda-new vs Rodent3)
Finished game 119 (Coda-old vs Coda-new): 1-0 {White wins by adjudication}
Warning: Crafty doesn't have option MoveOverhead
Started game 124 of 500 (Coda-old vs Crafty)
Finished game 118 (Coda-old vs Monolith): 0-1 {Black wins by adjudication}
Warning: Monolith doesn't have option MoveOverhead
Started game 125 of 500 (Coda-new vs Monolith)
Finished game 121 (Coda-old vs Rodent3): 0-1 {Black wins by adjudication}
Warning: Rodent3 doesn't have option MoveOverhead
Warning: Crafty doesn't have option MoveOverhead
Started game 126 of 500 (Rodent3 vs Crafty)
Finished game 116 (Crafty vs Rodent3): 1-0 {White mates}
Warning: Crafty doesn't have option MoveOverhead
Started game 127 of 500 (Coda-new vs Crafty)
Finished game 123 (Coda-new vs Rodent3): 0-1 {Black wins by adjudication}
Warning: Monolith doesn't have option MoveOverhead
Started game 128 of 500 (Monolith vs Coda-old)
Finished game 117 (Crafty vs Coda-new): 1-0 {White mates}
Started game 129 of 500 (Coda-new vs Coda-old)
Finished game 120 (Rodent3 vs Monolith): 1/2-1/2 {Draw by 3-fold repetition}
Started game 130 of 500 (Monolith vs Rodent3)
Finished game 124 (Coda-old vs Crafty): 0-1 {Black mates}
Warning: Rodent3 doesn't have option MoveOverhead
Started game 131 of 500 (Rodent3 vs Coda-old)
Finished game 122 (Crafty vs Monolith): 0-1 {Black mates}
Warning: Crafty doesn't have option MoveOverhead
Started game 132 of 500 (Monolith vs Crafty)
Finished game 127 (Coda-new vs Crafty): 0-1 {Black mates}
Warning: Rodent3 doesn't have option MoveOverhead
Started game 133 of 500 (Rodent3 vs Coda-new)
Finished game 125 (Coda-new vs Monolith): 1-0 {White wins by adjudication}
Warning: Crafty doesn't have option MoveOverhead
Started game 134 of 500 (Crafty vs Coda-old)
Finished game 129 (Coda-new vs Coda-old): 1-0 {White mates}
Warning: Monolith doesn't have option MoveOverhead
Started game 135 of 500 (Monolith vs Coda-new)
Finished game 131 (Rodent3 vs Coda-old): 1-0 {White wins by adjudication}
Warning: Rodent3 doesn't have option MoveOverhead
Warning: Crafty doesn't have option MoveOverhead
Started game 136 of 500 (Crafty vs Rodent3)
Finished game 128 (Monolith vs Coda-old): 1/2-1/2 {Draw by insufficient mating material}
Warning: Crafty doesn't have option MoveOverhead
Started game 137 of 500 (Crafty vs Coda-new)
Finished game 133 (Rodent3 vs Coda-new): 1-0 {White wins by adjudication}
Warning: Monolith doesn't have option MoveOverhead
Started game 138 of 500 (Coda-old vs Monolith)
Finished game 135 (Monolith vs Coda-new): 1-0 {White wins by adjudication}
Started game 139 of 500 (Coda-old vs Coda-new)
Finished game 130 (Monolith vs Rodent3): 1-0 {White wins by adjudication}
Started game 140 of 500 (Rodent3 vs Monolith)
Finished game 126 (Rodent3 vs Crafty): 0-1 {Black mates}
Warning: Rodent3 doesn't have option MoveOverhead
Started game 141 of 500 (Coda-old vs Rodent3)
Finished game 134 (Crafty vs Coda-old): 1-0 {White mates}
Warning: Crafty doesn't have option MoveOverhead
Warning: Monolith doesn't have option MoveOverhead
Started game 142 of 500 (Crafty vs Monolith)
Finished game 132 (Monolith vs Crafty): 1-0 {White mates}
Warning: Rodent3 doesn't have option MoveOverhead
Started game 143 of 500 (Coda-new vs Rodent3)
Warning: Illegal ponder move from Monolith: f5g6
Finished game 138 (Coda-old vs Monolith): 0-1 {Black mates}
Warning: Crafty doesn't have option MoveOverhead
Started game 144 of 500 (Coda-old vs Crafty)
Finished game 139 (Coda-old vs Coda-new): 0-1 {Black wins by adjudication}
Warning: Monolith doesn't have option MoveOverhead
Started game 145 of 500 (Coda-new vs Monolith)
Finished game 136 (Crafty vs Rodent3): 1-0 {White mates}
Warning: Crafty doesn't have option MoveOverhead
Started game 146 of 500 (Rodent3 vs Crafty)
Finished game 137 (Crafty vs Coda-new): 1-0 {White mates}
Warning: Crafty doesn't have option MoveOverhead
Started game 147 of 500 (Coda-new vs Crafty)
Finished game 143 (Coda-new vs Rodent3): 0-1 {Black wins by adjudication}
Warning: Monolith doesn't have option MoveOverhead
Started game 148 of 500 (Monolith vs Coda-old)
Finished game 141 (Coda-old vs Rodent3): 0-1 {Black wins by adjudication}
Started game 149 of 500 (Coda-new vs Coda-old)
Finished game 144 (Coda-old vs Crafty): 0-1 {Black mates}
Warning: Rodent3 doesn't have option MoveOverhead
Warning: Monolith doesn't have option MoveOverhead
Started game 150 of 500 (Monolith vs Rodent3)
Finished game 145 (Coda-new vs Monolith): 0-1 {Black wins by adjudication}
Warning: Rodent3 doesn't have option MoveOverhead
Started game 151 of 500 (Rodent3 vs Coda-old)
Finished game 142 (Crafty vs Monolith): 1-0 {White mates}
Warning: Crafty doesn't have option MoveOverhead
Started game 152 of 500 (Monolith vs Crafty)
Finished game 140 (Rodent3 vs Monolith): 1-0 {White wins by adjudication}
Warning: Rodent3 doesn't have option MoveOverhead
Started game 153 of 500 (Rodent3 vs Coda-new)
Finished game 147 (Coda-new vs Crafty): 0-1 {Black mates}
Warning: Crafty doesn't have option MoveOverhead
Started game 154 of 500 (Crafty vs Coda-old)
Finished game 148 (Monolith vs Coda-old): 0-1 {Black wins by adjudication}
Warning: Monolith doesn't have option MoveOverhead
Started game 155 of 500 (Monolith vs Coda-new)
Finished game 151 (Rodent3 vs Coda-old): 1-0 {White wins by adjudication}
Finished game 146 (Rodent3 vs Crafty): 1-0 {White mates}
Warning: Rodent3 doesn't have option MoveOverhead
Warning: Crafty doesn't have option MoveOverhead
Started game 156 of 500 (Crafty vs Rodent3)
Warning: Crafty doesn't have option MoveOverhead
Started game 157 of 500 (Crafty vs Coda-new)
Finished game 149 (Coda-new vs Coda-old): 1-0 {White wins by adjudication}
Rank Name                          Elo     +/-   Games   Score    Draw 
   1 Monolith                      129      88      59   67.8%   16.9% 
   2 Crafty                         58      84      60   58.3%   13.3% 
   3 Rodent3                        29      86      60   54.2%    8.3% 
   4 Coda-old                      -93      87      61   36.9%   11.5% 
   5 Coda-new                     -120      94      60   33.3%    3.3% 

SPRT: llr 0 (0.0%), lbound -inf, ubound inf
Warning: Monolith doesn't have option MoveOverhead
Started game 158 of 500 (Coda-old vs Monolith)
Finished game 153 (Rodent3 vs Coda-new): 1-0 {White wins by adjudication}
Started game 159 of 500 (Coda-old vs Coda-new)
Finished game 154 (Crafty vs Coda-old): 1-0 {White mates}
Warning: Rodent3 doesn't have option MoveOverhead
Warning: Monolith doesn't have option MoveOverhead
Started game 160 of 500 (Rodent3 vs Monolith)
Finished game 155 (Monolith vs Coda-new): 1-0 {White wins by adjudication}
Warning: Rodent3 doesn't have option MoveOverhead
Started game 161 of 500 (Coda-old vs Rodent3)
Finished game 152 (Monolith vs Crafty): 1-0 {White mates}
Warning: Crafty doesn't have option MoveOverhead
Started game 162 of 500 (Crafty vs Monolith)
Finished game 158 (Coda-old vs Monolith): 1-0 {White wins by adjudication}
Warning: Rodent3 doesn't have option MoveOverhead
Started game 163 of 500 (Coda-new vs Rodent3)
Finished game 157 (Crafty vs Coda-new): 1-0 {White mates}
Warning: Crafty doesn't have option MoveOverhead
Started game 164 of 500 (Coda-old vs Crafty)
Finished game 159 (Coda-old vs Coda-new): 1-0 {White wins by adjudication}
Warning: Monolith doesn't have option MoveOverhead
Started game 165 of 500 (Coda-new vs Monolith)
Finished game 160 (Rodent3 vs Monolith): 0-1 {Black wins by adjudication}
Warning: Rodent3 doesn't have option MoveOverhead
Warning: Crafty doesn't have option MoveOverhead
Started game 166 of 500 (Rodent3 vs Crafty)
Finished game 156 (Crafty vs Rodent3): 1/2-1/2 {Draw by 3-fold repetition}
Warning: Crafty doesn't have option MoveOverhead
Started game 167 of 500 (Coda-new vs Crafty)
Finished game 150 (Monolith vs Rodent3): 1/2-1/2 {Draw by 3-fold repetition}
Finished game 161 (Coda-old vs Rodent3): 0-1 {Black wins by adjudication}
Warning: Monolith doesn't have option MoveOverhead
Started game 168 of 500 (Monolith vs Coda-old)
Started game 169 of 500 (Coda-new vs Coda-old)
Finished game 163 (Coda-new vs Rodent3): 1-0 {White wins by adjudication}
Warning: Rodent3 doesn't have option MoveOverhead
Warning: Monolith doesn't have option MoveOverhead
Started game 170 of 500 (Monolith vs Rodent3)
Finished game 162 (Crafty vs Monolith): 1-0 {White mates}
Warning: Rodent3 doesn't have option MoveOverhead
Started game 171 of 500 (Rodent3 vs Coda-old)
Finished game 169 (Coda-new vs Coda-old): 1-0 {White wins by adjudication}
Warning: Monolith doesn't have option MoveOverhead
Warning: Crafty doesn't have option MoveOverhead
Started game 172 of 500 (Monolith vs Crafty)
Finished game 165 (Coda-new vs Monolith): 0-1 {Black wins by adjudication}
Warning: Rodent3 doesn't have option MoveOverhead
Started game 173 of 500 (Rodent3 vs Coda-new)
Finished game 164 (Coda-old vs Crafty): 0-1 {Black mates}
Warning: Crafty doesn't have option MoveOverhead
Started game 174 of 500 (Crafty vs Coda-old)
Finished game 171 (Rodent3 vs Coda-old): 1-0 {White wins by adjudication}
Warning: Monolith doesn't have option MoveOverhead
Started game 175 of 500 (Monolith vs Coda-new)
Finished game 168 (Monolith vs Coda-old): 1-0 {White wins by adjudication}
Warning: Rodent3 doesn't have option MoveOverhead
Warning: Crafty doesn't have option MoveOverhead
Started game 176 of 500 (Crafty vs Rodent3)
Finished game 166 (Rodent3 vs Crafty): 1-0 {White mates}
Warning: Crafty doesn't have option MoveOverhead
Started game 177 of 500 (Crafty vs Coda-new)
Finished game 167 (Coda-new vs Crafty): 0-1 {Black mates}
Warning: Monolith doesn't have option MoveOverhead
Started game 178 of 500 (Coda-old vs Monolith)
Finished game 173 (Rodent3 vs Coda-new): 0-1 {Black wins by adjudication}
Started game 179 of 500 (Coda-old vs Coda-new)
Finished game 170 (Monolith vs Rodent3): 1-0 {White wins by adjudication}
Started game 180 of 500 (Rodent3 vs Monolith)
Finished game 172 (Monolith vs Crafty): 1-0 {White mates}
Warning: Rodent3 doesn't have option MoveOverhead
Started game 181 of 500 (Coda-old vs Rodent3)
Finished game 175 (Monolith vs Coda-new): 1-0 {White wins by adjudication}
Warning: Crafty doesn't have option MoveOverhead
Warning: Monolith doesn't have option MoveOverhead
Started game 182 of 500 (Crafty vs Monolith)
Finished game 174 (Crafty vs Coda-old): 1-0 {White mates}
Warning: Rodent3 doesn't have option MoveOverhead
Started game 183 of 500 (Coda-new vs Rodent3)
Warning: Illegal ponder move from Monolith: g1h2
Finished game 176 (Crafty vs Rodent3): 1-0 {White mates}
Warning: Crafty doesn't have option MoveOverhead
Started game 184 of 500 (Coda-old vs Crafty)
Finished game 180 (Rodent3 vs Monolith): 1/2-1/2 {Draw by 3-fold repetition}
Warning: Monolith doesn't have option MoveOverhead
Started game 185 of 500 (Coda-new vs Monolith)
Finished game 179 (Coda-old vs Coda-new): 1-0 {White wins by adjudication}
Warning: Rodent3 doesn't have option MoveOverhead
Warning: Crafty doesn't have option MoveOverhead
Started game 186 of 500 (Rodent3 vs Crafty)
Finished game 177 (Crafty vs Coda-new): 1-0 {White mates}
Warning: Crafty doesn't have option MoveOverhead
Started game 187 of 500 (Coda-new vs Crafty)
Finished game 184 (Coda-old vs Crafty): 0-1 {Black mates}
Warning: Monolith doesn't have option MoveOverhead
Started game 188 of 500 (Monolith vs Coda-old)
Finished game 181 (Coda-old vs Rodent3): 1-0 {White wins by adjudication}
Started game 189 of 500 (Coda-new vs Coda-old)
Finished game 178 (Coda-old vs Monolith): 1-0 {White wins by adjudication}
Warning: Rodent3 doesn't have option MoveOverhead
Warning: Monolith doesn't have option MoveOverhead
Started game 190 of 500 (Monolith vs Rodent3)
Finished game 182 (Crafty vs Monolith): 0-1 {Black mates}
Warning: Rodent3 doesn't have option MoveOverhead
Started game 191 of 500 (Rodent3 vs Coda-old)
Finished game 185 (Coda-new vs Monolith): 1-0 {White wins by adjudication}
Warning: Crafty doesn't have option MoveOverhead
Warning: Monolith doesn't have option MoveOverhead
Started game 192 of 500 (Monolith vs Crafty)
Finished game 187 (Coda-new vs Crafty): 1-0 {White mates}
Warning: Rodent3 doesn't have option MoveOverhead
Started game 193 of 500 (Rodent3 vs Coda-new)
Finished game 189 (Coda-new vs Coda-old): 1-0 {White wins by adjudication}
Warning: Crafty doesn't have option MoveOverhead
Started game 194 of 500 (Crafty vs Coda-old)
Finished game 186 (Rodent3 vs Crafty): 0-1 {Black mates}
Warning: Monolith doesn't have option MoveOverhead
Started game 195 of 500 (Monolith vs Coda-new)
Finished game 188 (Monolith vs Coda-old): 1-0 {White wins by adjudication}
Warning: Rodent3 doesn't have option MoveOverhead
Warning: Crafty doesn't have option MoveOverhead
Started game 196 of 500 (Crafty vs Rodent3)
Finished game 191 (Rodent3 vs Coda-old): 1-0 {White wins by adjudication}
Warning: Crafty doesn't have option MoveOverhead
Started game 197 of 500 (Crafty vs Coda-new)
Finished game 183 (Coda-new vs Rodent3): 1/2-1/2 {Draw by fifty moves rule}
Warning: Monolith doesn't have option MoveOverhead
Started game 198 of 500 (Coda-old vs Monolith)
Finished game 190 (Monolith vs Rodent3): 1/2-1/2 {Draw by 3-fold repetition}
Started game 199 of 500 (Coda-old vs Coda-new)
Finished game 195 (Monolith vs Coda-new): 1-0 {White wins by adjudication}
Warning: Rodent3 doesn't have option MoveOverhead
Warning: Monolith doesn't have option MoveOverhead
Started game 200 of 500 (Rodent3 vs Monolith)
Finished game 193 (Rodent3 vs Coda-new): 0-1 {Black wins by adjudication}
Warning: Rodent3 doesn't have option MoveOverhead
Started game 201 of 500 (Coda-old vs Rodent3)
Finished game 197 (Crafty vs Coda-new): 1-0 {White mates}
Warning: Crafty doesn't have option MoveOverhead
Warning: Monolith doesn't have option MoveOverhead
Started game 202 of 500 (Crafty vs Monolith)
Finished game 196 (Crafty vs Rodent3): 0-1 {Black mates}
Warning: Rodent3 doesn't have option MoveOverhead
Started game 203 of 500 (Coda-new vs Rodent3)
Warning: Illegal ponder move from Monolith: a8a7
Finished game 192 (Monolith vs Crafty): 1-0 {White mates}
Warning: Crafty doesn't have option MoveOverhead
Started game 204 of 500 (Coda-old vs Crafty)
Finished game 199 (Coda-old vs Coda-new): 1/2-1/2 {Draw by 3-fold repetition}
Warning: Monolith doesn't have option MoveOverhead
Started game 205 of 500 (Coda-new vs Monolith)
Finished game 194 (Crafty vs Coda-old): 1-0 {White mates}
Warning: Rodent3 doesn't have option MoveOverhead
Warning: Crafty doesn't have option MoveOverhead
Started game 206 of 500 (Rodent3 vs Crafty)
Finished game 198 (Coda-old vs Monolith): 0-1 {Black wins by adjudication}
Warning: Crafty doesn't have option MoveOverhead
Started game 207 of 500 (Coda-new vs Crafty)
Finished game 201 (Coda-old vs Rodent3): 0-1 {Black wins by adjudication}
Rank Name                          Elo     +/-   Games   Score    Draw 
   1 Monolith                      139      76      79   69.0%   16.5% 
   2 Crafty                         66      74      80   59.4%   11.3% 
   3 Rodent3                        17      72      80   52.5%   12.5% 
   4 Coda-new                     -108      79      80   35.0%    5.0% 
   5 Coda-old                     -111      77      81   34.6%    9.9% 

SPRT: llr 0 (0.0%), lbound -inf, ubound inf
Warning: Monolith doesn't have option MoveOverhead
Started game 208 of 500 (Monolith vs Coda-old)
Finished game 203 (Coda-new vs Rodent3): 1-0 {White wins by adjudication}
Started game 209 of 500 (Coda-new vs Coda-old)
Finished game 200 (Rodent3 vs Monolith): 0-1 {Black wins by adjudication}
Started game 210 of 500 (Monolith vs Rodent3)
Finished game 204 (Coda-old vs Crafty): 0-1 {Black mates}
Warning: Rodent3 doesn't have option MoveOverhead
Started game 211 of 500 (Rodent3 vs Coda-old)
Warning: Illegal ponder move from Monolith: d4e5
Finished game 202 (Crafty vs Monolith): 1/2-1/2 {Draw by insufficient mating material}
Warning: Crafty doesn't have option MoveOverhead
Started game 212 of 500 (Monolith vs Crafty)
Finished game 206 (Rodent3 vs Crafty): 1/2-1/2 {Draw by insufficient mating material}
Warning: Rodent3 doesn't have option MoveOverhead
Started game 213 of 500 (Rodent3 vs Coda-new)
Finished game 205 (Coda-new vs Monolith): 0-1 {Black wins by adjudication}
Warning: Crafty doesn't have option MoveOverhead
Started game 214 of 500 (Crafty vs Coda-old)
Finished game 209 (Coda-new vs Coda-old): 1-0 {White wins by adjudication}
Warning: Monolith doesn't have option MoveOverhead
Started game 215 of 500 (Monolith vs Coda-new)
Finished game 207 (Coda-new vs Crafty): 1-0 {White mates}
Warning: Rodent3 doesn't have option MoveOverhead
Warning: Crafty doesn't have option MoveOverhead
Started game 216 of 500 (Crafty vs Rodent3)
Finished game 211 (Rodent3 vs Coda-old): 0-1 {Black wins by adjudication}
Warning: Crafty doesn't have option MoveOverhead
Started game 217 of 500 (Crafty vs Coda-new)
Finished game 212 (Monolith vs Crafty): 1/2-1/2 {Draw by 3-fold repetition}
Warning: Monolith doesn't have option MoveOverhead
Started game 218 of 500 (Coda-old vs Monolith)
Finished game 213 (Rodent3 vs Coda-new): 1-0 {White wins by adjudication}
Started game 219 of 500 (Coda-old vs Coda-new)
Finished game 208 (Monolith vs Coda-old): 0-1 {Black wins by adjudication}
Warning: Rodent3 doesn't have option MoveOverhead
Warning: Monolith doesn't have option MoveOverhead
Started game 220 of 500 (Rodent3 vs Monolith)
Finished game 210 (Monolith vs Rodent3): 1-0 {White wins by adjudication}
Warning: Rodent3 doesn't have option MoveOverhead
Started game 221 of 500 (Coda-old vs Rodent3)
Finished game 214 (Crafty vs Coda-old): 1-0 {White mates}
Warning: Crafty doesn't have option MoveOverhead
Warning: Monolith doesn't have option MoveOverhead
Started game 222 of 500 (Crafty vs Monolith)
Warning: Illegal ponder move from Monolith: c4e2
Warning: Illegal ponder move from Monolith: c2c4
Warning: Illegal ponder move from Monolith: d1d4
Finished game 218 (Coda-old vs Monolith): 0-1 {Black mates}
Warning: Rodent3 doesn't have option MoveOverhead
Started game 223 of 500 (Coda-new vs Rodent3)
Finished game 221 (Coda-old vs Rodent3): 0-1 {Black wins by adjudication}
Warning: Crafty doesn't have option MoveOverhead
Started game 224 of 500 (Coda-old vs Crafty)
Finished game 215 (Monolith vs Coda-new): 1-0 {White wins by adjudication}
Started game 225 of 500 (Coda-new vs Monolith)
Finished game 217 (Crafty vs Coda-new): 1-0 {White mates}
Warning: Rodent3 doesn't have option MoveOverhead
Warning: Crafty doesn't have option MoveOverhead
Started game 226 of 500 (Rodent3 vs Crafty)
Finished game 216 (Crafty vs Rodent3): 1-0 {White mates}
Warning: Crafty doesn't have option MoveOverhead
Started game 227 of 500 (Coda-new vs Crafty)
Finished game 220 (Rodent3 vs Monolith): 0-1 {Black wins by adjudication}
Warning: Monolith doesn't have option MoveOverhead
Started game 228 of 500 (Monolith vs Coda-old)
Finished game 219 (Coda-old vs Coda-new): 1/2-1/2 {Draw by 3-fold repetition}
Started game 229 of 500 (Coda-new vs Coda-old)
Finished game 223 (Coda-new vs Rodent3): 0-1 {Black wins by adjudication}
Warning: Rodent3 doesn't have option MoveOverhead
Warning: Monolith doesn't have option MoveOverhead
Started game 230 of 500 (Monolith vs Rodent3)
Finished game 225 (Coda-new vs Monolith): 0-1 {Black wins by adjudication}
Warning: Rodent3 doesn't have option MoveOverhead
Started game 231 of 500 (Rodent3 vs Coda-old)
Finished game 222 (Crafty vs Monolith): 1-0 {White mates}
Warning: Crafty doesn't have option MoveOverhead
Started game 232 of 500 (Monolith vs Crafty)
Finished game 227 (Coda-new vs Crafty): 0-1 {Black mates}
Warning: Rodent3 doesn't have option MoveOverhead
Started game 233 of 500 (Rodent3 vs Coda-new)
Finished game 224 (Coda-old vs Crafty): 0-1 {Black mates}
Warning: Crafty doesn't have option MoveOverhead
Started game 234 of 500 (Crafty vs Coda-old)
Finished game 228 (Monolith vs Coda-old): 0-1 {Black wins by adjudication}
Warning: Monolith doesn't have option MoveOverhead
Started game 235 of 500 (Monolith vs Coda-new)
Finished game 229 (Coda-new vs Coda-old): 1-0 {White wins by adjudication}
Warning: Rodent3 doesn't have option MoveOverhead
Warning: Crafty doesn't have option MoveOverhead
Started game 236 of 500 (Crafty vs Rodent3)
Finished game 233 (Rodent3 vs Coda-new): 1-0 {White wins by adjudication}
Warning: Crafty doesn't have option MoveOverhead
Started game 237 of 500 (Crafty vs Coda-new)
Finished game 226 (Rodent3 vs Crafty): 1-0 {White mates}
Warning: Monolith doesn't have option MoveOverhead
Started game 238 of 500 (Coda-old vs Monolith)
Finished game 234 (Crafty vs Coda-old): 1-0 {White mates}
Started game 239 of 500 (Coda-old vs Coda-new)
Finished game 231 (Rodent3 vs Coda-old): 1-0 {White wins by adjudication}
Warning: Rodent3 doesn't have option MoveOverhead
Warning: Monolith doesn't have option MoveOverhead
Started game 240 of 500 (Rodent3 vs Monolith)
Warning: Illegal ponder move from Monolith: a6b5
Finished game 232 (Monolith vs Crafty): 1-0 {White mates}
Warning: Rodent3 doesn't have option MoveOverhead
Started game 241 of 500 (Coda-old vs Rodent3)
Finished game 230 (Monolith vs Rodent3): 0-1 {Black wins by adjudication}
Warning: Crafty doesn't have option MoveOverhead
Warning: Monolith doesn't have option MoveOverhead
Started game 242 of 500 (Crafty vs Monolith)
Finished game 235 (Monolith vs Coda-new): 1-0 {White wins by adjudication}
Warning: Rodent3 doesn't have option MoveOverhead
Started game 243 of 500 (Coda-new vs Rodent3)
Finished game 238 (Coda-old vs Monolith): 1/2-1/2 {Draw by 3-fold repetition}
Warning: Crafty doesn't have option MoveOverhead
Started game 244 of 500 (Coda-old vs Crafty)
Finished game 241 (Coda-old vs Rodent3): 0-1 {Black wins by adjudication}
Warning: Monolith doesn't have option MoveOverhead
Started game 245 of 500 (Coda-new vs Monolith)
Finished game 236 (Crafty vs Rodent3): 1/2-1/2 {Draw by 3-fold repetition}
Warning: Crafty doesn't have option MoveOverhead
Started game 246 of 500 (Rodent3 vs Crafty)
Finished game 243 (Coda-new vs Rodent3): 0-1 {Black wins by adjudication}
Warning: Crafty doesn't have option MoveOverhead
Started game 247 of 500 (Coda-new vs Crafty)
Finished game 237 (Crafty vs Coda-new): 1/2-1/2 {Draw by 3-fold repetition}
Warning: Monolith doesn't have option MoveOverhead
Started game 248 of 500 (Monolith vs Coda-old)
Finished game 239 (Coda-old vs Coda-new): 1/2-1/2 {Draw by 3-fold repetition}
Started game 249 of 500 (Coda-new vs Coda-old)
Finished game 242 (Crafty vs Monolith): 0-1 {Black mates}
Warning: Rodent3 doesn't have option MoveOverhead
Warning: Monolith doesn't have option MoveOverhead
Started game 250 of 500 (Monolith vs Rodent3)
Finished game 240 (Rodent3 vs Monolith): 1/2-1/2 {Draw by adjudication}
Finished game 249 (Coda-new vs Coda-old): 1-0 {White wins by adjudication}
Warning: Rodent3 doesn't have option MoveOverhead
Warning: Crafty doesn't have option MoveOverhead
Warning: Monolith doesn't have option MoveOverhead
Started game 252 of 500 (Monolith vs Crafty)
Started game 251 of 500 (Rodent3 vs Coda-old)
Finished game 244 (Coda-old vs Crafty): 1-0 {White mates}
Warning: Rodent3 doesn't have option MoveOverhead
Started game 253 of 500 (Rodent3 vs Coda-new)
Finished game 245 (Coda-new vs Monolith): 1-0 {White wins by adjudication}
Warning: Crafty doesn't have option MoveOverhead
Started game 254 of 500 (Crafty vs Coda-old)
Finished game 246 (Rodent3 vs Crafty): 1-0 {White mates}
Warning: Monolith doesn't have option MoveOverhead
Started game 255 of 500 (Monolith vs Coda-new)
Finished game 247 (Coda-new vs Crafty): 1-0 {White mates}
Warning: Rodent3 doesn't have option MoveOverhead
Warning: Crafty doesn't have option MoveOverhead
Started game 256 of 500 (Crafty vs Rodent3)
Finished game 250 (Monolith vs Rodent3): 1-0 {White wins by adjudication}
Warning: Crafty doesn't have option MoveOverhead
Started game 257 of 500 (Crafty vs Coda-new)
Finished game 251 (Rodent3 vs Coda-old): 1-0 {White wins by adjudication}
Rank Name                          Elo     +/-   Games   Score    Draw 
   1 Monolith                      132      67      99   68.2%   17.2% 
   2 Crafty                         56      65     100   58.0%   14.0% 
   3 Rodent3                        28      64     101   54.0%   12.9% 
   4 Coda-new                      -96      69     100   36.5%    7.0% 
   5 Coda-old                     -119      69     100   33.5%   11.0% 

SPRT: llr 0 (0.0%), lbound -inf, ubound inf
Warning: Monolith doesn't have option MoveOverhead
Started game 258 of 500 (Coda-old vs Monolith)
Finished game 252 (Monolith vs Crafty): 1-0 {White mates}
Started game 259 of 500 (Coda-old vs Coda-new)
Finished game 248 (Monolith vs Coda-old): 1/2-1/2 {Draw by adjudication}
Warning: Rodent3 doesn't have option MoveOverhead
Warning: Monolith doesn't have option MoveOverhead
Started game 260 of 500 (Rodent3 vs Monolith)
Finished game 255 (Monolith vs Coda-new): 0-1 {Black wins by adjudication}
Warning: Rodent3 doesn't have option MoveOverhead
Started game 261 of 500 (Coda-old vs Rodent3)
Finished game 253 (Rodent3 vs Coda-new): 1-0 {White wins by adjudication}
Warning: Crafty doesn't have option MoveOverhead
Warning: Monolith doesn't have option MoveOverhead
Started game 262 of 500 (Crafty vs Monolith)
Finished game 258 (Coda-old vs Monolith): 1-0 {White wins by adjudication}
Warning: Rodent3 doesn't have option MoveOverhead
Started game 263 of 500 (Coda-new vs Rodent3)
Finished game 259 (Coda-old vs Coda-new): 0-1 {Black wins by adjudication}
Warning: Crafty doesn't have option MoveOverhead
Started game 264 of 500 (Coda-old vs Crafty)
Finished game 257 (Crafty vs Coda-new): 1-0 {White mates}
Warning: Monolith doesn't have option MoveOverhead
Started game 265 of 500 (Coda-new vs Monolith)
Finished game 254 (Crafty vs Coda-old): 0-1 {Black mates}
Warning: Rodent3 doesn't have option MoveOverhead
Warning: Crafty doesn't have option MoveOverhead
Started game 266 of 500 (Rodent3 vs Crafty)
Finished game 263 (Coda-new vs Rodent3): 0-1 {Black wins by adjudication}
Warning: Crafty doesn't have option MoveOverhead
Started game 267 of 500 (Coda-new vs Crafty)
Finished game 256 (Crafty vs Rodent3): 0-1 {Black mates}
Warning: Monolith doesn't have option MoveOverhead
Started game 268 of 500 (Monolith vs Coda-old)
Finished game 261 (Coda-old vs Rodent3): 1/2-1/2 {Draw by 3-fold repetition}
Started game 269 of 500 (Coda-new vs Coda-old)
Finished game 265 (Coda-new vs Monolith): 0-1 {Black mates}
Warning: Rodent3 doesn't have option MoveOverhead
Warning: Monolith doesn't have option MoveOverhead
Started game 270 of 500 (Monolith vs Rodent3)
Finished game 264 (Coda-old vs Crafty): 0-1 {Black mates}
Warning: Rodent3 doesn't have option MoveOverhead
Started game 271 of 500 (Rodent3 vs Coda-old)
Finished game 262 (Crafty vs Monolith): 0-1 {Black mates}
Warning: Crafty doesn't have option MoveOverhead
Started game 272 of 500 (Monolith vs Crafty)
Finished game 268 (Monolith vs Coda-old): 1-0 {White wins by adjudication}
Warning: Rodent3 doesn't have option MoveOverhead
Started game 273 of 500 (Rodent3 vs Coda-new)
Finished game 269 (Coda-new vs Coda-old): 0-1 {Black wins by adjudication}
Warning: Crafty doesn't have option MoveOverhead
Started game 274 of 500 (Crafty vs Coda-old)
Finished game 260 (Rodent3 vs Monolith): 0-1 {Black wins by adjudication}
Warning: Monolith doesn't have option MoveOverhead
Started game 275 of 500 (Monolith vs Coda-new)
Finished game 271 (Rodent3 vs Coda-old): 1-0 {White wins by adjudication}
Warning: Rodent3 doesn't have option MoveOverhead
Warning: Crafty doesn't have option MoveOverhead
Started game 276 of 500 (Crafty vs Rodent3)
Finished game 266 (Rodent3 vs Crafty): 0-1 {Black mates}
Warning: Crafty doesn't have option MoveOverhead
Started game 277 of 500 (Crafty vs Coda-new)
Finished game 273 (Rodent3 vs Coda-new): 1/2-1/2 {Draw by 3-fold repetition}
Warning: Monolith doesn't have option MoveOverhead
Started game 278 of 500 (Coda-old vs Monolith)
Finished game 270 (Monolith vs Rodent3): 1-0 {White wins by adjudication}
Started game 279 of 500 (Coda-old vs Coda-new)
Finished game 272 (Monolith vs Crafty): 1/2-1/2 {Draw by 3-fold repetition}
Warning: Rodent3 doesn't have option MoveOverhead
Warning: Monolith doesn't have option MoveOverhead
Started game 280 of 500 (Rodent3 vs Monolith)
Finished game 267 (Coda-new vs Crafty): 1/2-1/2 {Draw by fifty moves rule}
Warning: Rodent3 doesn't have option MoveOverhead
Started game 281 of 500 (Coda-old vs Rodent3)
Finished game 275 (Monolith vs Coda-new): 0-1 {Black wins by adjudication}
Warning: Crafty doesn't have option MoveOverhead
Warning: Monolith doesn't have option MoveOverhead
Started game 282 of 500 (Crafty vs Monolith)
Finished game 274 (Crafty vs Coda-old): 0-1 {Black mates}
Warning: Rodent3 doesn't have option MoveOverhead
Started game 283 of 500 (Coda-new vs Rodent3)
Finished game 276 (Crafty vs Rodent3): 1-0 {White mates}
Warning: Crafty doesn't have option MoveOverhead
Started game 284 of 500 (Coda-old vs Crafty)
Finished game 281 (Coda-old vs Rodent3): 0-1 {Black wins by adjudication}
Warning: Monolith doesn't have option MoveOverhead
Started game 285 of 500 (Coda-new vs Monolith)
Finished game 277 (Crafty vs Coda-new): 0-1 {Black mates}
Warning: Rodent3 doesn't have option MoveOverhead
Finished game 279 (Coda-old vs Coda-new): 0-1 {Black wins by adjudication}
Warning: Crafty doesn't have option MoveOverhead
Started game 286 of 500 (Rodent3 vs Crafty)
Warning: Crafty doesn't have option MoveOverhead
Started game 287 of 500 (Coda-new vs Crafty)
Finished game 278 (Coda-old vs Monolith): 1-0 {White wins by adjudication}
Started game 288 of 500 (Monolith vs Coda-old)
Finished game 284 (Coda-old vs Crafty): 0-1 {Black mates}
Started game 289 of 500 (Coda-new vs Coda-old)
Finished game 283 (Coda-new vs Rodent3): 0-1 {Black wins by adjudication}
Warning: Rodent3 doesn't have option MoveOverhead
Warning: Monolith doesn't have option MoveOverhead
Started game 290 of 500 (Monolith vs Rodent3)
Warning: Illegal ponder move from Monolith: d2c3
Finished game 282 (Crafty vs Monolith): 0-1 {Black mates}
Warning: Rodent3 doesn't have option MoveOverhead
Started game 291 of 500 (Rodent3 vs Coda-old)
Finished game 285 (Coda-new vs Monolith): 0-1 {Black wins by adjudication}
Finished game 287 (Coda-new vs Crafty): 0-1 {Black mates}
Warning: Crafty doesn't have option MoveOverhead
Warning: Monolith doesn't have option MoveOverhead
Started game 292 of 500 (Monolith vs Crafty)
Warning: Rodent3 doesn't have option MoveOverhead
Started game 293 of 500 (Rodent3 vs Coda-new)
Finished game 286 (Rodent3 vs Crafty): 1-0 {White mates}
Warning: Crafty doesn't have option MoveOverhead
Started game 294 of 500 (Crafty vs Coda-old)
Finished game 280 (Rodent3 vs Monolith): 1/2-1/2 {Draw by insufficient mating material}
Warning: Monolith doesn't have option MoveOverhead
Started game 295 of 500 (Monolith vs Coda-new)
Finished game 288 (Monolith vs Coda-old): 1/2-1/2 {Draw by 3-fold repetition}
Warning: Rodent3 doesn't have option MoveOverhead
Warning: Crafty doesn't have option MoveOverhead
Started game 296 of 500 (Crafty vs Rodent3)
Finished game 289 (Coda-new vs Coda-old): 0-1 {Black wins by adjudication}
Warning: Crafty doesn't have option MoveOverhead
Started game 297 of 500 (Crafty vs Coda-new)
Finished game 291 (Rodent3 vs Coda-old): 1-0 {White mates}
Warning: Monolith doesn't have option MoveOverhead
Started game 298 of 500 (Coda-old vs Monolith)
Finished game 295 (Monolith vs Coda-new): 0-1 {Black wins by adjudication}
Started game 299 of 500 (Coda-old vs Coda-new)
Finished game 293 (Rodent3 vs Coda-new): 1-0 {White wins by adjudication}
Warning: Rodent3 doesn't have option MoveOverhead
Warning: Monolith doesn't have option MoveOverhead
Started game 300 of 500 (Rodent3 vs Monolith)
Finished game 290 (Monolith vs Rodent3): 0-1 {Black wins by adjudication}
Warning: Rodent3 doesn't have option MoveOverhead
Started game 301 of 500 (Coda-old vs Rodent3)
Finished game 292 (Monolith vs Crafty): 1-0 {White mates}
Warning: Crafty doesn't have option MoveOverhead
Started game 302 of 500 (Crafty vs Monolith)
Finished game 294 (Crafty vs Coda-old): 0-1 {Black mates}
Warning: Rodent3 doesn't have option MoveOverhead
Started game 303 of 500 (Coda-new vs Rodent3)
Finished game 296 (Crafty vs Rodent3): 0-1 {Black mates}
Warning: Crafty doesn't have option MoveOverhead
Started game 304 of 500 (Coda-old vs Crafty)
Finished game 298 (Coda-old vs Monolith): 1-0 {White wins by adjudication}
Warning: Monolith doesn't have option MoveOverhead
Started game 305 of 500 (Coda-new vs Monolith)
Finished game 297 (Crafty vs Coda-new): 0-1 {Black mates}
Warning: Rodent3 doesn't have option MoveOverhead
Warning: Crafty doesn't have option MoveOverhead
Started game 306 of 500 (Rodent3 vs Crafty)
Finished game 300 (Rodent3 vs Monolith): 0-1 {Black wins by adjudication}
Warning: Crafty doesn't have option MoveOverhead
Started game 307 of 500 (Coda-new vs Crafty)
Finished game 301 (Coda-old vs Rodent3): 0-1 {Black wins by adjudication}
Rank Name                          Elo     +/-   Games   Score    Draw 
   1 Monolith                      117      60     120   66.3%   17.5% 
   2 Rodent3                        43      59     121   56.2%   13.2% 
   3 Crafty                         29      59     120   54.2%   13.3% 
   4 Coda-new                      -90      63     119   37.4%    7.6% 
   5 Coda-old                     -101      61     120   35.8%   11.7% 

SPRT: llr 0 (0.0%), lbound -inf, ubound inf
Warning: Monolith doesn't have option MoveOverhead
Started game 308 of 500 (Monolith vs Coda-old)
Finished game 307 (Coda-new vs Crafty): 0-1 {Black mates}
Finished game 299 (Coda-old vs Coda-new): 1/2-1/2 {Draw by adjudication}
Warning: Rodent3 doesn't have option MoveOverhead
Started game 309 of 500 (Coda-new vs Coda-old)
Warning: Monolith doesn't have option MoveOverhead
Started game 310 of 500 (Monolith vs Rodent3)
Finished game 303 (Coda-new vs Rodent3): 1-0 {White wins by adjudication}
Warning: Rodent3 doesn't have option MoveOverhead
Started game 311 of 500 (Rodent3 vs Coda-old)
Warning: Illegal ponder move from Monolith: e4e3
Finished game 302 (Crafty vs Monolith): 0-1 {Black mates}
Warning: Crafty doesn't have option MoveOverhead
Started game 312 of 500 (Monolith vs Crafty)
Finished game 304 (Coda-old vs Crafty): 0-1 {Black mates}
Warning: Rodent3 doesn't have option MoveOverhead
Started game 313 of 500 (Rodent3 vs Coda-new)
Finished game 306 (Rodent3 vs Crafty): 1-0 {White mates}
Warning: Crafty doesn't have option MoveOverhead
Started game 314 of 500 (Crafty vs Coda-old)
Finished game 305 (Coda-new vs Monolith): 1-0 {White wins by adjudication}
Started game 315 of 500 (Monolith vs Coda-new)
Finished game 308 (Monolith vs Coda-old): 1-0 {White wins by adjudication}
Warning: Rodent3 doesn't have option MoveOverhead
Warning: Crafty doesn't have option MoveOverhead
Started game 316 of 500 (Crafty vs Rodent3)
Finished game 313 (Rodent3 vs Coda-new): 1-0 {White wins by adjudication}
Warning: Crafty doesn't have option MoveOverhead
Started game 317 of 500 (Crafty vs Coda-new)
Warning: Illegal ponder move from Monolith: f2e2
Warning: Illegal ponder move from Monolith: f2f3
Warning: Illegal ponder move from Monolith: f2e2
Finished game 310 (Monolith vs Rodent3): 1/2-1/2 {Draw by 3-fold repetition}
Warning: Monolith doesn't have option MoveOverhead
Started game 318 of 500 (Coda-old vs Monolith)
Finished game 311 (Rodent3 vs Coda-old): 0-1 {Black wins by adjudication}
Started game 319 of 500 (Coda-old vs Coda-new)
Finished game 309 (Coda-new vs Coda-old): 1/2-1/2 {Draw by insufficient mating material}
Warning: Rodent3 doesn't have option MoveOverhead
Warning: Monolith doesn't have option MoveOverhead
Started game 320 of 500 (Rodent3 vs Monolith)
Finished game 315 (Monolith vs Coda-new): 1-0 {White wins by adjudication}
Warning: Rodent3 doesn't have option MoveOverhead
Started game 321 of 500 (Coda-old vs Rodent3)
Finished game 314 (Crafty vs Coda-old): 1-0 {White mates}
Warning: Crafty doesn't have option MoveOverhead
Warning: Monolith doesn't have option MoveOverhead
Started game 322 of 500 (Crafty vs Monolith)
Finished game 312 (Monolith vs Crafty): 0-1 {Black mates}
Warning: Rodent3 doesn't have option MoveOverhead
Started game 323 of 500 (Coda-new vs Rodent3)
Finished game 316 (Crafty vs Rodent3): 1/2-1/2 {Draw by 3-fold repetition}
Warning: Crafty doesn't have option MoveOverhead
Started game 324 of 500 (Coda-old vs Crafty)
Finished game 318 (Coda-old vs Monolith): 0-1 {Black wins by adjudication}
Warning: Monolith doesn't have option MoveOverhead
Started game 325 of 500 (Coda-new vs Monolith)
Finished game 321 (Coda-old vs Rodent3): 0-1 {Black wins by adjudication}
Warning: Rodent3 doesn't have option MoveOverhead
Warning: Crafty doesn't have option MoveOverhead
Started game 326 of 500 (Rodent3 vs Crafty)
Finished game 319 (Coda-old vs Coda-new): 1-0 {White wins by adjudication}
Warning: Crafty doesn't have option MoveOverhead
Started game 327 of 500 (Coda-new vs Crafty)
Finished game 320 (Rodent3 vs Monolith): 0-1 {Black wins by adjudication}
Finished game 317 (Crafty vs Coda-new): 1-0 {White mates}
Warning: Monolith doesn't have option MoveOverhead
Started game 328 of 500 (Monolith vs Coda-old)
Started game 329 of 500 (Coda-new vs Coda-old)
Finished game 323 (Coda-new vs Rodent3): 0-1 {Black wins by adjudication}
Warning: Rodent3 doesn't have option MoveOverhead
Warning: Monolith doesn't have option MoveOverhead
Started game 330 of 500 (Monolith vs Rodent3)
Finished game 325 (Coda-new vs Monolith): 0-1 {Black wins by adjudication}
Warning: Rodent3 doesn't have option MoveOverhead
Started game 331 of 500 (Rodent3 vs Coda-old)
Finished game 322 (Crafty vs Monolith): 1-0 {White mates}
Warning: Crafty doesn't have option MoveOverhead
Started game 332 of 500 (Monolith vs Crafty)
Finished game 329 (Coda-new vs Coda-old): 1-0 {White wins by adjudication}
Warning: Rodent3 doesn't have option MoveOverhead
Started game 333 of 500 (Rodent3 vs Coda-new)
Finished game 328 (Monolith vs Coda-old): 1-0 {White wins by adjudication}
Warning: Crafty doesn't have option MoveOverhead
Started game 334 of 500 (Crafty vs Coda-old)
Finished game 331 (Rodent3 vs Coda-old): 1-0 {White wins by adjudication}
Warning: Monolith doesn't have option MoveOverhead
Started game 335 of 500 (Monolith vs Coda-new)
Finished game 324 (Coda-old vs Crafty): 1-0 {White mates}
Warning: Rodent3 doesn't have option MoveOverhead
Warning: Crafty doesn't have option MoveOverhead
Started game 336 of 500 (Crafty vs Rodent3)
Finished game 327 (Coda-new vs Crafty): 0-1 {Black mates}
Finished game 326 (Rodent3 vs Crafty): 0-1 {Black mates}
Warning: Crafty doesn't have option MoveOverhead
Started game 337 of 500 (Crafty vs Coda-new)
Finished game 333 (Rodent3 vs Coda-new): 1-0 {White wins by adjudication}
Warning: Monolith doesn't have option MoveOverhead
Started game 338 of 500 (Coda-old vs Monolith)
Started game 339 of 500 (Coda-old vs Coda-new)
Finished game 330 (Monolith vs Rodent3): 1-0 {White wins by adjudication}
Started game 340 of 500 (Rodent3 vs Monolith)
Finished game 335 (Monolith vs Coda-new): 1-0 {White wins by adjudication}
Warning: Rodent3 doesn't have option MoveOverhead
Started game 341 of 500 (Coda-old vs Rodent3)
Finished game 334 (Crafty vs Coda-old): 0-1 {Black mates}
Warning: Crafty doesn't have option MoveOverhead
Warning: Monolith doesn't have option MoveOverhead
Started game 342 of 500 (Crafty vs Monolith)
Finished game 332 (Monolith vs Crafty): 1-0 {White mates}
Warning: Rodent3 doesn't have option MoveOverhead
Started game 343 of 500 (Coda-new vs Rodent3)
Finished game 339 (Coda-old vs Coda-new): 1-0 {White wins by adjudication}
Warning: Crafty doesn't have option MoveOverhead
Started game 344 of 500 (Coda-old vs Crafty)
Finished game 338 (Coda-old vs Monolith): 0-1 {Black wins by adjudication}
Warning: Monolith doesn't have option MoveOverhead
Started game 345 of 500 (Coda-new vs Monolith)
Finished game 337 (Crafty vs Coda-new): 0-1 {Black mates}
Warning: Rodent3 doesn't have option MoveOverhead
Warning: Crafty doesn't have option MoveOverhead
Started game 346 of 500 (Rodent3 vs Crafty)
Finished game 336 (Crafty vs Rodent3): 0-1 {Black mates}
Warning: Crafty doesn't have option MoveOverhead
Started game 347 of 500 (Coda-new vs Crafty)
Finished game 341 (Coda-old vs Rodent3): 0-1 {Black mates}
Warning: Monolith doesn't have option MoveOverhead
Started game 348 of 500 (Monolith vs Coda-old)
Finished game 343 (Coda-new vs Rodent3): 0-1 {Black wins by adjudication}
Started game 349 of 500 (Coda-new vs Coda-old)
Finished game 344 (Coda-old vs Crafty): 0-1 {Black mates}
Warning: Rodent3 doesn't have option MoveOverhead
Warning: Monolith doesn't have option MoveOverhead
Started game 350 of 500 (Monolith vs Rodent3)
Finished game 340 (Rodent3 vs Monolith): 1/2-1/2 {Draw by 3-fold repetition}
Warning: Rodent3 doesn't have option MoveOverhead
Started game 351 of 500 (Rodent3 vs Coda-old)
Finished game 345 (Coda-new vs Monolith): 0-1 {Black wins by adjudication}
Warning: Crafty doesn't have option MoveOverhead
Warning: Monolith doesn't have option MoveOverhead
Started game 352 of 500 (Monolith vs Crafty)
Finished game 342 (Crafty vs Monolith): 1/2-1/2 {Draw by fifty moves rule}
Warning: Rodent3 doesn't have option MoveOverhead
Started game 353 of 500 (Rodent3 vs Coda-new)
Finished game 347 (Coda-new vs Crafty): 0-1 {Black mates}
Warning: Crafty doesn't have option MoveOverhead
Started game 354 of 500 (Crafty vs Coda-old)
Finished game 348 (Monolith vs Coda-old): 1-0 {White wins by adjudication}
Warning: Monolith doesn't have option MoveOverhead
Started game 355 of 500 (Monolith vs Coda-new)
Finished game 349 (Coda-new vs Coda-old): 1-0 {White wins by adjudication}
Warning: Rodent3 doesn't have option MoveOverhead
Warning: Crafty doesn't have option MoveOverhead
Started game 356 of 500 (Crafty vs Rodent3)
Finished game 346 (Rodent3 vs Crafty): 0-1 {Black mates}
Warning: Crafty doesn't have option MoveOverhead
Started game 357 of 500 (Crafty vs Coda-new)
Finished game 351 (Rodent3 vs Coda-old): 1/2-1/2 {Draw by 3-fold repetition}
Rank Name                          Elo     +/-   Games   Score    Draw 
   1 Monolith                      128      56     139   67.6%   17.3% 
   2 Rodent3                        45      54     140   56.4%   14.3% 
   3 Crafty                         35      54     140   55.0%   12.9% 
   4 Coda-new                      -99      58     140   36.1%    7.9% 
   5 Coda-old                     -107      57     141   35.1%   12.1% 

SPRT: llr 0 (0.0%), lbound -inf, ubound inf
Warning: Monolith doesn't have option MoveOverhead
Started game 358 of 500 (Coda-old vs Monolith)
Finished game 350 (Monolith vs Rodent3): 1-0 {White wins by adjudication}
Started game 359 of 500 (Coda-old vs Coda-new)
Finished game 354 (Crafty vs Coda-old): 1-0 {White mates}
Warning: Rodent3 doesn't have option MoveOverhead
Warning: Monolith doesn't have option MoveOverhead
Started game 360 of 500 (Rodent3 vs Monolith)
Finished game 353 (Rodent3 vs Coda-new): 1-0 {White wins by adjudication}
Warning: Rodent3 doesn't have option MoveOverhead
Started game 361 of 500 (Coda-old vs Rodent3)
Finished game 357 (Crafty vs Coda-new): 1-0 {White mates}
Warning: Crafty doesn't have option MoveOverhead
Warning: Monolith doesn't have option MoveOverhead
Started game 362 of 500 (Crafty vs Monolith)
Finished game 361 (Coda-old vs Rodent3): 0-1 {Black wins by adjudication}
Warning: Rodent3 doesn't have option MoveOverhead
Started game 363 of 500 (Coda-new vs Rodent3)
Finished game 355 (Monolith vs Coda-new): 1-0 {White wins by adjudication}
Warning: Crafty doesn't have option MoveOverhead
Started game 364 of 500 (Coda-old vs Crafty)
Finished game 358 (Coda-old vs Monolith): 0-1 {Black wins by adjudication}
Warning: Monolith doesn't have option MoveOverhead
Started game 365 of 500 (Coda-new vs Monolith)
Finished game 359 (Coda-old vs Coda-new): 1-0 {White wins by adjudication}
Warning: Rodent3 doesn't have option MoveOverhead
Warning: Crafty doesn't have option MoveOverhead
Started game 366 of 500 (Rodent3 vs Crafty)
Finished game 363 (Coda-new vs Rodent3): 0-1 {Black wins by adjudication}
Warning: Crafty doesn't have option MoveOverhead
Started game 367 of 500 (Coda-new vs Crafty)
Warning: Illegal ponder move from Monolith: e1d1
Finished game 362 (Crafty vs Monolith): 0-1 {Black mates}
Warning: Monolith doesn't have option MoveOverhead
Started game 368 of 500 (Monolith vs Coda-old)
Finished game 352 (Monolith vs Crafty): 1-0 {White mates}
Started game 369 of 500 (Coda-new vs Coda-old)
Finished game 364 (Coda-old vs Crafty): 1/2-1/2 {Draw by 3-fold repetition}
Warning: Rodent3 doesn't have option MoveOverhead
Warning: Monolith doesn't have option MoveOverhead
Started game 370 of 500 (Monolith vs Rodent3)
Finished game 365 (Coda-new vs Monolith): 0-1 {Black wins by adjudication}
Warning: Rodent3 doesn't have option MoveOverhead
Started game 371 of 500 (Rodent3 vs Coda-old)
Finished game 360 (Rodent3 vs Monolith): 1/2-1/2 {Draw by adjudication}
Warning: Monolith doesn't have option MoveOverhead
Warning: Crafty doesn't have option MoveOverhead
Started game 372 of 500 (Monolith vs Crafty)
Finished game 356 (Crafty vs Rodent3): 1/2-1/2 {Draw by fifty moves rule}
Warning: Rodent3 doesn't have option MoveOverhead
Started game 373 of 500 (Rodent3 vs Coda-new)
Finished game 368 (Monolith vs Coda-old): 1-0 {White wins by adjudication}
Warning: Crafty doesn't have option MoveOverhead
Started game 374 of 500 (Crafty vs Coda-old)
Finished game 369 (Coda-new vs Coda-old): 1-0 {White wins by adjudication}
Warning: Monolith doesn't have option MoveOverhead
Started game 375 of 500 (Monolith vs Coda-new)
Finished game 366 (Rodent3 vs Crafty): 1/2-1/2 {Draw by fifty moves rule}
Warning: Crafty doesn't have option MoveOverhead
Started game 376 of 500 (Crafty vs Rodent3)
Finished game 370 (Monolith vs Rodent3): 1/2-1/2 {Draw by 3-fold repetition}
Warning: Crafty doesn't have option MoveOverhead
Started game 377 of 500 (Crafty vs Coda-new)
Finished game 373 (Rodent3 vs Coda-new): 1-0 {White wins by adjudication}
Warning: Monolith doesn't have option MoveOverhead
Started game 378 of 500 (Coda-old vs Monolith)
Finished game 371 (Rodent3 vs Coda-old): 1-0 {White wins by adjudication}
Started game 379 of 500 (Coda-old vs Coda-new)
Finished game 367 (Coda-new vs Crafty): 0-1 {Black mates}
Warning: Rodent3 doesn't have option MoveOverhead
Warning: Monolith doesn't have option MoveOverhead
Started game 380 of 500 (Rodent3 vs Monolith)
Finished game 374 (Crafty vs Coda-old): 1-0 {White mates}
Warning: Rodent3 doesn't have option MoveOverhead
Started game 381 of 500 (Coda-old vs Rodent3)
Warning: Illegal ponder move from Monolith: a4b5
Finished game 372 (Monolith vs Crafty): 1-0 {White mates}
Warning: Crafty doesn't have option MoveOverhead
Started game 382 of 500 (Crafty vs Monolith)
Finished game 379 (Coda-old vs Coda-new): 1-0 {White wins by adjudication}
Warning: Rodent3 doesn't have option MoveOverhead
Started game 383 of 500 (Coda-new vs Rodent3)
Finished game 381 (Coda-old vs Rodent3): 0-1 {Black wins by adjudication}
Warning: Crafty doesn't have option MoveOverhead
Started game 384 of 500 (Coda-old vs Crafty)
Finished game 378 (Coda-old vs Monolith): 0-1 {Black wins by adjudication}
Warning: Monolith doesn't have option MoveOverhead
Started game 385 of 500 (Coda-new vs Monolith)
Finished game 376 (Crafty vs Rodent3): 1-0 {White mates}
Warning: Crafty doesn't have option MoveOverhead
Started game 386 of 500 (Rodent3 vs Crafty)
Finished game 375 (Monolith vs Coda-new): 0-1 {Black wins by adjudication}
Warning: Crafty doesn't have option MoveOverhead
Started game 387 of 500 (Coda-new vs Crafty)
Finished game 377 (Crafty vs Coda-new): 0-1 {Black mates}
Warning: Monolith doesn't have option MoveOverhead
Started game 388 of 500 (Monolith vs Coda-old)
Finished game 383 (Coda-new vs Rodent3): 1-0 {White wins by adjudication}
Started game 389 of 500 (Coda-new vs Coda-old)
Finished game 387 (Coda-new vs Crafty): 0-1 {Black mates}
Warning: Rodent3 doesn't have option MoveOverhead
Warning: Monolith doesn't have option MoveOverhead
Started game 390 of 500 (Monolith vs Rodent3)
Finished game 386 (Rodent3 vs Crafty): 0-1 {Black mates}
Warning: Rodent3 doesn't have option MoveOverhead
Started game 391 of 500 (Rodent3 vs Coda-old)
Warning: Illegal ponder move from Monolith: e8d8
Finished game 382 (Crafty vs Monolith): 0-1 {Black mates}
Warning: Crafty doesn't have option MoveOverhead
Started game 392 of 500 (Monolith vs Crafty)
Finished game 384 (Coda-old vs Crafty): 0-1 {Black mates}
Warning: Rodent3 doesn't have option MoveOverhead
Started game 393 of 500 (Rodent3 vs Coda-new)
Finished game 388 (Monolith vs Coda-old): 0-1 {Black wins by adjudication}
Warning: Crafty doesn't have option MoveOverhead
Started game 394 of 500 (Crafty vs Coda-old)
Finished game 389 (Coda-new vs Coda-old): 1-0 {White wins by adjudication}
Warning: Monolith doesn't have option MoveOverhead
Started game 395 of 500 (Monolith vs Coda-new)
Finished game 380 (Rodent3 vs Monolith): 1/2-1/2 {Draw by adjudication}
Warning: Rodent3 doesn't have option MoveOverhead
Warning: Crafty doesn't have option MoveOverhead
Started game 396 of 500 (Crafty vs Rodent3)
Finished game 385 (Coda-new vs Monolith): 1/2-1/2 {Draw by 3-fold repetition}
Warning: Crafty doesn't have option MoveOverhead
Started game 397 of 500 (Crafty vs Coda-new)
Warning: Illegal ponder move from Monolith: d6e7
Finished game 390 (Monolith vs Rodent3): 1/2-1/2 {Draw by 3-fold repetition}
Warning: Monolith doesn't have option MoveOverhead
Started game 398 of 500 (Coda-old vs Monolith)
Finished game 393 (Rodent3 vs Coda-new): 1-0 {White wins by adjudication}
Started game 399 of 500 (Coda-old vs Coda-new)
Finished game 391 (Rodent3 vs Coda-old): 0-1 {Black wins by adjudication}
Warning: Rodent3 doesn't have option MoveOverhead
Warning: Monolith doesn't have option MoveOverhead
Started game 400 of 500 (Rodent3 vs Monolith)
Warning: Illegal ponder move from Monolith: e8e3
Finished game 395 (Monolith vs Coda-new): 1/2-1/2 {Draw by 3-fold repetition}
Warning: Rodent3 doesn't have option MoveOverhead
Started game 401 of 500 (Coda-old vs Rodent3)
Finished game 397 (Crafty vs Coda-new): 1-0 {White mates}
Warning: Crafty doesn't have option MoveOverhead
Warning: Monolith doesn't have option MoveOverhead
Started game 402 of 500 (Crafty vs Monolith)
Finished game 398 (Coda-old vs Monolith): 0-1 {Black wins by adjudication}
Warning: Rodent3 doesn't have option MoveOverhead
Started game 403 of 500 (Coda-new vs Rodent3)
Finished game 394 (Crafty vs Coda-old): 0-1 {Black mates}
Warning: Crafty doesn't have option MoveOverhead
Started game 404 of 500 (Coda-old vs Crafty)
Finished game 392 (Monolith vs Crafty): 1-0 {White mates}
Warning: Monolith doesn't have option MoveOverhead
Started game 405 of 500 (Coda-new vs Monolith)
Finished game 396 (Crafty vs Rodent3): 1-0 {White mates}
Warning: Crafty doesn't have option MoveOverhead
Started game 406 of 500 (Rodent3 vs Crafty)
Finished game 399 (Coda-old vs Coda-new): 0-1 {Black wins by adjudication}
Warning: Crafty doesn't have option MoveOverhead
Started game 407 of 500 (Coda-new vs Crafty)
Finished game 403 (Coda-new vs Rodent3): 0-1 {Black wins by adjudication}
Rank Name                          Elo     +/-   Games   Score    Draw 
   1 Monolith                      135      52     159   68.6%   18.9% 
   2 Rodent3                        44      50     160   56.3%   16.3% 
   3 Crafty                         37      51     160   55.3%   13.1% 
   4 Coda-new                     -102      54     161   35.7%    8.1% 
   5 Coda-old                     -112      53     160   34.4%   11.3% 

SPRT: llr 0 (0.0%), lbound -inf, ubound inf
Warning: Monolith doesn't have option MoveOverhead
Started game 408 of 500 (Monolith vs Coda-old)
Finished game 400 (Rodent3 vs Monolith): 0-1 {Black wins by adjudication}
Started game 409 of 500 (Coda-new vs Coda-old)
Finished game 401 (Coda-old vs Rodent3): 0-1 {Black wins by adjudication}
Warning: Rodent3 doesn't have option MoveOverhead
Warning: Monolith doesn't have option MoveOverhead
Started game 410 of 500 (Monolith vs Rodent3)
Finished game 402 (Crafty vs Monolith): 1-0 {White mates}
Warning: Rodent3 doesn't have option MoveOverhead
Started game 411 of 500 (Rodent3 vs Coda-old)
Finished game 408 (Monolith vs Coda-old): 1-0 {White wins by adjudication}
Warning: Crafty doesn't have option MoveOverhead
Warning: Monolith doesn't have option MoveOverhead
Started game 412 of 500 (Monolith vs Crafty)
Finished game 404 (Coda-old vs Crafty): 0-1 {Black mates}
Warning: Rodent3 doesn't have option MoveOverhead
Started game 413 of 500 (Rodent3 vs Coda-new)
Finished game 405 (Coda-new vs Monolith): 1-0 {White wins by adjudication}
Warning: Crafty doesn't have option MoveOverhead
Started game 414 of 500 (Crafty vs Coda-old)
Finished game 409 (Coda-new vs Coda-old): 1-0 {White wins by adjudication}
Warning: Monolith doesn't have option MoveOverhead
Started game 415 of 500 (Monolith vs Coda-new)
Finished game 406 (Rodent3 vs Crafty): 1-0 {White mates}
Warning: Crafty doesn't have option MoveOverhead
Started game 416 of 500 (Crafty vs Rodent3)
Finished game 407 (Coda-new vs Crafty): 0-1 {Black mates}
Warning: Crafty doesn't have option MoveOverhead
Started game 417 of 500 (Crafty vs Coda-new)
Finished game 411 (Rodent3 vs Coda-old): 1/2-1/2 {Draw by 3-fold repetition}
Warning: Monolith doesn't have option MoveOverhead
Started game 418 of 500 (Coda-old vs Monolith)
Finished game 415 (Monolith vs Coda-new): 1-0 {White mates}
Started game 419 of 500 (Coda-old vs Coda-new)
Finished game 414 (Crafty vs Coda-old): 1-0 {White mates}
Warning: Rodent3 doesn't have option MoveOverhead
Warning: Monolith doesn't have option MoveOverhead
Started game 420 of 500 (Rodent3 vs Monolith)
Finished game 413 (Rodent3 vs Coda-new): 1-0 {White wins by adjudication}
Warning: Rodent3 doesn't have option MoveOverhead
Started game 421 of 500 (Coda-old vs Rodent3)
Finished game 410 (Monolith vs Rodent3): 1-0 {White wins by adjudication}
Warning: Crafty doesn't have option MoveOverhead
Warning: Monolith doesn't have option MoveOverhead
Started game 422 of 500 (Crafty vs Monolith)
Finished game 417 (Crafty vs Coda-new): 1-0 {White mates}
Warning: Rodent3 doesn't have option MoveOverhead
Started game 423 of 500 (Coda-new vs Rodent3)
Finished game 412 (Monolith vs Crafty): 1-0 {White mates}
Warning: Crafty doesn't have option MoveOverhead
Started game 424 of 500 (Coda-old vs Crafty)
Finished game 416 (Crafty vs Rodent3): 1-0 {White mates}
Warning: Monolith doesn't have option MoveOverhead
Started game 425 of 500 (Coda-new vs Monolith)
Finished game 421 (Coda-old vs Rodent3): 1-0 {White wins by adjudication}
Warning: Rodent3 doesn't have option MoveOverhead
Warning: Crafty doesn't have option MoveOverhead
Started game 426 of 500 (Rodent3 vs Crafty)
Finished game 419 (Coda-old vs Coda-new): 0-1 {Black mates}
Warning: Crafty doesn't have option MoveOverhead
Started game 427 of 500 (Coda-new vs Crafty)
Finished game 420 (Rodent3 vs Monolith): 0-1 {Black wins by adjudication}
Warning: Monolith doesn't have option MoveOverhead
Started game 428 of 500 (Monolith vs Coda-old)
Finished game 423 (Coda-new vs Rodent3): 1-0 {White wins by adjudication}
Started game 429 of 500 (Coda-new vs Coda-old)
Finished game 424 (Coda-old vs Crafty): 0-1 {Black mates}
Warning: Rodent3 doesn't have option MoveOverhead
Warning: Monolith doesn't have option MoveOverhead
Started game 430 of 500 (Monolith vs Rodent3)
Finished game 418 (Coda-old vs Monolith): 1/2-1/2 {Draw by stalemate}
Warning: Rodent3 doesn't have option MoveOverhead
Started game 431 of 500 (Rodent3 vs Coda-old)
Finished game 422 (Crafty vs Monolith): 0-1 {Black mates}
Warning: Crafty doesn't have option MoveOverhead
Started game 432 of 500 (Monolith vs Crafty)
Finished game 427 (Coda-new vs Crafty): 0-1 {Black mates}
Warning: Rodent3 doesn't have option MoveOverhead
Finished game 425 (Coda-new vs Monolith): 0-1 {Black wins by adjudication}
Started game 433 of 500 (Rodent3 vs Coda-new)
Warning: Crafty doesn't have option MoveOverhead
Started game 434 of 500 (Crafty vs Coda-old)
Finished game 426 (Rodent3 vs Crafty): 1-0 {White mates}
Warning: Monolith doesn't have option MoveOverhead
Started game 435 of 500 (Monolith vs Coda-new)
Finished game 430 (Monolith vs Rodent3): 1-0 {White wins by adjudication}
Warning: Rodent3 doesn't have option MoveOverhead
Warning: Crafty doesn't have option MoveOverhead
Started game 436 of 500 (Crafty vs Rodent3)
Finished game 431 (Rodent3 vs Coda-old): 1-0 {White wins by adjudication}
Warning: Crafty doesn't have option MoveOverhead
Started game 437 of 500 (Crafty vs Coda-new)
Finished game 428 (Monolith vs Coda-old): 0-1 {Black wins by adjudication}
Started game 438 of 500 (Coda-old vs Monolith)
Finished game 433 (Rodent3 vs Coda-new): 1-0 {White wins by adjudication}
Started game 439 of 500 (Coda-old vs Coda-new)
Finished game 434 (Crafty vs Coda-old): 1-0 {White mates}
Warning: Rodent3 doesn't have option MoveOverhead
Warning: Monolith doesn't have option MoveOverhead
Started game 440 of 500 (Rodent3 vs Monolith)
Finished game 435 (Monolith vs Coda-new): 0-1 {Black wins by adjudication}
Warning: Rodent3 doesn't have option MoveOverhead
Started game 441 of 500 (Coda-old vs Rodent3)
Finished game 432 (Monolith vs Crafty): 1/2-1/2 {Draw by insufficient mating material}
Warning: Crafty doesn't have option MoveOverhead
Started game 442 of 500 (Crafty vs Monolith)
Finished game 429 (Coda-new vs Coda-old): 1/2-1/2 {Draw by 3-fold repetition}
Warning: Rodent3 doesn't have option MoveOverhead
Started game 443 of 500 (Coda-new vs Rodent3)
Finished game 437 (Crafty vs Coda-new): 1-0 {White mates}
Warning: Crafty doesn't have option MoveOverhead
Started game 444 of 500 (Coda-old vs Crafty)
Finished game 441 (Coda-old vs Rodent3): 0-1 {Black wins by adjudication}
Warning: Monolith doesn't have option MoveOverhead
Started game 445 of 500 (Coda-new vs Monolith)
Finished game 439 (Coda-old vs Coda-new): 1-0 {White wins by adjudication}
Warning: Rodent3 doesn't have option MoveOverhead
Warning: Crafty doesn't have option MoveOverhead
Started game 446 of 500 (Rodent3 vs Crafty)
Finished game 438 (Coda-old vs Monolith): 1/2-1/2 {Draw by 3-fold repetition}
Warning: Crafty doesn't have option MoveOverhead
Started game 447 of 500 (Coda-new vs Crafty)
Finished game 436 (Crafty vs Rodent3): 1/2-1/2 {Draw by fifty moves rule}
Warning: Monolith doesn't have option MoveOverhead
Started game 448 of 500 (Monolith vs Coda-old)
Finished game 440 (Rodent3 vs Monolith): 1-0 {White wins by adjudication}
Started game 449 of 500 (Coda-new vs Coda-old)
Finished game 443 (Coda-new vs Rodent3): 0-1 {Black wins by adjudication}
Warning: Rodent3 doesn't have option MoveOverhead
Warning: Monolith doesn't have option MoveOverhead
Started game 450 of 500 (Monolith vs Rodent3)
Finished game 444 (Coda-old vs Crafty): 0-1 {Black mates}
Warning: Rodent3 doesn't have option MoveOverhead
Started game 451 of 500 (Rodent3 vs Coda-old)
Finished game 442 (Crafty vs Monolith): 1-0 {White mates}
Warning: Crafty doesn't have option MoveOverhead
Started game 452 of 500 (Monolith vs Crafty)
Finished game 445 (Coda-new vs Monolith): 0-1 {Black wins by adjudication}
Warning: Rodent3 doesn't have option MoveOverhead
Started game 453 of 500 (Rodent3 vs Coda-new)
Finished game 447 (Coda-new vs Crafty): 0-1 {Black mates}
Warning: Crafty doesn't have option MoveOverhead
Started game 454 of 500 (Crafty vs Coda-old)
Finished game 449 (Coda-new vs Coda-old): 1-0 {White wins by adjudication}
Warning: Monolith doesn't have option MoveOverhead
Started game 455 of 500 (Monolith vs Coda-new)
Finished game 448 (Monolith vs Coda-old): 1-0 {White wins by adjudication}
Warning: Rodent3 doesn't have option MoveOverhead
Warning: Crafty doesn't have option MoveOverhead
Started game 456 of 500 (Crafty vs Rodent3)
Finished game 446 (Rodent3 vs Crafty): 1/2-1/2 {Draw by insufficient mating material}
Warning: Crafty doesn't have option MoveOverhead
Started game 457 of 500 (Crafty vs Coda-new)
Finished game 453 (Rodent3 vs Coda-new): 1-0 {White wins by adjudication}
Rank Name                          Elo     +/-   Games   Score    Draw 
   1 Monolith                      130      49     179   67.9%   18.4% 
   2 Crafty                         51      48     180   57.2%   13.3% 
   3 Rodent3                        45      47     180   56.4%   16.1% 
   4 Coda-new                     -105      51     181   35.4%    7.7% 
   5 Coda-old                     -120      50     180   33.3%   12.2% 

SPRT: llr 0 (0.0%), lbound -inf, ubound inf
Warning: Monolith doesn't have option MoveOverhead
Started game 458 of 500 (Coda-old vs Monolith)
Finished game 451 (Rodent3 vs Coda-old): 1-0 {White wins by adjudication}
Started game 459 of 500 (Coda-old vs Coda-new)
Warning: Illegal ponder move from Monolith: c6b6
Finished game 452 (Monolith vs Crafty): 1-0 {White mates}
Warning: Rodent3 doesn't have option MoveOverhead
Warning: Monolith doesn't have option MoveOverhead
Started game 460 of 500 (Rodent3 vs Monolith)
Finished game 455 (Monolith vs Coda-new): 1-0 {White wins by adjudication}
Warning: Rodent3 doesn't have option MoveOverhead
Started game 461 of 500 (Coda-old vs Rodent3)
Warning: Illegal ponder move from Monolith: f3f2
Finished game 450 (Monolith vs Rodent3): 1/2-1/2 {Draw by adjudication}
Warning: Crafty doesn't have option MoveOverhead
Warning: Monolith doesn't have option MoveOverhead
Started game 462 of 500 (Crafty vs Monolith)
Finished game 461 (Coda-old vs Rodent3): 0-1 {Black wins by adjudication}
Warning: Rodent3 doesn't have option MoveOverhead
Started game 463 of 500 (Coda-new vs Rodent3)
Finished game 457 (Crafty vs Coda-new): 1-0 {White mates}
Warning: Crafty doesn't have option MoveOverhead
Started game 464 of 500 (Coda-old vs Crafty)
Finished game 459 (Coda-old vs Coda-new): 0-1 {Black wins by adjudication}
Warning: Monolith doesn't have option MoveOverhead
Started game 465 of 500 (Coda-new vs Monolith)
Finished game 454 (Crafty vs Coda-old): 1-0 {White mates}
Warning: Rodent3 doesn't have option MoveOverhead
Warning: Crafty doesn't have option MoveOverhead
Started game 466 of 500 (Rodent3 vs Crafty)
Finished game 458 (Coda-old vs Monolith): 0-1 {Black wins by adjudication}
Warning: Crafty doesn't have option MoveOverhead
Started game 467 of 500 (Coda-new vs Crafty)
Finished game 456 (Crafty vs Rodent3): 1/2-1/2 {Draw by 3-fold repetition}
Warning: Monolith doesn't have option MoveOverhead
Started game 468 of 500 (Monolith vs Coda-old)
Finished game 460 (Rodent3 vs Monolith): 1-0 {White wins by adjudication}
Started game 469 of 500 (Coda-new vs Coda-old)
Finished game 463 (Coda-new vs Rodent3): 0-1 {Black wins by adjudication}
Warning: Rodent3 doesn't have option MoveOverhead
Warning: Monolith doesn't have option MoveOverhead
Started game 470 of 500 (Monolith vs Rodent3)
Finished game 464 (Coda-old vs Crafty): 0-1 {Black mates}
Warning: Rodent3 doesn't have option MoveOverhead
Started game 471 of 500 (Rodent3 vs Coda-old)
Finished game 467 (Coda-new vs Crafty): 0-1 {Black mates}
Warning: Monolith doesn't have option MoveOverhead
Warning: Crafty doesn't have option MoveOverhead
Started game 472 of 500 (Monolith vs Crafty)
Finished game 462 (Crafty vs Monolith): 1-0 {White mates}
Warning: Rodent3 doesn't have option MoveOverhead
Started game 473 of 500 (Rodent3 vs Coda-new)
Finished game 469 (Coda-new vs Coda-old): 0-1 {Black wins by adjudication}
Warning: Crafty doesn't have option MoveOverhead
Started game 474 of 500 (Crafty vs Coda-old)
Finished game 468 (Monolith vs Coda-old): 1-0 {White wins by adjudication}
Warning: Monolith doesn't have option MoveOverhead
Started game 475 of 500 (Monolith vs Coda-new)
Finished game 466 (Rodent3 vs Crafty): 0-1 {Black mates}
Warning: Crafty doesn't have option MoveOverhead
Started game 476 of 500 (Crafty vs Rodent3)
Finished game 471 (Rodent3 vs Coda-old): 0-1 {Black wins by adjudication}
Warning: Crafty doesn't have option MoveOverhead
Started game 477 of 500 (Crafty vs Coda-new)
Finished game 475 (Monolith vs Coda-new): 1-0 {White wins by adjudication}
Warning: Monolith doesn't have option MoveOverhead
Started game 478 of 500 (Coda-old vs Monolith)
Finished game 465 (Coda-new vs Monolith): 0-1 {Black wins by adjudication}
Started game 479 of 500 (Coda-old vs Coda-new)
Finished game 470 (Monolith vs Rodent3): 0-1 {Black wins by adjudication}
Started game 480 of 500 (Rodent3 vs Monolith)
Finished game 473 (Rodent3 vs Coda-new): 0-1 {Black wins by adjudication}
Warning: Rodent3 doesn't have option MoveOverhead
Started game 481 of 500 (Coda-old vs Rodent3)
Finished game 474 (Crafty vs Coda-old): 1-0 {White mates}
Warning: Crafty doesn't have option MoveOverhead
Warning: Monolith doesn't have option MoveOverhead
Started game 482 of 500 (Crafty vs Monolith)
Finished game 472 (Monolith vs Crafty): 0-1 {Black mates}
Warning: Rodent3 doesn't have option MoveOverhead
Started game 483 of 500 (Coda-new vs Rodent3)
Finished game 476 (Crafty vs Rodent3): 1-0 {White mates}
Warning: Crafty doesn't have option MoveOverhead
Started game 484 of 500 (Coda-old vs Crafty)
Finished game 477 (Crafty vs Coda-new): 1-0 {White mates}
Warning: Monolith doesn't have option MoveOverhead
Started game 485 of 500 (Coda-new vs Monolith)
Finished game 480 (Rodent3 vs Monolith): 0-1 {Black wins by adjudication}
Warning: Rodent3 doesn't have option MoveOverhead
Warning: Crafty doesn't have option MoveOverhead
Started game 486 of 500 (Rodent3 vs Crafty)
Finished game 481 (Coda-old vs Rodent3): 0-1 {Black wins by adjudication}
Warning: Crafty doesn't have option MoveOverhead
Started game 487 of 500 (Coda-new vs Crafty)
Finished game 479 (Coda-old vs Coda-new): 0-1 {Black wins by adjudication}
Warning: Monolith doesn't have option MoveOverhead
Started game 488 of 500 (Monolith vs Coda-old)
Finished game 484 (Coda-old vs Crafty): 0-1 {Black mates}
Started game 489 of 500 (Coda-new vs Coda-old)
Finished game 478 (Coda-old vs Monolith): 1-0 {White wins by adjudication}
Warning: Rodent3 doesn't have option MoveOverhead
Warning: Monolith doesn't have option MoveOverhead
Started game 490 of 500 (Monolith vs Rodent3)
Finished game 483 (Coda-new vs Rodent3): 0-1 {Black wins by adjudication}
Warning: Rodent3 doesn't have option MoveOverhead
Started game 491 of 500 (Rodent3 vs Coda-old)
Warning: Illegal ponder move from Monolith: d1d2
Finished game 482 (Crafty vs Monolith): 0-1 {Black mates}
Warning: Crafty doesn't have option MoveOverhead
Started game 492 of 500 (Monolith vs Crafty)
Finished game 485 (Coda-new vs Monolith): 1-0 {White wins by adjudication}
Warning: Rodent3 doesn't have option MoveOverhead
Started game 493 of 500 (Rodent3 vs Coda-new)
Finished game 491 (Rodent3 vs Coda-old): 0-1 {Black wins by adjudication}
Warning: Crafty doesn't have option MoveOverhead
Started game 494 of 500 (Crafty vs Coda-old)
Finished game 487 (Coda-new vs Crafty): 1-0 {White mates}
Warning: Monolith doesn't have option MoveOverhead
Started game 495 of 500 (Monolith vs Coda-new)
Finished game 489 (Coda-new vs Coda-old): 1-0 {White wins by adjudication}
Warning: Rodent3 doesn't have option MoveOverhead
Warning: Crafty doesn't have option MoveOverhead
Started game 496 of 500 (Crafty vs Rodent3)
Finished game 488 (Monolith vs Coda-old): 0-1 {Black wins by adjudication}
Warning: Crafty doesn't have option MoveOverhead
Started game 497 of 500 (Crafty vs Coda-new)
Finished game 493 (Rodent3 vs Coda-new): 1-0 {White wins by adjudication}
Warning: Monolith doesn't have option MoveOverhead
Started game 498 of 500 (Coda-old vs Monolith)
Finished game 486 (Rodent3 vs Crafty): 1/2-1/2 {Draw by fifty moves rule}
Started game 499 of 500 (Coda-old vs Coda-new)
Finished game 490 (Monolith vs Rodent3): 1-0 {White wins by adjudication}
Started game 500 of 500 (Rodent3 vs Monolith)
Finished game 494 (Crafty vs Coda-old): 0-1 {Black mates}
Finished game 500 (Rodent3 vs Monolith): 0-1 {Black wins by adjudication}
Finished game 498 (Coda-old vs Monolith): 0-1 {Black wins by adjudication}
Finished game 499 (Coda-old vs Coda-new): 1-0 {White wins by adjudication}
Finished game 492 (Monolith vs Crafty): 0-1 {Black mates}
Finished game 496 (Crafty vs Rodent3): 1-0 {White mates}
Finished game 495 (Monolith vs Coda-new): 1-0 {White wins by adjudication}
Finished game 497 (Crafty vs Coda-new): 1/2-1/2 {Draw by fifty moves rule}
Rank Name                          Elo     +/-   Games   Score    Draw 
   1 Monolith                      123      46     200   67.0%   17.0% 
   2 Crafty                         61      46     200   58.8%   13.5% 
   3 Rodent3                        38      45     200   55.5%   16.0% 
   4 Coda-new                     -106      49     200   35.3%    7.5% 
   5 Coda-old                     -119      48     200   33.5%   11.0% 

SPRT: llr 0 (0.0%), lbound -inf, ubound inf

Player: Coda-new
   "Draw by 3-fold repetition": 10
   "Draw by adjudication": 1
   "Draw by fifty moves rule": 3
   "Draw by insufficient mating material": 1
   "Loss: Black disconnects": 1
   "Loss: Black mates": 20
   "Loss: Black wins by adjudication": 35
   "Loss: White mates": 19
   "Loss: White wins by adjudication": 47
   "Win: Black mates": 7
   "Win: Black wins by adjudication": 17
   "Win: White mates": 7
   "Win: White wins by adjudication": 32
Player: Coda-old
   "Draw by 3-fold repetition": 15
   "Draw by adjudication": 2
   "Draw by fifty moves rule": 1
   "Draw by insufficient mating material": 3
   "Draw by stalemate": 1
   "Loss: Black mates": 25
   "Loss: Black wins by adjudication": 36
   "Loss: White mates": 18
   "Loss: White wins by adjudication": 43
   "Win: Black mates": 7
   "Win: Black wins by adjudication": 22
   "Win: White mates": 3
   "Win: White wins by adjudication": 24
Player: Crafty
   "Draw by 3-fold repetition": 13
   "Draw by fifty moves rule": 9
   "Draw by insufficient mating material": 5
   "Loss: Black mates": 34
   "Loss: White mates": 35
   "Win: Black mates": 52
   "Win: White mates": 52
Player: Monolith
   "Draw by 3-fold repetition": 23
   "Draw by adjudication": 5
   "Draw by fifty moves rule": 1
   "Draw by insufficient mating material": 4
   "Draw by stalemate": 1
   "Loss: Black mates": 6
   "Loss: Black wins by adjudication": 16
   "Loss: White mates": 7
   "Loss: White wins by adjudication": 20
   "Win: Black mates": 18
   "Win: Black wins by adjudication": 37
   "Win: White mates": 17
   "Win: White wins by adjudication": 45
Player: Rodent3
   "Draw by 3-fold repetition": 19
   "Draw by adjudication": 4
   "Draw by fifty moves rule": 6
   "Draw by insufficient mating material": 3
   "Loss: Black mates": 7
   "Loss: Black wins by adjudication": 25
   "Loss: White mates": 12
   "Loss: White wins by adjudication": 29
   "Win: Black disconnects": 1
   "Win: Black mates": 8
   "Win: Black wins by adjudication": 36
   "Win: White mates": 12
   "Win: White wins by adjudication": 38
Finished match
